[2022-11-04T07:11:33.556+0000] {taskinstance.py:1165} INFO - Dependencies all met for <TaskInstance: pik_rec_airflow.save_processed_data scheduled__2022-11-04T06:30:00+00:00 [queued]>
[2022-11-04T07:11:33.583+0000] {taskinstance.py:1165} INFO - Dependencies all met for <TaskInstance: pik_rec_airflow.save_processed_data scheduled__2022-11-04T06:30:00+00:00 [queued]>
[2022-11-04T07:11:33.583+0000] {taskinstance.py:1362} INFO - 
--------------------------------------------------------------------------------
[2022-11-04T07:11:33.583+0000] {taskinstance.py:1363} INFO - Starting attempt 1 of 1
[2022-11-04T07:11:33.584+0000] {taskinstance.py:1364} INFO - 
--------------------------------------------------------------------------------
[2022-11-04T07:11:33.614+0000] {taskinstance.py:1383} INFO - Executing <Task(PythonOperator): save_processed_data> on 2022-11-04 06:30:00+00:00
[2022-11-04T07:11:33.623+0000] {standard_task_runner.py:54} INFO - Started process 117 to run task
[2022-11-04T07:11:33.628+0000] {standard_task_runner.py:82} INFO - Running: ['***', 'tasks', 'run', 'pik_rec_***', 'save_processed_data', 'scheduled__2022-11-04T06:30:00+00:00', '--job-id', '4', '--raw', '--subdir', 'DAGS_FOLDER/pik_rec_***.py', '--cfg-path', '/tmp/tmpbc6_i3y3']
[2022-11-04T07:11:33.629+0000] {standard_task_runner.py:83} INFO - Job 4: Subtask save_processed_data
[2022-11-04T07:11:33.630+0000] {dagbag.py:525} INFO - Filling up the DagBag from /opt/***/dags/pik_rec_***.py
[2022-11-04T07:11:36.978+0000] {warnings.py:109} WARNING - /home/***/.local/lib/python3.8/site-packages/***/configuration.py:545: DeprecationWarning: The sql_alchemy_conn option in [core] has been moved to the sql_alchemy_conn option in [database] - the old setting has been used, but please update your config.
  option = self._get_environment_variables(deprecated_key, deprecated_section, key, section)

[2022-11-04T07:11:37.042+0000] {task_command.py:384} INFO - Running <TaskInstance: pik_rec_airflow.save_processed_data scheduled__2022-11-04T06:30:00+00:00 [running]> on host 330ee51a880d
[2022-11-04T07:11:37.123+0000] {taskinstance.py:1590} INFO - Exporting the following env vars:
AIRFLOW_CTX_DAG_EMAIL=hojun.seo@pikurate.com
AIRFLOW_CTX_DAG_OWNER=***
AIRFLOW_CTX_DAG_ID=pik_rec_***
AIRFLOW_CTX_TASK_ID=save_processed_data
AIRFLOW_CTX_EXECUTION_DATE=2022-11-04T06:30:00+00:00
AIRFLOW_CTX_TRY_NUMBER=1
AIRFLOW_CTX_DAG_RUN_ID=scheduled__2022-11-04T06:30:00+00:00
[2022-11-04T07:11:38.909+0000] {logging_mixin.py:117} INFO - processed_data shape is:  (118399, 9)
[2022-11-04T07:11:38.925+0000] {python.py:177} INFO - Done. Returned value was: None
[2022-11-04T07:11:38.938+0000] {taskinstance.py:1401} INFO - Marking task as SUCCESS. dag_id=pik_rec_***, task_id=save_processed_data, execution_date=20221104T063000, start_date=20221104T071133, end_date=20221104T071138
[2022-11-04T07:11:39.507+0000] {local_task_job.py:164} INFO - Task exited with return code 0
[2022-11-04T07:11:39.580+0000] {local_task_job.py:273} INFO - 1 downstream tasks scheduled from follow-on schedule check
