[2022-11-04T07:16:32.559+0000] {taskinstance.py:1165} INFO - Dependencies all met for <TaskInstance: pik_rec_airflow.make_bento_model scheduled__2022-11-04T06:30:00+00:00 [queued]>
[2022-11-04T07:16:32.574+0000] {taskinstance.py:1165} INFO - Dependencies all met for <TaskInstance: pik_rec_airflow.make_bento_model scheduled__2022-11-04T06:30:00+00:00 [queued]>
[2022-11-04T07:16:32.574+0000] {taskinstance.py:1362} INFO - 
--------------------------------------------------------------------------------
[2022-11-04T07:16:32.575+0000] {taskinstance.py:1363} INFO - Starting attempt 1 of 1
[2022-11-04T07:16:32.575+0000] {taskinstance.py:1364} INFO - 
--------------------------------------------------------------------------------
[2022-11-04T07:16:32.595+0000] {taskinstance.py:1383} INFO - Executing <Task(PythonOperator): make_bento_model> on 2022-11-04 06:30:00+00:00
[2022-11-04T07:16:32.602+0000] {standard_task_runner.py:54} INFO - Started process 305 to run task
[2022-11-04T07:16:32.606+0000] {standard_task_runner.py:82} INFO - Running: ['***', 'tasks', 'run', 'pik_rec_***', 'make_bento_model', 'scheduled__2022-11-04T06:30:00+00:00', '--job-id', '9', '--raw', '--subdir', 'DAGS_FOLDER/pik_rec_***.py', '--cfg-path', '/tmp/tmpchj1q4cv']
[2022-11-04T07:16:32.606+0000] {standard_task_runner.py:83} INFO - Job 9: Subtask make_bento_model
[2022-11-04T07:16:32.607+0000] {dagbag.py:525} INFO - Filling up the DagBag from /opt/***/dags/pik_rec_***.py
[2022-11-04T07:16:36.480+0000] {warnings.py:109} WARNING - /home/***/.local/lib/python3.8/site-packages/***/configuration.py:545: DeprecationWarning: The sql_alchemy_conn option in [core] has been moved to the sql_alchemy_conn option in [database] - the old setting has been used, but please update your config.
  option = self._get_environment_variables(deprecated_key, deprecated_section, key, section)

[2022-11-04T07:16:36.570+0000] {task_command.py:384} INFO - Running <TaskInstance: pik_rec_airflow.make_bento_model scheduled__2022-11-04T06:30:00+00:00 [running]> on host 330ee51a880d
[2022-11-04T07:16:36.663+0000] {taskinstance.py:1590} INFO - Exporting the following env vars:
AIRFLOW_CTX_DAG_EMAIL=hojun.seo@pikurate.com
AIRFLOW_CTX_DAG_OWNER=***
AIRFLOW_CTX_DAG_ID=pik_rec_***
AIRFLOW_CTX_TASK_ID=make_bento_model
AIRFLOW_CTX_EXECUTION_DATE=2022-11-04T06:30:00+00:00
AIRFLOW_CTX_TRY_NUMBER=1
AIRFLOW_CTX_DAG_RUN_ID=scheduled__2022-11-04T06:30:00+00:00
[2022-11-04T07:16:41.381+0000] {transformers.py:68} WARNING - No versions of Flax or Jax found on the current machine. In order to use Flax with transformers 4.x and above, refer to https://github.com/google/flax#quick-install
[2022-11-04T07:16:41.386+0000] {transformers.py:347} INFO - Using the default model signature for Transformers ({'__call__': {'batchable': False}}) for model "pik_recommender_model".
[2022-11-04T07:16:43.399+0000] {model.py:207} INFO - Successfully saved Model(tag="pik_recommender_model:ufjbjhc4cchmiasc")
[2022-11-04T07:16:44.007+0000] {python.py:177} INFO - Done. Returned value was: None
[2022-11-04T07:16:44.021+0000] {taskinstance.py:1401} INFO - Marking task as SUCCESS. dag_id=pik_rec_***, task_id=make_bento_model, execution_date=20221104T063000, start_date=20221104T071632, end_date=20221104T071644
[2022-11-04T07:16:44.577+0000] {local_task_job.py:164} INFO - Task exited with return code 0
[2022-11-04T07:16:44.617+0000] {local_task_job.py:273} INFO - 1 downstream tasks scheduled from follow-on schedule check
