[2023-01-19T04:09:52.519+0000] {processor.py:156} INFO - Started process (PID=3805) to work on /opt/airflow/dags/functions/calculate_emb_vectors.py
[2023-01-19T04:09:52.520+0000] {processor.py:758} INFO - Processing file /opt/airflow/dags/functions/calculate_emb_vectors.py for tasks to queue
[2023-01-19T04:09:52.521+0000] {logging_mixin.py:117} INFO - [2023-01-19T04:09:52.521+0000] {dagbag.py:525} INFO - Filling up the DagBag from /opt/airflow/dags/functions/calculate_emb_vectors.py
[2023-01-19T04:09:54.088+0000] {processor.py:770} WARNING - No viable dags retrieved from /opt/airflow/dags/functions/calculate_emb_vectors.py
[2023-01-19T04:09:54.097+0000] {processor.py:178} INFO - Processing /opt/airflow/dags/functions/calculate_emb_vectors.py took 1.580 seconds
[2023-01-19T04:10:24.194+0000] {processor.py:156} INFO - Started process (PID=3858) to work on /opt/airflow/dags/functions/calculate_emb_vectors.py
[2023-01-19T04:10:24.195+0000] {processor.py:758} INFO - Processing file /opt/airflow/dags/functions/calculate_emb_vectors.py for tasks to queue
[2023-01-19T04:10:24.195+0000] {logging_mixin.py:117} INFO - [2023-01-19T04:10:24.195+0000] {dagbag.py:525} INFO - Filling up the DagBag from /opt/airflow/dags/functions/calculate_emb_vectors.py
[2023-01-19T04:10:25.749+0000] {processor.py:770} WARNING - No viable dags retrieved from /opt/airflow/dags/functions/calculate_emb_vectors.py
[2023-01-19T04:10:25.759+0000] {processor.py:178} INFO - Processing /opt/airflow/dags/functions/calculate_emb_vectors.py took 1.568 seconds
[2023-01-19T04:10:56.175+0000] {processor.py:156} INFO - Started process (PID=3916) to work on /opt/airflow/dags/functions/calculate_emb_vectors.py
[2023-01-19T04:10:56.177+0000] {processor.py:758} INFO - Processing file /opt/airflow/dags/functions/calculate_emb_vectors.py for tasks to queue
[2023-01-19T04:10:56.177+0000] {logging_mixin.py:117} INFO - [2023-01-19T04:10:56.177+0000] {dagbag.py:525} INFO - Filling up the DagBag from /opt/airflow/dags/functions/calculate_emb_vectors.py
[2023-01-19T04:10:57.736+0000] {processor.py:770} WARNING - No viable dags retrieved from /opt/airflow/dags/functions/calculate_emb_vectors.py
[2023-01-19T04:10:57.746+0000] {processor.py:178} INFO - Processing /opt/airflow/dags/functions/calculate_emb_vectors.py took 1.574 seconds
[2023-01-19T04:11:28.095+0000] {processor.py:156} INFO - Started process (PID=3969) to work on /opt/airflow/dags/functions/calculate_emb_vectors.py
[2023-01-19T04:11:28.095+0000] {processor.py:758} INFO - Processing file /opt/airflow/dags/functions/calculate_emb_vectors.py for tasks to queue
[2023-01-19T04:11:28.096+0000] {logging_mixin.py:117} INFO - [2023-01-19T04:11:28.096+0000] {dagbag.py:525} INFO - Filling up the DagBag from /opt/airflow/dags/functions/calculate_emb_vectors.py
[2023-01-19T04:11:29.686+0000] {processor.py:770} WARNING - No viable dags retrieved from /opt/airflow/dags/functions/calculate_emb_vectors.py
[2023-01-19T04:11:29.696+0000] {processor.py:178} INFO - Processing /opt/airflow/dags/functions/calculate_emb_vectors.py took 1.604 seconds
[2023-01-19T04:12:00.286+0000] {processor.py:156} INFO - Started process (PID=4027) to work on /opt/airflow/dags/functions/calculate_emb_vectors.py
[2023-01-19T04:12:00.287+0000] {processor.py:758} INFO - Processing file /opt/airflow/dags/functions/calculate_emb_vectors.py for tasks to queue
[2023-01-19T04:12:00.287+0000] {logging_mixin.py:117} INFO - [2023-01-19T04:12:00.287+0000] {dagbag.py:525} INFO - Filling up the DagBag from /opt/airflow/dags/functions/calculate_emb_vectors.py
[2023-01-19T04:12:01.884+0000] {processor.py:770} WARNING - No viable dags retrieved from /opt/airflow/dags/functions/calculate_emb_vectors.py
[2023-01-19T04:12:01.893+0000] {processor.py:178} INFO - Processing /opt/airflow/dags/functions/calculate_emb_vectors.py took 1.610 seconds
[2023-01-19T04:12:31.961+0000] {processor.py:156} INFO - Started process (PID=4083) to work on /opt/airflow/dags/functions/calculate_emb_vectors.py
[2023-01-19T04:12:31.970+0000] {processor.py:758} INFO - Processing file /opt/airflow/dags/functions/calculate_emb_vectors.py for tasks to queue
[2023-01-19T04:12:31.971+0000] {logging_mixin.py:117} INFO - [2023-01-19T04:12:31.971+0000] {dagbag.py:525} INFO - Filling up the DagBag from /opt/airflow/dags/functions/calculate_emb_vectors.py
[2023-01-19T04:12:33.508+0000] {processor.py:770} WARNING - No viable dags retrieved from /opt/airflow/dags/functions/calculate_emb_vectors.py
[2023-01-19T04:12:33.518+0000] {processor.py:178} INFO - Processing /opt/airflow/dags/functions/calculate_emb_vectors.py took 1.560 seconds
[2023-01-19T04:13:03.985+0000] {processor.py:156} INFO - Started process (PID=4138) to work on /opt/airflow/dags/functions/calculate_emb_vectors.py
[2023-01-19T04:13:03.986+0000] {processor.py:758} INFO - Processing file /opt/airflow/dags/functions/calculate_emb_vectors.py for tasks to queue
[2023-01-19T04:13:03.986+0000] {logging_mixin.py:117} INFO - [2023-01-19T04:13:03.986+0000] {dagbag.py:525} INFO - Filling up the DagBag from /opt/airflow/dags/functions/calculate_emb_vectors.py
[2023-01-19T04:13:05.534+0000] {processor.py:770} WARNING - No viable dags retrieved from /opt/airflow/dags/functions/calculate_emb_vectors.py
[2023-01-19T04:13:05.545+0000] {processor.py:178} INFO - Processing /opt/airflow/dags/functions/calculate_emb_vectors.py took 1.562 seconds
[2023-01-19T04:13:35.816+0000] {processor.py:156} INFO - Started process (PID=4195) to work on /opt/airflow/dags/functions/calculate_emb_vectors.py
[2023-01-19T04:13:35.816+0000] {processor.py:758} INFO - Processing file /opt/airflow/dags/functions/calculate_emb_vectors.py for tasks to queue
[2023-01-19T04:13:35.817+0000] {logging_mixin.py:117} INFO - [2023-01-19T04:13:35.816+0000] {dagbag.py:525} INFO - Filling up the DagBag from /opt/airflow/dags/functions/calculate_emb_vectors.py
[2023-01-19T04:13:37.376+0000] {processor.py:770} WARNING - No viable dags retrieved from /opt/airflow/dags/functions/calculate_emb_vectors.py
[2023-01-19T04:13:37.386+0000] {processor.py:178} INFO - Processing /opt/airflow/dags/functions/calculate_emb_vectors.py took 1.573 seconds
[2023-01-19T04:14:07.925+0000] {processor.py:156} INFO - Started process (PID=4252) to work on /opt/airflow/dags/functions/calculate_emb_vectors.py
[2023-01-19T04:14:07.926+0000] {processor.py:758} INFO - Processing file /opt/airflow/dags/functions/calculate_emb_vectors.py for tasks to queue
[2023-01-19T04:14:07.926+0000] {logging_mixin.py:117} INFO - [2023-01-19T04:14:07.926+0000] {dagbag.py:525} INFO - Filling up the DagBag from /opt/airflow/dags/functions/calculate_emb_vectors.py
[2023-01-19T04:14:09.401+0000] {processor.py:770} WARNING - No viable dags retrieved from /opt/airflow/dags/functions/calculate_emb_vectors.py
[2023-01-19T04:14:09.411+0000] {processor.py:178} INFO - Processing /opt/airflow/dags/functions/calculate_emb_vectors.py took 1.489 seconds
[2023-01-19T04:14:39.738+0000] {processor.py:156} INFO - Started process (PID=4310) to work on /opt/airflow/dags/functions/calculate_emb_vectors.py
[2023-01-19T04:14:39.739+0000] {processor.py:758} INFO - Processing file /opt/airflow/dags/functions/calculate_emb_vectors.py for tasks to queue
[2023-01-19T04:14:39.740+0000] {logging_mixin.py:117} INFO - [2023-01-19T04:14:39.740+0000] {dagbag.py:525} INFO - Filling up the DagBag from /opt/airflow/dags/functions/calculate_emb_vectors.py
[2023-01-19T04:14:41.314+0000] {processor.py:770} WARNING - No viable dags retrieved from /opt/airflow/dags/functions/calculate_emb_vectors.py
[2023-01-19T04:14:41.325+0000] {processor.py:178} INFO - Processing /opt/airflow/dags/functions/calculate_emb_vectors.py took 1.589 seconds
[2023-01-19T04:15:11.807+0000] {processor.py:156} INFO - Started process (PID=4368) to work on /opt/airflow/dags/functions/calculate_emb_vectors.py
[2023-01-19T04:15:11.807+0000] {processor.py:758} INFO - Processing file /opt/airflow/dags/functions/calculate_emb_vectors.py for tasks to queue
[2023-01-19T04:15:11.808+0000] {logging_mixin.py:117} INFO - [2023-01-19T04:15:11.808+0000] {dagbag.py:525} INFO - Filling up the DagBag from /opt/airflow/dags/functions/calculate_emb_vectors.py
[2023-01-19T04:15:13.272+0000] {processor.py:770} WARNING - No viable dags retrieved from /opt/airflow/dags/functions/calculate_emb_vectors.py
[2023-01-19T04:15:13.281+0000] {processor.py:178} INFO - Processing /opt/airflow/dags/functions/calculate_emb_vectors.py took 1.477 seconds
[2023-01-19T04:15:43.708+0000] {processor.py:156} INFO - Started process (PID=4426) to work on /opt/airflow/dags/functions/calculate_emb_vectors.py
[2023-01-19T04:15:43.710+0000] {processor.py:758} INFO - Processing file /opt/airflow/dags/functions/calculate_emb_vectors.py for tasks to queue
[2023-01-19T04:15:43.710+0000] {logging_mixin.py:117} INFO - [2023-01-19T04:15:43.710+0000] {dagbag.py:525} INFO - Filling up the DagBag from /opt/airflow/dags/functions/calculate_emb_vectors.py
[2023-01-19T04:15:45.160+0000] {processor.py:770} WARNING - No viable dags retrieved from /opt/airflow/dags/functions/calculate_emb_vectors.py
[2023-01-19T04:15:45.169+0000] {processor.py:178} INFO - Processing /opt/airflow/dags/functions/calculate_emb_vectors.py took 1.464 seconds
[2023-01-19T04:16:15.689+0000] {processor.py:156} INFO - Started process (PID=4484) to work on /opt/airflow/dags/functions/calculate_emb_vectors.py
[2023-01-19T04:16:15.691+0000] {processor.py:758} INFO - Processing file /opt/airflow/dags/functions/calculate_emb_vectors.py for tasks to queue
[2023-01-19T04:16:15.691+0000] {logging_mixin.py:117} INFO - [2023-01-19T04:16:15.691+0000] {dagbag.py:525} INFO - Filling up the DagBag from /opt/airflow/dags/functions/calculate_emb_vectors.py
[2023-01-19T04:16:17.164+0000] {processor.py:770} WARNING - No viable dags retrieved from /opt/airflow/dags/functions/calculate_emb_vectors.py
[2023-01-19T04:16:17.173+0000] {processor.py:178} INFO - Processing /opt/airflow/dags/functions/calculate_emb_vectors.py took 1.487 seconds
[2023-01-19T04:16:47.517+0000] {processor.py:156} INFO - Started process (PID=4542) to work on /opt/airflow/dags/functions/calculate_emb_vectors.py
[2023-01-19T04:16:47.518+0000] {processor.py:758} INFO - Processing file /opt/airflow/dags/functions/calculate_emb_vectors.py for tasks to queue
[2023-01-19T04:16:47.518+0000] {logging_mixin.py:117} INFO - [2023-01-19T04:16:47.518+0000] {dagbag.py:525} INFO - Filling up the DagBag from /opt/airflow/dags/functions/calculate_emb_vectors.py
[2023-01-19T04:16:48.938+0000] {processor.py:770} WARNING - No viable dags retrieved from /opt/airflow/dags/functions/calculate_emb_vectors.py
[2023-01-19T04:16:48.947+0000] {processor.py:178} INFO - Processing /opt/airflow/dags/functions/calculate_emb_vectors.py took 1.434 seconds
[2023-01-19T04:17:19.714+0000] {processor.py:156} INFO - Started process (PID=4600) to work on /opt/airflow/dags/functions/calculate_emb_vectors.py
[2023-01-19T04:17:19.715+0000] {processor.py:758} INFO - Processing file /opt/airflow/dags/functions/calculate_emb_vectors.py for tasks to queue
[2023-01-19T04:17:19.716+0000] {logging_mixin.py:117} INFO - [2023-01-19T04:17:19.716+0000] {dagbag.py:525} INFO - Filling up the DagBag from /opt/airflow/dags/functions/calculate_emb_vectors.py
[2023-01-19T04:17:21.136+0000] {processor.py:770} WARNING - No viable dags retrieved from /opt/airflow/dags/functions/calculate_emb_vectors.py
[2023-01-19T04:17:21.145+0000] {processor.py:178} INFO - Processing /opt/airflow/dags/functions/calculate_emb_vectors.py took 1.434 seconds
[2023-01-19T04:17:52.275+0000] {processor.py:156} INFO - Started process (PID=4658) to work on /opt/airflow/dags/functions/calculate_emb_vectors.py
[2023-01-19T04:17:52.276+0000] {processor.py:758} INFO - Processing file /opt/airflow/dags/functions/calculate_emb_vectors.py for tasks to queue
[2023-01-19T04:17:52.277+0000] {logging_mixin.py:117} INFO - [2023-01-19T04:17:52.277+0000] {dagbag.py:525} INFO - Filling up the DagBag from /opt/airflow/dags/functions/calculate_emb_vectors.py
[2023-01-19T04:17:53.757+0000] {processor.py:770} WARNING - No viable dags retrieved from /opt/airflow/dags/functions/calculate_emb_vectors.py
[2023-01-19T04:17:53.766+0000] {processor.py:178} INFO - Processing /opt/airflow/dags/functions/calculate_emb_vectors.py took 1.494 seconds
[2023-01-19T04:18:25.271+0000] {processor.py:156} INFO - Started process (PID=4718) to work on /opt/airflow/dags/functions/calculate_emb_vectors.py
[2023-01-19T04:18:25.272+0000] {processor.py:758} INFO - Processing file /opt/airflow/dags/functions/calculate_emb_vectors.py for tasks to queue
[2023-01-19T04:18:25.273+0000] {logging_mixin.py:117} INFO - [2023-01-19T04:18:25.273+0000] {dagbag.py:525} INFO - Filling up the DagBag from /opt/airflow/dags/functions/calculate_emb_vectors.py
[2023-01-19T04:18:26.702+0000] {processor.py:770} WARNING - No viable dags retrieved from /opt/airflow/dags/functions/calculate_emb_vectors.py
[2023-01-19T04:18:26.711+0000] {processor.py:178} INFO - Processing /opt/airflow/dags/functions/calculate_emb_vectors.py took 1.443 seconds
[2023-01-19T04:18:57.075+0000] {processor.py:156} INFO - Started process (PID=4773) to work on /opt/airflow/dags/functions/calculate_emb_vectors.py
[2023-01-19T04:18:57.076+0000] {processor.py:758} INFO - Processing file /opt/airflow/dags/functions/calculate_emb_vectors.py for tasks to queue
[2023-01-19T04:18:57.076+0000] {logging_mixin.py:117} INFO - [2023-01-19T04:18:57.076+0000] {dagbag.py:525} INFO - Filling up the DagBag from /opt/airflow/dags/functions/calculate_emb_vectors.py
[2023-01-19T04:18:58.631+0000] {processor.py:770} WARNING - No viable dags retrieved from /opt/airflow/dags/functions/calculate_emb_vectors.py
[2023-01-19T04:18:58.641+0000] {processor.py:178} INFO - Processing /opt/airflow/dags/functions/calculate_emb_vectors.py took 1.569 seconds
[2023-01-19T04:19:28.935+0000] {processor.py:156} INFO - Started process (PID=4831) to work on /opt/airflow/dags/functions/calculate_emb_vectors.py
[2023-01-19T04:19:28.936+0000] {processor.py:758} INFO - Processing file /opt/airflow/dags/functions/calculate_emb_vectors.py for tasks to queue
[2023-01-19T04:19:28.937+0000] {logging_mixin.py:117} INFO - [2023-01-19T04:19:28.937+0000] {dagbag.py:525} INFO - Filling up the DagBag from /opt/airflow/dags/functions/calculate_emb_vectors.py
[2023-01-19T04:19:30.480+0000] {processor.py:770} WARNING - No viable dags retrieved from /opt/airflow/dags/functions/calculate_emb_vectors.py
[2023-01-19T04:19:30.490+0000] {processor.py:178} INFO - Processing /opt/airflow/dags/functions/calculate_emb_vectors.py took 1.558 seconds
