[2023-01-19T04:09:54.137+0000] {processor.py:156} INFO - Started process (PID=3810) to work on /opt/airflow/dags/functions/calculate_emb_vectors_for_link_rec.py
[2023-01-19T04:09:54.137+0000] {processor.py:758} INFO - Processing file /opt/airflow/dags/functions/calculate_emb_vectors_for_link_rec.py for tasks to queue
[2023-01-19T04:09:54.138+0000] {logging_mixin.py:117} INFO - [2023-01-19T04:09:54.138+0000] {dagbag.py:525} INFO - Filling up the DagBag from /opt/airflow/dags/functions/calculate_emb_vectors_for_link_rec.py
[2023-01-19T04:09:55.602+0000] {processor.py:770} WARNING - No viable dags retrieved from /opt/airflow/dags/functions/calculate_emb_vectors_for_link_rec.py
[2023-01-19T04:09:55.614+0000] {processor.py:178} INFO - Processing /opt/airflow/dags/functions/calculate_emb_vectors_for_link_rec.py took 1.480 seconds
[2023-01-19T04:10:25.796+0000] {processor.py:156} INFO - Started process (PID=3865) to work on /opt/airflow/dags/functions/calculate_emb_vectors_for_link_rec.py
[2023-01-19T04:10:25.797+0000] {processor.py:758} INFO - Processing file /opt/airflow/dags/functions/calculate_emb_vectors_for_link_rec.py for tasks to queue
[2023-01-19T04:10:25.798+0000] {logging_mixin.py:117} INFO - [2023-01-19T04:10:25.797+0000] {dagbag.py:525} INFO - Filling up the DagBag from /opt/airflow/dags/functions/calculate_emb_vectors_for_link_rec.py
[2023-01-19T04:10:27.344+0000] {processor.py:770} WARNING - No viable dags retrieved from /opt/airflow/dags/functions/calculate_emb_vectors_for_link_rec.py
[2023-01-19T04:10:27.354+0000] {processor.py:178} INFO - Processing /opt/airflow/dags/functions/calculate_emb_vectors_for_link_rec.py took 1.560 seconds
[2023-01-19T04:10:58.096+0000] {processor.py:156} INFO - Started process (PID=3923) to work on /opt/airflow/dags/functions/calculate_emb_vectors_for_link_rec.py
[2023-01-19T04:10:58.097+0000] {processor.py:758} INFO - Processing file /opt/airflow/dags/functions/calculate_emb_vectors_for_link_rec.py for tasks to queue
[2023-01-19T04:10:58.098+0000] {logging_mixin.py:117} INFO - [2023-01-19T04:10:58.098+0000] {dagbag.py:525} INFO - Filling up the DagBag from /opt/airflow/dags/functions/calculate_emb_vectors_for_link_rec.py
[2023-01-19T04:10:59.747+0000] {processor.py:770} WARNING - No viable dags retrieved from /opt/airflow/dags/functions/calculate_emb_vectors_for_link_rec.py
[2023-01-19T04:10:59.759+0000] {processor.py:178} INFO - Processing /opt/airflow/dags/functions/calculate_emb_vectors_for_link_rec.py took 1.665 seconds
[2023-01-19T04:11:31.896+0000] {processor.py:156} INFO - Started process (PID=3981) to work on /opt/airflow/dags/functions/calculate_emb_vectors_for_link_rec.py
[2023-01-19T04:11:31.897+0000] {processor.py:758} INFO - Processing file /opt/airflow/dags/functions/calculate_emb_vectors_for_link_rec.py for tasks to queue
[2023-01-19T04:11:31.898+0000] {logging_mixin.py:117} INFO - [2023-01-19T04:11:31.897+0000] {dagbag.py:525} INFO - Filling up the DagBag from /opt/airflow/dags/functions/calculate_emb_vectors_for_link_rec.py
[2023-01-19T04:11:33.452+0000] {processor.py:770} WARNING - No viable dags retrieved from /opt/airflow/dags/functions/calculate_emb_vectors_for_link_rec.py
[2023-01-19T04:11:33.462+0000] {processor.py:178} INFO - Processing /opt/airflow/dags/functions/calculate_emb_vectors_for_link_rec.py took 1.570 seconds
[2023-01-19T04:12:04.229+0000] {processor.py:156} INFO - Started process (PID=4039) to work on /opt/airflow/dags/functions/calculate_emb_vectors_for_link_rec.py
[2023-01-19T04:12:04.230+0000] {processor.py:758} INFO - Processing file /opt/airflow/dags/functions/calculate_emb_vectors_for_link_rec.py for tasks to queue
[2023-01-19T04:12:04.231+0000] {logging_mixin.py:117} INFO - [2023-01-19T04:12:04.231+0000] {dagbag.py:525} INFO - Filling up the DagBag from /opt/airflow/dags/functions/calculate_emb_vectors_for_link_rec.py
[2023-01-19T04:12:05.921+0000] {processor.py:770} WARNING - No viable dags retrieved from /opt/airflow/dags/functions/calculate_emb_vectors_for_link_rec.py
[2023-01-19T04:12:05.932+0000] {processor.py:178} INFO - Processing /opt/airflow/dags/functions/calculate_emb_vectors_for_link_rec.py took 1.706 seconds
[2023-01-19T04:12:36.882+0000] {processor.py:156} INFO - Started process (PID=4097) to work on /opt/airflow/dags/functions/calculate_emb_vectors_for_link_rec.py
[2023-01-19T04:12:36.883+0000] {processor.py:758} INFO - Processing file /opt/airflow/dags/functions/calculate_emb_vectors_for_link_rec.py for tasks to queue
[2023-01-19T04:12:36.884+0000] {logging_mixin.py:117} INFO - [2023-01-19T04:12:36.884+0000] {dagbag.py:525} INFO - Filling up the DagBag from /opt/airflow/dags/functions/calculate_emb_vectors_for_link_rec.py
[2023-01-19T04:12:38.418+0000] {processor.py:770} WARNING - No viable dags retrieved from /opt/airflow/dags/functions/calculate_emb_vectors_for_link_rec.py
[2023-01-19T04:12:38.427+0000] {processor.py:178} INFO - Processing /opt/airflow/dags/functions/calculate_emb_vectors_for_link_rec.py took 1.548 seconds
[2023-01-19T04:13:09.595+0000] {processor.py:156} INFO - Started process (PID=4155) to work on /opt/airflow/dags/functions/calculate_emb_vectors_for_link_rec.py
[2023-01-19T04:13:09.596+0000] {processor.py:758} INFO - Processing file /opt/airflow/dags/functions/calculate_emb_vectors_for_link_rec.py for tasks to queue
[2023-01-19T04:13:09.596+0000] {logging_mixin.py:117} INFO - [2023-01-19T04:13:09.596+0000] {dagbag.py:525} INFO - Filling up the DagBag from /opt/airflow/dags/functions/calculate_emb_vectors_for_link_rec.py
[2023-01-19T04:13:11.185+0000] {processor.py:770} WARNING - No viable dags retrieved from /opt/airflow/dags/functions/calculate_emb_vectors_for_link_rec.py
[2023-01-19T04:13:11.195+0000] {processor.py:178} INFO - Processing /opt/airflow/dags/functions/calculate_emb_vectors_for_link_rec.py took 1.602 seconds
[2023-01-19T04:13:42.739+0000] {processor.py:156} INFO - Started process (PID=4213) to work on /opt/airflow/dags/functions/calculate_emb_vectors_for_link_rec.py
[2023-01-19T04:13:42.740+0000] {processor.py:758} INFO - Processing file /opt/airflow/dags/functions/calculate_emb_vectors_for_link_rec.py for tasks to queue
[2023-01-19T04:13:42.740+0000] {logging_mixin.py:117} INFO - [2023-01-19T04:13:42.740+0000] {dagbag.py:525} INFO - Filling up the DagBag from /opt/airflow/dags/functions/calculate_emb_vectors_for_link_rec.py
[2023-01-19T04:13:44.386+0000] {processor.py:770} WARNING - No viable dags retrieved from /opt/airflow/dags/functions/calculate_emb_vectors_for_link_rec.py
[2023-01-19T04:13:44.396+0000] {processor.py:178} INFO - Processing /opt/airflow/dags/functions/calculate_emb_vectors_for_link_rec.py took 1.661 seconds
[2023-01-19T04:14:15.043+0000] {processor.py:156} INFO - Started process (PID=4271) to work on /opt/airflow/dags/functions/calculate_emb_vectors_for_link_rec.py
[2023-01-19T04:14:15.043+0000] {processor.py:758} INFO - Processing file /opt/airflow/dags/functions/calculate_emb_vectors_for_link_rec.py for tasks to queue
[2023-01-19T04:14:15.044+0000] {logging_mixin.py:117} INFO - [2023-01-19T04:14:15.044+0000] {dagbag.py:525} INFO - Filling up the DagBag from /opt/airflow/dags/functions/calculate_emb_vectors_for_link_rec.py
[2023-01-19T04:14:16.695+0000] {processor.py:770} WARNING - No viable dags retrieved from /opt/airflow/dags/functions/calculate_emb_vectors_for_link_rec.py
[2023-01-19T04:14:16.705+0000] {processor.py:178} INFO - Processing /opt/airflow/dags/functions/calculate_emb_vectors_for_link_rec.py took 1.666 seconds
[2023-01-19T04:14:47.840+0000] {processor.py:156} INFO - Started process (PID=4330) to work on /opt/airflow/dags/functions/calculate_emb_vectors_for_link_rec.py
[2023-01-19T04:14:47.841+0000] {processor.py:758} INFO - Processing file /opt/airflow/dags/functions/calculate_emb_vectors_for_link_rec.py for tasks to queue
[2023-01-19T04:14:47.841+0000] {logging_mixin.py:117} INFO - [2023-01-19T04:14:47.841+0000] {dagbag.py:525} INFO - Filling up the DagBag from /opt/airflow/dags/functions/calculate_emb_vectors_for_link_rec.py
[2023-01-19T04:14:49.504+0000] {processor.py:770} WARNING - No viable dags retrieved from /opt/airflow/dags/functions/calculate_emb_vectors_for_link_rec.py
[2023-01-19T04:14:49.515+0000] {processor.py:178} INFO - Processing /opt/airflow/dags/functions/calculate_emb_vectors_for_link_rec.py took 1.678 seconds
[2023-01-19T04:15:19.654+0000] {processor.py:156} INFO - Started process (PID=4384) to work on /opt/airflow/dags/functions/calculate_emb_vectors_for_link_rec.py
[2023-01-19T04:15:19.655+0000] {processor.py:758} INFO - Processing file /opt/airflow/dags/functions/calculate_emb_vectors_for_link_rec.py for tasks to queue
[2023-01-19T04:15:19.656+0000] {logging_mixin.py:117} INFO - [2023-01-19T04:15:19.656+0000] {dagbag.py:525} INFO - Filling up the DagBag from /opt/airflow/dags/functions/calculate_emb_vectors_for_link_rec.py
[2023-01-19T04:15:21.232+0000] {processor.py:770} WARNING - No viable dags retrieved from /opt/airflow/dags/functions/calculate_emb_vectors_for_link_rec.py
[2023-01-19T04:15:21.242+0000] {processor.py:178} INFO - Processing /opt/airflow/dags/functions/calculate_emb_vectors_for_link_rec.py took 1.591 seconds
[2023-01-19T04:15:51.533+0000] {processor.py:156} INFO - Started process (PID=4441) to work on /opt/airflow/dags/functions/calculate_emb_vectors_for_link_rec.py
[2023-01-19T04:15:51.534+0000] {processor.py:758} INFO - Processing file /opt/airflow/dags/functions/calculate_emb_vectors_for_link_rec.py for tasks to queue
[2023-01-19T04:15:51.535+0000] {logging_mixin.py:117} INFO - [2023-01-19T04:15:51.535+0000] {dagbag.py:525} INFO - Filling up the DagBag from /opt/airflow/dags/functions/calculate_emb_vectors_for_link_rec.py
[2023-01-19T04:15:53.073+0000] {processor.py:770} WARNING - No viable dags retrieved from /opt/airflow/dags/functions/calculate_emb_vectors_for_link_rec.py
[2023-01-19T04:15:53.087+0000] {processor.py:178} INFO - Processing /opt/airflow/dags/functions/calculate_emb_vectors_for_link_rec.py took 1.557 seconds
[2023-01-19T04:16:23.235+0000] {processor.py:156} INFO - Started process (PID=4495) to work on /opt/airflow/dags/functions/calculate_emb_vectors_for_link_rec.py
[2023-01-19T04:16:23.236+0000] {processor.py:758} INFO - Processing file /opt/airflow/dags/functions/calculate_emb_vectors_for_link_rec.py for tasks to queue
[2023-01-19T04:16:23.237+0000] {logging_mixin.py:117} INFO - [2023-01-19T04:16:23.237+0000] {dagbag.py:525} INFO - Filling up the DagBag from /opt/airflow/dags/functions/calculate_emb_vectors_for_link_rec.py
[2023-01-19T04:16:24.785+0000] {processor.py:770} WARNING - No viable dags retrieved from /opt/airflow/dags/functions/calculate_emb_vectors_for_link_rec.py
[2023-01-19T04:16:24.794+0000] {processor.py:178} INFO - Processing /opt/airflow/dags/functions/calculate_emb_vectors_for_link_rec.py took 1.562 seconds
[2023-01-19T04:16:55.560+0000] {processor.py:156} INFO - Started process (PID=4553) to work on /opt/airflow/dags/functions/calculate_emb_vectors_for_link_rec.py
[2023-01-19T04:16:55.561+0000] {processor.py:758} INFO - Processing file /opt/airflow/dags/functions/calculate_emb_vectors_for_link_rec.py for tasks to queue
[2023-01-19T04:16:55.562+0000] {logging_mixin.py:117} INFO - [2023-01-19T04:16:55.562+0000] {dagbag.py:525} INFO - Filling up the DagBag from /opt/airflow/dags/functions/calculate_emb_vectors_for_link_rec.py
[2023-01-19T04:16:57.165+0000] {processor.py:770} WARNING - No viable dags retrieved from /opt/airflow/dags/functions/calculate_emb_vectors_for_link_rec.py
[2023-01-19T04:16:57.175+0000] {processor.py:178} INFO - Processing /opt/airflow/dags/functions/calculate_emb_vectors_for_link_rec.py took 1.618 seconds
[2023-01-19T04:17:27.481+0000] {processor.py:156} INFO - Started process (PID=4610) to work on /opt/airflow/dags/functions/calculate_emb_vectors_for_link_rec.py
[2023-01-19T04:17:27.482+0000] {processor.py:758} INFO - Processing file /opt/airflow/dags/functions/calculate_emb_vectors_for_link_rec.py for tasks to queue
[2023-01-19T04:17:27.482+0000] {logging_mixin.py:117} INFO - [2023-01-19T04:17:27.482+0000] {dagbag.py:525} INFO - Filling up the DagBag from /opt/airflow/dags/functions/calculate_emb_vectors_for_link_rec.py
[2023-01-19T04:17:28.989+0000] {processor.py:770} WARNING - No viable dags retrieved from /opt/airflow/dags/functions/calculate_emb_vectors_for_link_rec.py
[2023-01-19T04:17:28.999+0000] {processor.py:178} INFO - Processing /opt/airflow/dags/functions/calculate_emb_vectors_for_link_rec.py took 1.521 seconds
[2023-01-19T04:17:59.067+0000] {processor.py:156} INFO - Started process (PID=4667) to work on /opt/airflow/dags/functions/calculate_emb_vectors_for_link_rec.py
[2023-01-19T04:17:59.068+0000] {processor.py:758} INFO - Processing file /opt/airflow/dags/functions/calculate_emb_vectors_for_link_rec.py for tasks to queue
[2023-01-19T04:17:59.069+0000] {logging_mixin.py:117} INFO - [2023-01-19T04:17:59.069+0000] {dagbag.py:525} INFO - Filling up the DagBag from /opt/airflow/dags/functions/calculate_emb_vectors_for_link_rec.py
[2023-01-19T04:18:00.588+0000] {processor.py:770} WARNING - No viable dags retrieved from /opt/airflow/dags/functions/calculate_emb_vectors_for_link_rec.py
[2023-01-19T04:18:00.598+0000] {processor.py:178} INFO - Processing /opt/airflow/dags/functions/calculate_emb_vectors_for_link_rec.py took 1.533 seconds
[2023-01-19T04:18:30.756+0000] {processor.py:156} INFO - Started process (PID=4722) to work on /opt/airflow/dags/functions/calculate_emb_vectors_for_link_rec.py
[2023-01-19T04:18:30.757+0000] {processor.py:758} INFO - Processing file /opt/airflow/dags/functions/calculate_emb_vectors_for_link_rec.py for tasks to queue
[2023-01-19T04:18:30.758+0000] {logging_mixin.py:117} INFO - [2023-01-19T04:18:30.758+0000] {dagbag.py:525} INFO - Filling up the DagBag from /opt/airflow/dags/functions/calculate_emb_vectors_for_link_rec.py
[2023-01-19T04:18:32.308+0000] {processor.py:770} WARNING - No viable dags retrieved from /opt/airflow/dags/functions/calculate_emb_vectors_for_link_rec.py
[2023-01-19T04:18:32.317+0000] {processor.py:178} INFO - Processing /opt/airflow/dags/functions/calculate_emb_vectors_for_link_rec.py took 1.564 seconds
[2023-01-19T04:19:02.687+0000] {processor.py:156} INFO - Started process (PID=4780) to work on /opt/airflow/dags/functions/calculate_emb_vectors_for_link_rec.py
[2023-01-19T04:19:02.689+0000] {processor.py:758} INFO - Processing file /opt/airflow/dags/functions/calculate_emb_vectors_for_link_rec.py for tasks to queue
[2023-01-19T04:19:02.689+0000] {logging_mixin.py:117} INFO - [2023-01-19T04:19:02.689+0000] {dagbag.py:525} INFO - Filling up the DagBag from /opt/airflow/dags/functions/calculate_emb_vectors_for_link_rec.py
[2023-01-19T04:19:04.252+0000] {processor.py:770} WARNING - No viable dags retrieved from /opt/airflow/dags/functions/calculate_emb_vectors_for_link_rec.py
[2023-01-19T04:19:04.262+0000] {processor.py:178} INFO - Processing /opt/airflow/dags/functions/calculate_emb_vectors_for_link_rec.py took 1.578 seconds
[2023-01-19T04:19:34.534+0000] {processor.py:156} INFO - Started process (PID=4836) to work on /opt/airflow/dags/functions/calculate_emb_vectors_for_link_rec.py
[2023-01-19T04:19:34.535+0000] {processor.py:758} INFO - Processing file /opt/airflow/dags/functions/calculate_emb_vectors_for_link_rec.py for tasks to queue
[2023-01-19T04:19:34.536+0000] {logging_mixin.py:117} INFO - [2023-01-19T04:19:34.535+0000] {dagbag.py:525} INFO - Filling up the DagBag from /opt/airflow/dags/functions/calculate_emb_vectors_for_link_rec.py
[2023-01-19T04:19:35.991+0000] {processor.py:770} WARNING - No viable dags retrieved from /opt/airflow/dags/functions/calculate_emb_vectors_for_link_rec.py
[2023-01-19T04:19:36.001+0000] {processor.py:178} INFO - Processing /opt/airflow/dags/functions/calculate_emb_vectors_for_link_rec.py took 1.470 seconds
