[2023-01-19T04:10:08.789+0000] {processor.py:156} INFO - Started process (PID=3832) to work on /opt/airflow/dags/functions/data.py
[2023-01-19T04:10:08.790+0000] {processor.py:758} INFO - Processing file /opt/airflow/dags/functions/data.py for tasks to queue
[2023-01-19T04:10:08.790+0000] {logging_mixin.py:117} INFO - [2023-01-19T04:10:08.790+0000] {dagbag.py:525} INFO - Filling up the DagBag from /opt/airflow/dags/functions/data.py
[2023-01-19T04:10:09.154+0000] {processor.py:770} WARNING - No viable dags retrieved from /opt/airflow/dags/functions/data.py
[2023-01-19T04:10:09.163+0000] {processor.py:178} INFO - Processing /opt/airflow/dags/functions/data.py took 0.378 seconds
[2023-01-19T04:10:39.810+0000] {processor.py:156} INFO - Started process (PID=3886) to work on /opt/airflow/dags/functions/data.py
[2023-01-19T04:10:39.810+0000] {processor.py:758} INFO - Processing file /opt/airflow/dags/functions/data.py for tasks to queue
[2023-01-19T04:10:39.811+0000] {logging_mixin.py:117} INFO - [2023-01-19T04:10:39.811+0000] {dagbag.py:525} INFO - Filling up the DagBag from /opt/airflow/dags/functions/data.py
[2023-01-19T04:10:40.231+0000] {processor.py:770} WARNING - No viable dags retrieved from /opt/airflow/dags/functions/data.py
[2023-01-19T04:10:40.242+0000] {processor.py:178} INFO - Processing /opt/airflow/dags/functions/data.py took 0.435 seconds
[2023-01-19T04:11:10.264+0000] {processor.py:156} INFO - Started process (PID=3939) to work on /opt/airflow/dags/functions/data.py
[2023-01-19T04:11:10.266+0000] {processor.py:758} INFO - Processing file /opt/airflow/dags/functions/data.py for tasks to queue
[2023-01-19T04:11:10.266+0000] {logging_mixin.py:117} INFO - [2023-01-19T04:11:10.266+0000] {dagbag.py:525} INFO - Filling up the DagBag from /opt/airflow/dags/functions/data.py
[2023-01-19T04:11:10.675+0000] {processor.py:770} WARNING - No viable dags retrieved from /opt/airflow/dags/functions/data.py
[2023-01-19T04:11:10.691+0000] {processor.py:178} INFO - Processing /opt/airflow/dags/functions/data.py took 0.429 seconds
[2023-01-19T04:11:40.970+0000] {processor.py:156} INFO - Started process (PID=3996) to work on /opt/airflow/dags/functions/data.py
[2023-01-19T04:11:40.970+0000] {processor.py:758} INFO - Processing file /opt/airflow/dags/functions/data.py for tasks to queue
[2023-01-19T04:11:40.971+0000] {logging_mixin.py:117} INFO - [2023-01-19T04:11:40.971+0000] {dagbag.py:525} INFO - Filling up the DagBag from /opt/airflow/dags/functions/data.py
[2023-01-19T04:11:41.331+0000] {processor.py:770} WARNING - No viable dags retrieved from /opt/airflow/dags/functions/data.py
[2023-01-19T04:11:41.341+0000] {processor.py:178} INFO - Processing /opt/airflow/dags/functions/data.py took 0.374 seconds
[2023-01-19T04:12:11.540+0000] {processor.py:156} INFO - Started process (PID=4054) to work on /opt/airflow/dags/functions/data.py
[2023-01-19T04:12:11.541+0000] {processor.py:758} INFO - Processing file /opt/airflow/dags/functions/data.py for tasks to queue
[2023-01-19T04:12:11.541+0000] {logging_mixin.py:117} INFO - [2023-01-19T04:12:11.541+0000] {dagbag.py:525} INFO - Filling up the DagBag from /opt/airflow/dags/functions/data.py
[2023-01-19T04:12:11.882+0000] {processor.py:770} WARNING - No viable dags retrieved from /opt/airflow/dags/functions/data.py
[2023-01-19T04:12:11.891+0000] {processor.py:178} INFO - Processing /opt/airflow/dags/functions/data.py took 0.355 seconds
[2023-01-19T04:12:42.043+0000] {processor.py:156} INFO - Started process (PID=4108) to work on /opt/airflow/dags/functions/data.py
[2023-01-19T04:12:42.044+0000] {processor.py:758} INFO - Processing file /opt/airflow/dags/functions/data.py for tasks to queue
[2023-01-19T04:12:42.044+0000] {logging_mixin.py:117} INFO - [2023-01-19T04:12:42.044+0000] {dagbag.py:525} INFO - Filling up the DagBag from /opt/airflow/dags/functions/data.py
[2023-01-19T04:12:42.447+0000] {processor.py:770} WARNING - No viable dags retrieved from /opt/airflow/dags/functions/data.py
[2023-01-19T04:12:42.460+0000] {processor.py:178} INFO - Processing /opt/airflow/dags/functions/data.py took 0.419 seconds
[2023-01-19T04:13:12.730+0000] {processor.py:156} INFO - Started process (PID=4165) to work on /opt/airflow/dags/functions/data.py
[2023-01-19T04:13:12.731+0000] {processor.py:758} INFO - Processing file /opt/airflow/dags/functions/data.py for tasks to queue
[2023-01-19T04:13:12.732+0000] {logging_mixin.py:117} INFO - [2023-01-19T04:13:12.731+0000] {dagbag.py:525} INFO - Filling up the DagBag from /opt/airflow/dags/functions/data.py
[2023-01-19T04:13:13.113+0000] {processor.py:770} WARNING - No viable dags retrieved from /opt/airflow/dags/functions/data.py
[2023-01-19T04:13:13.122+0000] {processor.py:178} INFO - Processing /opt/airflow/dags/functions/data.py took 0.395 seconds
[2023-01-19T04:13:44.441+0000] {processor.py:156} INFO - Started process (PID=4219) to work on /opt/airflow/dags/functions/data.py
[2023-01-19T04:13:44.442+0000] {processor.py:758} INFO - Processing file /opt/airflow/dags/functions/data.py for tasks to queue
[2023-01-19T04:13:44.443+0000] {logging_mixin.py:117} INFO - [2023-01-19T04:13:44.442+0000] {dagbag.py:525} INFO - Filling up the DagBag from /opt/airflow/dags/functions/data.py
[2023-01-19T04:13:44.796+0000] {processor.py:770} WARNING - No viable dags retrieved from /opt/airflow/dags/functions/data.py
[2023-01-19T04:13:44.806+0000] {processor.py:178} INFO - Processing /opt/airflow/dags/functions/data.py took 0.368 seconds
[2023-01-19T04:14:16.737+0000] {processor.py:156} INFO - Started process (PID=4276) to work on /opt/airflow/dags/functions/data.py
[2023-01-19T04:14:16.739+0000] {processor.py:758} INFO - Processing file /opt/airflow/dags/functions/data.py for tasks to queue
[2023-01-19T04:14:16.739+0000] {logging_mixin.py:117} INFO - [2023-01-19T04:14:16.739+0000] {dagbag.py:525} INFO - Filling up the DagBag from /opt/airflow/dags/functions/data.py
[2023-01-19T04:14:17.094+0000] {processor.py:770} WARNING - No viable dags retrieved from /opt/airflow/dags/functions/data.py
[2023-01-19T04:14:17.104+0000] {processor.py:178} INFO - Processing /opt/airflow/dags/functions/data.py took 0.369 seconds
[2023-01-19T04:14:47.385+0000] {processor.py:156} INFO - Started process (PID=4327) to work on /opt/airflow/dags/functions/data.py
[2023-01-19T04:14:47.386+0000] {processor.py:758} INFO - Processing file /opt/airflow/dags/functions/data.py for tasks to queue
[2023-01-19T04:14:47.386+0000] {logging_mixin.py:117} INFO - [2023-01-19T04:14:47.386+0000] {dagbag.py:525} INFO - Filling up the DagBag from /opt/airflow/dags/functions/data.py
[2023-01-19T04:14:47.804+0000] {processor.py:770} WARNING - No viable dags retrieved from /opt/airflow/dags/functions/data.py
[2023-01-19T04:14:47.814+0000] {processor.py:178} INFO - Processing /opt/airflow/dags/functions/data.py took 0.432 seconds
[2023-01-19T04:15:18.337+0000] {processor.py:156} INFO - Started process (PID=4380) to work on /opt/airflow/dags/functions/data.py
[2023-01-19T04:15:18.338+0000] {processor.py:758} INFO - Processing file /opt/airflow/dags/functions/data.py for tasks to queue
[2023-01-19T04:15:18.338+0000] {logging_mixin.py:117} INFO - [2023-01-19T04:15:18.338+0000] {dagbag.py:525} INFO - Filling up the DagBag from /opt/airflow/dags/functions/data.py
[2023-01-19T04:15:18.761+0000] {processor.py:770} WARNING - No viable dags retrieved from /opt/airflow/dags/functions/data.py
[2023-01-19T04:15:18.770+0000] {processor.py:178} INFO - Processing /opt/airflow/dags/functions/data.py took 0.436 seconds
[2023-01-19T04:15:49.215+0000] {processor.py:156} INFO - Started process (PID=4433) to work on /opt/airflow/dags/functions/data.py
[2023-01-19T04:15:49.215+0000] {processor.py:758} INFO - Processing file /opt/airflow/dags/functions/data.py for tasks to queue
[2023-01-19T04:15:49.216+0000] {logging_mixin.py:117} INFO - [2023-01-19T04:15:49.216+0000] {dagbag.py:525} INFO - Filling up the DagBag from /opt/airflow/dags/functions/data.py
[2023-01-19T04:15:49.604+0000] {processor.py:770} WARNING - No viable dags retrieved from /opt/airflow/dags/functions/data.py
[2023-01-19T04:15:49.620+0000] {processor.py:178} INFO - Processing /opt/airflow/dags/functions/data.py took 0.409 seconds
[2023-01-19T04:16:20.066+0000] {processor.py:156} INFO - Started process (PID=4488) to work on /opt/airflow/dags/functions/data.py
[2023-01-19T04:16:20.067+0000] {processor.py:758} INFO - Processing file /opt/airflow/dags/functions/data.py for tasks to queue
[2023-01-19T04:16:20.068+0000] {logging_mixin.py:117} INFO - [2023-01-19T04:16:20.068+0000] {dagbag.py:525} INFO - Filling up the DagBag from /opt/airflow/dags/functions/data.py
[2023-01-19T04:16:20.461+0000] {processor.py:770} WARNING - No viable dags retrieved from /opt/airflow/dags/functions/data.py
[2023-01-19T04:16:20.471+0000] {processor.py:178} INFO - Processing /opt/airflow/dags/functions/data.py took 0.408 seconds
[2023-01-19T04:16:50.530+0000] {processor.py:156} INFO - Started process (PID=4544) to work on /opt/airflow/dags/functions/data.py
[2023-01-19T04:16:50.531+0000] {processor.py:758} INFO - Processing file /opt/airflow/dags/functions/data.py for tasks to queue
[2023-01-19T04:16:50.531+0000] {logging_mixin.py:117} INFO - [2023-01-19T04:16:50.531+0000] {dagbag.py:525} INFO - Filling up the DagBag from /opt/airflow/dags/functions/data.py
[2023-01-19T04:16:50.887+0000] {processor.py:770} WARNING - No viable dags retrieved from /opt/airflow/dags/functions/data.py
[2023-01-19T04:16:50.896+0000] {processor.py:178} INFO - Processing /opt/airflow/dags/functions/data.py took 0.369 seconds
[2023-01-19T04:17:21.177+0000] {processor.py:156} INFO - Started process (PID=4602) to work on /opt/airflow/dags/functions/data.py
[2023-01-19T04:17:21.177+0000] {processor.py:758} INFO - Processing file /opt/airflow/dags/functions/data.py for tasks to queue
[2023-01-19T04:17:21.178+0000] {logging_mixin.py:117} INFO - [2023-01-19T04:17:21.178+0000] {dagbag.py:525} INFO - Filling up the DagBag from /opt/airflow/dags/functions/data.py
[2023-01-19T04:17:21.536+0000] {processor.py:770} WARNING - No viable dags retrieved from /opt/airflow/dags/functions/data.py
[2023-01-19T04:17:21.545+0000] {processor.py:178} INFO - Processing /opt/airflow/dags/functions/data.py took 0.371 seconds
[2023-01-19T04:17:52.841+0000] {processor.py:156} INFO - Started process (PID=4659) to work on /opt/airflow/dags/functions/data.py
[2023-01-19T04:17:52.842+0000] {processor.py:758} INFO - Processing file /opt/airflow/dags/functions/data.py for tasks to queue
[2023-01-19T04:17:52.842+0000] {logging_mixin.py:117} INFO - [2023-01-19T04:17:52.842+0000] {dagbag.py:525} INFO - Filling up the DagBag from /opt/airflow/dags/functions/data.py
[2023-01-19T04:17:53.193+0000] {processor.py:770} WARNING - No viable dags retrieved from /opt/airflow/dags/functions/data.py
[2023-01-19T04:17:53.203+0000] {processor.py:178} INFO - Processing /opt/airflow/dags/functions/data.py took 0.365 seconds
[2023-01-19T04:18:24.874+0000] {processor.py:156} INFO - Started process (PID=4716) to work on /opt/airflow/dags/functions/data.py
[2023-01-19T04:18:24.875+0000] {processor.py:758} INFO - Processing file /opt/airflow/dags/functions/data.py for tasks to queue
[2023-01-19T04:18:24.875+0000] {logging_mixin.py:117} INFO - [2023-01-19T04:18:24.875+0000] {dagbag.py:525} INFO - Filling up the DagBag from /opt/airflow/dags/functions/data.py
[2023-01-19T04:18:25.232+0000] {processor.py:770} WARNING - No viable dags retrieved from /opt/airflow/dags/functions/data.py
[2023-01-19T04:18:25.242+0000] {processor.py:178} INFO - Processing /opt/airflow/dags/functions/data.py took 0.371 seconds
[2023-01-19T04:18:55.357+0000] {processor.py:156} INFO - Started process (PID=4767) to work on /opt/airflow/dags/functions/data.py
[2023-01-19T04:18:55.357+0000] {processor.py:758} INFO - Processing file /opt/airflow/dags/functions/data.py for tasks to queue
[2023-01-19T04:18:55.358+0000] {logging_mixin.py:117} INFO - [2023-01-19T04:18:55.358+0000] {dagbag.py:525} INFO - Filling up the DagBag from /opt/airflow/dags/functions/data.py
[2023-01-19T04:18:55.744+0000] {processor.py:770} WARNING - No viable dags retrieved from /opt/airflow/dags/functions/data.py
[2023-01-19T04:18:55.754+0000] {processor.py:178} INFO - Processing /opt/airflow/dags/functions/data.py took 0.401 seconds
[2023-01-19T04:19:26.327+0000] {processor.py:156} INFO - Started process (PID=4821) to work on /opt/airflow/dags/functions/data.py
[2023-01-19T04:19:26.328+0000] {processor.py:758} INFO - Processing file /opt/airflow/dags/functions/data.py for tasks to queue
[2023-01-19T04:19:26.329+0000] {logging_mixin.py:117} INFO - [2023-01-19T04:19:26.328+0000] {dagbag.py:525} INFO - Filling up the DagBag from /opt/airflow/dags/functions/data.py
[2023-01-19T04:19:26.706+0000] {processor.py:770} WARNING - No viable dags retrieved from /opt/airflow/dags/functions/data.py
[2023-01-19T04:19:26.716+0000] {processor.py:178} INFO - Processing /opt/airflow/dags/functions/data.py took 0.393 seconds
