[2023-01-19T04:09:49.128+0000] {processor.py:156} INFO - Started process (PID=3796) to work on /opt/airflow/dags/functions/process_tensor_to_dataloader.py
[2023-01-19T04:09:49.129+0000] {processor.py:758} INFO - Processing file /opt/airflow/dags/functions/process_tensor_to_dataloader.py for tasks to queue
[2023-01-19T04:09:49.129+0000] {logging_mixin.py:117} INFO - [2023-01-19T04:09:49.129+0000] {dagbag.py:525} INFO - Filling up the DagBag from /opt/airflow/dags/functions/process_tensor_to_dataloader.py
[2023-01-19T04:09:50.654+0000] {processor.py:770} WARNING - No viable dags retrieved from /opt/airflow/dags/functions/process_tensor_to_dataloader.py
[2023-01-19T04:09:50.665+0000] {processor.py:178} INFO - Processing /opt/airflow/dags/functions/process_tensor_to_dataloader.py took 1.540 seconds
[2023-01-19T04:10:21.523+0000] {processor.py:156} INFO - Started process (PID=3851) to work on /opt/airflow/dags/functions/process_tensor_to_dataloader.py
[2023-01-19T04:10:21.524+0000] {processor.py:758} INFO - Processing file /opt/airflow/dags/functions/process_tensor_to_dataloader.py for tasks to queue
[2023-01-19T04:10:21.525+0000] {logging_mixin.py:117} INFO - [2023-01-19T04:10:21.525+0000] {dagbag.py:525} INFO - Filling up the DagBag from /opt/airflow/dags/functions/process_tensor_to_dataloader.py
[2023-01-19T04:10:23.146+0000] {processor.py:770} WARNING - No viable dags retrieved from /opt/airflow/dags/functions/process_tensor_to_dataloader.py
[2023-01-19T04:10:23.156+0000] {processor.py:178} INFO - Processing /opt/airflow/dags/functions/process_tensor_to_dataloader.py took 1.636 seconds
[2023-01-19T04:10:54.018+0000] {processor.py:156} INFO - Started process (PID=3909) to work on /opt/airflow/dags/functions/process_tensor_to_dataloader.py
[2023-01-19T04:10:54.019+0000] {processor.py:758} INFO - Processing file /opt/airflow/dags/functions/process_tensor_to_dataloader.py for tasks to queue
[2023-01-19T04:10:54.019+0000] {logging_mixin.py:117} INFO - [2023-01-19T04:10:54.019+0000] {dagbag.py:525} INFO - Filling up the DagBag from /opt/airflow/dags/functions/process_tensor_to_dataloader.py
[2023-01-19T04:10:55.582+0000] {processor.py:770} WARNING - No viable dags retrieved from /opt/airflow/dags/functions/process_tensor_to_dataloader.py
[2023-01-19T04:10:55.592+0000] {processor.py:178} INFO - Processing /opt/airflow/dags/functions/process_tensor_to_dataloader.py took 1.577 seconds
[2023-01-19T04:11:25.779+0000] {processor.py:156} INFO - Started process (PID=3962) to work on /opt/airflow/dags/functions/process_tensor_to_dataloader.py
[2023-01-19T04:11:25.780+0000] {processor.py:758} INFO - Processing file /opt/airflow/dags/functions/process_tensor_to_dataloader.py for tasks to queue
[2023-01-19T04:11:25.780+0000] {logging_mixin.py:117} INFO - [2023-01-19T04:11:25.780+0000] {dagbag.py:525} INFO - Filling up the DagBag from /opt/airflow/dags/functions/process_tensor_to_dataloader.py
[2023-01-19T04:11:27.328+0000] {processor.py:770} WARNING - No viable dags retrieved from /opt/airflow/dags/functions/process_tensor_to_dataloader.py
[2023-01-19T04:11:27.338+0000] {processor.py:178} INFO - Processing /opt/airflow/dags/functions/process_tensor_to_dataloader.py took 1.562 seconds
[2023-01-19T04:11:57.927+0000] {processor.py:156} INFO - Started process (PID=4019) to work on /opt/airflow/dags/functions/process_tensor_to_dataloader.py
[2023-01-19T04:11:57.927+0000] {processor.py:758} INFO - Processing file /opt/airflow/dags/functions/process_tensor_to_dataloader.py for tasks to queue
[2023-01-19T04:11:57.928+0000] {logging_mixin.py:117} INFO - [2023-01-19T04:11:57.928+0000] {dagbag.py:525} INFO - Filling up the DagBag from /opt/airflow/dags/functions/process_tensor_to_dataloader.py
[2023-01-19T04:11:59.396+0000] {processor.py:770} WARNING - No viable dags retrieved from /opt/airflow/dags/functions/process_tensor_to_dataloader.py
[2023-01-19T04:11:59.407+0000] {processor.py:178} INFO - Processing /opt/airflow/dags/functions/process_tensor_to_dataloader.py took 1.483 seconds
[2023-01-19T04:12:29.476+0000] {processor.py:156} INFO - Started process (PID=4076) to work on /opt/airflow/dags/functions/process_tensor_to_dataloader.py
[2023-01-19T04:12:29.477+0000] {processor.py:758} INFO - Processing file /opt/airflow/dags/functions/process_tensor_to_dataloader.py for tasks to queue
[2023-01-19T04:12:29.477+0000] {logging_mixin.py:117} INFO - [2023-01-19T04:12:29.477+0000] {dagbag.py:525} INFO - Filling up the DagBag from /opt/airflow/dags/functions/process_tensor_to_dataloader.py
[2023-01-19T04:12:30.905+0000] {processor.py:770} WARNING - No viable dags retrieved from /opt/airflow/dags/functions/process_tensor_to_dataloader.py
[2023-01-19T04:12:30.916+0000] {processor.py:178} INFO - Processing /opt/airflow/dags/functions/process_tensor_to_dataloader.py took 1.442 seconds
[2023-01-19T04:13:00.966+0000] {processor.py:156} INFO - Started process (PID=4134) to work on /opt/airflow/dags/functions/process_tensor_to_dataloader.py
[2023-01-19T04:13:00.967+0000] {processor.py:758} INFO - Processing file /opt/airflow/dags/functions/process_tensor_to_dataloader.py for tasks to queue
[2023-01-19T04:13:00.967+0000] {logging_mixin.py:117} INFO - [2023-01-19T04:13:00.967+0000] {dagbag.py:525} INFO - Filling up the DagBag from /opt/airflow/dags/functions/process_tensor_to_dataloader.py
[2023-01-19T04:13:02.418+0000] {processor.py:770} WARNING - No viable dags retrieved from /opt/airflow/dags/functions/process_tensor_to_dataloader.py
[2023-01-19T04:13:02.427+0000] {processor.py:178} INFO - Processing /opt/airflow/dags/functions/process_tensor_to_dataloader.py took 1.464 seconds
[2023-01-19T04:13:32.764+0000] {processor.py:156} INFO - Started process (PID=4192) to work on /opt/airflow/dags/functions/process_tensor_to_dataloader.py
[2023-01-19T04:13:32.765+0000] {processor.py:758} INFO - Processing file /opt/airflow/dags/functions/process_tensor_to_dataloader.py for tasks to queue
[2023-01-19T04:13:32.766+0000] {logging_mixin.py:117} INFO - [2023-01-19T04:13:32.766+0000] {dagbag.py:525} INFO - Filling up the DagBag from /opt/airflow/dags/functions/process_tensor_to_dataloader.py
[2023-01-19T04:13:34.198+0000] {processor.py:770} WARNING - No viable dags retrieved from /opt/airflow/dags/functions/process_tensor_to_dataloader.py
[2023-01-19T04:13:34.207+0000] {processor.py:178} INFO - Processing /opt/airflow/dags/functions/process_tensor_to_dataloader.py took 1.446 seconds
[2023-01-19T04:14:04.867+0000] {processor.py:156} INFO - Started process (PID=4250) to work on /opt/airflow/dags/functions/process_tensor_to_dataloader.py
[2023-01-19T04:14:04.867+0000] {processor.py:758} INFO - Processing file /opt/airflow/dags/functions/process_tensor_to_dataloader.py for tasks to queue
[2023-01-19T04:14:04.868+0000] {logging_mixin.py:117} INFO - [2023-01-19T04:14:04.868+0000] {dagbag.py:525} INFO - Filling up the DagBag from /opt/airflow/dags/functions/process_tensor_to_dataloader.py
[2023-01-19T04:14:06.272+0000] {processor.py:770} WARNING - No viable dags retrieved from /opt/airflow/dags/functions/process_tensor_to_dataloader.py
[2023-01-19T04:14:06.281+0000] {processor.py:178} INFO - Processing /opt/airflow/dags/functions/process_tensor_to_dataloader.py took 1.417 seconds
[2023-01-19T04:14:37.145+0000] {processor.py:156} INFO - Started process (PID=4308) to work on /opt/airflow/dags/functions/process_tensor_to_dataloader.py
[2023-01-19T04:14:37.146+0000] {processor.py:758} INFO - Processing file /opt/airflow/dags/functions/process_tensor_to_dataloader.py for tasks to queue
[2023-01-19T04:14:37.146+0000] {logging_mixin.py:117} INFO - [2023-01-19T04:14:37.146+0000] {dagbag.py:525} INFO - Filling up the DagBag from /opt/airflow/dags/functions/process_tensor_to_dataloader.py
[2023-01-19T04:14:38.691+0000] {processor.py:770} WARNING - No viable dags retrieved from /opt/airflow/dags/functions/process_tensor_to_dataloader.py
[2023-01-19T04:14:38.701+0000] {processor.py:178} INFO - Processing /opt/airflow/dags/functions/process_tensor_to_dataloader.py took 1.559 seconds
[2023-01-19T04:15:08.747+0000] {processor.py:156} INFO - Started process (PID=4366) to work on /opt/airflow/dags/functions/process_tensor_to_dataloader.py
[2023-01-19T04:15:08.748+0000] {processor.py:758} INFO - Processing file /opt/airflow/dags/functions/process_tensor_to_dataloader.py for tasks to queue
[2023-01-19T04:15:08.749+0000] {logging_mixin.py:117} INFO - [2023-01-19T04:15:08.749+0000] {dagbag.py:525} INFO - Filling up the DagBag from /opt/airflow/dags/functions/process_tensor_to_dataloader.py
[2023-01-19T04:15:10.244+0000] {processor.py:770} WARNING - No viable dags retrieved from /opt/airflow/dags/functions/process_tensor_to_dataloader.py
[2023-01-19T04:15:10.257+0000] {processor.py:178} INFO - Processing /opt/airflow/dags/functions/process_tensor_to_dataloader.py took 1.514 seconds
[2023-01-19T04:15:41.124+0000] {processor.py:156} INFO - Started process (PID=4421) to work on /opt/airflow/dags/functions/process_tensor_to_dataloader.py
[2023-01-19T04:15:41.125+0000] {processor.py:758} INFO - Processing file /opt/airflow/dags/functions/process_tensor_to_dataloader.py for tasks to queue
[2023-01-19T04:15:41.125+0000] {logging_mixin.py:117} INFO - [2023-01-19T04:15:41.125+0000] {dagbag.py:525} INFO - Filling up the DagBag from /opt/airflow/dags/functions/process_tensor_to_dataloader.py
[2023-01-19T04:15:42.663+0000] {processor.py:770} WARNING - No viable dags retrieved from /opt/airflow/dags/functions/process_tensor_to_dataloader.py
[2023-01-19T04:15:42.672+0000] {processor.py:178} INFO - Processing /opt/airflow/dags/functions/process_tensor_to_dataloader.py took 1.551 seconds
[2023-01-19T04:16:13.494+0000] {processor.py:156} INFO - Started process (PID=4479) to work on /opt/airflow/dags/functions/process_tensor_to_dataloader.py
[2023-01-19T04:16:13.494+0000] {processor.py:758} INFO - Processing file /opt/airflow/dags/functions/process_tensor_to_dataloader.py for tasks to queue
[2023-01-19T04:16:13.495+0000] {logging_mixin.py:117} INFO - [2023-01-19T04:16:13.495+0000] {dagbag.py:525} INFO - Filling up the DagBag from /opt/airflow/dags/functions/process_tensor_to_dataloader.py
[2023-01-19T04:16:14.999+0000] {processor.py:770} WARNING - No viable dags retrieved from /opt/airflow/dags/functions/process_tensor_to_dataloader.py
[2023-01-19T04:16:15.008+0000] {processor.py:178} INFO - Processing /opt/airflow/dags/functions/process_tensor_to_dataloader.py took 1.517 seconds
[2023-01-19T04:16:45.945+0000] {processor.py:156} INFO - Started process (PID=4537) to work on /opt/airflow/dags/functions/process_tensor_to_dataloader.py
[2023-01-19T04:16:45.947+0000] {processor.py:758} INFO - Processing file /opt/airflow/dags/functions/process_tensor_to_dataloader.py for tasks to queue
[2023-01-19T04:16:45.947+0000] {logging_mixin.py:117} INFO - [2023-01-19T04:16:45.947+0000] {dagbag.py:525} INFO - Filling up the DagBag from /opt/airflow/dags/functions/process_tensor_to_dataloader.py
[2023-01-19T04:16:47.461+0000] {processor.py:770} WARNING - No viable dags retrieved from /opt/airflow/dags/functions/process_tensor_to_dataloader.py
[2023-01-19T04:16:47.470+0000] {processor.py:178} INFO - Processing /opt/airflow/dags/functions/process_tensor_to_dataloader.py took 1.528 seconds
[2023-01-19T04:17:18.254+0000] {processor.py:156} INFO - Started process (PID=4595) to work on /opt/airflow/dags/functions/process_tensor_to_dataloader.py
[2023-01-19T04:17:18.255+0000] {processor.py:758} INFO - Processing file /opt/airflow/dags/functions/process_tensor_to_dataloader.py for tasks to queue
[2023-01-19T04:17:18.256+0000] {logging_mixin.py:117} INFO - [2023-01-19T04:17:18.256+0000] {dagbag.py:525} INFO - Filling up the DagBag from /opt/airflow/dags/functions/process_tensor_to_dataloader.py
[2023-01-19T04:17:19.783+0000] {processor.py:770} WARNING - No viable dags retrieved from /opt/airflow/dags/functions/process_tensor_to_dataloader.py
[2023-01-19T04:17:19.792+0000] {processor.py:178} INFO - Processing /opt/airflow/dags/functions/process_tensor_to_dataloader.py took 1.542 seconds
[2023-01-19T04:17:50.728+0000] {processor.py:156} INFO - Started process (PID=4652) to work on /opt/airflow/dags/functions/process_tensor_to_dataloader.py
[2023-01-19T04:17:50.728+0000] {processor.py:758} INFO - Processing file /opt/airflow/dags/functions/process_tensor_to_dataloader.py for tasks to queue
[2023-01-19T04:17:50.729+0000] {logging_mixin.py:117} INFO - [2023-01-19T04:17:50.729+0000] {dagbag.py:525} INFO - Filling up the DagBag from /opt/airflow/dags/functions/process_tensor_to_dataloader.py
[2023-01-19T04:17:52.228+0000] {processor.py:770} WARNING - No viable dags retrieved from /opt/airflow/dags/functions/process_tensor_to_dataloader.py
[2023-01-19T04:17:52.238+0000] {processor.py:178} INFO - Processing /opt/airflow/dags/functions/process_tensor_to_dataloader.py took 1.513 seconds
[2023-01-19T04:18:23.254+0000] {processor.py:156} INFO - Started process (PID=4710) to work on /opt/airflow/dags/functions/process_tensor_to_dataloader.py
[2023-01-19T04:18:23.255+0000] {processor.py:758} INFO - Processing file /opt/airflow/dags/functions/process_tensor_to_dataloader.py for tasks to queue
[2023-01-19T04:18:23.255+0000] {logging_mixin.py:117} INFO - [2023-01-19T04:18:23.255+0000] {dagbag.py:525} INFO - Filling up the DagBag from /opt/airflow/dags/functions/process_tensor_to_dataloader.py
[2023-01-19T04:18:24.795+0000] {processor.py:770} WARNING - No viable dags retrieved from /opt/airflow/dags/functions/process_tensor_to_dataloader.py
[2023-01-19T04:18:24.805+0000] {processor.py:178} INFO - Processing /opt/airflow/dags/functions/process_tensor_to_dataloader.py took 1.554 seconds
[2023-01-19T04:18:55.553+0000] {processor.py:156} INFO - Started process (PID=4769) to work on /opt/airflow/dags/functions/process_tensor_to_dataloader.py
[2023-01-19T04:18:55.555+0000] {processor.py:758} INFO - Processing file /opt/airflow/dags/functions/process_tensor_to_dataloader.py for tasks to queue
[2023-01-19T04:18:55.555+0000] {logging_mixin.py:117} INFO - [2023-01-19T04:18:55.555+0000] {dagbag.py:525} INFO - Filling up the DagBag from /opt/airflow/dags/functions/process_tensor_to_dataloader.py
[2023-01-19T04:18:57.031+0000] {processor.py:770} WARNING - No viable dags retrieved from /opt/airflow/dags/functions/process_tensor_to_dataloader.py
[2023-01-19T04:18:57.041+0000] {processor.py:178} INFO - Processing /opt/airflow/dags/functions/process_tensor_to_dataloader.py took 1.491 seconds
[2023-01-19T04:19:27.339+0000] {processor.py:156} INFO - Started process (PID=4823) to work on /opt/airflow/dags/functions/process_tensor_to_dataloader.py
[2023-01-19T04:19:27.340+0000] {processor.py:758} INFO - Processing file /opt/airflow/dags/functions/process_tensor_to_dataloader.py for tasks to queue
[2023-01-19T04:19:27.340+0000] {logging_mixin.py:117} INFO - [2023-01-19T04:19:27.340+0000] {dagbag.py:525} INFO - Filling up the DagBag from /opt/airflow/dags/functions/process_tensor_to_dataloader.py
[2023-01-19T04:19:28.890+0000] {processor.py:770} WARNING - No viable dags retrieved from /opt/airflow/dags/functions/process_tensor_to_dataloader.py
[2023-01-19T04:19:28.901+0000] {processor.py:178} INFO - Processing /opt/airflow/dags/functions/process_tensor_to_dataloader.py took 1.565 seconds
