[2022-11-04T06:46:13.063+0000] {processor.py:156} INFO - Started process (PID=50) to work on /opt/airflow/dags/link_rec_airflow.py
[2022-11-04T06:46:13.064+0000] {processor.py:758} INFO - Processing file /opt/airflow/dags/link_rec_airflow.py for tasks to queue
[2022-11-04T06:46:13.064+0000] {logging_mixin.py:117} INFO - [2022-11-04T06:46:13.064+0000] {dagbag.py:525} INFO - Filling up the DagBag from /opt/airflow/dags/link_rec_airflow.py
[2022-11-04T06:46:18.284+0000] {processor.py:768} INFO - DAG(s) dict_keys(['link_rec_airflow']) retrieved from /opt/airflow/dags/link_rec_airflow.py
[2022-11-04T06:46:18.601+0000] {logging_mixin.py:117} INFO - [2022-11-04T06:46:18.600+0000] {manager.py:508} INFO - Created Permission View: can edit on DAG:link_rec_airflow
[2022-11-04T06:46:18.615+0000] {logging_mixin.py:117} INFO - [2022-11-04T06:46:18.615+0000] {manager.py:508} INFO - Created Permission View: can read on DAG:link_rec_airflow
[2022-11-04T06:46:18.627+0000] {logging_mixin.py:117} INFO - [2022-11-04T06:46:18.626+0000] {manager.py:508} INFO - Created Permission View: can delete on DAG:link_rec_airflow
[2022-11-04T06:46:18.627+0000] {logging_mixin.py:117} INFO - [2022-11-04T06:46:18.627+0000] {dag.py:2573} INFO - Sync 1 DAGs
[2022-11-04T06:46:18.643+0000] {logging_mixin.py:117} INFO - [2022-11-04T06:46:18.642+0000] {dag.py:2594} INFO - Creating ORM DAG for link_rec_airflow
[2022-11-04T06:46:18.662+0000] {logging_mixin.py:117} INFO - [2022-11-04T06:46:18.661+0000] {dag.py:3324} INFO - Setting next_dagrun for link_rec_airflow to 2022-11-04T06:00:00+00:00, run_after=2022-11-04T06:25:00+00:00
[2022-11-04T06:46:18.688+0000] {processor.py:178} INFO - Processing /opt/airflow/dags/link_rec_airflow.py took 5.629 seconds
[2022-11-04T06:46:49.252+0000] {processor.py:156} INFO - Started process (PID=247) to work on /opt/airflow/dags/link_rec_airflow.py
[2022-11-04T06:46:49.254+0000] {processor.py:758} INFO - Processing file /opt/airflow/dags/link_rec_airflow.py for tasks to queue
[2022-11-04T06:46:49.255+0000] {logging_mixin.py:117} INFO - [2022-11-04T06:46:49.255+0000] {dagbag.py:525} INFO - Filling up the DagBag from /opt/airflow/dags/link_rec_airflow.py
[2022-11-04T06:46:52.509+0000] {processor.py:768} INFO - DAG(s) dict_keys(['link_rec_airflow']) retrieved from /opt/airflow/dags/link_rec_airflow.py
[2022-11-04T06:46:52.553+0000] {logging_mixin.py:117} INFO - [2022-11-04T06:46:52.552+0000] {dag.py:2573} INFO - Sync 1 DAGs
[2022-11-04T06:46:52.582+0000] {logging_mixin.py:117} INFO - [2022-11-04T06:46:52.582+0000] {dag.py:3324} INFO - Setting next_dagrun for link_rec_airflow to 2022-11-04T06:00:00+00:00, run_after=2022-11-04T06:25:00+00:00
[2022-11-04T06:46:52.626+0000] {processor.py:178} INFO - Processing /opt/airflow/dags/link_rec_airflow.py took 3.381 seconds
[2022-11-04T06:47:23.062+0000] {processor.py:156} INFO - Started process (PID=444) to work on /opt/airflow/dags/link_rec_airflow.py
[2022-11-04T06:47:23.065+0000] {processor.py:758} INFO - Processing file /opt/airflow/dags/link_rec_airflow.py for tasks to queue
[2022-11-04T06:47:23.066+0000] {logging_mixin.py:117} INFO - [2022-11-04T06:47:23.066+0000] {dagbag.py:525} INFO - Filling up the DagBag from /opt/airflow/dags/link_rec_airflow.py
[2022-11-04T06:47:26.309+0000] {processor.py:768} INFO - DAG(s) dict_keys(['link_rec_airflow']) retrieved from /opt/airflow/dags/link_rec_airflow.py
[2022-11-04T06:47:26.351+0000] {logging_mixin.py:117} INFO - [2022-11-04T06:47:26.350+0000] {dag.py:2573} INFO - Sync 1 DAGs
[2022-11-04T06:47:26.381+0000] {logging_mixin.py:117} INFO - [2022-11-04T06:47:26.381+0000] {dag.py:3324} INFO - Setting next_dagrun for link_rec_airflow to 2022-11-04T06:00:00+00:00, run_after=2022-11-04T06:25:00+00:00
[2022-11-04T06:47:26.416+0000] {processor.py:178} INFO - Processing /opt/airflow/dags/link_rec_airflow.py took 3.359 seconds
[2022-11-04T06:47:56.827+0000] {processor.py:156} INFO - Started process (PID=641) to work on /opt/airflow/dags/link_rec_airflow.py
[2022-11-04T06:47:56.828+0000] {processor.py:758} INFO - Processing file /opt/airflow/dags/link_rec_airflow.py for tasks to queue
[2022-11-04T06:47:56.829+0000] {logging_mixin.py:117} INFO - [2022-11-04T06:47:56.828+0000] {dagbag.py:525} INFO - Filling up the DagBag from /opt/airflow/dags/link_rec_airflow.py
[2022-11-04T06:48:00.146+0000] {processor.py:768} INFO - DAG(s) dict_keys(['link_rec_airflow']) retrieved from /opt/airflow/dags/link_rec_airflow.py
[2022-11-04T06:48:00.195+0000] {logging_mixin.py:117} INFO - [2022-11-04T06:48:00.194+0000] {dag.py:2573} INFO - Sync 1 DAGs
[2022-11-04T06:48:00.226+0000] {logging_mixin.py:117} INFO - [2022-11-04T06:48:00.226+0000] {dag.py:3324} INFO - Setting next_dagrun for link_rec_airflow to 2022-11-04T06:00:00+00:00, run_after=2022-11-04T06:25:00+00:00
[2022-11-04T06:48:00.261+0000] {processor.py:178} INFO - Processing /opt/airflow/dags/link_rec_airflow.py took 3.438 seconds
[2022-11-04T06:48:30.768+0000] {processor.py:156} INFO - Started process (PID=838) to work on /opt/airflow/dags/link_rec_airflow.py
[2022-11-04T06:48:30.772+0000] {processor.py:758} INFO - Processing file /opt/airflow/dags/link_rec_airflow.py for tasks to queue
[2022-11-04T06:48:30.772+0000] {logging_mixin.py:117} INFO - [2022-11-04T06:48:30.772+0000] {dagbag.py:525} INFO - Filling up the DagBag from /opt/airflow/dags/link_rec_airflow.py
[2022-11-04T06:48:34.068+0000] {processor.py:768} INFO - DAG(s) dict_keys(['link_rec_airflow']) retrieved from /opt/airflow/dags/link_rec_airflow.py
[2022-11-04T06:48:34.109+0000] {logging_mixin.py:117} INFO - [2022-11-04T06:48:34.108+0000] {dag.py:2573} INFO - Sync 1 DAGs
[2022-11-04T06:48:34.139+0000] {logging_mixin.py:117} INFO - [2022-11-04T06:48:34.139+0000] {dag.py:3324} INFO - Setting next_dagrun for link_rec_airflow to 2022-11-04T06:00:00+00:00, run_after=2022-11-04T06:25:00+00:00
[2022-11-04T06:48:34.165+0000] {processor.py:178} INFO - Processing /opt/airflow/dags/link_rec_airflow.py took 3.401 seconds
[2022-11-04T06:49:04.416+0000] {processor.py:156} INFO - Started process (PID=1035) to work on /opt/airflow/dags/link_rec_airflow.py
[2022-11-04T06:49:04.420+0000] {processor.py:758} INFO - Processing file /opt/airflow/dags/link_rec_airflow.py for tasks to queue
[2022-11-04T06:49:04.421+0000] {logging_mixin.py:117} INFO - [2022-11-04T06:49:04.421+0000] {dagbag.py:525} INFO - Filling up the DagBag from /opt/airflow/dags/link_rec_airflow.py
[2022-11-04T06:49:07.795+0000] {processor.py:768} INFO - DAG(s) dict_keys(['link_rec_airflow']) retrieved from /opt/airflow/dags/link_rec_airflow.py
[2022-11-04T06:49:07.838+0000] {logging_mixin.py:117} INFO - [2022-11-04T06:49:07.836+0000] {dag.py:2573} INFO - Sync 1 DAGs
[2022-11-04T06:49:07.868+0000] {logging_mixin.py:117} INFO - [2022-11-04T06:49:07.868+0000] {dag.py:3324} INFO - Setting next_dagrun for link_rec_airflow to 2022-11-04T06:00:00+00:00, run_after=2022-11-04T06:25:00+00:00
[2022-11-04T06:49:07.894+0000] {processor.py:178} INFO - Processing /opt/airflow/dags/link_rec_airflow.py took 3.482 seconds
[2022-11-04T06:49:37.951+0000] {processor.py:156} INFO - Started process (PID=1232) to work on /opt/airflow/dags/link_rec_airflow.py
[2022-11-04T06:49:37.957+0000] {processor.py:758} INFO - Processing file /opt/airflow/dags/link_rec_airflow.py for tasks to queue
[2022-11-04T06:49:37.957+0000] {logging_mixin.py:117} INFO - [2022-11-04T06:49:37.957+0000] {dagbag.py:525} INFO - Filling up the DagBag from /opt/airflow/dags/link_rec_airflow.py
[2022-11-04T06:49:41.499+0000] {processor.py:768} INFO - DAG(s) dict_keys(['link_rec_airflow']) retrieved from /opt/airflow/dags/link_rec_airflow.py
[2022-11-04T06:49:41.551+0000] {logging_mixin.py:117} INFO - [2022-11-04T06:49:41.551+0000] {dag.py:2573} INFO - Sync 1 DAGs
[2022-11-04T06:49:41.588+0000] {logging_mixin.py:117} INFO - [2022-11-04T06:49:41.587+0000] {dag.py:3324} INFO - Setting next_dagrun for link_rec_airflow to 2022-11-04T06:00:00+00:00, run_after=2022-11-04T06:25:00+00:00
[2022-11-04T06:49:41.642+0000] {processor.py:178} INFO - Processing /opt/airflow/dags/link_rec_airflow.py took 3.694 seconds
[2022-11-04T06:50:11.809+0000] {processor.py:156} INFO - Started process (PID=1429) to work on /opt/airflow/dags/link_rec_airflow.py
[2022-11-04T06:50:11.813+0000] {processor.py:758} INFO - Processing file /opt/airflow/dags/link_rec_airflow.py for tasks to queue
[2022-11-04T06:50:11.814+0000] {logging_mixin.py:117} INFO - [2022-11-04T06:50:11.813+0000] {dagbag.py:525} INFO - Filling up the DagBag from /opt/airflow/dags/link_rec_airflow.py
[2022-11-04T06:50:15.326+0000] {processor.py:768} INFO - DAG(s) dict_keys(['link_rec_airflow']) retrieved from /opt/airflow/dags/link_rec_airflow.py
[2022-11-04T06:50:15.387+0000] {logging_mixin.py:117} INFO - [2022-11-04T06:50:15.386+0000] {dag.py:2573} INFO - Sync 1 DAGs
[2022-11-04T06:50:15.440+0000] {logging_mixin.py:117} INFO - [2022-11-04T06:50:15.440+0000] {dag.py:3324} INFO - Setting next_dagrun for link_rec_airflow to 2022-11-04T06:25:00+00:00, run_after=2022-11-04T06:50:00+00:00
[2022-11-04T06:50:15.485+0000] {processor.py:178} INFO - Processing /opt/airflow/dags/link_rec_airflow.py took 3.680 seconds
[2022-11-04T06:50:46.497+0000] {processor.py:156} INFO - Started process (PID=1627) to work on /opt/airflow/dags/link_rec_airflow.py
[2022-11-04T06:50:46.508+0000] {processor.py:758} INFO - Processing file /opt/airflow/dags/link_rec_airflow.py for tasks to queue
[2022-11-04T06:50:46.509+0000] {logging_mixin.py:117} INFO - [2022-11-04T06:50:46.509+0000] {dagbag.py:525} INFO - Filling up the DagBag from /opt/airflow/dags/link_rec_airflow.py
[2022-11-04T06:50:49.782+0000] {processor.py:768} INFO - DAG(s) dict_keys(['link_rec_airflow']) retrieved from /opt/airflow/dags/link_rec_airflow.py
[2022-11-04T06:50:49.822+0000] {logging_mixin.py:117} INFO - [2022-11-04T06:50:49.821+0000] {dag.py:2573} INFO - Sync 1 DAGs
[2022-11-04T06:50:49.852+0000] {logging_mixin.py:117} INFO - [2022-11-04T06:50:49.852+0000] {dag.py:3324} INFO - Setting next_dagrun for link_rec_airflow to 2022-11-04T06:25:00+00:00, run_after=2022-11-04T06:50:00+00:00
[2022-11-04T06:50:49.890+0000] {processor.py:178} INFO - Processing /opt/airflow/dags/link_rec_airflow.py took 3.400 seconds
[2022-11-04T06:51:20.004+0000] {processor.py:156} INFO - Started process (PID=1824) to work on /opt/airflow/dags/link_rec_airflow.py
[2022-11-04T06:51:20.015+0000] {processor.py:758} INFO - Processing file /opt/airflow/dags/link_rec_airflow.py for tasks to queue
[2022-11-04T06:51:20.016+0000] {logging_mixin.py:117} INFO - [2022-11-04T06:51:20.016+0000] {dagbag.py:525} INFO - Filling up the DagBag from /opt/airflow/dags/link_rec_airflow.py
[2022-11-04T06:51:23.434+0000] {processor.py:768} INFO - DAG(s) dict_keys(['link_rec_airflow']) retrieved from /opt/airflow/dags/link_rec_airflow.py
[2022-11-04T06:51:23.495+0000] {logging_mixin.py:117} INFO - [2022-11-04T06:51:23.494+0000] {dag.py:2573} INFO - Sync 1 DAGs
[2022-11-04T06:51:23.538+0000] {logging_mixin.py:117} INFO - [2022-11-04T06:51:23.538+0000] {dag.py:3324} INFO - Setting next_dagrun for link_rec_airflow to 2022-11-04T06:25:00+00:00, run_after=2022-11-04T06:50:00+00:00
[2022-11-04T06:51:23.565+0000] {processor.py:178} INFO - Processing /opt/airflow/dags/link_rec_airflow.py took 3.566 seconds
[2022-11-04T06:51:53.806+0000] {processor.py:156} INFO - Started process (PID=2021) to work on /opt/airflow/dags/link_rec_airflow.py
[2022-11-04T06:51:53.816+0000] {processor.py:758} INFO - Processing file /opt/airflow/dags/link_rec_airflow.py for tasks to queue
[2022-11-04T06:51:53.817+0000] {logging_mixin.py:117} INFO - [2022-11-04T06:51:53.817+0000] {dagbag.py:525} INFO - Filling up the DagBag from /opt/airflow/dags/link_rec_airflow.py
[2022-11-04T06:51:57.244+0000] {processor.py:768} INFO - DAG(s) dict_keys(['link_rec_airflow']) retrieved from /opt/airflow/dags/link_rec_airflow.py
[2022-11-04T06:51:57.288+0000] {logging_mixin.py:117} INFO - [2022-11-04T06:51:57.287+0000] {dag.py:2573} INFO - Sync 1 DAGs
[2022-11-04T06:51:57.319+0000] {logging_mixin.py:117} INFO - [2022-11-04T06:51:57.319+0000] {dag.py:3324} INFO - Setting next_dagrun for link_rec_airflow to 2022-11-04T06:25:00+00:00, run_after=2022-11-04T06:50:00+00:00
[2022-11-04T06:51:57.344+0000] {processor.py:178} INFO - Processing /opt/airflow/dags/link_rec_airflow.py took 3.545 seconds
[2022-11-04T06:52:28.044+0000] {processor.py:156} INFO - Started process (PID=2218) to work on /opt/airflow/dags/link_rec_airflow.py
[2022-11-04T06:52:28.054+0000] {processor.py:758} INFO - Processing file /opt/airflow/dags/link_rec_airflow.py for tasks to queue
[2022-11-04T06:52:28.055+0000] {logging_mixin.py:117} INFO - [2022-11-04T06:52:28.055+0000] {dagbag.py:525} INFO - Filling up the DagBag from /opt/airflow/dags/link_rec_airflow.py
[2022-11-04T06:52:31.474+0000] {processor.py:768} INFO - DAG(s) dict_keys(['link_rec_airflow']) retrieved from /opt/airflow/dags/link_rec_airflow.py
[2022-11-04T06:52:31.517+0000] {logging_mixin.py:117} INFO - [2022-11-04T06:52:31.517+0000] {dag.py:2573} INFO - Sync 1 DAGs
[2022-11-04T06:52:31.547+0000] {logging_mixin.py:117} INFO - [2022-11-04T06:52:31.547+0000] {dag.py:3324} INFO - Setting next_dagrun for link_rec_airflow to 2022-11-04T06:25:00+00:00, run_after=2022-11-04T06:50:00+00:00
[2022-11-04T06:52:31.581+0000] {processor.py:178} INFO - Processing /opt/airflow/dags/link_rec_airflow.py took 3.542 seconds
[2022-11-04T06:53:01.785+0000] {processor.py:156} INFO - Started process (PID=2434) to work on /opt/airflow/dags/link_rec_airflow.py
[2022-11-04T06:53:01.795+0000] {processor.py:758} INFO - Processing file /opt/airflow/dags/link_rec_airflow.py for tasks to queue
[2022-11-04T06:53:01.796+0000] {logging_mixin.py:117} INFO - [2022-11-04T06:53:01.796+0000] {dagbag.py:525} INFO - Filling up the DagBag from /opt/airflow/dags/link_rec_airflow.py
[2022-11-04T06:53:05.227+0000] {processor.py:768} INFO - DAG(s) dict_keys(['link_rec_airflow']) retrieved from /opt/airflow/dags/link_rec_airflow.py
[2022-11-04T06:53:05.281+0000] {logging_mixin.py:117} INFO - [2022-11-04T06:53:05.280+0000] {dag.py:2573} INFO - Sync 1 DAGs
[2022-11-04T06:53:05.332+0000] {logging_mixin.py:117} INFO - [2022-11-04T06:53:05.331+0000] {dag.py:3324} INFO - Setting next_dagrun for link_rec_airflow to 2022-11-04T06:25:00+00:00, run_after=2022-11-04T06:50:00+00:00
[2022-11-04T06:53:05.377+0000] {processor.py:178} INFO - Processing /opt/airflow/dags/link_rec_airflow.py took 3.607 seconds
[2022-11-04T06:53:35.702+0000] {processor.py:156} INFO - Started process (PID=2631) to work on /opt/airflow/dags/link_rec_airflow.py
[2022-11-04T06:53:35.712+0000] {processor.py:758} INFO - Processing file /opt/airflow/dags/link_rec_airflow.py for tasks to queue
[2022-11-04T06:53:35.712+0000] {logging_mixin.py:117} INFO - [2022-11-04T06:53:35.712+0000] {dagbag.py:525} INFO - Filling up the DagBag from /opt/airflow/dags/link_rec_airflow.py
[2022-11-04T06:53:39.081+0000] {processor.py:768} INFO - DAG(s) dict_keys(['link_rec_airflow']) retrieved from /opt/airflow/dags/link_rec_airflow.py
[2022-11-04T06:53:39.154+0000] {logging_mixin.py:117} INFO - [2022-11-04T06:53:39.153+0000] {dag.py:2573} INFO - Sync 1 DAGs
[2022-11-04T06:53:39.210+0000] {logging_mixin.py:117} INFO - [2022-11-04T06:53:39.206+0000] {dag.py:3324} INFO - Setting next_dagrun for link_rec_airflow to 2022-11-04T06:25:00+00:00, run_after=2022-11-04T06:50:00+00:00
[2022-11-04T06:53:39.255+0000] {processor.py:178} INFO - Processing /opt/airflow/dags/link_rec_airflow.py took 3.556 seconds
[2022-11-04T06:54:09.851+0000] {processor.py:156} INFO - Started process (PID=2828) to work on /opt/airflow/dags/link_rec_airflow.py
[2022-11-04T06:54:09.862+0000] {processor.py:758} INFO - Processing file /opt/airflow/dags/link_rec_airflow.py for tasks to queue
[2022-11-04T06:54:09.863+0000] {logging_mixin.py:117} INFO - [2022-11-04T06:54:09.863+0000] {dagbag.py:525} INFO - Filling up the DagBag from /opt/airflow/dags/link_rec_airflow.py
[2022-11-04T06:54:13.304+0000] {processor.py:768} INFO - DAG(s) dict_keys(['link_rec_airflow']) retrieved from /opt/airflow/dags/link_rec_airflow.py
[2022-11-04T06:54:13.348+0000] {logging_mixin.py:117} INFO - [2022-11-04T06:54:13.347+0000] {dag.py:2573} INFO - Sync 1 DAGs
[2022-11-04T06:54:13.380+0000] {logging_mixin.py:117} INFO - [2022-11-04T06:54:13.379+0000] {dag.py:3324} INFO - Setting next_dagrun for link_rec_airflow to 2022-11-04T06:25:00+00:00, run_after=2022-11-04T06:50:00+00:00
[2022-11-04T06:54:13.415+0000] {processor.py:178} INFO - Processing /opt/airflow/dags/link_rec_airflow.py took 3.570 seconds
[2022-11-04T06:54:43.774+0000] {processor.py:156} INFO - Started process (PID=3026) to work on /opt/airflow/dags/link_rec_airflow.py
[2022-11-04T06:54:43.778+0000] {processor.py:758} INFO - Processing file /opt/airflow/dags/link_rec_airflow.py for tasks to queue
[2022-11-04T06:54:43.779+0000] {logging_mixin.py:117} INFO - [2022-11-04T06:54:43.779+0000] {dagbag.py:525} INFO - Filling up the DagBag from /opt/airflow/dags/link_rec_airflow.py
[2022-11-04T06:54:47.034+0000] {processor.py:768} INFO - DAG(s) dict_keys(['link_rec_airflow']) retrieved from /opt/airflow/dags/link_rec_airflow.py
[2022-11-04T06:54:47.079+0000] {logging_mixin.py:117} INFO - [2022-11-04T06:54:47.078+0000] {dag.py:2573} INFO - Sync 1 DAGs
[2022-11-04T06:54:47.115+0000] {logging_mixin.py:117} INFO - [2022-11-04T06:54:47.115+0000] {dag.py:3324} INFO - Setting next_dagrun for link_rec_airflow to 2022-11-04T06:25:00+00:00, run_after=2022-11-04T06:50:00+00:00
[2022-11-04T06:54:47.150+0000] {processor.py:178} INFO - Processing /opt/airflow/dags/link_rec_airflow.py took 3.385 seconds
[2022-11-04T06:55:18.112+0000] {processor.py:156} INFO - Started process (PID=3224) to work on /opt/airflow/dags/link_rec_airflow.py
[2022-11-04T06:55:18.122+0000] {processor.py:758} INFO - Processing file /opt/airflow/dags/link_rec_airflow.py for tasks to queue
[2022-11-04T06:55:18.123+0000] {logging_mixin.py:117} INFO - [2022-11-04T06:55:18.123+0000] {dagbag.py:525} INFO - Filling up the DagBag from /opt/airflow/dags/link_rec_airflow.py
[2022-11-04T06:55:21.096+0000] {processor.py:768} INFO - DAG(s) dict_keys(['link_rec_airflow']) retrieved from /opt/airflow/dags/link_rec_airflow.py
[2022-11-04T06:55:21.133+0000] {logging_mixin.py:117} INFO - [2022-11-04T06:55:21.133+0000] {dag.py:2573} INFO - Sync 1 DAGs
[2022-11-04T06:55:21.162+0000] {logging_mixin.py:117} INFO - [2022-11-04T06:55:21.162+0000] {dag.py:3324} INFO - Setting next_dagrun for link_rec_airflow to 2022-11-04T06:25:00+00:00, run_after=2022-11-04T06:50:00+00:00
[2022-11-04T06:55:21.188+0000] {processor.py:178} INFO - Processing /opt/airflow/dags/link_rec_airflow.py took 3.080 seconds
[2022-11-04T06:55:51.286+0000] {processor.py:156} INFO - Started process (PID=3402) to work on /opt/airflow/dags/link_rec_airflow.py
[2022-11-04T06:55:51.295+0000] {processor.py:758} INFO - Processing file /opt/airflow/dags/link_rec_airflow.py for tasks to queue
[2022-11-04T06:55:51.296+0000] {logging_mixin.py:117} INFO - [2022-11-04T06:55:51.296+0000] {dagbag.py:525} INFO - Filling up the DagBag from /opt/airflow/dags/link_rec_airflow.py
[2022-11-04T06:55:54.544+0000] {processor.py:768} INFO - DAG(s) dict_keys(['link_rec_airflow']) retrieved from /opt/airflow/dags/link_rec_airflow.py
[2022-11-04T06:55:54.612+0000] {logging_mixin.py:117} INFO - [2022-11-04T06:55:54.611+0000] {dag.py:2573} INFO - Sync 1 DAGs
[2022-11-04T06:55:54.652+0000] {logging_mixin.py:117} INFO - [2022-11-04T06:55:54.652+0000] {dag.py:3324} INFO - Setting next_dagrun for link_rec_airflow to 2022-11-04T06:25:00+00:00, run_after=2022-11-04T06:50:00+00:00
[2022-11-04T06:55:54.692+0000] {processor.py:178} INFO - Processing /opt/airflow/dags/link_rec_airflow.py took 3.411 seconds
[2022-11-04T06:56:24.872+0000] {processor.py:156} INFO - Started process (PID=3618) to work on /opt/airflow/dags/link_rec_airflow.py
[2022-11-04T06:56:24.883+0000] {processor.py:758} INFO - Processing file /opt/airflow/dags/link_rec_airflow.py for tasks to queue
[2022-11-04T06:56:24.884+0000] {logging_mixin.py:117} INFO - [2022-11-04T06:56:24.884+0000] {dagbag.py:525} INFO - Filling up the DagBag from /opt/airflow/dags/link_rec_airflow.py
[2022-11-04T06:56:28.067+0000] {processor.py:768} INFO - DAG(s) dict_keys(['link_rec_airflow']) retrieved from /opt/airflow/dags/link_rec_airflow.py
[2022-11-04T06:56:28.119+0000] {logging_mixin.py:117} INFO - [2022-11-04T06:56:28.118+0000] {dag.py:2573} INFO - Sync 1 DAGs
[2022-11-04T06:56:28.156+0000] {logging_mixin.py:117} INFO - [2022-11-04T06:56:28.156+0000] {dag.py:3324} INFO - Setting next_dagrun for link_rec_airflow to 2022-11-04T06:25:00+00:00, run_after=2022-11-04T06:50:00+00:00
[2022-11-04T06:56:28.188+0000] {processor.py:178} INFO - Processing /opt/airflow/dags/link_rec_airflow.py took 3.321 seconds
[2022-11-04T06:56:58.739+0000] {processor.py:156} INFO - Started process (PID=3815) to work on /opt/airflow/dags/link_rec_airflow.py
[2022-11-04T06:56:58.750+0000] {processor.py:758} INFO - Processing file /opt/airflow/dags/link_rec_airflow.py for tasks to queue
[2022-11-04T06:56:58.753+0000] {logging_mixin.py:117} INFO - [2022-11-04T06:56:58.753+0000] {dagbag.py:525} INFO - Filling up the DagBag from /opt/airflow/dags/link_rec_airflow.py
[2022-11-04T06:57:02.112+0000] {processor.py:768} INFO - DAG(s) dict_keys(['link_rec_airflow']) retrieved from /opt/airflow/dags/link_rec_airflow.py
[2022-11-04T06:57:02.184+0000] {logging_mixin.py:117} INFO - [2022-11-04T06:57:02.184+0000] {dag.py:2573} INFO - Sync 1 DAGs
[2022-11-04T06:57:02.248+0000] {logging_mixin.py:117} INFO - [2022-11-04T06:57:02.248+0000] {dag.py:3324} INFO - Setting next_dagrun for link_rec_airflow to 2022-11-04T06:25:00+00:00, run_after=2022-11-04T06:50:00+00:00
[2022-11-04T06:57:02.322+0000] {processor.py:178} INFO - Processing /opt/airflow/dags/link_rec_airflow.py took 3.587 seconds
[2022-11-04T06:57:32.959+0000] {processor.py:156} INFO - Started process (PID=3993) to work on /opt/airflow/dags/link_rec_airflow.py
[2022-11-04T06:57:32.969+0000] {processor.py:758} INFO - Processing file /opt/airflow/dags/link_rec_airflow.py for tasks to queue
[2022-11-04T06:57:32.971+0000] {logging_mixin.py:117} INFO - [2022-11-04T06:57:32.970+0000] {dagbag.py:525} INFO - Filling up the DagBag from /opt/airflow/dags/link_rec_airflow.py
[2022-11-04T06:57:36.294+0000] {processor.py:768} INFO - DAG(s) dict_keys(['link_rec_airflow']) retrieved from /opt/airflow/dags/link_rec_airflow.py
[2022-11-04T06:57:36.392+0000] {logging_mixin.py:117} INFO - [2022-11-04T06:57:36.391+0000] {dag.py:2573} INFO - Sync 1 DAGs
[2022-11-04T06:57:36.428+0000] {logging_mixin.py:117} INFO - [2022-11-04T06:57:36.428+0000] {dag.py:3324} INFO - Setting next_dagrun for link_rec_airflow to 2022-11-04T06:25:00+00:00, run_after=2022-11-04T06:50:00+00:00
[2022-11-04T06:57:36.455+0000] {processor.py:178} INFO - Processing /opt/airflow/dags/link_rec_airflow.py took 3.501 seconds
[2022-11-04T06:58:07.044+0000] {processor.py:156} INFO - Started process (PID=4190) to work on /opt/airflow/dags/link_rec_airflow.py
[2022-11-04T06:58:07.055+0000] {processor.py:758} INFO - Processing file /opt/airflow/dags/link_rec_airflow.py for tasks to queue
[2022-11-04T06:58:07.056+0000] {logging_mixin.py:117} INFO - [2022-11-04T06:58:07.056+0000] {dagbag.py:525} INFO - Filling up the DagBag from /opt/airflow/dags/link_rec_airflow.py
[2022-11-04T06:58:10.284+0000] {processor.py:768} INFO - DAG(s) dict_keys(['link_rec_airflow']) retrieved from /opt/airflow/dags/link_rec_airflow.py
[2022-11-04T06:58:10.363+0000] {logging_mixin.py:117} INFO - [2022-11-04T06:58:10.360+0000] {dag.py:2573} INFO - Sync 1 DAGs
[2022-11-04T06:58:10.413+0000] {logging_mixin.py:117} INFO - [2022-11-04T06:58:10.413+0000] {dag.py:3324} INFO - Setting next_dagrun for link_rec_airflow to 2022-11-04T06:25:00+00:00, run_after=2022-11-04T06:50:00+00:00
[2022-11-04T06:58:10.444+0000] {processor.py:178} INFO - Processing /opt/airflow/dags/link_rec_airflow.py took 3.407 seconds
[2022-11-04T06:58:40.887+0000] {processor.py:156} INFO - Started process (PID=4406) to work on /opt/airflow/dags/link_rec_airflow.py
[2022-11-04T06:58:40.897+0000] {processor.py:758} INFO - Processing file /opt/airflow/dags/link_rec_airflow.py for tasks to queue
[2022-11-04T06:58:40.898+0000] {logging_mixin.py:117} INFO - [2022-11-04T06:58:40.897+0000] {dagbag.py:525} INFO - Filling up the DagBag from /opt/airflow/dags/link_rec_airflow.py
[2022-11-04T06:58:44.193+0000] {processor.py:768} INFO - DAG(s) dict_keys(['link_rec_airflow']) retrieved from /opt/airflow/dags/link_rec_airflow.py
[2022-11-04T06:58:44.250+0000] {logging_mixin.py:117} INFO - [2022-11-04T06:58:44.249+0000] {dag.py:2573} INFO - Sync 1 DAGs
[2022-11-04T06:58:44.289+0000] {logging_mixin.py:117} INFO - [2022-11-04T06:58:44.289+0000] {dag.py:3324} INFO - Setting next_dagrun for link_rec_airflow to 2022-11-04T06:25:00+00:00, run_after=2022-11-04T06:50:00+00:00
[2022-11-04T06:58:44.323+0000] {processor.py:178} INFO - Processing /opt/airflow/dags/link_rec_airflow.py took 3.441 seconds
[2022-11-04T06:59:15.146+0000] {processor.py:156} INFO - Started process (PID=4603) to work on /opt/airflow/dags/link_rec_airflow.py
[2022-11-04T06:59:15.156+0000] {processor.py:758} INFO - Processing file /opt/airflow/dags/link_rec_airflow.py for tasks to queue
[2022-11-04T06:59:15.158+0000] {logging_mixin.py:117} INFO - [2022-11-04T06:59:15.157+0000] {dagbag.py:525} INFO - Filling up the DagBag from /opt/airflow/dags/link_rec_airflow.py
[2022-11-04T06:59:18.343+0000] {processor.py:768} INFO - DAG(s) dict_keys(['link_rec_airflow']) retrieved from /opt/airflow/dags/link_rec_airflow.py
[2022-11-04T06:59:18.396+0000] {logging_mixin.py:117} INFO - [2022-11-04T06:59:18.395+0000] {dag.py:2573} INFO - Sync 1 DAGs
[2022-11-04T06:59:18.434+0000] {logging_mixin.py:117} INFO - [2022-11-04T06:59:18.434+0000] {dag.py:3324} INFO - Setting next_dagrun for link_rec_airflow to 2022-11-04T06:25:00+00:00, run_after=2022-11-04T06:50:00+00:00
[2022-11-04T06:59:18.478+0000] {processor.py:178} INFO - Processing /opt/airflow/dags/link_rec_airflow.py took 3.337 seconds
[2022-11-04T06:59:48.639+0000] {processor.py:156} INFO - Started process (PID=4800) to work on /opt/airflow/dags/link_rec_airflow.py
[2022-11-04T06:59:48.649+0000] {processor.py:758} INFO - Processing file /opt/airflow/dags/link_rec_airflow.py for tasks to queue
[2022-11-04T06:59:48.649+0000] {logging_mixin.py:117} INFO - [2022-11-04T06:59:48.649+0000] {dagbag.py:525} INFO - Filling up the DagBag from /opt/airflow/dags/link_rec_airflow.py
[2022-11-04T06:59:51.838+0000] {processor.py:768} INFO - DAG(s) dict_keys(['link_rec_airflow']) retrieved from /opt/airflow/dags/link_rec_airflow.py
[2022-11-04T06:59:51.879+0000] {logging_mixin.py:117} INFO - [2022-11-04T06:59:51.878+0000] {dag.py:2573} INFO - Sync 1 DAGs
[2022-11-04T06:59:51.908+0000] {logging_mixin.py:117} INFO - [2022-11-04T06:59:51.908+0000] {dag.py:3324} INFO - Setting next_dagrun for link_rec_airflow to 2022-11-04T06:25:00+00:00, run_after=2022-11-04T06:50:00+00:00
[2022-11-04T06:59:51.945+0000] {processor.py:178} INFO - Processing /opt/airflow/dags/link_rec_airflow.py took 3.311 seconds
[2022-11-04T07:00:22.581+0000] {processor.py:156} INFO - Started process (PID=4997) to work on /opt/airflow/dags/link_rec_airflow.py
[2022-11-04T07:00:22.591+0000] {processor.py:758} INFO - Processing file /opt/airflow/dags/link_rec_airflow.py for tasks to queue
[2022-11-04T07:00:22.592+0000] {logging_mixin.py:117} INFO - [2022-11-04T07:00:22.592+0000] {dagbag.py:525} INFO - Filling up the DagBag from /opt/airflow/dags/link_rec_airflow.py
[2022-11-04T07:00:25.735+0000] {processor.py:768} INFO - DAG(s) dict_keys(['link_rec_airflow']) retrieved from /opt/airflow/dags/link_rec_airflow.py
[2022-11-04T07:00:25.791+0000] {logging_mixin.py:117} INFO - [2022-11-04T07:00:25.790+0000] {dag.py:2573} INFO - Sync 1 DAGs
[2022-11-04T07:00:25.826+0000] {logging_mixin.py:117} INFO - [2022-11-04T07:00:25.825+0000] {dag.py:3324} INFO - Setting next_dagrun for link_rec_airflow to 2022-11-04T06:50:00+00:00, run_after=2022-11-04T07:00:00+00:00
[2022-11-04T07:00:25.862+0000] {processor.py:178} INFO - Processing /opt/airflow/dags/link_rec_airflow.py took 3.284 seconds
[2022-11-04T07:00:56.093+0000] {processor.py:156} INFO - Started process (PID=5194) to work on /opt/airflow/dags/link_rec_airflow.py
[2022-11-04T07:00:56.103+0000] {processor.py:758} INFO - Processing file /opt/airflow/dags/link_rec_airflow.py for tasks to queue
[2022-11-04T07:00:56.103+0000] {logging_mixin.py:117} INFO - [2022-11-04T07:00:56.103+0000] {dagbag.py:525} INFO - Filling up the DagBag from /opt/airflow/dags/link_rec_airflow.py
[2022-11-04T07:00:59.138+0000] {processor.py:768} INFO - DAG(s) dict_keys(['link_rec_airflow']) retrieved from /opt/airflow/dags/link_rec_airflow.py
[2022-11-04T07:00:59.178+0000] {logging_mixin.py:117} INFO - [2022-11-04T07:00:59.178+0000] {dag.py:2573} INFO - Sync 1 DAGs
[2022-11-04T07:00:59.205+0000] {logging_mixin.py:117} INFO - [2022-11-04T07:00:59.205+0000] {dag.py:3324} INFO - Setting next_dagrun for link_rec_airflow to 2022-11-04T06:50:00+00:00, run_after=2022-11-04T07:00:00+00:00
[2022-11-04T07:00:59.243+0000] {processor.py:178} INFO - Processing /opt/airflow/dags/link_rec_airflow.py took 3.153 seconds
[2022-11-04T07:01:29.988+0000] {processor.py:156} INFO - Started process (PID=5391) to work on /opt/airflow/dags/link_rec_airflow.py
[2022-11-04T07:01:29.989+0000] {processor.py:758} INFO - Processing file /opt/airflow/dags/link_rec_airflow.py for tasks to queue
[2022-11-04T07:01:29.990+0000] {logging_mixin.py:117} INFO - [2022-11-04T07:01:29.990+0000] {dagbag.py:525} INFO - Filling up the DagBag from /opt/airflow/dags/link_rec_airflow.py
[2022-11-04T07:01:32.794+0000] {processor.py:768} INFO - DAG(s) dict_keys(['link_rec_airflow']) retrieved from /opt/airflow/dags/link_rec_airflow.py
[2022-11-04T07:01:32.833+0000] {logging_mixin.py:117} INFO - [2022-11-04T07:01:32.832+0000] {dag.py:2573} INFO - Sync 1 DAGs
[2022-11-04T07:01:32.863+0000] {logging_mixin.py:117} INFO - [2022-11-04T07:01:32.863+0000] {dag.py:3324} INFO - Setting next_dagrun for link_rec_airflow to 2022-11-04T06:50:00+00:00, run_after=2022-11-04T07:00:00+00:00
[2022-11-04T07:01:32.911+0000] {processor.py:178} INFO - Processing /opt/airflow/dags/link_rec_airflow.py took 2.926 seconds
[2022-11-04T07:02:03.694+0000] {processor.py:156} INFO - Started process (PID=5588) to work on /opt/airflow/dags/link_rec_airflow.py
[2022-11-04T07:02:03.698+0000] {processor.py:758} INFO - Processing file /opt/airflow/dags/link_rec_airflow.py for tasks to queue
[2022-11-04T07:02:03.698+0000] {logging_mixin.py:117} INFO - [2022-11-04T07:02:03.698+0000] {dagbag.py:525} INFO - Filling up the DagBag from /opt/airflow/dags/link_rec_airflow.py
[2022-11-04T07:02:06.583+0000] {processor.py:768} INFO - DAG(s) dict_keys(['link_rec_airflow']) retrieved from /opt/airflow/dags/link_rec_airflow.py
[2022-11-04T07:02:06.620+0000] {logging_mixin.py:117} INFO - [2022-11-04T07:02:06.620+0000] {dag.py:2573} INFO - Sync 1 DAGs
[2022-11-04T07:02:06.650+0000] {logging_mixin.py:117} INFO - [2022-11-04T07:02:06.650+0000] {dag.py:3324} INFO - Setting next_dagrun for link_rec_airflow to 2022-11-04T06:50:00+00:00, run_after=2022-11-04T07:00:00+00:00
[2022-11-04T07:02:06.675+0000] {processor.py:178} INFO - Processing /opt/airflow/dags/link_rec_airflow.py took 2.985 seconds
[2022-11-04T07:02:37.370+0000] {processor.py:156} INFO - Started process (PID=5785) to work on /opt/airflow/dags/link_rec_airflow.py
[2022-11-04T07:02:37.381+0000] {processor.py:758} INFO - Processing file /opt/airflow/dags/link_rec_airflow.py for tasks to queue
[2022-11-04T07:02:37.382+0000] {logging_mixin.py:117} INFO - [2022-11-04T07:02:37.382+0000] {dagbag.py:525} INFO - Filling up the DagBag from /opt/airflow/dags/link_rec_airflow.py
[2022-11-04T07:02:40.402+0000] {processor.py:768} INFO - DAG(s) dict_keys(['link_rec_airflow']) retrieved from /opt/airflow/dags/link_rec_airflow.py
[2022-11-04T07:02:40.454+0000] {logging_mixin.py:117} INFO - [2022-11-04T07:02:40.453+0000] {dag.py:2573} INFO - Sync 1 DAGs
[2022-11-04T07:02:40.489+0000] {logging_mixin.py:117} INFO - [2022-11-04T07:02:40.489+0000] {dag.py:3324} INFO - Setting next_dagrun for link_rec_airflow to 2022-11-04T06:50:00+00:00, run_after=2022-11-04T07:00:00+00:00
[2022-11-04T07:02:40.521+0000] {processor.py:178} INFO - Processing /opt/airflow/dags/link_rec_airflow.py took 3.157 seconds
[2022-11-04T07:03:10.812+0000] {processor.py:156} INFO - Started process (PID=5982) to work on /opt/airflow/dags/link_rec_airflow.py
[2022-11-04T07:03:10.823+0000] {processor.py:758} INFO - Processing file /opt/airflow/dags/link_rec_airflow.py for tasks to queue
[2022-11-04T07:03:10.823+0000] {logging_mixin.py:117} INFO - [2022-11-04T07:03:10.823+0000] {dagbag.py:525} INFO - Filling up the DagBag from /opt/airflow/dags/link_rec_airflow.py
[2022-11-04T07:03:13.835+0000] {processor.py:768} INFO - DAG(s) dict_keys(['link_rec_airflow']) retrieved from /opt/airflow/dags/link_rec_airflow.py
[2022-11-04T07:03:13.871+0000] {logging_mixin.py:117} INFO - [2022-11-04T07:03:13.871+0000] {dag.py:2573} INFO - Sync 1 DAGs
[2022-11-04T07:03:13.897+0000] {logging_mixin.py:117} INFO - [2022-11-04T07:03:13.897+0000] {dag.py:3324} INFO - Setting next_dagrun for link_rec_airflow to 2022-11-04T06:50:00+00:00, run_after=2022-11-04T07:00:00+00:00
[2022-11-04T07:03:13.931+0000] {processor.py:178} INFO - Processing /opt/airflow/dags/link_rec_airflow.py took 3.123 seconds
[2022-11-04T07:03:44.121+0000] {processor.py:156} INFO - Started process (PID=6179) to work on /opt/airflow/dags/link_rec_airflow.py
[2022-11-04T07:03:44.132+0000] {processor.py:758} INFO - Processing file /opt/airflow/dags/link_rec_airflow.py for tasks to queue
[2022-11-04T07:03:44.132+0000] {logging_mixin.py:117} INFO - [2022-11-04T07:03:44.132+0000] {dagbag.py:525} INFO - Filling up the DagBag from /opt/airflow/dags/link_rec_airflow.py
[2022-11-04T07:03:47.175+0000] {processor.py:768} INFO - DAG(s) dict_keys(['link_rec_airflow']) retrieved from /opt/airflow/dags/link_rec_airflow.py
[2022-11-04T07:03:47.228+0000] {logging_mixin.py:117} INFO - [2022-11-04T07:03:47.227+0000] {dag.py:2573} INFO - Sync 1 DAGs
[2022-11-04T07:03:47.256+0000] {logging_mixin.py:117} INFO - [2022-11-04T07:03:47.256+0000] {dag.py:3324} INFO - Setting next_dagrun for link_rec_airflow to 2022-11-04T06:50:00+00:00, run_after=2022-11-04T07:00:00+00:00
[2022-11-04T07:03:47.291+0000] {processor.py:178} INFO - Processing /opt/airflow/dags/link_rec_airflow.py took 3.173 seconds
[2022-11-04T07:04:17.996+0000] {processor.py:156} INFO - Started process (PID=6376) to work on /opt/airflow/dags/link_rec_airflow.py
[2022-11-04T07:04:18.007+0000] {processor.py:758} INFO - Processing file /opt/airflow/dags/link_rec_airflow.py for tasks to queue
[2022-11-04T07:04:18.007+0000] {logging_mixin.py:117} INFO - [2022-11-04T07:04:18.007+0000] {dagbag.py:525} INFO - Filling up the DagBag from /opt/airflow/dags/link_rec_airflow.py
[2022-11-04T07:04:20.980+0000] {processor.py:768} INFO - DAG(s) dict_keys(['link_rec_airflow']) retrieved from /opt/airflow/dags/link_rec_airflow.py
[2022-11-04T07:04:21.021+0000] {logging_mixin.py:117} INFO - [2022-11-04T07:04:21.020+0000] {dag.py:2573} INFO - Sync 1 DAGs
[2022-11-04T07:04:21.052+0000] {logging_mixin.py:117} INFO - [2022-11-04T07:04:21.051+0000] {dag.py:3324} INFO - Setting next_dagrun for link_rec_airflow to 2022-11-04T06:50:00+00:00, run_after=2022-11-04T07:00:00+00:00
[2022-11-04T07:04:21.083+0000] {processor.py:178} INFO - Processing /opt/airflow/dags/link_rec_airflow.py took 3.091 seconds
[2022-11-04T07:04:51.536+0000] {processor.py:156} INFO - Started process (PID=6573) to work on /opt/airflow/dags/link_rec_airflow.py
[2022-11-04T07:04:51.545+0000] {processor.py:758} INFO - Processing file /opt/airflow/dags/link_rec_airflow.py for tasks to queue
[2022-11-04T07:04:51.545+0000] {logging_mixin.py:117} INFO - [2022-11-04T07:04:51.545+0000] {dagbag.py:525} INFO - Filling up the DagBag from /opt/airflow/dags/link_rec_airflow.py
[2022-11-04T07:04:54.418+0000] {processor.py:768} INFO - DAG(s) dict_keys(['link_rec_airflow']) retrieved from /opt/airflow/dags/link_rec_airflow.py
[2022-11-04T07:04:54.458+0000] {logging_mixin.py:117} INFO - [2022-11-04T07:04:54.457+0000] {dag.py:2573} INFO - Sync 1 DAGs
[2022-11-04T07:04:54.483+0000] {logging_mixin.py:117} INFO - [2022-11-04T07:04:54.482+0000] {dag.py:3324} INFO - Setting next_dagrun for link_rec_airflow to 2022-11-04T06:50:00+00:00, run_after=2022-11-04T07:00:00+00:00
[2022-11-04T07:04:54.506+0000] {processor.py:178} INFO - Processing /opt/airflow/dags/link_rec_airflow.py took 2.977 seconds
[2022-11-04T07:05:25.178+0000] {processor.py:156} INFO - Started process (PID=6770) to work on /opt/airflow/dags/link_rec_airflow.py
[2022-11-04T07:05:25.188+0000] {processor.py:758} INFO - Processing file /opt/airflow/dags/link_rec_airflow.py for tasks to queue
[2022-11-04T07:05:25.189+0000] {logging_mixin.py:117} INFO - [2022-11-04T07:05:25.189+0000] {dagbag.py:525} INFO - Filling up the DagBag from /opt/airflow/dags/link_rec_airflow.py
[2022-11-04T07:05:28.260+0000] {processor.py:768} INFO - DAG(s) dict_keys(['link_rec_airflow']) retrieved from /opt/airflow/dags/link_rec_airflow.py
[2022-11-04T07:05:28.298+0000] {logging_mixin.py:117} INFO - [2022-11-04T07:05:28.298+0000] {dag.py:2573} INFO - Sync 1 DAGs
[2022-11-04T07:05:28.327+0000] {logging_mixin.py:117} INFO - [2022-11-04T07:05:28.327+0000] {dag.py:3324} INFO - Setting next_dagrun for link_rec_airflow to 2022-11-04T06:50:00+00:00, run_after=2022-11-04T07:00:00+00:00
[2022-11-04T07:05:28.363+0000] {processor.py:178} INFO - Processing /opt/airflow/dags/link_rec_airflow.py took 3.189 seconds
[2022-11-04T07:05:58.545+0000] {processor.py:156} INFO - Started process (PID=6967) to work on /opt/airflow/dags/link_rec_airflow.py
[2022-11-04T07:05:58.546+0000] {processor.py:758} INFO - Processing file /opt/airflow/dags/link_rec_airflow.py for tasks to queue
[2022-11-04T07:05:58.547+0000] {logging_mixin.py:117} INFO - [2022-11-04T07:05:58.547+0000] {dagbag.py:525} INFO - Filling up the DagBag from /opt/airflow/dags/link_rec_airflow.py
[2022-11-04T07:06:01.614+0000] {processor.py:768} INFO - DAG(s) dict_keys(['link_rec_airflow']) retrieved from /opt/airflow/dags/link_rec_airflow.py
[2022-11-04T07:06:01.665+0000] {logging_mixin.py:117} INFO - [2022-11-04T07:06:01.664+0000] {dag.py:2573} INFO - Sync 1 DAGs
[2022-11-04T07:06:01.700+0000] {logging_mixin.py:117} INFO - [2022-11-04T07:06:01.700+0000] {dag.py:3324} INFO - Setting next_dagrun for link_rec_airflow to 2022-11-04T06:50:00+00:00, run_after=2022-11-04T07:00:00+00:00
[2022-11-04T07:06:01.748+0000] {processor.py:178} INFO - Processing /opt/airflow/dags/link_rec_airflow.py took 3.206 seconds
[2022-11-04T07:06:32.007+0000] {processor.py:156} INFO - Started process (PID=7164) to work on /opt/airflow/dags/link_rec_airflow.py
[2022-11-04T07:06:32.008+0000] {processor.py:758} INFO - Processing file /opt/airflow/dags/link_rec_airflow.py for tasks to queue
[2022-11-04T07:06:32.009+0000] {logging_mixin.py:117} INFO - [2022-11-04T07:06:32.008+0000] {dagbag.py:525} INFO - Filling up the DagBag from /opt/airflow/dags/link_rec_airflow.py
[2022-11-04T07:06:35.159+0000] {processor.py:768} INFO - DAG(s) dict_keys(['link_rec_airflow']) retrieved from /opt/airflow/dags/link_rec_airflow.py
[2022-11-04T07:06:35.205+0000] {logging_mixin.py:117} INFO - [2022-11-04T07:06:35.204+0000] {dag.py:2573} INFO - Sync 1 DAGs
[2022-11-04T07:06:35.240+0000] {logging_mixin.py:117} INFO - [2022-11-04T07:06:35.240+0000] {dag.py:3324} INFO - Setting next_dagrun for link_rec_airflow to 2022-11-04T06:50:00+00:00, run_after=2022-11-04T07:00:00+00:00
[2022-11-04T07:06:35.283+0000] {processor.py:178} INFO - Processing /opt/airflow/dags/link_rec_airflow.py took 3.280 seconds
[2022-11-04T07:07:05.645+0000] {processor.py:156} INFO - Started process (PID=7361) to work on /opt/airflow/dags/link_rec_airflow.py
[2022-11-04T07:07:05.646+0000] {processor.py:758} INFO - Processing file /opt/airflow/dags/link_rec_airflow.py for tasks to queue
[2022-11-04T07:07:05.647+0000] {logging_mixin.py:117} INFO - [2022-11-04T07:07:05.647+0000] {dagbag.py:525} INFO - Filling up the DagBag from /opt/airflow/dags/link_rec_airflow.py
[2022-11-04T07:07:08.494+0000] {processor.py:768} INFO - DAG(s) dict_keys(['link_rec_airflow']) retrieved from /opt/airflow/dags/link_rec_airflow.py
[2022-11-04T07:07:08.532+0000] {logging_mixin.py:117} INFO - [2022-11-04T07:07:08.532+0000] {dag.py:2573} INFO - Sync 1 DAGs
[2022-11-04T07:07:08.557+0000] {logging_mixin.py:117} INFO - [2022-11-04T07:07:08.557+0000] {dag.py:3324} INFO - Setting next_dagrun for link_rec_airflow to 2022-11-04T06:50:00+00:00, run_after=2022-11-04T07:00:00+00:00
[2022-11-04T07:07:08.607+0000] {processor.py:178} INFO - Processing /opt/airflow/dags/link_rec_airflow.py took 2.965 seconds
[2022-11-04T07:07:39.283+0000] {processor.py:156} INFO - Started process (PID=7558) to work on /opt/airflow/dags/link_rec_airflow.py
[2022-11-04T07:07:39.284+0000] {processor.py:758} INFO - Processing file /opt/airflow/dags/link_rec_airflow.py for tasks to queue
[2022-11-04T07:07:39.285+0000] {logging_mixin.py:117} INFO - [2022-11-04T07:07:39.285+0000] {dagbag.py:525} INFO - Filling up the DagBag from /opt/airflow/dags/link_rec_airflow.py
[2022-11-04T07:07:42.020+0000] {processor.py:768} INFO - DAG(s) dict_keys(['link_rec_airflow']) retrieved from /opt/airflow/dags/link_rec_airflow.py
[2022-11-04T07:07:42.060+0000] {logging_mixin.py:117} INFO - [2022-11-04T07:07:42.060+0000] {dag.py:2573} INFO - Sync 1 DAGs
[2022-11-04T07:07:42.087+0000] {logging_mixin.py:117} INFO - [2022-11-04T07:07:42.087+0000] {dag.py:3324} INFO - Setting next_dagrun for link_rec_airflow to 2022-11-04T06:50:00+00:00, run_after=2022-11-04T07:00:00+00:00
[2022-11-04T07:07:42.120+0000] {processor.py:178} INFO - Processing /opt/airflow/dags/link_rec_airflow.py took 2.840 seconds
[2022-11-04T07:08:12.782+0000] {processor.py:156} INFO - Started process (PID=7755) to work on /opt/airflow/dags/link_rec_airflow.py
[2022-11-04T07:08:12.792+0000] {processor.py:758} INFO - Processing file /opt/airflow/dags/link_rec_airflow.py for tasks to queue
[2022-11-04T07:08:12.793+0000] {logging_mixin.py:117} INFO - [2022-11-04T07:08:12.793+0000] {dagbag.py:525} INFO - Filling up the DagBag from /opt/airflow/dags/link_rec_airflow.py
[2022-11-04T07:08:15.809+0000] {processor.py:768} INFO - DAG(s) dict_keys(['link_rec_airflow']) retrieved from /opt/airflow/dags/link_rec_airflow.py
[2022-11-04T07:08:15.849+0000] {logging_mixin.py:117} INFO - [2022-11-04T07:08:15.848+0000] {dag.py:2573} INFO - Sync 1 DAGs
[2022-11-04T07:08:15.876+0000] {logging_mixin.py:117} INFO - [2022-11-04T07:08:15.876+0000] {dag.py:3324} INFO - Setting next_dagrun for link_rec_airflow to 2022-11-04T06:50:00+00:00, run_after=2022-11-04T07:00:00+00:00
[2022-11-04T07:08:15.899+0000] {processor.py:178} INFO - Processing /opt/airflow/dags/link_rec_airflow.py took 3.120 seconds
[2022-11-04T07:08:46.459+0000] {processor.py:156} INFO - Started process (PID=7952) to work on /opt/airflow/dags/link_rec_airflow.py
[2022-11-04T07:08:46.460+0000] {processor.py:758} INFO - Processing file /opt/airflow/dags/link_rec_airflow.py for tasks to queue
[2022-11-04T07:08:46.462+0000] {logging_mixin.py:117} INFO - [2022-11-04T07:08:46.461+0000] {dagbag.py:525} INFO - Filling up the DagBag from /opt/airflow/dags/link_rec_airflow.py
[2022-11-04T07:08:49.437+0000] {processor.py:768} INFO - DAG(s) dict_keys(['link_rec_airflow']) retrieved from /opt/airflow/dags/link_rec_airflow.py
[2022-11-04T07:08:49.473+0000] {logging_mixin.py:117} INFO - [2022-11-04T07:08:49.472+0000] {dag.py:2573} INFO - Sync 1 DAGs
[2022-11-04T07:08:49.498+0000] {logging_mixin.py:117} INFO - [2022-11-04T07:08:49.498+0000] {dag.py:3324} INFO - Setting next_dagrun for link_rec_airflow to 2022-11-04T06:50:00+00:00, run_after=2022-11-04T07:00:00+00:00
[2022-11-04T07:08:49.532+0000] {processor.py:178} INFO - Processing /opt/airflow/dags/link_rec_airflow.py took 3.080 seconds
[2022-11-04T07:09:19.852+0000] {processor.py:156} INFO - Started process (PID=8149) to work on /opt/airflow/dags/link_rec_airflow.py
[2022-11-04T07:09:19.852+0000] {processor.py:758} INFO - Processing file /opt/airflow/dags/link_rec_airflow.py for tasks to queue
[2022-11-04T07:09:19.853+0000] {logging_mixin.py:117} INFO - [2022-11-04T07:09:19.853+0000] {dagbag.py:525} INFO - Filling up the DagBag from /opt/airflow/dags/link_rec_airflow.py
[2022-11-04T07:09:22.847+0000] {processor.py:768} INFO - DAG(s) dict_keys(['link_rec_airflow']) retrieved from /opt/airflow/dags/link_rec_airflow.py
[2022-11-04T07:09:22.910+0000] {logging_mixin.py:117} INFO - [2022-11-04T07:09:22.910+0000] {dag.py:2573} INFO - Sync 1 DAGs
[2022-11-04T07:09:22.945+0000] {logging_mixin.py:117} INFO - [2022-11-04T07:09:22.944+0000] {dag.py:3324} INFO - Setting next_dagrun for link_rec_airflow to 2022-11-04T06:50:00+00:00, run_after=2022-11-04T07:00:00+00:00
[2022-11-04T07:09:22.979+0000] {processor.py:178} INFO - Processing /opt/airflow/dags/link_rec_airflow.py took 3.131 seconds
[2022-11-04T07:09:53.053+0000] {processor.py:156} INFO - Started process (PID=8346) to work on /opt/airflow/dags/link_rec_airflow.py
[2022-11-04T07:09:53.065+0000] {processor.py:758} INFO - Processing file /opt/airflow/dags/link_rec_airflow.py for tasks to queue
[2022-11-04T07:09:53.066+0000] {logging_mixin.py:117} INFO - [2022-11-04T07:09:53.066+0000] {dagbag.py:525} INFO - Filling up the DagBag from /opt/airflow/dags/link_rec_airflow.py
[2022-11-04T07:09:57.484+0000] {processor.py:768} INFO - DAG(s) dict_keys(['link_rec_airflow']) retrieved from /opt/airflow/dags/link_rec_airflow.py
[2022-11-04T07:09:57.557+0000] {logging_mixin.py:117} INFO - [2022-11-04T07:09:57.554+0000] {dag.py:2573} INFO - Sync 1 DAGs
[2022-11-04T07:09:57.622+0000] {logging_mixin.py:117} INFO - [2022-11-04T07:09:57.622+0000] {dag.py:3324} INFO - Setting next_dagrun for link_rec_airflow to 2022-11-04T06:50:00+00:00, run_after=2022-11-04T07:00:00+00:00
[2022-11-04T07:09:57.667+0000] {processor.py:178} INFO - Processing /opt/airflow/dags/link_rec_airflow.py took 4.621 seconds
[2022-11-04T07:10:27.998+0000] {processor.py:156} INFO - Started process (PID=8543) to work on /opt/airflow/dags/link_rec_airflow.py
[2022-11-04T07:10:27.999+0000] {processor.py:758} INFO - Processing file /opt/airflow/dags/link_rec_airflow.py for tasks to queue
[2022-11-04T07:10:28.000+0000] {logging_mixin.py:117} INFO - [2022-11-04T07:10:28.000+0000] {dagbag.py:525} INFO - Filling up the DagBag from /opt/airflow/dags/link_rec_airflow.py
[2022-11-04T07:10:31.739+0000] {processor.py:768} INFO - DAG(s) dict_keys(['link_rec_airflow']) retrieved from /opt/airflow/dags/link_rec_airflow.py
[2022-11-04T07:10:31.808+0000] {logging_mixin.py:117} INFO - [2022-11-04T07:10:31.807+0000] {dag.py:2573} INFO - Sync 1 DAGs
[2022-11-04T07:10:31.844+0000] {logging_mixin.py:117} INFO - [2022-11-04T07:10:31.844+0000] {dag.py:3324} INFO - Setting next_dagrun for link_rec_airflow to 2022-11-04T06:50:00+00:00, run_after=2022-11-04T07:00:00+00:00
[2022-11-04T07:10:31.883+0000] {processor.py:178} INFO - Processing /opt/airflow/dags/link_rec_airflow.py took 3.888 seconds
[2022-11-04T07:11:02.024+0000] {processor.py:156} INFO - Started process (PID=8742) to work on /opt/airflow/dags/link_rec_airflow.py
[2022-11-04T07:11:02.025+0000] {processor.py:758} INFO - Processing file /opt/airflow/dags/link_rec_airflow.py for tasks to queue
[2022-11-04T07:11:02.026+0000] {logging_mixin.py:117} INFO - [2022-11-04T07:11:02.026+0000] {dagbag.py:525} INFO - Filling up the DagBag from /opt/airflow/dags/link_rec_airflow.py
[2022-11-04T07:11:05.858+0000] {processor.py:768} INFO - DAG(s) dict_keys(['link_rec_airflow']) retrieved from /opt/airflow/dags/link_rec_airflow.py
[2022-11-04T07:11:05.935+0000] {logging_mixin.py:117} INFO - [2022-11-04T07:11:05.934+0000] {dag.py:2573} INFO - Sync 1 DAGs
[2022-11-04T07:11:06.009+0000] {logging_mixin.py:117} INFO - [2022-11-04T07:11:06.009+0000] {dag.py:3324} INFO - Setting next_dagrun for link_rec_airflow to 2022-11-04T06:50:00+00:00, run_after=2022-11-04T07:00:00+00:00
[2022-11-04T07:11:06.073+0000] {processor.py:178} INFO - Processing /opt/airflow/dags/link_rec_airflow.py took 4.053 seconds
[2022-11-04T07:11:36.282+0000] {processor.py:156} INFO - Started process (PID=8939) to work on /opt/airflow/dags/link_rec_airflow.py
[2022-11-04T07:11:36.292+0000] {processor.py:758} INFO - Processing file /opt/airflow/dags/link_rec_airflow.py for tasks to queue
[2022-11-04T07:11:36.293+0000] {logging_mixin.py:117} INFO - [2022-11-04T07:11:36.293+0000] {dagbag.py:525} INFO - Filling up the DagBag from /opt/airflow/dags/link_rec_airflow.py
[2022-11-04T07:11:40.782+0000] {processor.py:768} INFO - DAG(s) dict_keys(['link_rec_airflow']) retrieved from /opt/airflow/dags/link_rec_airflow.py
[2022-11-04T07:11:40.824+0000] {logging_mixin.py:117} INFO - [2022-11-04T07:11:40.823+0000] {dag.py:2573} INFO - Sync 1 DAGs
[2022-11-04T07:11:40.855+0000] {logging_mixin.py:117} INFO - [2022-11-04T07:11:40.855+0000] {dag.py:3324} INFO - Setting next_dagrun for link_rec_airflow to 2022-11-04T06:50:00+00:00, run_after=2022-11-04T07:00:00+00:00
[2022-11-04T07:11:40.882+0000] {processor.py:178} INFO - Processing /opt/airflow/dags/link_rec_airflow.py took 4.608 seconds
[2022-11-04T07:12:11.087+0000] {processor.py:156} INFO - Started process (PID=9136) to work on /opt/airflow/dags/link_rec_airflow.py
[2022-11-04T07:12:11.089+0000] {processor.py:758} INFO - Processing file /opt/airflow/dags/link_rec_airflow.py for tasks to queue
[2022-11-04T07:12:11.090+0000] {logging_mixin.py:117} INFO - [2022-11-04T07:12:11.090+0000] {dagbag.py:525} INFO - Filling up the DagBag from /opt/airflow/dags/link_rec_airflow.py
[2022-11-04T07:12:15.303+0000] {processor.py:768} INFO - DAG(s) dict_keys(['link_rec_airflow']) retrieved from /opt/airflow/dags/link_rec_airflow.py
[2022-11-04T07:12:15.345+0000] {logging_mixin.py:117} INFO - [2022-11-04T07:12:15.344+0000] {dag.py:2573} INFO - Sync 1 DAGs
[2022-11-04T07:12:15.376+0000] {logging_mixin.py:117} INFO - [2022-11-04T07:12:15.376+0000] {dag.py:3324} INFO - Setting next_dagrun for link_rec_airflow to 2022-11-04T06:50:00+00:00, run_after=2022-11-04T07:00:00+00:00
[2022-11-04T07:12:15.402+0000] {processor.py:178} INFO - Processing /opt/airflow/dags/link_rec_airflow.py took 4.322 seconds
[2022-11-04T07:12:45.615+0000] {processor.py:156} INFO - Started process (PID=9333) to work on /opt/airflow/dags/link_rec_airflow.py
[2022-11-04T07:12:45.616+0000] {processor.py:758} INFO - Processing file /opt/airflow/dags/link_rec_airflow.py for tasks to queue
[2022-11-04T07:12:45.617+0000] {logging_mixin.py:117} INFO - [2022-11-04T07:12:45.617+0000] {dagbag.py:525} INFO - Filling up the DagBag from /opt/airflow/dags/link_rec_airflow.py
[2022-11-04T07:12:49.473+0000] {processor.py:768} INFO - DAG(s) dict_keys(['link_rec_airflow']) retrieved from /opt/airflow/dags/link_rec_airflow.py
[2022-11-04T07:12:49.516+0000] {logging_mixin.py:117} INFO - [2022-11-04T07:12:49.514+0000] {dag.py:2573} INFO - Sync 1 DAGs
[2022-11-04T07:12:49.546+0000] {logging_mixin.py:117} INFO - [2022-11-04T07:12:49.546+0000] {dag.py:3324} INFO - Setting next_dagrun for link_rec_airflow to 2022-11-04T06:50:00+00:00, run_after=2022-11-04T07:00:00+00:00
[2022-11-04T07:12:49.580+0000] {processor.py:178} INFO - Processing /opt/airflow/dags/link_rec_airflow.py took 3.969 seconds
[2022-11-04T07:13:19.760+0000] {processor.py:156} INFO - Started process (PID=9530) to work on /opt/airflow/dags/link_rec_airflow.py
[2022-11-04T07:13:19.773+0000] {processor.py:758} INFO - Processing file /opt/airflow/dags/link_rec_airflow.py for tasks to queue
[2022-11-04T07:13:19.774+0000] {logging_mixin.py:117} INFO - [2022-11-04T07:13:19.774+0000] {dagbag.py:525} INFO - Filling up the DagBag from /opt/airflow/dags/link_rec_airflow.py
[2022-11-04T07:13:22.737+0000] {processor.py:768} INFO - DAG(s) dict_keys(['link_rec_airflow']) retrieved from /opt/airflow/dags/link_rec_airflow.py
[2022-11-04T07:13:22.783+0000] {logging_mixin.py:117} INFO - [2022-11-04T07:13:22.782+0000] {dag.py:2573} INFO - Sync 1 DAGs
[2022-11-04T07:13:22.812+0000] {logging_mixin.py:117} INFO - [2022-11-04T07:13:22.811+0000] {dag.py:3324} INFO - Setting next_dagrun for link_rec_airflow to 2022-11-04T06:50:00+00:00, run_after=2022-11-04T07:00:00+00:00
[2022-11-04T07:13:22.847+0000] {processor.py:178} INFO - Processing /opt/airflow/dags/link_rec_airflow.py took 3.091 seconds
[2022-11-04T07:13:53.200+0000] {processor.py:156} INFO - Started process (PID=9727) to work on /opt/airflow/dags/link_rec_airflow.py
[2022-11-04T07:13:53.210+0000] {processor.py:758} INFO - Processing file /opt/airflow/dags/link_rec_airflow.py for tasks to queue
[2022-11-04T07:13:53.211+0000] {logging_mixin.py:117} INFO - [2022-11-04T07:13:53.210+0000] {dagbag.py:525} INFO - Filling up the DagBag from /opt/airflow/dags/link_rec_airflow.py
[2022-11-04T07:13:57.115+0000] {processor.py:768} INFO - DAG(s) dict_keys(['link_rec_airflow']) retrieved from /opt/airflow/dags/link_rec_airflow.py
[2022-11-04T07:13:57.163+0000] {logging_mixin.py:117} INFO - [2022-11-04T07:13:57.162+0000] {dag.py:2573} INFO - Sync 1 DAGs
[2022-11-04T07:13:57.204+0000] {logging_mixin.py:117} INFO - [2022-11-04T07:13:57.204+0000] {dag.py:3324} INFO - Setting next_dagrun for link_rec_airflow to 2022-11-04T06:50:00+00:00, run_after=2022-11-04T07:00:00+00:00
[2022-11-04T07:13:57.255+0000] {processor.py:178} INFO - Processing /opt/airflow/dags/link_rec_airflow.py took 4.059 seconds
[2022-11-04T07:14:27.429+0000] {processor.py:156} INFO - Started process (PID=9924) to work on /opt/airflow/dags/link_rec_airflow.py
[2022-11-04T07:14:27.430+0000] {processor.py:758} INFO - Processing file /opt/airflow/dags/link_rec_airflow.py for tasks to queue
[2022-11-04T07:14:27.432+0000] {logging_mixin.py:117} INFO - [2022-11-04T07:14:27.432+0000] {dagbag.py:525} INFO - Filling up the DagBag from /opt/airflow/dags/link_rec_airflow.py
[2022-11-04T07:14:31.359+0000] {processor.py:768} INFO - DAG(s) dict_keys(['link_rec_airflow']) retrieved from /opt/airflow/dags/link_rec_airflow.py
[2022-11-04T07:14:31.402+0000] {logging_mixin.py:117} INFO - [2022-11-04T07:14:31.402+0000] {dag.py:2573} INFO - Sync 1 DAGs
[2022-11-04T07:14:31.432+0000] {logging_mixin.py:117} INFO - [2022-11-04T07:14:31.432+0000] {dag.py:3324} INFO - Setting next_dagrun for link_rec_airflow to 2022-11-04T06:50:00+00:00, run_after=2022-11-04T07:00:00+00:00
[2022-11-04T07:14:31.469+0000] {processor.py:178} INFO - Processing /opt/airflow/dags/link_rec_airflow.py took 4.043 seconds
[2022-11-04T07:15:01.939+0000] {processor.py:156} INFO - Started process (PID=10121) to work on /opt/airflow/dags/link_rec_airflow.py
[2022-11-04T07:15:01.950+0000] {processor.py:758} INFO - Processing file /opt/airflow/dags/link_rec_airflow.py for tasks to queue
[2022-11-04T07:15:01.952+0000] {logging_mixin.py:117} INFO - [2022-11-04T07:15:01.952+0000] {dagbag.py:525} INFO - Filling up the DagBag from /opt/airflow/dags/link_rec_airflow.py
[2022-11-04T07:15:05.157+0000] {processor.py:768} INFO - DAG(s) dict_keys(['link_rec_airflow']) retrieved from /opt/airflow/dags/link_rec_airflow.py
[2022-11-04T07:15:05.200+0000] {logging_mixin.py:117} INFO - [2022-11-04T07:15:05.200+0000] {dag.py:2573} INFO - Sync 1 DAGs
[2022-11-04T07:15:05.231+0000] {logging_mixin.py:117} INFO - [2022-11-04T07:15:05.231+0000] {dag.py:3324} INFO - Setting next_dagrun for link_rec_airflow to 2022-11-04T06:50:00+00:00, run_after=2022-11-04T07:00:00+00:00
[2022-11-04T07:15:05.267+0000] {processor.py:178} INFO - Processing /opt/airflow/dags/link_rec_airflow.py took 3.334 seconds
[2022-11-04T07:15:35.893+0000] {processor.py:156} INFO - Started process (PID=10318) to work on /opt/airflow/dags/link_rec_airflow.py
[2022-11-04T07:15:35.894+0000] {processor.py:758} INFO - Processing file /opt/airflow/dags/link_rec_airflow.py for tasks to queue
[2022-11-04T07:15:35.894+0000] {logging_mixin.py:117} INFO - [2022-11-04T07:15:35.894+0000] {dagbag.py:525} INFO - Filling up the DagBag from /opt/airflow/dags/link_rec_airflow.py
[2022-11-04T07:15:39.170+0000] {processor.py:768} INFO - DAG(s) dict_keys(['link_rec_airflow']) retrieved from /opt/airflow/dags/link_rec_airflow.py
[2022-11-04T07:15:39.216+0000] {logging_mixin.py:117} INFO - [2022-11-04T07:15:39.215+0000] {dag.py:2573} INFO - Sync 1 DAGs
[2022-11-04T07:15:39.248+0000] {logging_mixin.py:117} INFO - [2022-11-04T07:15:39.248+0000] {dag.py:3324} INFO - Setting next_dagrun for link_rec_airflow to 2022-11-04T06:50:00+00:00, run_after=2022-11-04T07:00:00+00:00
[2022-11-04T07:15:39.285+0000] {processor.py:178} INFO - Processing /opt/airflow/dags/link_rec_airflow.py took 3.396 seconds
[2022-11-04T07:16:09.663+0000] {processor.py:156} INFO - Started process (PID=10515) to work on /opt/airflow/dags/link_rec_airflow.py
[2022-11-04T07:16:09.673+0000] {processor.py:758} INFO - Processing file /opt/airflow/dags/link_rec_airflow.py for tasks to queue
[2022-11-04T07:16:09.674+0000] {logging_mixin.py:117} INFO - [2022-11-04T07:16:09.674+0000] {dagbag.py:525} INFO - Filling up the DagBag from /opt/airflow/dags/link_rec_airflow.py
[2022-11-04T07:16:13.007+0000] {processor.py:768} INFO - DAG(s) dict_keys(['link_rec_airflow']) retrieved from /opt/airflow/dags/link_rec_airflow.py
[2022-11-04T07:16:13.079+0000] {logging_mixin.py:117} INFO - [2022-11-04T07:16:13.078+0000] {dag.py:2573} INFO - Sync 1 DAGs
[2022-11-04T07:16:13.126+0000] {logging_mixin.py:117} INFO - [2022-11-04T07:16:13.126+0000] {dag.py:3324} INFO - Setting next_dagrun for link_rec_airflow to 2022-11-04T06:50:00+00:00, run_after=2022-11-04T07:00:00+00:00
[2022-11-04T07:16:13.176+0000] {processor.py:178} INFO - Processing /opt/airflow/dags/link_rec_airflow.py took 3.517 seconds
[2022-11-04T07:16:43.587+0000] {processor.py:156} INFO - Started process (PID=10712) to work on /opt/airflow/dags/link_rec_airflow.py
[2022-11-04T07:16:43.597+0000] {processor.py:758} INFO - Processing file /opt/airflow/dags/link_rec_airflow.py for tasks to queue
[2022-11-04T07:16:43.598+0000] {logging_mixin.py:117} INFO - [2022-11-04T07:16:43.598+0000] {dagbag.py:525} INFO - Filling up the DagBag from /opt/airflow/dags/link_rec_airflow.py
[2022-11-04T07:16:46.775+0000] {processor.py:768} INFO - DAG(s) dict_keys(['link_rec_airflow']) retrieved from /opt/airflow/dags/link_rec_airflow.py
[2022-11-04T07:16:46.821+0000] {logging_mixin.py:117} INFO - [2022-11-04T07:16:46.820+0000] {dag.py:2573} INFO - Sync 1 DAGs
[2022-11-04T07:16:46.851+0000] {logging_mixin.py:117} INFO - [2022-11-04T07:16:46.851+0000] {dag.py:3324} INFO - Setting next_dagrun for link_rec_airflow to 2022-11-04T06:50:00+00:00, run_after=2022-11-04T07:00:00+00:00
[2022-11-04T07:16:46.889+0000] {processor.py:178} INFO - Processing /opt/airflow/dags/link_rec_airflow.py took 3.306 seconds
[2022-11-04T07:17:17.725+0000] {processor.py:156} INFO - Started process (PID=10909) to work on /opt/airflow/dags/link_rec_airflow.py
[2022-11-04T07:17:17.735+0000] {processor.py:758} INFO - Processing file /opt/airflow/dags/link_rec_airflow.py for tasks to queue
[2022-11-04T07:17:17.736+0000] {logging_mixin.py:117} INFO - [2022-11-04T07:17:17.736+0000] {dagbag.py:525} INFO - Filling up the DagBag from /opt/airflow/dags/link_rec_airflow.py
[2022-11-04T07:17:23.283+0000] {processor.py:768} INFO - DAG(s) dict_keys(['link_rec_airflow']) retrieved from /opt/airflow/dags/link_rec_airflow.py
[2022-11-04T07:17:23.353+0000] {logging_mixin.py:117} INFO - [2022-11-04T07:17:23.352+0000] {dag.py:2573} INFO - Sync 1 DAGs
[2022-11-04T07:17:23.425+0000] {logging_mixin.py:117} INFO - [2022-11-04T07:17:23.425+0000] {dag.py:3324} INFO - Setting next_dagrun for link_rec_airflow to 2022-11-04T06:50:00+00:00, run_after=2022-11-04T07:00:00+00:00
[2022-11-04T07:17:23.472+0000] {processor.py:178} INFO - Processing /opt/airflow/dags/link_rec_airflow.py took 5.753 seconds
[2022-11-04T07:17:54.007+0000] {processor.py:156} INFO - Started process (PID=11106) to work on /opt/airflow/dags/link_rec_airflow.py
[2022-11-04T07:17:54.017+0000] {processor.py:758} INFO - Processing file /opt/airflow/dags/link_rec_airflow.py for tasks to queue
[2022-11-04T07:17:54.017+0000] {logging_mixin.py:117} INFO - [2022-11-04T07:17:54.017+0000] {dagbag.py:525} INFO - Filling up the DagBag from /opt/airflow/dags/link_rec_airflow.py
[2022-11-04T07:17:56.777+0000] {processor.py:768} INFO - DAG(s) dict_keys(['link_rec_airflow']) retrieved from /opt/airflow/dags/link_rec_airflow.py
[2022-11-04T07:17:56.816+0000] {logging_mixin.py:117} INFO - [2022-11-04T07:17:56.816+0000] {dag.py:2573} INFO - Sync 1 DAGs
[2022-11-04T07:17:56.842+0000] {logging_mixin.py:117} INFO - [2022-11-04T07:17:56.842+0000] {dag.py:3324} INFO - Setting next_dagrun for link_rec_airflow to 2022-11-04T06:50:00+00:00, run_after=2022-11-04T07:00:00+00:00
[2022-11-04T07:17:56.874+0000] {processor.py:178} INFO - Processing /opt/airflow/dags/link_rec_airflow.py took 2.871 seconds
[2022-11-04T07:18:27.659+0000] {processor.py:156} INFO - Started process (PID=11303) to work on /opt/airflow/dags/link_rec_airflow.py
[2022-11-04T07:18:27.670+0000] {processor.py:758} INFO - Processing file /opt/airflow/dags/link_rec_airflow.py for tasks to queue
[2022-11-04T07:18:27.671+0000] {logging_mixin.py:117} INFO - [2022-11-04T07:18:27.671+0000] {dagbag.py:525} INFO - Filling up the DagBag from /opt/airflow/dags/link_rec_airflow.py
[2022-11-04T07:18:31.320+0000] {processor.py:768} INFO - DAG(s) dict_keys(['link_rec_airflow']) retrieved from /opt/airflow/dags/link_rec_airflow.py
[2022-11-04T07:18:31.369+0000] {logging_mixin.py:117} INFO - [2022-11-04T07:18:31.368+0000] {dag.py:2573} INFO - Sync 1 DAGs
[2022-11-04T07:18:31.409+0000] {logging_mixin.py:117} INFO - [2022-11-04T07:18:31.409+0000] {dag.py:3324} INFO - Setting next_dagrun for link_rec_airflow to 2022-11-04T06:50:00+00:00, run_after=2022-11-04T07:00:00+00:00
[2022-11-04T07:18:31.437+0000] {processor.py:178} INFO - Processing /opt/airflow/dags/link_rec_airflow.py took 3.787 seconds
[2022-11-04T07:19:02.239+0000] {processor.py:156} INFO - Started process (PID=11500) to work on /opt/airflow/dags/link_rec_airflow.py
[2022-11-04T07:19:02.250+0000] {processor.py:758} INFO - Processing file /opt/airflow/dags/link_rec_airflow.py for tasks to queue
[2022-11-04T07:19:02.251+0000] {logging_mixin.py:117} INFO - [2022-11-04T07:19:02.250+0000] {dagbag.py:525} INFO - Filling up the DagBag from /opt/airflow/dags/link_rec_airflow.py
[2022-11-04T07:19:05.406+0000] {processor.py:768} INFO - DAG(s) dict_keys(['link_rec_airflow']) retrieved from /opt/airflow/dags/link_rec_airflow.py
[2022-11-04T07:19:05.458+0000] {logging_mixin.py:117} INFO - [2022-11-04T07:19:05.457+0000] {dag.py:2573} INFO - Sync 1 DAGs
[2022-11-04T07:19:05.493+0000] {logging_mixin.py:117} INFO - [2022-11-04T07:19:05.493+0000] {dag.py:3324} INFO - Setting next_dagrun for link_rec_airflow to 2022-11-04T06:50:00+00:00, run_after=2022-11-04T07:00:00+00:00
[2022-11-04T07:19:05.530+0000] {processor.py:178} INFO - Processing /opt/airflow/dags/link_rec_airflow.py took 3.294 seconds
[2022-11-04T07:19:36.049+0000] {processor.py:156} INFO - Started process (PID=11697) to work on /opt/airflow/dags/link_rec_airflow.py
[2022-11-04T07:19:36.051+0000] {processor.py:758} INFO - Processing file /opt/airflow/dags/link_rec_airflow.py for tasks to queue
[2022-11-04T07:19:36.053+0000] {logging_mixin.py:117} INFO - [2022-11-04T07:19:36.052+0000] {dagbag.py:525} INFO - Filling up the DagBag from /opt/airflow/dags/link_rec_airflow.py
[2022-11-04T07:19:39.919+0000] {processor.py:768} INFO - DAG(s) dict_keys(['link_rec_airflow']) retrieved from /opt/airflow/dags/link_rec_airflow.py
[2022-11-04T07:19:39.968+0000] {logging_mixin.py:117} INFO - [2022-11-04T07:19:39.967+0000] {dag.py:2573} INFO - Sync 1 DAGs
[2022-11-04T07:19:40.001+0000] {logging_mixin.py:117} INFO - [2022-11-04T07:19:40.001+0000] {dag.py:3324} INFO - Setting next_dagrun for link_rec_airflow to 2022-11-04T06:50:00+00:00, run_after=2022-11-04T07:00:00+00:00
[2022-11-04T07:19:40.050+0000] {processor.py:178} INFO - Processing /opt/airflow/dags/link_rec_airflow.py took 4.007 seconds
[2022-11-04T07:20:10.646+0000] {processor.py:156} INFO - Started process (PID=11894) to work on /opt/airflow/dags/link_rec_airflow.py
[2022-11-04T07:20:10.657+0000] {processor.py:758} INFO - Processing file /opt/airflow/dags/link_rec_airflow.py for tasks to queue
[2022-11-04T07:20:10.658+0000] {logging_mixin.py:117} INFO - [2022-11-04T07:20:10.657+0000] {dagbag.py:525} INFO - Filling up the DagBag from /opt/airflow/dags/link_rec_airflow.py
[2022-11-04T07:20:13.715+0000] {processor.py:768} INFO - DAG(s) dict_keys(['link_rec_airflow']) retrieved from /opt/airflow/dags/link_rec_airflow.py
[2022-11-04T07:20:13.768+0000] {logging_mixin.py:117} INFO - [2022-11-04T07:20:13.767+0000] {dag.py:2573} INFO - Sync 1 DAGs
[2022-11-04T07:20:13.804+0000] {logging_mixin.py:117} INFO - [2022-11-04T07:20:13.803+0000] {dag.py:3324} INFO - Setting next_dagrun for link_rec_airflow to 2022-11-04T06:50:00+00:00, run_after=2022-11-04T07:00:00+00:00
[2022-11-04T07:20:13.837+0000] {processor.py:178} INFO - Processing /opt/airflow/dags/link_rec_airflow.py took 3.194 seconds
[2022-11-04T07:20:44.609+0000] {processor.py:156} INFO - Started process (PID=12091) to work on /opt/airflow/dags/link_rec_airflow.py
[2022-11-04T07:20:44.612+0000] {processor.py:758} INFO - Processing file /opt/airflow/dags/link_rec_airflow.py for tasks to queue
[2022-11-04T07:20:44.613+0000] {logging_mixin.py:117} INFO - [2022-11-04T07:20:44.613+0000] {dagbag.py:525} INFO - Filling up the DagBag from /opt/airflow/dags/link_rec_airflow.py
[2022-11-04T07:20:48.562+0000] {processor.py:768} INFO - DAG(s) dict_keys(['link_rec_airflow']) retrieved from /opt/airflow/dags/link_rec_airflow.py
[2022-11-04T07:20:48.610+0000] {logging_mixin.py:117} INFO - [2022-11-04T07:20:48.609+0000] {dag.py:2573} INFO - Sync 1 DAGs
[2022-11-04T07:20:48.643+0000] {logging_mixin.py:117} INFO - [2022-11-04T07:20:48.643+0000] {dag.py:3324} INFO - Setting next_dagrun for link_rec_airflow to 2022-11-04T06:50:00+00:00, run_after=2022-11-04T07:00:00+00:00
[2022-11-04T07:20:48.686+0000] {processor.py:178} INFO - Processing /opt/airflow/dags/link_rec_airflow.py took 4.086 seconds
[2022-11-04T07:21:18.866+0000] {processor.py:156} INFO - Started process (PID=12288) to work on /opt/airflow/dags/link_rec_airflow.py
[2022-11-04T07:21:18.869+0000] {processor.py:758} INFO - Processing file /opt/airflow/dags/link_rec_airflow.py for tasks to queue
[2022-11-04T07:21:18.870+0000] {logging_mixin.py:117} INFO - [2022-11-04T07:21:18.870+0000] {dagbag.py:525} INFO - Filling up the DagBag from /opt/airflow/dags/link_rec_airflow.py
[2022-11-04T07:21:22.601+0000] {processor.py:768} INFO - DAG(s) dict_keys(['link_rec_airflow']) retrieved from /opt/airflow/dags/link_rec_airflow.py
[2022-11-04T07:21:22.645+0000] {logging_mixin.py:117} INFO - [2022-11-04T07:21:22.644+0000] {dag.py:2573} INFO - Sync 1 DAGs
[2022-11-04T07:21:22.679+0000] {logging_mixin.py:117} INFO - [2022-11-04T07:21:22.679+0000] {dag.py:3324} INFO - Setting next_dagrun for link_rec_airflow to 2022-11-04T06:50:00+00:00, run_after=2022-11-04T07:00:00+00:00
[2022-11-04T07:21:22.707+0000] {processor.py:178} INFO - Processing /opt/airflow/dags/link_rec_airflow.py took 3.850 seconds
[2022-11-04T07:21:52.847+0000] {processor.py:156} INFO - Started process (PID=12485) to work on /opt/airflow/dags/link_rec_airflow.py
[2022-11-04T07:21:52.849+0000] {processor.py:758} INFO - Processing file /opt/airflow/dags/link_rec_airflow.py for tasks to queue
[2022-11-04T07:21:52.850+0000] {logging_mixin.py:117} INFO - [2022-11-04T07:21:52.849+0000] {dagbag.py:525} INFO - Filling up the DagBag from /opt/airflow/dags/link_rec_airflow.py
[2022-11-04T07:21:56.065+0000] {processor.py:768} INFO - DAG(s) dict_keys(['link_rec_airflow']) retrieved from /opt/airflow/dags/link_rec_airflow.py
[2022-11-04T07:21:56.118+0000] {logging_mixin.py:117} INFO - [2022-11-04T07:21:56.117+0000] {dag.py:2573} INFO - Sync 1 DAGs
[2022-11-04T07:21:56.162+0000] {logging_mixin.py:117} INFO - [2022-11-04T07:21:56.162+0000] {dag.py:3324} INFO - Setting next_dagrun for link_rec_airflow to 2022-11-04T06:50:00+00:00, run_after=2022-11-04T07:00:00+00:00
[2022-11-04T07:21:56.204+0000] {processor.py:178} INFO - Processing /opt/airflow/dags/link_rec_airflow.py took 3.362 seconds
[2022-11-04T07:22:26.808+0000] {processor.py:156} INFO - Started process (PID=12682) to work on /opt/airflow/dags/link_rec_airflow.py
[2022-11-04T07:22:26.819+0000] {processor.py:758} INFO - Processing file /opt/airflow/dags/link_rec_airflow.py for tasks to queue
[2022-11-04T07:22:26.820+0000] {logging_mixin.py:117} INFO - [2022-11-04T07:22:26.819+0000] {dagbag.py:525} INFO - Filling up the DagBag from /opt/airflow/dags/link_rec_airflow.py
[2022-11-04T07:22:29.985+0000] {processor.py:768} INFO - DAG(s) dict_keys(['link_rec_airflow']) retrieved from /opt/airflow/dags/link_rec_airflow.py
[2022-11-04T07:22:30.035+0000] {logging_mixin.py:117} INFO - [2022-11-04T07:22:30.034+0000] {dag.py:2573} INFO - Sync 1 DAGs
[2022-11-04T07:22:30.072+0000] {logging_mixin.py:117} INFO - [2022-11-04T07:22:30.071+0000] {dag.py:3324} INFO - Setting next_dagrun for link_rec_airflow to 2022-11-04T06:50:00+00:00, run_after=2022-11-04T07:00:00+00:00
[2022-11-04T07:22:30.115+0000] {processor.py:178} INFO - Processing /opt/airflow/dags/link_rec_airflow.py took 3.311 seconds
[2022-11-04T07:23:00.625+0000] {processor.py:156} INFO - Started process (PID=12879) to work on /opt/airflow/dags/link_rec_airflow.py
[2022-11-04T07:23:00.626+0000] {processor.py:758} INFO - Processing file /opt/airflow/dags/link_rec_airflow.py for tasks to queue
[2022-11-04T07:23:00.627+0000] {logging_mixin.py:117} INFO - [2022-11-04T07:23:00.627+0000] {dagbag.py:525} INFO - Filling up the DagBag from /opt/airflow/dags/link_rec_airflow.py
[2022-11-04T07:23:05.105+0000] {processor.py:768} INFO - DAG(s) dict_keys(['link_rec_airflow']) retrieved from /opt/airflow/dags/link_rec_airflow.py
[2022-11-04T07:23:05.175+0000] {logging_mixin.py:117} INFO - [2022-11-04T07:23:05.174+0000] {dag.py:2573} INFO - Sync 1 DAGs
[2022-11-04T07:23:05.234+0000] {logging_mixin.py:117} INFO - [2022-11-04T07:23:05.233+0000] {dag.py:3324} INFO - Setting next_dagrun for link_rec_airflow to 2022-11-04T06:50:00+00:00, run_after=2022-11-04T07:00:00+00:00
[2022-11-04T07:23:05.296+0000] {processor.py:178} INFO - Processing /opt/airflow/dags/link_rec_airflow.py took 4.675 seconds
[2022-11-04T07:23:36.063+0000] {processor.py:156} INFO - Started process (PID=13076) to work on /opt/airflow/dags/link_rec_airflow.py
[2022-11-04T07:23:36.075+0000] {processor.py:758} INFO - Processing file /opt/airflow/dags/link_rec_airflow.py for tasks to queue
[2022-11-04T07:23:36.077+0000] {logging_mixin.py:117} INFO - [2022-11-04T07:23:36.077+0000] {dagbag.py:525} INFO - Filling up the DagBag from /opt/airflow/dags/link_rec_airflow.py
[2022-11-04T07:23:41.061+0000] {processor.py:768} INFO - DAG(s) dict_keys(['link_rec_airflow']) retrieved from /opt/airflow/dags/link_rec_airflow.py
[2022-11-04T07:23:41.161+0000] {logging_mixin.py:117} INFO - [2022-11-04T07:23:41.159+0000] {dag.py:2573} INFO - Sync 1 DAGs
[2022-11-04T07:23:41.240+0000] {logging_mixin.py:117} INFO - [2022-11-04T07:23:41.239+0000] {dag.py:3324} INFO - Setting next_dagrun for link_rec_airflow to 2022-11-04T06:50:00+00:00, run_after=2022-11-04T07:00:00+00:00
[2022-11-04T07:23:41.312+0000] {processor.py:178} INFO - Processing /opt/airflow/dags/link_rec_airflow.py took 5.258 seconds
[2022-11-04T07:24:11.551+0000] {processor.py:156} INFO - Started process (PID=13273) to work on /opt/airflow/dags/link_rec_airflow.py
[2022-11-04T07:24:11.561+0000] {processor.py:758} INFO - Processing file /opt/airflow/dags/link_rec_airflow.py for tasks to queue
[2022-11-04T07:24:11.562+0000] {logging_mixin.py:117} INFO - [2022-11-04T07:24:11.562+0000] {dagbag.py:525} INFO - Filling up the DagBag from /opt/airflow/dags/link_rec_airflow.py
[2022-11-04T07:24:15.698+0000] {processor.py:768} INFO - DAG(s) dict_keys(['link_rec_airflow']) retrieved from /opt/airflow/dags/link_rec_airflow.py
[2022-11-04T07:24:15.739+0000] {logging_mixin.py:117} INFO - [2022-11-04T07:24:15.739+0000] {dag.py:2573} INFO - Sync 1 DAGs
[2022-11-04T07:24:15.772+0000] {logging_mixin.py:117} INFO - [2022-11-04T07:24:15.771+0000] {dag.py:3324} INFO - Setting next_dagrun for link_rec_airflow to 2022-11-04T06:50:00+00:00, run_after=2022-11-04T07:00:00+00:00
[2022-11-04T07:24:15.809+0000] {processor.py:178} INFO - Processing /opt/airflow/dags/link_rec_airflow.py took 4.263 seconds
[2022-11-04T07:24:46.445+0000] {processor.py:156} INFO - Started process (PID=13470) to work on /opt/airflow/dags/link_rec_airflow.py
[2022-11-04T07:24:46.447+0000] {processor.py:758} INFO - Processing file /opt/airflow/dags/link_rec_airflow.py for tasks to queue
[2022-11-04T07:24:46.449+0000] {logging_mixin.py:117} INFO - [2022-11-04T07:24:46.449+0000] {dagbag.py:525} INFO - Filling up the DagBag from /opt/airflow/dags/link_rec_airflow.py
[2022-11-04T07:24:50.599+0000] {processor.py:768} INFO - DAG(s) dict_keys(['link_rec_airflow']) retrieved from /opt/airflow/dags/link_rec_airflow.py
[2022-11-04T07:24:50.644+0000] {logging_mixin.py:117} INFO - [2022-11-04T07:24:50.643+0000] {dag.py:2573} INFO - Sync 1 DAGs
[2022-11-04T07:24:50.673+0000] {logging_mixin.py:117} INFO - [2022-11-04T07:24:50.673+0000] {dag.py:3324} INFO - Setting next_dagrun for link_rec_airflow to 2022-11-04T06:50:00+00:00, run_after=2022-11-04T07:00:00+00:00
[2022-11-04T07:24:50.707+0000] {processor.py:178} INFO - Processing /opt/airflow/dags/link_rec_airflow.py took 4.271 seconds
[2022-11-04T07:25:21.371+0000] {processor.py:156} INFO - Started process (PID=13667) to work on /opt/airflow/dags/link_rec_airflow.py
[2022-11-04T07:25:21.381+0000] {processor.py:758} INFO - Processing file /opt/airflow/dags/link_rec_airflow.py for tasks to queue
[2022-11-04T07:25:21.384+0000] {logging_mixin.py:117} INFO - [2022-11-04T07:25:21.382+0000] {dagbag.py:525} INFO - Filling up the DagBag from /opt/airflow/dags/link_rec_airflow.py
[2022-11-04T07:25:24.790+0000] {processor.py:768} INFO - DAG(s) dict_keys(['link_rec_airflow']) retrieved from /opt/airflow/dags/link_rec_airflow.py
[2022-11-04T07:25:24.845+0000] {logging_mixin.py:117} INFO - [2022-11-04T07:25:24.844+0000] {dag.py:2573} INFO - Sync 1 DAGs
[2022-11-04T07:25:24.883+0000] {logging_mixin.py:117} INFO - [2022-11-04T07:25:24.882+0000] {dag.py:3324} INFO - Setting next_dagrun for link_rec_airflow to 2022-11-04T07:00:00+00:00, run_after=2022-11-04T07:25:00+00:00
[2022-11-04T07:25:24.912+0000] {processor.py:178} INFO - Processing /opt/airflow/dags/link_rec_airflow.py took 3.545 seconds
[2022-11-04T07:25:55.831+0000] {processor.py:156} INFO - Started process (PID=13865) to work on /opt/airflow/dags/link_rec_airflow.py
[2022-11-04T07:25:55.838+0000] {processor.py:758} INFO - Processing file /opt/airflow/dags/link_rec_airflow.py for tasks to queue
[2022-11-04T07:25:55.839+0000] {logging_mixin.py:117} INFO - [2022-11-04T07:25:55.839+0000] {dagbag.py:525} INFO - Filling up the DagBag from /opt/airflow/dags/link_rec_airflow.py
[2022-11-04T07:25:59.352+0000] {processor.py:768} INFO - DAG(s) dict_keys(['link_rec_airflow']) retrieved from /opt/airflow/dags/link_rec_airflow.py
[2022-11-04T07:25:59.389+0000] {logging_mixin.py:117} INFO - [2022-11-04T07:25:59.388+0000] {dag.py:2573} INFO - Sync 1 DAGs
[2022-11-04T07:25:59.414+0000] {logging_mixin.py:117} INFO - [2022-11-04T07:25:59.414+0000] {dag.py:3324} INFO - Setting next_dagrun for link_rec_airflow to 2022-11-04T07:00:00+00:00, run_after=2022-11-04T07:25:00+00:00
[2022-11-04T07:25:59.447+0000] {processor.py:178} INFO - Processing /opt/airflow/dags/link_rec_airflow.py took 3.622 seconds
[2022-11-04T07:26:30.013+0000] {processor.py:156} INFO - Started process (PID=14062) to work on /opt/airflow/dags/link_rec_airflow.py
[2022-11-04T07:26:30.014+0000] {processor.py:758} INFO - Processing file /opt/airflow/dags/link_rec_airflow.py for tasks to queue
[2022-11-04T07:26:30.015+0000] {logging_mixin.py:117} INFO - [2022-11-04T07:26:30.015+0000] {dagbag.py:525} INFO - Filling up the DagBag from /opt/airflow/dags/link_rec_airflow.py
[2022-11-04T07:26:33.636+0000] {processor.py:768} INFO - DAG(s) dict_keys(['link_rec_airflow']) retrieved from /opt/airflow/dags/link_rec_airflow.py
[2022-11-04T07:26:33.677+0000] {logging_mixin.py:117} INFO - [2022-11-04T07:26:33.677+0000] {dag.py:2573} INFO - Sync 1 DAGs
[2022-11-04T07:26:33.705+0000] {logging_mixin.py:117} INFO - [2022-11-04T07:26:33.705+0000] {dag.py:3324} INFO - Setting next_dagrun for link_rec_airflow to 2022-11-04T07:00:00+00:00, run_after=2022-11-04T07:25:00+00:00
[2022-11-04T07:26:33.740+0000] {processor.py:178} INFO - Processing /opt/airflow/dags/link_rec_airflow.py took 3.731 seconds
[2022-11-04T07:27:04.262+0000] {processor.py:156} INFO - Started process (PID=14259) to work on /opt/airflow/dags/link_rec_airflow.py
[2022-11-04T07:27:04.273+0000] {processor.py:758} INFO - Processing file /opt/airflow/dags/link_rec_airflow.py for tasks to queue
[2022-11-04T07:27:04.274+0000] {logging_mixin.py:117} INFO - [2022-11-04T07:27:04.274+0000] {dagbag.py:525} INFO - Filling up the DagBag from /opt/airflow/dags/link_rec_airflow.py
[2022-11-04T07:27:07.702+0000] {processor.py:768} INFO - DAG(s) dict_keys(['link_rec_airflow']) retrieved from /opt/airflow/dags/link_rec_airflow.py
[2022-11-04T07:27:07.753+0000] {logging_mixin.py:117} INFO - [2022-11-04T07:27:07.752+0000] {dag.py:2573} INFO - Sync 1 DAGs
[2022-11-04T07:27:07.790+0000] {logging_mixin.py:117} INFO - [2022-11-04T07:27:07.790+0000] {dag.py:3324} INFO - Setting next_dagrun for link_rec_airflow to 2022-11-04T07:00:00+00:00, run_after=2022-11-04T07:25:00+00:00
[2022-11-04T07:27:07.833+0000] {processor.py:178} INFO - Processing /opt/airflow/dags/link_rec_airflow.py took 3.580 seconds
