[2022-11-04T06:46:18.750+0000] {processor.py:156} INFO - Started process (PID=91) to work on /opt/airflow/dags/user_rec_airflow.py
[2022-11-04T06:46:18.750+0000] {processor.py:758} INFO - Processing file /opt/airflow/dags/user_rec_airflow.py for tasks to queue
[2022-11-04T06:46:18.751+0000] {logging_mixin.py:117} INFO - [2022-11-04T06:46:18.751+0000] {dagbag.py:525} INFO - Filling up the DagBag from /opt/airflow/dags/user_rec_airflow.py
[2022-11-04T06:46:22.206+0000] {processor.py:768} INFO - DAG(s) dict_keys(['user_rec_airflow']) retrieved from /opt/airflow/dags/user_rec_airflow.py
[2022-11-04T06:46:22.394+0000] {logging_mixin.py:117} INFO - [2022-11-04T06:46:22.393+0000] {manager.py:508} INFO - Created Permission View: can edit on DAG:user_rec_airflow
[2022-11-04T06:46:22.414+0000] {logging_mixin.py:117} INFO - [2022-11-04T06:46:22.413+0000] {manager.py:508} INFO - Created Permission View: can read on DAG:user_rec_airflow
[2022-11-04T06:46:22.429+0000] {logging_mixin.py:117} INFO - [2022-11-04T06:46:22.429+0000] {manager.py:508} INFO - Created Permission View: can delete on DAG:user_rec_airflow
[2022-11-04T06:46:22.430+0000] {logging_mixin.py:117} INFO - [2022-11-04T06:46:22.429+0000] {dag.py:2573} INFO - Sync 1 DAGs
[2022-11-04T06:46:22.452+0000] {logging_mixin.py:117} INFO - [2022-11-04T06:46:22.452+0000] {dag.py:2594} INFO - Creating ORM DAG for user_rec_airflow
[2022-11-04T06:46:22.477+0000] {logging_mixin.py:117} INFO - [2022-11-04T06:46:22.477+0000] {dag.py:3324} INFO - Setting next_dagrun for user_rec_airflow to 2022-11-04T06:00:00+00:00, run_after=2022-11-04T06:30:00+00:00
[2022-11-04T06:46:22.504+0000] {processor.py:178} INFO - Processing /opt/airflow/dags/user_rec_airflow.py took 3.758 seconds
[2022-11-04T06:46:53.346+0000] {processor.py:156} INFO - Started process (PID=289) to work on /opt/airflow/dags/user_rec_airflow.py
[2022-11-04T06:46:53.347+0000] {processor.py:758} INFO - Processing file /opt/airflow/dags/user_rec_airflow.py for tasks to queue
[2022-11-04T06:46:53.348+0000] {logging_mixin.py:117} INFO - [2022-11-04T06:46:53.347+0000] {dagbag.py:525} INFO - Filling up the DagBag from /opt/airflow/dags/user_rec_airflow.py
[2022-11-04T06:46:56.596+0000] {processor.py:768} INFO - DAG(s) dict_keys(['user_rec_airflow']) retrieved from /opt/airflow/dags/user_rec_airflow.py
[2022-11-04T06:46:56.678+0000] {logging_mixin.py:117} INFO - [2022-11-04T06:46:56.677+0000] {dag.py:2573} INFO - Sync 1 DAGs
[2022-11-04T06:46:56.708+0000] {logging_mixin.py:117} INFO - [2022-11-04T06:46:56.708+0000] {dag.py:3324} INFO - Setting next_dagrun for user_rec_airflow to 2022-11-04T06:00:00+00:00, run_after=2022-11-04T06:30:00+00:00
[2022-11-04T06:46:56.743+0000] {processor.py:178} INFO - Processing /opt/airflow/dags/user_rec_airflow.py took 3.400 seconds
[2022-11-04T06:47:27.479+0000] {processor.py:156} INFO - Started process (PID=486) to work on /opt/airflow/dags/user_rec_airflow.py
[2022-11-04T06:47:27.489+0000] {processor.py:758} INFO - Processing file /opt/airflow/dags/user_rec_airflow.py for tasks to queue
[2022-11-04T06:47:27.489+0000] {logging_mixin.py:117} INFO - [2022-11-04T06:47:27.489+0000] {dagbag.py:525} INFO - Filling up the DagBag from /opt/airflow/dags/user_rec_airflow.py
[2022-11-04T06:47:30.714+0000] {processor.py:768} INFO - DAG(s) dict_keys(['user_rec_airflow']) retrieved from /opt/airflow/dags/user_rec_airflow.py
[2022-11-04T06:47:30.776+0000] {logging_mixin.py:117} INFO - [2022-11-04T06:47:30.774+0000] {dag.py:2573} INFO - Sync 1 DAGs
[2022-11-04T06:47:30.817+0000] {logging_mixin.py:117} INFO - [2022-11-04T06:47:30.817+0000] {dag.py:3324} INFO - Setting next_dagrun for user_rec_airflow to 2022-11-04T06:00:00+00:00, run_after=2022-11-04T06:30:00+00:00
[2022-11-04T06:47:30.850+0000] {processor.py:178} INFO - Processing /opt/airflow/dags/user_rec_airflow.py took 3.376 seconds
[2022-11-04T06:48:01.037+0000] {processor.py:156} INFO - Started process (PID=683) to work on /opt/airflow/dags/user_rec_airflow.py
[2022-11-04T06:48:01.047+0000] {processor.py:758} INFO - Processing file /opt/airflow/dags/user_rec_airflow.py for tasks to queue
[2022-11-04T06:48:01.047+0000] {logging_mixin.py:117} INFO - [2022-11-04T06:48:01.047+0000] {dagbag.py:525} INFO - Filling up the DagBag from /opt/airflow/dags/user_rec_airflow.py
[2022-11-04T06:48:04.185+0000] {processor.py:768} INFO - DAG(s) dict_keys(['user_rec_airflow']) retrieved from /opt/airflow/dags/user_rec_airflow.py
[2022-11-04T06:48:04.228+0000] {logging_mixin.py:117} INFO - [2022-11-04T06:48:04.227+0000] {dag.py:2573} INFO - Sync 1 DAGs
[2022-11-04T06:48:04.258+0000] {logging_mixin.py:117} INFO - [2022-11-04T06:48:04.258+0000] {dag.py:3324} INFO - Setting next_dagrun for user_rec_airflow to 2022-11-04T06:00:00+00:00, run_after=2022-11-04T06:30:00+00:00
[2022-11-04T06:48:04.293+0000] {processor.py:178} INFO - Processing /opt/airflow/dags/user_rec_airflow.py took 3.259 seconds
[2022-11-04T06:48:35.209+0000] {processor.py:156} INFO - Started process (PID=880) to work on /opt/airflow/dags/user_rec_airflow.py
[2022-11-04T06:48:35.218+0000] {processor.py:758} INFO - Processing file /opt/airflow/dags/user_rec_airflow.py for tasks to queue
[2022-11-04T06:48:35.219+0000] {logging_mixin.py:117} INFO - [2022-11-04T06:48:35.219+0000] {dagbag.py:525} INFO - Filling up the DagBag from /opt/airflow/dags/user_rec_airflow.py
[2022-11-04T06:48:38.422+0000] {processor.py:768} INFO - DAG(s) dict_keys(['user_rec_airflow']) retrieved from /opt/airflow/dags/user_rec_airflow.py
[2022-11-04T06:48:38.497+0000] {logging_mixin.py:117} INFO - [2022-11-04T06:48:38.495+0000] {dag.py:2573} INFO - Sync 1 DAGs
[2022-11-04T06:48:38.544+0000] {logging_mixin.py:117} INFO - [2022-11-04T06:48:38.544+0000] {dag.py:3324} INFO - Setting next_dagrun for user_rec_airflow to 2022-11-04T06:00:00+00:00, run_after=2022-11-04T06:30:00+00:00
[2022-11-04T06:48:38.586+0000] {processor.py:178} INFO - Processing /opt/airflow/dags/user_rec_airflow.py took 3.380 seconds
[2022-11-04T06:49:08.924+0000] {processor.py:156} INFO - Started process (PID=1077) to work on /opt/airflow/dags/user_rec_airflow.py
[2022-11-04T06:49:08.925+0000] {processor.py:758} INFO - Processing file /opt/airflow/dags/user_rec_airflow.py for tasks to queue
[2022-11-04T06:49:08.926+0000] {logging_mixin.py:117} INFO - [2022-11-04T06:49:08.926+0000] {dagbag.py:525} INFO - Filling up the DagBag from /opt/airflow/dags/user_rec_airflow.py
[2022-11-04T06:49:12.151+0000] {processor.py:768} INFO - DAG(s) dict_keys(['user_rec_airflow']) retrieved from /opt/airflow/dags/user_rec_airflow.py
[2022-11-04T06:49:12.195+0000] {logging_mixin.py:117} INFO - [2022-11-04T06:49:12.193+0000] {dag.py:2573} INFO - Sync 1 DAGs
[2022-11-04T06:49:12.226+0000] {logging_mixin.py:117} INFO - [2022-11-04T06:49:12.226+0000] {dag.py:3324} INFO - Setting next_dagrun for user_rec_airflow to 2022-11-04T06:00:00+00:00, run_after=2022-11-04T06:30:00+00:00
[2022-11-04T06:49:12.262+0000] {processor.py:178} INFO - Processing /opt/airflow/dags/user_rec_airflow.py took 3.341 seconds
[2022-11-04T06:49:42.476+0000] {processor.py:156} INFO - Started process (PID=1274) to work on /opt/airflow/dags/user_rec_airflow.py
[2022-11-04T06:49:42.485+0000] {processor.py:758} INFO - Processing file /opt/airflow/dags/user_rec_airflow.py for tasks to queue
[2022-11-04T06:49:42.486+0000] {logging_mixin.py:117} INFO - [2022-11-04T06:49:42.486+0000] {dagbag.py:525} INFO - Filling up the DagBag from /opt/airflow/dags/user_rec_airflow.py
[2022-11-04T06:49:45.783+0000] {processor.py:768} INFO - DAG(s) dict_keys(['user_rec_airflow']) retrieved from /opt/airflow/dags/user_rec_airflow.py
[2022-11-04T06:49:45.827+0000] {logging_mixin.py:117} INFO - [2022-11-04T06:49:45.826+0000] {dag.py:2573} INFO - Sync 1 DAGs
[2022-11-04T06:49:45.855+0000] {logging_mixin.py:117} INFO - [2022-11-04T06:49:45.855+0000] {dag.py:3324} INFO - Setting next_dagrun for user_rec_airflow to 2022-11-04T06:00:00+00:00, run_after=2022-11-04T06:30:00+00:00
[2022-11-04T06:49:45.889+0000] {processor.py:178} INFO - Processing /opt/airflow/dags/user_rec_airflow.py took 3.417 seconds
[2022-11-04T06:50:16.271+0000] {processor.py:156} INFO - Started process (PID=1471) to work on /opt/airflow/dags/user_rec_airflow.py
[2022-11-04T06:50:16.281+0000] {processor.py:758} INFO - Processing file /opt/airflow/dags/user_rec_airflow.py for tasks to queue
[2022-11-04T06:50:16.281+0000] {logging_mixin.py:117} INFO - [2022-11-04T06:50:16.281+0000] {dagbag.py:525} INFO - Filling up the DagBag from /opt/airflow/dags/user_rec_airflow.py
[2022-11-04T06:50:19.446+0000] {processor.py:768} INFO - DAG(s) dict_keys(['user_rec_airflow']) retrieved from /opt/airflow/dags/user_rec_airflow.py
[2022-11-04T06:50:19.487+0000] {logging_mixin.py:117} INFO - [2022-11-04T06:50:19.486+0000] {dag.py:2573} INFO - Sync 1 DAGs
[2022-11-04T06:50:19.516+0000] {logging_mixin.py:117} INFO - [2022-11-04T06:50:19.516+0000] {dag.py:3324} INFO - Setting next_dagrun for user_rec_airflow to 2022-11-04T06:00:00+00:00, run_after=2022-11-04T06:30:00+00:00
[2022-11-04T06:50:19.541+0000] {processor.py:178} INFO - Processing /opt/airflow/dags/user_rec_airflow.py took 3.274 seconds
[2022-11-04T06:50:49.969+0000] {processor.py:156} INFO - Started process (PID=1668) to work on /opt/airflow/dags/user_rec_airflow.py
[2022-11-04T06:50:49.969+0000] {processor.py:758} INFO - Processing file /opt/airflow/dags/user_rec_airflow.py for tasks to queue
[2022-11-04T06:50:49.970+0000] {logging_mixin.py:117} INFO - [2022-11-04T06:50:49.970+0000] {dagbag.py:525} INFO - Filling up the DagBag from /opt/airflow/dags/user_rec_airflow.py
[2022-11-04T06:50:53.215+0000] {processor.py:768} INFO - DAG(s) dict_keys(['user_rec_airflow']) retrieved from /opt/airflow/dags/user_rec_airflow.py
[2022-11-04T06:50:53.257+0000] {logging_mixin.py:117} INFO - [2022-11-04T06:50:53.256+0000] {dag.py:2573} INFO - Sync 1 DAGs
[2022-11-04T06:50:53.286+0000] {logging_mixin.py:117} INFO - [2022-11-04T06:50:53.286+0000] {dag.py:3324} INFO - Setting next_dagrun for user_rec_airflow to 2022-11-04T06:00:00+00:00, run_after=2022-11-04T06:30:00+00:00
[2022-11-04T06:50:53.340+0000] {processor.py:178} INFO - Processing /opt/airflow/dags/user_rec_airflow.py took 3.375 seconds
[2022-11-04T06:51:24.218+0000] {processor.py:156} INFO - Started process (PID=1865) to work on /opt/airflow/dags/user_rec_airflow.py
[2022-11-04T06:51:24.224+0000] {processor.py:758} INFO - Processing file /opt/airflow/dags/user_rec_airflow.py for tasks to queue
[2022-11-04T06:51:24.224+0000] {logging_mixin.py:117} INFO - [2022-11-04T06:51:24.224+0000] {dagbag.py:525} INFO - Filling up the DagBag from /opt/airflow/dags/user_rec_airflow.py
[2022-11-04T06:51:27.384+0000] {processor.py:768} INFO - DAG(s) dict_keys(['user_rec_airflow']) retrieved from /opt/airflow/dags/user_rec_airflow.py
[2022-11-04T06:51:27.425+0000] {logging_mixin.py:117} INFO - [2022-11-04T06:51:27.424+0000] {dag.py:2573} INFO - Sync 1 DAGs
[2022-11-04T06:51:27.469+0000] {logging_mixin.py:117} INFO - [2022-11-04T06:51:27.469+0000] {dag.py:3324} INFO - Setting next_dagrun for user_rec_airflow to 2022-11-04T06:00:00+00:00, run_after=2022-11-04T06:30:00+00:00
[2022-11-04T06:51:27.518+0000] {processor.py:178} INFO - Processing /opt/airflow/dags/user_rec_airflow.py took 3.303 seconds
[2022-11-04T06:51:58.210+0000] {processor.py:156} INFO - Started process (PID=2063) to work on /opt/airflow/dags/user_rec_airflow.py
[2022-11-04T06:51:58.220+0000] {processor.py:758} INFO - Processing file /opt/airflow/dags/user_rec_airflow.py for tasks to queue
[2022-11-04T06:51:58.221+0000] {logging_mixin.py:117} INFO - [2022-11-04T06:51:58.220+0000] {dagbag.py:525} INFO - Filling up the DagBag from /opt/airflow/dags/user_rec_airflow.py
[2022-11-04T06:52:01.498+0000] {processor.py:768} INFO - DAG(s) dict_keys(['user_rec_airflow']) retrieved from /opt/airflow/dags/user_rec_airflow.py
[2022-11-04T06:52:01.539+0000] {logging_mixin.py:117} INFO - [2022-11-04T06:52:01.539+0000] {dag.py:2573} INFO - Sync 1 DAGs
[2022-11-04T06:52:01.570+0000] {logging_mixin.py:117} INFO - [2022-11-04T06:52:01.570+0000] {dag.py:3324} INFO - Setting next_dagrun for user_rec_airflow to 2022-11-04T06:00:00+00:00, run_after=2022-11-04T06:30:00+00:00
[2022-11-04T06:52:01.618+0000] {processor.py:178} INFO - Processing /opt/airflow/dags/user_rec_airflow.py took 3.415 seconds
[2022-11-04T06:52:31.880+0000] {processor.py:156} INFO - Started process (PID=2260) to work on /opt/airflow/dags/user_rec_airflow.py
[2022-11-04T06:52:31.890+0000] {processor.py:758} INFO - Processing file /opt/airflow/dags/user_rec_airflow.py for tasks to queue
[2022-11-04T06:52:31.891+0000] {logging_mixin.py:117} INFO - [2022-11-04T06:52:31.891+0000] {dagbag.py:525} INFO - Filling up the DagBag from /opt/airflow/dags/user_rec_airflow.py
[2022-11-04T06:52:35.015+0000] {processor.py:768} INFO - DAG(s) dict_keys(['user_rec_airflow']) retrieved from /opt/airflow/dags/user_rec_airflow.py
[2022-11-04T06:52:35.060+0000] {logging_mixin.py:117} INFO - [2022-11-04T06:52:35.059+0000] {dag.py:2573} INFO - Sync 1 DAGs
[2022-11-04T06:52:35.089+0000] {logging_mixin.py:117} INFO - [2022-11-04T06:52:35.089+0000] {dag.py:3324} INFO - Setting next_dagrun for user_rec_airflow to 2022-11-04T06:00:00+00:00, run_after=2022-11-04T06:30:00+00:00
[2022-11-04T06:52:35.124+0000] {processor.py:178} INFO - Processing /opt/airflow/dags/user_rec_airflow.py took 3.246 seconds
[2022-11-04T06:53:05.361+0000] {processor.py:156} INFO - Started process (PID=2457) to work on /opt/airflow/dags/user_rec_airflow.py
[2022-11-04T06:53:05.363+0000] {processor.py:758} INFO - Processing file /opt/airflow/dags/user_rec_airflow.py for tasks to queue
[2022-11-04T06:53:05.364+0000] {logging_mixin.py:117} INFO - [2022-11-04T06:53:05.364+0000] {dagbag.py:525} INFO - Filling up the DagBag from /opt/airflow/dags/user_rec_airflow.py
[2022-11-04T06:53:08.531+0000] {processor.py:768} INFO - DAG(s) dict_keys(['user_rec_airflow']) retrieved from /opt/airflow/dags/user_rec_airflow.py
[2022-11-04T06:53:08.573+0000] {logging_mixin.py:117} INFO - [2022-11-04T06:53:08.572+0000] {dag.py:2573} INFO - Sync 1 DAGs
[2022-11-04T06:53:08.602+0000] {logging_mixin.py:117} INFO - [2022-11-04T06:53:08.602+0000] {dag.py:3324} INFO - Setting next_dagrun for user_rec_airflow to 2022-11-04T06:00:00+00:00, run_after=2022-11-04T06:30:00+00:00
[2022-11-04T06:53:08.636+0000] {processor.py:178} INFO - Processing /opt/airflow/dags/user_rec_airflow.py took 3.283 seconds
[2022-11-04T06:53:39.117+0000] {processor.py:156} INFO - Started process (PID=2654) to work on /opt/airflow/dags/user_rec_airflow.py
[2022-11-04T06:53:39.120+0000] {processor.py:758} INFO - Processing file /opt/airflow/dags/user_rec_airflow.py for tasks to queue
[2022-11-04T06:53:39.121+0000] {logging_mixin.py:117} INFO - [2022-11-04T06:53:39.121+0000] {dagbag.py:525} INFO - Filling up the DagBag from /opt/airflow/dags/user_rec_airflow.py
[2022-11-04T06:53:42.391+0000] {processor.py:768} INFO - DAG(s) dict_keys(['user_rec_airflow']) retrieved from /opt/airflow/dags/user_rec_airflow.py
[2022-11-04T06:53:42.433+0000] {logging_mixin.py:117} INFO - [2022-11-04T06:53:42.433+0000] {dag.py:2573} INFO - Sync 1 DAGs
[2022-11-04T06:53:42.461+0000] {logging_mixin.py:117} INFO - [2022-11-04T06:53:42.461+0000] {dag.py:3324} INFO - Setting next_dagrun for user_rec_airflow to 2022-11-04T06:00:00+00:00, run_after=2022-11-04T06:30:00+00:00
[2022-11-04T06:53:42.497+0000] {processor.py:178} INFO - Processing /opt/airflow/dags/user_rec_airflow.py took 3.387 seconds
[2022-11-04T06:54:12.586+0000] {processor.py:156} INFO - Started process (PID=2851) to work on /opt/airflow/dags/user_rec_airflow.py
[2022-11-04T06:54:12.596+0000] {processor.py:758} INFO - Processing file /opt/airflow/dags/user_rec_airflow.py for tasks to queue
[2022-11-04T06:54:12.598+0000] {logging_mixin.py:117} INFO - [2022-11-04T06:54:12.598+0000] {dagbag.py:525} INFO - Filling up the DagBag from /opt/airflow/dags/user_rec_airflow.py
[2022-11-04T06:54:16.115+0000] {processor.py:768} INFO - DAG(s) dict_keys(['user_rec_airflow']) retrieved from /opt/airflow/dags/user_rec_airflow.py
[2022-11-04T06:54:16.156+0000] {logging_mixin.py:117} INFO - [2022-11-04T06:54:16.156+0000] {dag.py:2573} INFO - Sync 1 DAGs
[2022-11-04T06:54:16.187+0000] {logging_mixin.py:117} INFO - [2022-11-04T06:54:16.187+0000] {dag.py:3324} INFO - Setting next_dagrun for user_rec_airflow to 2022-11-04T06:00:00+00:00, run_after=2022-11-04T06:30:00+00:00
[2022-11-04T06:54:16.213+0000] {processor.py:178} INFO - Processing /opt/airflow/dags/user_rec_airflow.py took 3.636 seconds
[2022-11-04T06:54:46.786+0000] {processor.py:156} INFO - Started process (PID=3048) to work on /opt/airflow/dags/user_rec_airflow.py
[2022-11-04T06:54:46.797+0000] {processor.py:758} INFO - Processing file /opt/airflow/dags/user_rec_airflow.py for tasks to queue
[2022-11-04T06:54:46.798+0000] {logging_mixin.py:117} INFO - [2022-11-04T06:54:46.798+0000] {dagbag.py:525} INFO - Filling up the DagBag from /opt/airflow/dags/user_rec_airflow.py
[2022-11-04T06:54:50.144+0000] {processor.py:768} INFO - DAG(s) dict_keys(['user_rec_airflow']) retrieved from /opt/airflow/dags/user_rec_airflow.py
[2022-11-04T06:54:50.190+0000] {logging_mixin.py:117} INFO - [2022-11-04T06:54:50.189+0000] {dag.py:2573} INFO - Sync 1 DAGs
[2022-11-04T06:54:50.223+0000] {logging_mixin.py:117} INFO - [2022-11-04T06:54:50.223+0000] {dag.py:3324} INFO - Setting next_dagrun for user_rec_airflow to 2022-11-04T06:00:00+00:00, run_after=2022-11-04T06:30:00+00:00
[2022-11-04T06:54:50.260+0000] {processor.py:178} INFO - Processing /opt/airflow/dags/user_rec_airflow.py took 3.477 seconds
[2022-11-04T06:55:21.137+0000] {processor.py:156} INFO - Started process (PID=3245) to work on /opt/airflow/dags/user_rec_airflow.py
[2022-11-04T06:55:21.147+0000] {processor.py:758} INFO - Processing file /opt/airflow/dags/user_rec_airflow.py for tasks to queue
[2022-11-04T06:55:21.147+0000] {logging_mixin.py:117} INFO - [2022-11-04T06:55:21.147+0000] {dagbag.py:525} INFO - Filling up the DagBag from /opt/airflow/dags/user_rec_airflow.py
[2022-11-04T06:55:24.390+0000] {processor.py:768} INFO - DAG(s) dict_keys(['user_rec_airflow']) retrieved from /opt/airflow/dags/user_rec_airflow.py
[2022-11-04T06:55:24.433+0000] {logging_mixin.py:117} INFO - [2022-11-04T06:55:24.432+0000] {dag.py:2573} INFO - Sync 1 DAGs
[2022-11-04T06:55:24.462+0000] {logging_mixin.py:117} INFO - [2022-11-04T06:55:24.462+0000] {dag.py:3324} INFO - Setting next_dagrun for user_rec_airflow to 2022-11-04T06:00:00+00:00, run_after=2022-11-04T06:30:00+00:00
[2022-11-04T06:55:24.498+0000] {processor.py:178} INFO - Processing /opt/airflow/dags/user_rec_airflow.py took 3.365 seconds
[2022-11-04T06:55:54.759+0000] {processor.py:156} INFO - Started process (PID=3442) to work on /opt/airflow/dags/user_rec_airflow.py
[2022-11-04T06:55:54.760+0000] {processor.py:758} INFO - Processing file /opt/airflow/dags/user_rec_airflow.py for tasks to queue
[2022-11-04T06:55:54.762+0000] {logging_mixin.py:117} INFO - [2022-11-04T06:55:54.762+0000] {dagbag.py:525} INFO - Filling up the DagBag from /opt/airflow/dags/user_rec_airflow.py
[2022-11-04T06:55:58.109+0000] {processor.py:768} INFO - DAG(s) dict_keys(['user_rec_airflow']) retrieved from /opt/airflow/dags/user_rec_airflow.py
[2022-11-04T06:55:58.151+0000] {logging_mixin.py:117} INFO - [2022-11-04T06:55:58.150+0000] {dag.py:2573} INFO - Sync 1 DAGs
[2022-11-04T06:55:58.180+0000] {logging_mixin.py:117} INFO - [2022-11-04T06:55:58.180+0000] {dag.py:3324} INFO - Setting next_dagrun for user_rec_airflow to 2022-11-04T06:00:00+00:00, run_after=2022-11-04T06:30:00+00:00
[2022-11-04T06:55:58.206+0000] {processor.py:178} INFO - Processing /opt/airflow/dags/user_rec_airflow.py took 3.451 seconds
[2022-11-04T06:56:28.264+0000] {processor.py:156} INFO - Started process (PID=3640) to work on /opt/airflow/dags/user_rec_airflow.py
[2022-11-04T06:56:28.265+0000] {processor.py:758} INFO - Processing file /opt/airflow/dags/user_rec_airflow.py for tasks to queue
[2022-11-04T06:56:28.265+0000] {logging_mixin.py:117} INFO - [2022-11-04T06:56:28.265+0000] {dagbag.py:525} INFO - Filling up the DagBag from /opt/airflow/dags/user_rec_airflow.py
[2022-11-04T06:56:31.700+0000] {processor.py:768} INFO - DAG(s) dict_keys(['user_rec_airflow']) retrieved from /opt/airflow/dags/user_rec_airflow.py
[2022-11-04T06:56:31.742+0000] {logging_mixin.py:117} INFO - [2022-11-04T06:56:31.742+0000] {dag.py:2573} INFO - Sync 1 DAGs
[2022-11-04T06:56:31.772+0000] {logging_mixin.py:117} INFO - [2022-11-04T06:56:31.772+0000] {dag.py:3324} INFO - Setting next_dagrun for user_rec_airflow to 2022-11-04T06:00:00+00:00, run_after=2022-11-04T06:30:00+00:00
[2022-11-04T06:56:31.798+0000] {processor.py:178} INFO - Processing /opt/airflow/dags/user_rec_airflow.py took 3.538 seconds
[2022-11-04T06:57:01.894+0000] {processor.py:156} INFO - Started process (PID=3836) to work on /opt/airflow/dags/user_rec_airflow.py
[2022-11-04T06:57:01.895+0000] {processor.py:758} INFO - Processing file /opt/airflow/dags/user_rec_airflow.py for tasks to queue
[2022-11-04T06:57:01.896+0000] {logging_mixin.py:117} INFO - [2022-11-04T06:57:01.895+0000] {dagbag.py:525} INFO - Filling up the DagBag from /opt/airflow/dags/user_rec_airflow.py
[2022-11-04T06:57:05.328+0000] {processor.py:768} INFO - DAG(s) dict_keys(['user_rec_airflow']) retrieved from /opt/airflow/dags/user_rec_airflow.py
[2022-11-04T06:57:05.375+0000] {logging_mixin.py:117} INFO - [2022-11-04T06:57:05.374+0000] {dag.py:2573} INFO - Sync 1 DAGs
[2022-11-04T06:57:05.407+0000] {logging_mixin.py:117} INFO - [2022-11-04T06:57:05.407+0000] {dag.py:3324} INFO - Setting next_dagrun for user_rec_airflow to 2022-11-04T06:00:00+00:00, run_after=2022-11-04T06:30:00+00:00
[2022-11-04T06:57:05.458+0000] {processor.py:178} INFO - Processing /opt/airflow/dags/user_rec_airflow.py took 3.570 seconds
[2022-11-04T06:57:35.985+0000] {processor.py:156} INFO - Started process (PID=4033) to work on /opt/airflow/dags/user_rec_airflow.py
[2022-11-04T06:57:35.995+0000] {processor.py:758} INFO - Processing file /opt/airflow/dags/user_rec_airflow.py for tasks to queue
[2022-11-04T06:57:35.996+0000] {logging_mixin.py:117} INFO - [2022-11-04T06:57:35.996+0000] {dagbag.py:525} INFO - Filling up the DagBag from /opt/airflow/dags/user_rec_airflow.py
[2022-11-04T06:57:39.463+0000] {processor.py:768} INFO - DAG(s) dict_keys(['user_rec_airflow']) retrieved from /opt/airflow/dags/user_rec_airflow.py
[2022-11-04T06:57:39.507+0000] {logging_mixin.py:117} INFO - [2022-11-04T06:57:39.506+0000] {dag.py:2573} INFO - Sync 1 DAGs
[2022-11-04T06:57:39.542+0000] {logging_mixin.py:117} INFO - [2022-11-04T06:57:39.542+0000] {dag.py:3324} INFO - Setting next_dagrun for user_rec_airflow to 2022-11-04T06:00:00+00:00, run_after=2022-11-04T06:30:00+00:00
[2022-11-04T06:57:39.592+0000] {processor.py:178} INFO - Processing /opt/airflow/dags/user_rec_airflow.py took 3.610 seconds
[2022-11-04T06:58:10.229+0000] {processor.py:156} INFO - Started process (PID=4230) to work on /opt/airflow/dags/user_rec_airflow.py
[2022-11-04T06:58:10.230+0000] {processor.py:758} INFO - Processing file /opt/airflow/dags/user_rec_airflow.py for tasks to queue
[2022-11-04T06:58:10.230+0000] {logging_mixin.py:117} INFO - [2022-11-04T06:58:10.230+0000] {dagbag.py:525} INFO - Filling up the DagBag from /opt/airflow/dags/user_rec_airflow.py
[2022-11-04T06:58:13.602+0000] {processor.py:768} INFO - DAG(s) dict_keys(['user_rec_airflow']) retrieved from /opt/airflow/dags/user_rec_airflow.py
[2022-11-04T06:58:13.644+0000] {logging_mixin.py:117} INFO - [2022-11-04T06:58:13.642+0000] {dag.py:2573} INFO - Sync 1 DAGs
[2022-11-04T06:58:13.673+0000] {logging_mixin.py:117} INFO - [2022-11-04T06:58:13.673+0000] {dag.py:3324} INFO - Setting next_dagrun for user_rec_airflow to 2022-11-04T06:00:00+00:00, run_after=2022-11-04T06:30:00+00:00
[2022-11-04T06:58:13.711+0000] {processor.py:178} INFO - Processing /opt/airflow/dags/user_rec_airflow.py took 3.486 seconds
[2022-11-04T06:58:43.966+0000] {processor.py:156} INFO - Started process (PID=4427) to work on /opt/airflow/dags/user_rec_airflow.py
[2022-11-04T06:58:43.976+0000] {processor.py:758} INFO - Processing file /opt/airflow/dags/user_rec_airflow.py for tasks to queue
[2022-11-04T06:58:43.977+0000] {logging_mixin.py:117} INFO - [2022-11-04T06:58:43.977+0000] {dagbag.py:525} INFO - Filling up the DagBag from /opt/airflow/dags/user_rec_airflow.py
[2022-11-04T06:58:47.498+0000] {processor.py:768} INFO - DAG(s) dict_keys(['user_rec_airflow']) retrieved from /opt/airflow/dags/user_rec_airflow.py
[2022-11-04T06:58:47.542+0000] {logging_mixin.py:117} INFO - [2022-11-04T06:58:47.542+0000] {dag.py:2573} INFO - Sync 1 DAGs
[2022-11-04T06:58:47.573+0000] {logging_mixin.py:117} INFO - [2022-11-04T06:58:47.573+0000] {dag.py:3324} INFO - Setting next_dagrun for user_rec_airflow to 2022-11-04T06:00:00+00:00, run_after=2022-11-04T06:30:00+00:00
[2022-11-04T06:58:47.601+0000] {processor.py:178} INFO - Processing /opt/airflow/dags/user_rec_airflow.py took 3.640 seconds
[2022-11-04T06:59:18.196+0000] {processor.py:156} INFO - Started process (PID=4624) to work on /opt/airflow/dags/user_rec_airflow.py
[2022-11-04T06:59:18.207+0000] {processor.py:758} INFO - Processing file /opt/airflow/dags/user_rec_airflow.py for tasks to queue
[2022-11-04T06:59:18.208+0000] {logging_mixin.py:117} INFO - [2022-11-04T06:59:18.208+0000] {dagbag.py:525} INFO - Filling up the DagBag from /opt/airflow/dags/user_rec_airflow.py
[2022-11-04T06:59:21.680+0000] {processor.py:768} INFO - DAG(s) dict_keys(['user_rec_airflow']) retrieved from /opt/airflow/dags/user_rec_airflow.py
[2022-11-04T06:59:21.720+0000] {logging_mixin.py:117} INFO - [2022-11-04T06:59:21.719+0000] {dag.py:2573} INFO - Sync 1 DAGs
[2022-11-04T06:59:21.749+0000] {logging_mixin.py:117} INFO - [2022-11-04T06:59:21.749+0000] {dag.py:3324} INFO - Setting next_dagrun for user_rec_airflow to 2022-11-04T06:00:00+00:00, run_after=2022-11-04T06:30:00+00:00
[2022-11-04T06:59:21.785+0000] {processor.py:178} INFO - Processing /opt/airflow/dags/user_rec_airflow.py took 3.595 seconds
[2022-11-04T06:59:52.010+0000] {processor.py:156} INFO - Started process (PID=4821) to work on /opt/airflow/dags/user_rec_airflow.py
[2022-11-04T06:59:52.011+0000] {processor.py:758} INFO - Processing file /opt/airflow/dags/user_rec_airflow.py for tasks to queue
[2022-11-04T06:59:52.012+0000] {logging_mixin.py:117} INFO - [2022-11-04T06:59:52.012+0000] {dagbag.py:525} INFO - Filling up the DagBag from /opt/airflow/dags/user_rec_airflow.py
[2022-11-04T06:59:55.607+0000] {processor.py:768} INFO - DAG(s) dict_keys(['user_rec_airflow']) retrieved from /opt/airflow/dags/user_rec_airflow.py
[2022-11-04T06:59:55.670+0000] {logging_mixin.py:117} INFO - [2022-11-04T06:59:55.669+0000] {dag.py:2573} INFO - Sync 1 DAGs
[2022-11-04T06:59:55.702+0000] {logging_mixin.py:117} INFO - [2022-11-04T06:59:55.702+0000] {dag.py:3324} INFO - Setting next_dagrun for user_rec_airflow to 2022-11-04T06:00:00+00:00, run_after=2022-11-04T06:30:00+00:00
[2022-11-04T06:59:55.730+0000] {processor.py:178} INFO - Processing /opt/airflow/dags/user_rec_airflow.py took 3.724 seconds
[2022-11-04T07:00:25.917+0000] {processor.py:156} INFO - Started process (PID=5018) to work on /opt/airflow/dags/user_rec_airflow.py
[2022-11-04T07:00:25.917+0000] {processor.py:758} INFO - Processing file /opt/airflow/dags/user_rec_airflow.py for tasks to queue
[2022-11-04T07:00:25.918+0000] {logging_mixin.py:117} INFO - [2022-11-04T07:00:25.918+0000] {dagbag.py:525} INFO - Filling up the DagBag from /opt/airflow/dags/user_rec_airflow.py
[2022-11-04T07:00:29.399+0000] {processor.py:768} INFO - DAG(s) dict_keys(['user_rec_airflow']) retrieved from /opt/airflow/dags/user_rec_airflow.py
[2022-11-04T07:00:29.456+0000] {logging_mixin.py:117} INFO - [2022-11-04T07:00:29.455+0000] {dag.py:2573} INFO - Sync 1 DAGs
[2022-11-04T07:00:29.496+0000] {logging_mixin.py:117} INFO - [2022-11-04T07:00:29.495+0000] {dag.py:3324} INFO - Setting next_dagrun for user_rec_airflow to 2022-11-04T06:30:00+00:00, run_after=2022-11-04T07:00:00+00:00
[2022-11-04T07:00:29.529+0000] {processor.py:178} INFO - Processing /opt/airflow/dags/user_rec_airflow.py took 3.616 seconds
[2022-11-04T07:01:00.209+0000] {processor.py:156} INFO - Started process (PID=5215) to work on /opt/airflow/dags/user_rec_airflow.py
[2022-11-04T07:01:00.219+0000] {processor.py:758} INFO - Processing file /opt/airflow/dags/user_rec_airflow.py for tasks to queue
[2022-11-04T07:01:00.219+0000] {logging_mixin.py:117} INFO - [2022-11-04T07:01:00.219+0000] {dagbag.py:525} INFO - Filling up the DagBag from /opt/airflow/dags/user_rec_airflow.py
[2022-11-04T07:01:03.629+0000] {processor.py:768} INFO - DAG(s) dict_keys(['user_rec_airflow']) retrieved from /opt/airflow/dags/user_rec_airflow.py
[2022-11-04T07:01:03.682+0000] {logging_mixin.py:117} INFO - [2022-11-04T07:01:03.679+0000] {dag.py:2573} INFO - Sync 1 DAGs
[2022-11-04T07:01:03.722+0000] {logging_mixin.py:117} INFO - [2022-11-04T07:01:03.722+0000] {dag.py:3324} INFO - Setting next_dagrun for user_rec_airflow to 2022-11-04T06:30:00+00:00, run_after=2022-11-04T07:00:00+00:00
[2022-11-04T07:01:03.753+0000] {processor.py:178} INFO - Processing /opt/airflow/dags/user_rec_airflow.py took 3.548 seconds
[2022-11-04T07:01:33.977+0000] {processor.py:156} INFO - Started process (PID=5412) to work on /opt/airflow/dags/user_rec_airflow.py
[2022-11-04T07:01:33.987+0000] {processor.py:758} INFO - Processing file /opt/airflow/dags/user_rec_airflow.py for tasks to queue
[2022-11-04T07:01:33.988+0000] {logging_mixin.py:117} INFO - [2022-11-04T07:01:33.988+0000] {dagbag.py:525} INFO - Filling up the DagBag from /opt/airflow/dags/user_rec_airflow.py
[2022-11-04T07:01:37.277+0000] {processor.py:768} INFO - DAG(s) dict_keys(['user_rec_airflow']) retrieved from /opt/airflow/dags/user_rec_airflow.py
[2022-11-04T07:01:37.334+0000] {logging_mixin.py:117} INFO - [2022-11-04T07:01:37.333+0000] {dag.py:2573} INFO - Sync 1 DAGs
[2022-11-04T07:01:37.376+0000] {logging_mixin.py:117} INFO - [2022-11-04T07:01:37.376+0000] {dag.py:3324} INFO - Setting next_dagrun for user_rec_airflow to 2022-11-04T06:30:00+00:00, run_after=2022-11-04T07:00:00+00:00
[2022-11-04T07:01:37.416+0000] {processor.py:178} INFO - Processing /opt/airflow/dags/user_rec_airflow.py took 3.443 seconds
[2022-11-04T07:02:07.721+0000] {processor.py:156} INFO - Started process (PID=5609) to work on /opt/airflow/dags/user_rec_airflow.py
[2022-11-04T07:02:07.731+0000] {processor.py:758} INFO - Processing file /opt/airflow/dags/user_rec_airflow.py for tasks to queue
[2022-11-04T07:02:07.732+0000] {logging_mixin.py:117} INFO - [2022-11-04T07:02:07.732+0000] {dagbag.py:525} INFO - Filling up the DagBag from /opt/airflow/dags/user_rec_airflow.py
[2022-11-04T07:02:10.916+0000] {processor.py:768} INFO - DAG(s) dict_keys(['user_rec_airflow']) retrieved from /opt/airflow/dags/user_rec_airflow.py
[2022-11-04T07:02:10.958+0000] {logging_mixin.py:117} INFO - [2022-11-04T07:02:10.957+0000] {dag.py:2573} INFO - Sync 1 DAGs
[2022-11-04T07:02:10.997+0000] {logging_mixin.py:117} INFO - [2022-11-04T07:02:10.997+0000] {dag.py:3324} INFO - Setting next_dagrun for user_rec_airflow to 2022-11-04T06:30:00+00:00, run_after=2022-11-04T07:00:00+00:00
[2022-11-04T07:02:11.039+0000] {processor.py:178} INFO - Processing /opt/airflow/dags/user_rec_airflow.py took 3.322 seconds
[2022-11-04T07:02:41.524+0000] {processor.py:156} INFO - Started process (PID=5806) to work on /opt/airflow/dags/user_rec_airflow.py
[2022-11-04T07:02:41.524+0000] {processor.py:758} INFO - Processing file /opt/airflow/dags/user_rec_airflow.py for tasks to queue
[2022-11-04T07:02:41.525+0000] {logging_mixin.py:117} INFO - [2022-11-04T07:02:41.525+0000] {dagbag.py:525} INFO - Filling up the DagBag from /opt/airflow/dags/user_rec_airflow.py
[2022-11-04T07:02:44.880+0000] {processor.py:768} INFO - DAG(s) dict_keys(['user_rec_airflow']) retrieved from /opt/airflow/dags/user_rec_airflow.py
[2022-11-04T07:02:44.922+0000] {logging_mixin.py:117} INFO - [2022-11-04T07:02:44.922+0000] {dag.py:2573} INFO - Sync 1 DAGs
[2022-11-04T07:02:44.952+0000] {logging_mixin.py:117} INFO - [2022-11-04T07:02:44.951+0000] {dag.py:3324} INFO - Setting next_dagrun for user_rec_airflow to 2022-11-04T06:30:00+00:00, run_after=2022-11-04T07:00:00+00:00
[2022-11-04T07:02:44.979+0000] {processor.py:178} INFO - Processing /opt/airflow/dags/user_rec_airflow.py took 3.459 seconds
[2022-11-04T07:03:15.044+0000] {processor.py:156} INFO - Started process (PID=6004) to work on /opt/airflow/dags/user_rec_airflow.py
[2022-11-04T07:03:15.045+0000] {processor.py:758} INFO - Processing file /opt/airflow/dags/user_rec_airflow.py for tasks to queue
[2022-11-04T07:03:15.045+0000] {logging_mixin.py:117} INFO - [2022-11-04T07:03:15.045+0000] {dagbag.py:525} INFO - Filling up the DagBag from /opt/airflow/dags/user_rec_airflow.py
[2022-11-04T07:03:18.324+0000] {processor.py:768} INFO - DAG(s) dict_keys(['user_rec_airflow']) retrieved from /opt/airflow/dags/user_rec_airflow.py
[2022-11-04T07:03:18.366+0000] {logging_mixin.py:117} INFO - [2022-11-04T07:03:18.366+0000] {dag.py:2573} INFO - Sync 1 DAGs
[2022-11-04T07:03:18.398+0000] {logging_mixin.py:117} INFO - [2022-11-04T07:03:18.397+0000] {dag.py:3324} INFO - Setting next_dagrun for user_rec_airflow to 2022-11-04T06:30:00+00:00, run_after=2022-11-04T07:00:00+00:00
[2022-11-04T07:03:18.424+0000] {processor.py:178} INFO - Processing /opt/airflow/dags/user_rec_airflow.py took 3.383 seconds
[2022-11-04T07:03:49.331+0000] {processor.py:156} INFO - Started process (PID=6200) to work on /opt/airflow/dags/user_rec_airflow.py
[2022-11-04T07:03:49.341+0000] {processor.py:758} INFO - Processing file /opt/airflow/dags/user_rec_airflow.py for tasks to queue
[2022-11-04T07:03:49.341+0000] {logging_mixin.py:117} INFO - [2022-11-04T07:03:49.341+0000] {dagbag.py:525} INFO - Filling up the DagBag from /opt/airflow/dags/user_rec_airflow.py
[2022-11-04T07:03:52.471+0000] {processor.py:768} INFO - DAG(s) dict_keys(['user_rec_airflow']) retrieved from /opt/airflow/dags/user_rec_airflow.py
[2022-11-04T07:03:52.515+0000] {logging_mixin.py:117} INFO - [2022-11-04T07:03:52.514+0000] {dag.py:2573} INFO - Sync 1 DAGs
[2022-11-04T07:03:52.546+0000] {logging_mixin.py:117} INFO - [2022-11-04T07:03:52.546+0000] {dag.py:3324} INFO - Setting next_dagrun for user_rec_airflow to 2022-11-04T06:30:00+00:00, run_after=2022-11-04T07:00:00+00:00
[2022-11-04T07:03:52.573+0000] {processor.py:178} INFO - Processing /opt/airflow/dags/user_rec_airflow.py took 3.245 seconds
[2022-11-04T07:04:23.052+0000] {processor.py:156} INFO - Started process (PID=6397) to work on /opt/airflow/dags/user_rec_airflow.py
[2022-11-04T07:04:23.062+0000] {processor.py:758} INFO - Processing file /opt/airflow/dags/user_rec_airflow.py for tasks to queue
[2022-11-04T07:04:23.063+0000] {logging_mixin.py:117} INFO - [2022-11-04T07:04:23.063+0000] {dagbag.py:525} INFO - Filling up the DagBag from /opt/airflow/dags/user_rec_airflow.py
[2022-11-04T07:04:26.110+0000] {processor.py:768} INFO - DAG(s) dict_keys(['user_rec_airflow']) retrieved from /opt/airflow/dags/user_rec_airflow.py
[2022-11-04T07:04:26.186+0000] {logging_mixin.py:117} INFO - [2022-11-04T07:04:26.185+0000] {dag.py:2573} INFO - Sync 1 DAGs
[2022-11-04T07:04:26.219+0000] {logging_mixin.py:117} INFO - [2022-11-04T07:04:26.219+0000] {dag.py:3324} INFO - Setting next_dagrun for user_rec_airflow to 2022-11-04T06:30:00+00:00, run_after=2022-11-04T07:00:00+00:00
[2022-11-04T07:04:26.246+0000] {processor.py:178} INFO - Processing /opt/airflow/dags/user_rec_airflow.py took 3.202 seconds
[2022-11-04T07:04:56.574+0000] {processor.py:156} INFO - Started process (PID=6594) to work on /opt/airflow/dags/user_rec_airflow.py
[2022-11-04T07:04:56.585+0000] {processor.py:758} INFO - Processing file /opt/airflow/dags/user_rec_airflow.py for tasks to queue
[2022-11-04T07:04:56.587+0000] {logging_mixin.py:117} INFO - [2022-11-04T07:04:56.587+0000] {dagbag.py:525} INFO - Filling up the DagBag from /opt/airflow/dags/user_rec_airflow.py
[2022-11-04T07:05:00.134+0000] {processor.py:768} INFO - DAG(s) dict_keys(['user_rec_airflow']) retrieved from /opt/airflow/dags/user_rec_airflow.py
[2022-11-04T07:05:00.191+0000] {logging_mixin.py:117} INFO - [2022-11-04T07:05:00.190+0000] {dag.py:2573} INFO - Sync 1 DAGs
[2022-11-04T07:05:00.221+0000] {logging_mixin.py:117} INFO - [2022-11-04T07:05:00.221+0000] {dag.py:3324} INFO - Setting next_dagrun for user_rec_airflow to 2022-11-04T06:30:00+00:00, run_after=2022-11-04T07:00:00+00:00
[2022-11-04T07:05:00.248+0000] {processor.py:178} INFO - Processing /opt/airflow/dags/user_rec_airflow.py took 3.681 seconds
[2022-11-04T07:05:30.399+0000] {processor.py:156} INFO - Started process (PID=6791) to work on /opt/airflow/dags/user_rec_airflow.py
[2022-11-04T07:05:30.410+0000] {processor.py:758} INFO - Processing file /opt/airflow/dags/user_rec_airflow.py for tasks to queue
[2022-11-04T07:05:30.411+0000] {logging_mixin.py:117} INFO - [2022-11-04T07:05:30.411+0000] {dagbag.py:525} INFO - Filling up the DagBag from /opt/airflow/dags/user_rec_airflow.py
[2022-11-04T07:05:33.957+0000] {processor.py:768} INFO - DAG(s) dict_keys(['user_rec_airflow']) retrieved from /opt/airflow/dags/user_rec_airflow.py
[2022-11-04T07:05:33.998+0000] {logging_mixin.py:117} INFO - [2022-11-04T07:05:33.997+0000] {dag.py:2573} INFO - Sync 1 DAGs
[2022-11-04T07:05:34.028+0000] {logging_mixin.py:117} INFO - [2022-11-04T07:05:34.028+0000] {dag.py:3324} INFO - Setting next_dagrun for user_rec_airflow to 2022-11-04T06:30:00+00:00, run_after=2022-11-04T07:00:00+00:00
[2022-11-04T07:05:34.055+0000] {processor.py:178} INFO - Processing /opt/airflow/dags/user_rec_airflow.py took 3.663 seconds
[2022-11-04T07:06:04.589+0000] {processor.py:156} INFO - Started process (PID=6988) to work on /opt/airflow/dags/user_rec_airflow.py
[2022-11-04T07:06:04.600+0000] {processor.py:758} INFO - Processing file /opt/airflow/dags/user_rec_airflow.py for tasks to queue
[2022-11-04T07:06:04.601+0000] {logging_mixin.py:117} INFO - [2022-11-04T07:06:04.601+0000] {dagbag.py:525} INFO - Filling up the DagBag from /opt/airflow/dags/user_rec_airflow.py
[2022-11-04T07:06:08.005+0000] {processor.py:768} INFO - DAG(s) dict_keys(['user_rec_airflow']) retrieved from /opt/airflow/dags/user_rec_airflow.py
[2022-11-04T07:06:08.047+0000] {logging_mixin.py:117} INFO - [2022-11-04T07:06:08.046+0000] {dag.py:2573} INFO - Sync 1 DAGs
[2022-11-04T07:06:08.079+0000] {logging_mixin.py:117} INFO - [2022-11-04T07:06:08.079+0000] {dag.py:3324} INFO - Setting next_dagrun for user_rec_airflow to 2022-11-04T06:30:00+00:00, run_after=2022-11-04T07:00:00+00:00
[2022-11-04T07:06:08.105+0000] {processor.py:178} INFO - Processing /opt/airflow/dags/user_rec_airflow.py took 3.524 seconds
[2022-11-04T07:06:38.232+0000] {processor.py:156} INFO - Started process (PID=7185) to work on /opt/airflow/dags/user_rec_airflow.py
[2022-11-04T07:06:38.233+0000] {processor.py:758} INFO - Processing file /opt/airflow/dags/user_rec_airflow.py for tasks to queue
[2022-11-04T07:06:38.234+0000] {logging_mixin.py:117} INFO - [2022-11-04T07:06:38.234+0000] {dagbag.py:525} INFO - Filling up the DagBag from /opt/airflow/dags/user_rec_airflow.py
[2022-11-04T07:06:41.593+0000] {processor.py:768} INFO - DAG(s) dict_keys(['user_rec_airflow']) retrieved from /opt/airflow/dags/user_rec_airflow.py
[2022-11-04T07:06:41.636+0000] {logging_mixin.py:117} INFO - [2022-11-04T07:06:41.635+0000] {dag.py:2573} INFO - Sync 1 DAGs
[2022-11-04T07:06:41.668+0000] {logging_mixin.py:117} INFO - [2022-11-04T07:06:41.668+0000] {dag.py:3324} INFO - Setting next_dagrun for user_rec_airflow to 2022-11-04T06:30:00+00:00, run_after=2022-11-04T07:00:00+00:00
[2022-11-04T07:06:41.695+0000] {processor.py:178} INFO - Processing /opt/airflow/dags/user_rec_airflow.py took 3.467 seconds
[2022-11-04T07:07:12.696+0000] {processor.py:156} INFO - Started process (PID=7383) to work on /opt/airflow/dags/user_rec_airflow.py
[2022-11-04T07:07:12.706+0000] {processor.py:758} INFO - Processing file /opt/airflow/dags/user_rec_airflow.py for tasks to queue
[2022-11-04T07:07:12.707+0000] {logging_mixin.py:117} INFO - [2022-11-04T07:07:12.707+0000] {dagbag.py:525} INFO - Filling up the DagBag from /opt/airflow/dags/user_rec_airflow.py
[2022-11-04T07:07:16.053+0000] {processor.py:768} INFO - DAG(s) dict_keys(['user_rec_airflow']) retrieved from /opt/airflow/dags/user_rec_airflow.py
[2022-11-04T07:07:16.100+0000] {logging_mixin.py:117} INFO - [2022-11-04T07:07:16.100+0000] {dag.py:2573} INFO - Sync 1 DAGs
[2022-11-04T07:07:16.131+0000] {logging_mixin.py:117} INFO - [2022-11-04T07:07:16.131+0000] {dag.py:3324} INFO - Setting next_dagrun for user_rec_airflow to 2022-11-04T06:30:00+00:00, run_after=2022-11-04T07:00:00+00:00
[2022-11-04T07:07:16.166+0000] {processor.py:178} INFO - Processing /opt/airflow/dags/user_rec_airflow.py took 3.473 seconds
[2022-11-04T07:07:46.222+0000] {processor.py:156} INFO - Started process (PID=7580) to work on /opt/airflow/dags/user_rec_airflow.py
[2022-11-04T07:07:46.232+0000] {processor.py:758} INFO - Processing file /opt/airflow/dags/user_rec_airflow.py for tasks to queue
[2022-11-04T07:07:46.233+0000] {logging_mixin.py:117} INFO - [2022-11-04T07:07:46.233+0000] {dagbag.py:525} INFO - Filling up the DagBag from /opt/airflow/dags/user_rec_airflow.py
[2022-11-04T07:07:49.519+0000] {processor.py:768} INFO - DAG(s) dict_keys(['user_rec_airflow']) retrieved from /opt/airflow/dags/user_rec_airflow.py
[2022-11-04T07:07:49.584+0000] {logging_mixin.py:117} INFO - [2022-11-04T07:07:49.583+0000] {dag.py:2573} INFO - Sync 1 DAGs
[2022-11-04T07:07:49.619+0000] {logging_mixin.py:117} INFO - [2022-11-04T07:07:49.619+0000] {dag.py:3324} INFO - Setting next_dagrun for user_rec_airflow to 2022-11-04T06:30:00+00:00, run_after=2022-11-04T07:00:00+00:00
[2022-11-04T07:07:49.655+0000] {processor.py:178} INFO - Processing /opt/airflow/dags/user_rec_airflow.py took 3.437 seconds
[2022-11-04T07:08:19.841+0000] {processor.py:156} INFO - Started process (PID=7777) to work on /opt/airflow/dags/user_rec_airflow.py
[2022-11-04T07:08:19.842+0000] {processor.py:758} INFO - Processing file /opt/airflow/dags/user_rec_airflow.py for tasks to queue
[2022-11-04T07:08:19.843+0000] {logging_mixin.py:117} INFO - [2022-11-04T07:08:19.843+0000] {dagbag.py:525} INFO - Filling up the DagBag from /opt/airflow/dags/user_rec_airflow.py
[2022-11-04T07:08:23.314+0000] {processor.py:768} INFO - DAG(s) dict_keys(['user_rec_airflow']) retrieved from /opt/airflow/dags/user_rec_airflow.py
[2022-11-04T07:08:23.356+0000] {logging_mixin.py:117} INFO - [2022-11-04T07:08:23.355+0000] {dag.py:2573} INFO - Sync 1 DAGs
[2022-11-04T07:08:23.385+0000] {logging_mixin.py:117} INFO - [2022-11-04T07:08:23.385+0000] {dag.py:3324} INFO - Setting next_dagrun for user_rec_airflow to 2022-11-04T06:30:00+00:00, run_after=2022-11-04T07:00:00+00:00
[2022-11-04T07:08:23.421+0000] {processor.py:178} INFO - Processing /opt/airflow/dags/user_rec_airflow.py took 3.585 seconds
[2022-11-04T07:08:53.520+0000] {processor.py:156} INFO - Started process (PID=7974) to work on /opt/airflow/dags/user_rec_airflow.py
[2022-11-04T07:08:53.522+0000] {processor.py:758} INFO - Processing file /opt/airflow/dags/user_rec_airflow.py for tasks to queue
[2022-11-04T07:08:53.524+0000] {logging_mixin.py:117} INFO - [2022-11-04T07:08:53.523+0000] {dagbag.py:525} INFO - Filling up the DagBag from /opt/airflow/dags/user_rec_airflow.py
[2022-11-04T07:08:56.980+0000] {processor.py:768} INFO - DAG(s) dict_keys(['user_rec_airflow']) retrieved from /opt/airflow/dags/user_rec_airflow.py
[2022-11-04T07:08:57.021+0000] {logging_mixin.py:117} INFO - [2022-11-04T07:08:57.020+0000] {dag.py:2573} INFO - Sync 1 DAGs
[2022-11-04T07:08:57.050+0000] {logging_mixin.py:117} INFO - [2022-11-04T07:08:57.050+0000] {dag.py:3324} INFO - Setting next_dagrun for user_rec_airflow to 2022-11-04T06:30:00+00:00, run_after=2022-11-04T07:00:00+00:00
[2022-11-04T07:08:57.087+0000] {processor.py:178} INFO - Processing /opt/airflow/dags/user_rec_airflow.py took 3.572 seconds
[2022-11-04T07:09:27.676+0000] {processor.py:156} INFO - Started process (PID=8173) to work on /opt/airflow/dags/user_rec_airflow.py
[2022-11-04T07:09:27.677+0000] {processor.py:758} INFO - Processing file /opt/airflow/dags/user_rec_airflow.py for tasks to queue
[2022-11-04T07:09:27.677+0000] {logging_mixin.py:117} INFO - [2022-11-04T07:09:27.677+0000] {dagbag.py:525} INFO - Filling up the DagBag from /opt/airflow/dags/user_rec_airflow.py
[2022-11-04T07:09:30.876+0000] {processor.py:768} INFO - DAG(s) dict_keys(['user_rec_airflow']) retrieved from /opt/airflow/dags/user_rec_airflow.py
[2022-11-04T07:09:30.925+0000] {logging_mixin.py:117} INFO - [2022-11-04T07:09:30.924+0000] {dag.py:2573} INFO - Sync 1 DAGs
[2022-11-04T07:09:30.957+0000] {logging_mixin.py:117} INFO - [2022-11-04T07:09:30.956+0000] {dag.py:3324} INFO - Setting next_dagrun for user_rec_airflow to 2022-11-04T06:30:00+00:00, run_after=2022-11-04T07:00:00+00:00
[2022-11-04T07:09:30.992+0000] {processor.py:178} INFO - Processing /opt/airflow/dags/user_rec_airflow.py took 3.321 seconds
[2022-11-04T07:10:01.806+0000] {processor.py:156} INFO - Started process (PID=8389) to work on /opt/airflow/dags/user_rec_airflow.py
[2022-11-04T07:10:01.817+0000] {processor.py:758} INFO - Processing file /opt/airflow/dags/user_rec_airflow.py for tasks to queue
[2022-11-04T07:10:01.818+0000] {logging_mixin.py:117} INFO - [2022-11-04T07:10:01.818+0000] {dagbag.py:525} INFO - Filling up the DagBag from /opt/airflow/dags/user_rec_airflow.py
[2022-11-04T07:10:04.944+0000] {processor.py:768} INFO - DAG(s) dict_keys(['user_rec_airflow']) retrieved from /opt/airflow/dags/user_rec_airflow.py
[2022-11-04T07:10:04.994+0000] {logging_mixin.py:117} INFO - [2022-11-04T07:10:04.994+0000] {dag.py:2573} INFO - Sync 1 DAGs
[2022-11-04T07:10:05.027+0000] {logging_mixin.py:117} INFO - [2022-11-04T07:10:05.026+0000] {dag.py:3324} INFO - Setting next_dagrun for user_rec_airflow to 2022-11-04T06:30:00+00:00, run_after=2022-11-04T07:00:00+00:00
[2022-11-04T07:10:05.064+0000] {processor.py:178} INFO - Processing /opt/airflow/dags/user_rec_airflow.py took 3.264 seconds
[2022-11-04T07:10:35.608+0000] {processor.py:156} INFO - Started process (PID=8567) to work on /opt/airflow/dags/user_rec_airflow.py
[2022-11-04T07:10:35.619+0000] {processor.py:758} INFO - Processing file /opt/airflow/dags/user_rec_airflow.py for tasks to queue
[2022-11-04T07:10:35.619+0000] {logging_mixin.py:117} INFO - [2022-11-04T07:10:35.619+0000] {dagbag.py:525} INFO - Filling up the DagBag from /opt/airflow/dags/user_rec_airflow.py
[2022-11-04T07:10:39.536+0000] {processor.py:768} INFO - DAG(s) dict_keys(['user_rec_airflow']) retrieved from /opt/airflow/dags/user_rec_airflow.py
[2022-11-04T07:10:39.577+0000] {logging_mixin.py:117} INFO - [2022-11-04T07:10:39.577+0000] {dag.py:2573} INFO - Sync 1 DAGs
[2022-11-04T07:10:39.607+0000] {logging_mixin.py:117} INFO - [2022-11-04T07:10:39.607+0000] {dag.py:3324} INFO - Setting next_dagrun for user_rec_airflow to 2022-11-04T06:30:00+00:00, run_after=2022-11-04T07:00:00+00:00
[2022-11-04T07:10:39.642+0000] {processor.py:178} INFO - Processing /opt/airflow/dags/user_rec_airflow.py took 4.038 seconds
[2022-11-04T07:11:10.211+0000] {processor.py:156} INFO - Started process (PID=8783) to work on /opt/airflow/dags/user_rec_airflow.py
[2022-11-04T07:11:10.222+0000] {processor.py:758} INFO - Processing file /opt/airflow/dags/user_rec_airflow.py for tasks to queue
[2022-11-04T07:11:10.223+0000] {logging_mixin.py:117} INFO - [2022-11-04T07:11:10.223+0000] {dagbag.py:525} INFO - Filling up the DagBag from /opt/airflow/dags/user_rec_airflow.py
[2022-11-04T07:11:15.171+0000] {processor.py:768} INFO - DAG(s) dict_keys(['user_rec_airflow']) retrieved from /opt/airflow/dags/user_rec_airflow.py
[2022-11-04T07:11:15.292+0000] {logging_mixin.py:117} INFO - [2022-11-04T07:11:15.290+0000] {dag.py:2573} INFO - Sync 1 DAGs
[2022-11-04T07:11:15.342+0000] {logging_mixin.py:117} INFO - [2022-11-04T07:11:15.342+0000] {dag.py:3324} INFO - Setting next_dagrun for user_rec_airflow to 2022-11-04T06:30:00+00:00, run_after=2022-11-04T07:00:00+00:00
[2022-11-04T07:11:15.372+0000] {processor.py:178} INFO - Processing /opt/airflow/dags/user_rec_airflow.py took 5.165 seconds
[2022-11-04T07:11:45.935+0000] {processor.py:156} INFO - Started process (PID=8981) to work on /opt/airflow/dags/user_rec_airflow.py
[2022-11-04T07:11:45.936+0000] {processor.py:758} INFO - Processing file /opt/airflow/dags/user_rec_airflow.py for tasks to queue
[2022-11-04T07:11:45.937+0000] {logging_mixin.py:117} INFO - [2022-11-04T07:11:45.936+0000] {dagbag.py:525} INFO - Filling up the DagBag from /opt/airflow/dags/user_rec_airflow.py
[2022-11-04T07:11:49.327+0000] {processor.py:768} INFO - DAG(s) dict_keys(['user_rec_airflow']) retrieved from /opt/airflow/dags/user_rec_airflow.py
[2022-11-04T07:11:49.373+0000] {logging_mixin.py:117} INFO - [2022-11-04T07:11:49.372+0000] {dag.py:2573} INFO - Sync 1 DAGs
[2022-11-04T07:11:49.406+0000] {logging_mixin.py:117} INFO - [2022-11-04T07:11:49.406+0000] {dag.py:3324} INFO - Setting next_dagrun for user_rec_airflow to 2022-11-04T06:30:00+00:00, run_after=2022-11-04T07:00:00+00:00
[2022-11-04T07:11:49.463+0000] {processor.py:178} INFO - Processing /opt/airflow/dags/user_rec_airflow.py took 3.532 seconds
[2022-11-04T07:12:19.948+0000] {processor.py:156} INFO - Started process (PID=9178) to work on /opt/airflow/dags/user_rec_airflow.py
[2022-11-04T07:12:19.949+0000] {processor.py:758} INFO - Processing file /opt/airflow/dags/user_rec_airflow.py for tasks to queue
[2022-11-04T07:12:19.950+0000] {logging_mixin.py:117} INFO - [2022-11-04T07:12:19.950+0000] {dagbag.py:525} INFO - Filling up the DagBag from /opt/airflow/dags/user_rec_airflow.py
[2022-11-04T07:12:23.564+0000] {processor.py:768} INFO - DAG(s) dict_keys(['user_rec_airflow']) retrieved from /opt/airflow/dags/user_rec_airflow.py
[2022-11-04T07:12:23.665+0000] {logging_mixin.py:117} INFO - [2022-11-04T07:12:23.663+0000] {dag.py:2573} INFO - Sync 1 DAGs
[2022-11-04T07:12:23.752+0000] {logging_mixin.py:117} INFO - [2022-11-04T07:12:23.752+0000] {dag.py:3324} INFO - Setting next_dagrun for user_rec_airflow to 2022-11-04T06:30:00+00:00, run_after=2022-11-04T07:00:00+00:00
[2022-11-04T07:12:23.813+0000] {processor.py:178} INFO - Processing /opt/airflow/dags/user_rec_airflow.py took 3.868 seconds
[2022-11-04T07:12:54.061+0000] {processor.py:156} INFO - Started process (PID=9375) to work on /opt/airflow/dags/user_rec_airflow.py
[2022-11-04T07:12:54.062+0000] {processor.py:758} INFO - Processing file /opt/airflow/dags/user_rec_airflow.py for tasks to queue
[2022-11-04T07:12:54.063+0000] {logging_mixin.py:117} INFO - [2022-11-04T07:12:54.063+0000] {dagbag.py:525} INFO - Filling up the DagBag from /opt/airflow/dags/user_rec_airflow.py
[2022-11-04T07:12:58.162+0000] {processor.py:768} INFO - DAG(s) dict_keys(['user_rec_airflow']) retrieved from /opt/airflow/dags/user_rec_airflow.py
[2022-11-04T07:12:58.209+0000] {logging_mixin.py:117} INFO - [2022-11-04T07:12:58.208+0000] {dag.py:2573} INFO - Sync 1 DAGs
[2022-11-04T07:12:58.243+0000] {logging_mixin.py:117} INFO - [2022-11-04T07:12:58.243+0000] {dag.py:3324} INFO - Setting next_dagrun for user_rec_airflow to 2022-11-04T06:30:00+00:00, run_after=2022-11-04T07:00:00+00:00
[2022-11-04T07:12:58.280+0000] {processor.py:178} INFO - Processing /opt/airflow/dags/user_rec_airflow.py took 4.224 seconds
[2022-11-04T07:13:28.933+0000] {processor.py:156} INFO - Started process (PID=9572) to work on /opt/airflow/dags/user_rec_airflow.py
[2022-11-04T07:13:28.943+0000] {processor.py:758} INFO - Processing file /opt/airflow/dags/user_rec_airflow.py for tasks to queue
[2022-11-04T07:13:28.944+0000] {logging_mixin.py:117} INFO - [2022-11-04T07:13:28.944+0000] {dagbag.py:525} INFO - Filling up the DagBag from /opt/airflow/dags/user_rec_airflow.py
[2022-11-04T07:13:32.225+0000] {processor.py:768} INFO - DAG(s) dict_keys(['user_rec_airflow']) retrieved from /opt/airflow/dags/user_rec_airflow.py
[2022-11-04T07:13:32.274+0000] {logging_mixin.py:117} INFO - [2022-11-04T07:13:32.273+0000] {dag.py:2573} INFO - Sync 1 DAGs
[2022-11-04T07:13:32.311+0000] {logging_mixin.py:117} INFO - [2022-11-04T07:13:32.311+0000] {dag.py:3324} INFO - Setting next_dagrun for user_rec_airflow to 2022-11-04T06:30:00+00:00, run_after=2022-11-04T07:00:00+00:00
[2022-11-04T07:13:32.346+0000] {processor.py:178} INFO - Processing /opt/airflow/dags/user_rec_airflow.py took 3.417 seconds
[2022-11-04T07:14:02.879+0000] {processor.py:156} INFO - Started process (PID=9769) to work on /opt/airflow/dags/user_rec_airflow.py
[2022-11-04T07:14:02.889+0000] {processor.py:758} INFO - Processing file /opt/airflow/dags/user_rec_airflow.py for tasks to queue
[2022-11-04T07:14:02.890+0000] {logging_mixin.py:117} INFO - [2022-11-04T07:14:02.890+0000] {dagbag.py:525} INFO - Filling up the DagBag from /opt/airflow/dags/user_rec_airflow.py
[2022-11-04T07:14:06.560+0000] {processor.py:768} INFO - DAG(s) dict_keys(['user_rec_airflow']) retrieved from /opt/airflow/dags/user_rec_airflow.py
[2022-11-04T07:14:06.606+0000] {logging_mixin.py:117} INFO - [2022-11-04T07:14:06.605+0000] {dag.py:2573} INFO - Sync 1 DAGs
[2022-11-04T07:14:06.639+0000] {logging_mixin.py:117} INFO - [2022-11-04T07:14:06.639+0000] {dag.py:3324} INFO - Setting next_dagrun for user_rec_airflow to 2022-11-04T06:30:00+00:00, run_after=2022-11-04T07:00:00+00:00
[2022-11-04T07:14:06.677+0000] {processor.py:178} INFO - Processing /opt/airflow/dags/user_rec_airflow.py took 3.801 seconds
[2022-11-04T07:14:37.207+0000] {processor.py:156} INFO - Started process (PID=9966) to work on /opt/airflow/dags/user_rec_airflow.py
[2022-11-04T07:14:37.208+0000] {processor.py:758} INFO - Processing file /opt/airflow/dags/user_rec_airflow.py for tasks to queue
[2022-11-04T07:14:37.209+0000] {logging_mixin.py:117} INFO - [2022-11-04T07:14:37.209+0000] {dagbag.py:525} INFO - Filling up the DagBag from /opt/airflow/dags/user_rec_airflow.py
[2022-11-04T07:14:40.590+0000] {processor.py:768} INFO - DAG(s) dict_keys(['user_rec_airflow']) retrieved from /opt/airflow/dags/user_rec_airflow.py
[2022-11-04T07:14:40.649+0000] {logging_mixin.py:117} INFO - [2022-11-04T07:14:40.648+0000] {dag.py:2573} INFO - Sync 1 DAGs
[2022-11-04T07:14:40.694+0000] {logging_mixin.py:117} INFO - [2022-11-04T07:14:40.693+0000] {dag.py:3324} INFO - Setting next_dagrun for user_rec_airflow to 2022-11-04T06:30:00+00:00, run_after=2022-11-04T07:00:00+00:00
[2022-11-04T07:14:40.743+0000] {processor.py:178} INFO - Processing /opt/airflow/dags/user_rec_airflow.py took 3.540 seconds
[2022-11-04T07:15:10.812+0000] {processor.py:156} INFO - Started process (PID=10163) to work on /opt/airflow/dags/user_rec_airflow.py
[2022-11-04T07:15:10.823+0000] {processor.py:758} INFO - Processing file /opt/airflow/dags/user_rec_airflow.py for tasks to queue
[2022-11-04T07:15:10.823+0000] {logging_mixin.py:117} INFO - [2022-11-04T07:15:10.823+0000] {dagbag.py:525} INFO - Filling up the DagBag from /opt/airflow/dags/user_rec_airflow.py
[2022-11-04T07:15:14.236+0000] {processor.py:768} INFO - DAG(s) dict_keys(['user_rec_airflow']) retrieved from /opt/airflow/dags/user_rec_airflow.py
[2022-11-04T07:15:14.279+0000] {logging_mixin.py:117} INFO - [2022-11-04T07:15:14.278+0000] {dag.py:2573} INFO - Sync 1 DAGs
[2022-11-04T07:15:14.312+0000] {logging_mixin.py:117} INFO - [2022-11-04T07:15:14.311+0000] {dag.py:3324} INFO - Setting next_dagrun for user_rec_airflow to 2022-11-04T06:30:00+00:00, run_after=2022-11-04T07:00:00+00:00
[2022-11-04T07:15:14.348+0000] {processor.py:178} INFO - Processing /opt/airflow/dags/user_rec_airflow.py took 3.539 seconds
[2022-11-04T07:15:44.998+0000] {processor.py:156} INFO - Started process (PID=10360) to work on /opt/airflow/dags/user_rec_airflow.py
[2022-11-04T07:15:44.999+0000] {processor.py:758} INFO - Processing file /opt/airflow/dags/user_rec_airflow.py for tasks to queue
[2022-11-04T07:15:45.000+0000] {logging_mixin.py:117} INFO - [2022-11-04T07:15:45.000+0000] {dagbag.py:525} INFO - Filling up the DagBag from /opt/airflow/dags/user_rec_airflow.py
[2022-11-04T07:15:48.552+0000] {processor.py:768} INFO - DAG(s) dict_keys(['user_rec_airflow']) retrieved from /opt/airflow/dags/user_rec_airflow.py
[2022-11-04T07:15:48.624+0000] {logging_mixin.py:117} INFO - [2022-11-04T07:15:48.620+0000] {dag.py:2573} INFO - Sync 1 DAGs
[2022-11-04T07:15:48.676+0000] {logging_mixin.py:117} INFO - [2022-11-04T07:15:48.675+0000] {dag.py:3324} INFO - Setting next_dagrun for user_rec_airflow to 2022-11-04T06:30:00+00:00, run_after=2022-11-04T07:00:00+00:00
[2022-11-04T07:15:48.713+0000] {processor.py:178} INFO - Processing /opt/airflow/dags/user_rec_airflow.py took 3.719 seconds
[2022-11-04T07:16:19.303+0000] {processor.py:156} INFO - Started process (PID=10557) to work on /opt/airflow/dags/user_rec_airflow.py
[2022-11-04T07:16:19.313+0000] {processor.py:758} INFO - Processing file /opt/airflow/dags/user_rec_airflow.py for tasks to queue
[2022-11-04T07:16:19.313+0000] {logging_mixin.py:117} INFO - [2022-11-04T07:16:19.313+0000] {dagbag.py:525} INFO - Filling up the DagBag from /opt/airflow/dags/user_rec_airflow.py
[2022-11-04T07:16:23.419+0000] {processor.py:768} INFO - DAG(s) dict_keys(['user_rec_airflow']) retrieved from /opt/airflow/dags/user_rec_airflow.py
[2022-11-04T07:16:23.466+0000] {logging_mixin.py:117} INFO - [2022-11-04T07:16:23.465+0000] {dag.py:2573} INFO - Sync 1 DAGs
[2022-11-04T07:16:23.498+0000] {logging_mixin.py:117} INFO - [2022-11-04T07:16:23.498+0000] {dag.py:3324} INFO - Setting next_dagrun for user_rec_airflow to 2022-11-04T06:30:00+00:00, run_after=2022-11-04T07:00:00+00:00
[2022-11-04T07:16:23.536+0000] {processor.py:178} INFO - Processing /opt/airflow/dags/user_rec_airflow.py took 4.236 seconds
[2022-11-04T07:16:53.990+0000] {processor.py:156} INFO - Started process (PID=10754) to work on /opt/airflow/dags/user_rec_airflow.py
[2022-11-04T07:16:54.002+0000] {processor.py:758} INFO - Processing file /opt/airflow/dags/user_rec_airflow.py for tasks to queue
[2022-11-04T07:16:54.003+0000] {logging_mixin.py:117} INFO - [2022-11-04T07:16:54.003+0000] {dagbag.py:525} INFO - Filling up the DagBag from /opt/airflow/dags/user_rec_airflow.py
[2022-11-04T07:16:57.255+0000] {processor.py:768} INFO - DAG(s) dict_keys(['user_rec_airflow']) retrieved from /opt/airflow/dags/user_rec_airflow.py
[2022-11-04T07:16:57.307+0000] {logging_mixin.py:117} INFO - [2022-11-04T07:16:57.306+0000] {dag.py:2573} INFO - Sync 1 DAGs
[2022-11-04T07:16:57.343+0000] {logging_mixin.py:117} INFO - [2022-11-04T07:16:57.343+0000] {dag.py:3324} INFO - Setting next_dagrun for user_rec_airflow to 2022-11-04T06:30:00+00:00, run_after=2022-11-04T07:00:00+00:00
[2022-11-04T07:16:57.382+0000] {processor.py:178} INFO - Processing /opt/airflow/dags/user_rec_airflow.py took 3.397 seconds
[2022-11-04T07:17:27.582+0000] {processor.py:156} INFO - Started process (PID=10951) to work on /opt/airflow/dags/user_rec_airflow.py
[2022-11-04T07:17:27.586+0000] {processor.py:758} INFO - Processing file /opt/airflow/dags/user_rec_airflow.py for tasks to queue
[2022-11-04T07:17:27.588+0000] {logging_mixin.py:117} INFO - [2022-11-04T07:17:27.587+0000] {dagbag.py:525} INFO - Filling up the DagBag from /opt/airflow/dags/user_rec_airflow.py
[2022-11-04T07:17:33.564+0000] {processor.py:768} INFO - DAG(s) dict_keys(['user_rec_airflow']) retrieved from /opt/airflow/dags/user_rec_airflow.py
[2022-11-04T07:17:33.667+0000] {logging_mixin.py:117} INFO - [2022-11-04T07:17:33.665+0000] {dag.py:2573} INFO - Sync 1 DAGs
[2022-11-04T07:17:33.737+0000] {logging_mixin.py:117} INFO - [2022-11-04T07:17:33.737+0000] {dag.py:3324} INFO - Setting next_dagrun for user_rec_airflow to 2022-11-04T06:30:00+00:00, run_after=2022-11-04T07:00:00+00:00
[2022-11-04T07:17:33.791+0000] {processor.py:178} INFO - Processing /opt/airflow/dags/user_rec_airflow.py took 6.214 seconds
[2022-11-04T07:18:03.963+0000] {processor.py:156} INFO - Started process (PID=11148) to work on /opt/airflow/dags/user_rec_airflow.py
[2022-11-04T07:18:03.963+0000] {processor.py:758} INFO - Processing file /opt/airflow/dags/user_rec_airflow.py for tasks to queue
[2022-11-04T07:18:03.964+0000] {logging_mixin.py:117} INFO - [2022-11-04T07:18:03.964+0000] {dagbag.py:525} INFO - Filling up the DagBag from /opt/airflow/dags/user_rec_airflow.py
[2022-11-04T07:18:07.023+0000] {processor.py:768} INFO - DAG(s) dict_keys(['user_rec_airflow']) retrieved from /opt/airflow/dags/user_rec_airflow.py
[2022-11-04T07:18:07.066+0000] {logging_mixin.py:117} INFO - [2022-11-04T07:18:07.066+0000] {dag.py:2573} INFO - Sync 1 DAGs
[2022-11-04T07:18:07.103+0000] {logging_mixin.py:117} INFO - [2022-11-04T07:18:07.103+0000] {dag.py:3324} INFO - Setting next_dagrun for user_rec_airflow to 2022-11-04T06:30:00+00:00, run_after=2022-11-04T07:00:00+00:00
[2022-11-04T07:18:07.146+0000] {processor.py:178} INFO - Processing /opt/airflow/dags/user_rec_airflow.py took 3.187 seconds
[2022-11-04T07:18:37.739+0000] {processor.py:156} INFO - Started process (PID=11345) to work on /opt/airflow/dags/user_rec_airflow.py
[2022-11-04T07:18:37.739+0000] {processor.py:758} INFO - Processing file /opt/airflow/dags/user_rec_airflow.py for tasks to queue
[2022-11-04T07:18:37.740+0000] {logging_mixin.py:117} INFO - [2022-11-04T07:18:37.740+0000] {dagbag.py:525} INFO - Filling up the DagBag from /opt/airflow/dags/user_rec_airflow.py
[2022-11-04T07:18:41.002+0000] {processor.py:768} INFO - DAG(s) dict_keys(['user_rec_airflow']) retrieved from /opt/airflow/dags/user_rec_airflow.py
[2022-11-04T07:18:41.075+0000] {logging_mixin.py:117} INFO - [2022-11-04T07:18:41.072+0000] {dag.py:2573} INFO - Sync 1 DAGs
[2022-11-04T07:18:41.113+0000] {logging_mixin.py:117} INFO - [2022-11-04T07:18:41.113+0000] {dag.py:3324} INFO - Setting next_dagrun for user_rec_airflow to 2022-11-04T06:30:00+00:00, run_after=2022-11-04T07:00:00+00:00
[2022-11-04T07:18:41.151+0000] {processor.py:178} INFO - Processing /opt/airflow/dags/user_rec_airflow.py took 3.417 seconds
[2022-11-04T07:19:11.456+0000] {processor.py:156} INFO - Started process (PID=11542) to work on /opt/airflow/dags/user_rec_airflow.py
[2022-11-04T07:19:11.466+0000] {processor.py:758} INFO - Processing file /opt/airflow/dags/user_rec_airflow.py for tasks to queue
[2022-11-04T07:19:11.467+0000] {logging_mixin.py:117} INFO - [2022-11-04T07:19:11.467+0000] {dagbag.py:525} INFO - Filling up the DagBag from /opt/airflow/dags/user_rec_airflow.py
[2022-11-04T07:19:15.546+0000] {processor.py:768} INFO - DAG(s) dict_keys(['user_rec_airflow']) retrieved from /opt/airflow/dags/user_rec_airflow.py
[2022-11-04T07:19:15.631+0000] {logging_mixin.py:117} INFO - [2022-11-04T07:19:15.629+0000] {dag.py:2573} INFO - Sync 1 DAGs
[2022-11-04T07:19:15.697+0000] {logging_mixin.py:117} INFO - [2022-11-04T07:19:15.697+0000] {dag.py:3324} INFO - Setting next_dagrun for user_rec_airflow to 2022-11-04T06:30:00+00:00, run_after=2022-11-04T07:00:00+00:00
[2022-11-04T07:19:15.753+0000] {processor.py:178} INFO - Processing /opt/airflow/dags/user_rec_airflow.py took 4.302 seconds
[2022-11-04T07:19:46.161+0000] {processor.py:156} INFO - Started process (PID=11739) to work on /opt/airflow/dags/user_rec_airflow.py
[2022-11-04T07:19:46.172+0000] {processor.py:758} INFO - Processing file /opt/airflow/dags/user_rec_airflow.py for tasks to queue
[2022-11-04T07:19:46.174+0000] {logging_mixin.py:117} INFO - [2022-11-04T07:19:46.174+0000] {dagbag.py:525} INFO - Filling up the DagBag from /opt/airflow/dags/user_rec_airflow.py
[2022-11-04T07:19:50.860+0000] {processor.py:768} INFO - DAG(s) dict_keys(['user_rec_airflow']) retrieved from /opt/airflow/dags/user_rec_airflow.py
[2022-11-04T07:19:50.923+0000] {logging_mixin.py:117} INFO - [2022-11-04T07:19:50.922+0000] {dag.py:2573} INFO - Sync 1 DAGs
[2022-11-04T07:19:50.976+0000] {logging_mixin.py:117} INFO - [2022-11-04T07:19:50.975+0000] {dag.py:3324} INFO - Setting next_dagrun for user_rec_airflow to 2022-11-04T06:30:00+00:00, run_after=2022-11-04T07:00:00+00:00
[2022-11-04T07:19:51.025+0000] {processor.py:178} INFO - Processing /opt/airflow/dags/user_rec_airflow.py took 4.871 seconds
[2022-11-04T07:20:21.754+0000] {processor.py:156} INFO - Started process (PID=11936) to work on /opt/airflow/dags/user_rec_airflow.py
[2022-11-04T07:20:21.755+0000] {processor.py:758} INFO - Processing file /opt/airflow/dags/user_rec_airflow.py for tasks to queue
[2022-11-04T07:20:21.756+0000] {logging_mixin.py:117} INFO - [2022-11-04T07:20:21.756+0000] {dagbag.py:525} INFO - Filling up the DagBag from /opt/airflow/dags/user_rec_airflow.py
[2022-11-04T07:20:24.990+0000] {processor.py:768} INFO - DAG(s) dict_keys(['user_rec_airflow']) retrieved from /opt/airflow/dags/user_rec_airflow.py
[2022-11-04T07:20:25.034+0000] {logging_mixin.py:117} INFO - [2022-11-04T07:20:25.033+0000] {dag.py:2573} INFO - Sync 1 DAGs
[2022-11-04T07:20:25.065+0000] {logging_mixin.py:117} INFO - [2022-11-04T07:20:25.065+0000] {dag.py:3324} INFO - Setting next_dagrun for user_rec_airflow to 2022-11-04T06:30:00+00:00, run_after=2022-11-04T07:00:00+00:00
[2022-11-04T07:20:25.095+0000] {processor.py:178} INFO - Processing /opt/airflow/dags/user_rec_airflow.py took 3.346 seconds
[2022-11-04T07:20:55.743+0000] {processor.py:156} INFO - Started process (PID=12133) to work on /opt/airflow/dags/user_rec_airflow.py
[2022-11-04T07:20:55.745+0000] {processor.py:758} INFO - Processing file /opt/airflow/dags/user_rec_airflow.py for tasks to queue
[2022-11-04T07:20:55.747+0000] {logging_mixin.py:117} INFO - [2022-11-04T07:20:55.746+0000] {dagbag.py:525} INFO - Filling up the DagBag from /opt/airflow/dags/user_rec_airflow.py
[2022-11-04T07:20:59.044+0000] {processor.py:768} INFO - DAG(s) dict_keys(['user_rec_airflow']) retrieved from /opt/airflow/dags/user_rec_airflow.py
[2022-11-04T07:20:59.106+0000] {logging_mixin.py:117} INFO - [2022-11-04T07:20:59.105+0000] {dag.py:2573} INFO - Sync 1 DAGs
[2022-11-04T07:20:59.140+0000] {logging_mixin.py:117} INFO - [2022-11-04T07:20:59.140+0000] {dag.py:3324} INFO - Setting next_dagrun for user_rec_airflow to 2022-11-04T06:30:00+00:00, run_after=2022-11-04T07:00:00+00:00
[2022-11-04T07:20:59.168+0000] {processor.py:178} INFO - Processing /opt/airflow/dags/user_rec_airflow.py took 3.435 seconds
[2022-11-04T07:21:29.971+0000] {processor.py:156} INFO - Started process (PID=12331) to work on /opt/airflow/dags/user_rec_airflow.py
[2022-11-04T07:21:29.981+0000] {processor.py:758} INFO - Processing file /opt/airflow/dags/user_rec_airflow.py for tasks to queue
[2022-11-04T07:21:29.981+0000] {logging_mixin.py:117} INFO - [2022-11-04T07:21:29.981+0000] {dagbag.py:525} INFO - Filling up the DagBag from /opt/airflow/dags/user_rec_airflow.py
[2022-11-04T07:21:33.315+0000] {processor.py:768} INFO - DAG(s) dict_keys(['user_rec_airflow']) retrieved from /opt/airflow/dags/user_rec_airflow.py
[2022-11-04T07:21:33.364+0000] {logging_mixin.py:117} INFO - [2022-11-04T07:21:33.361+0000] {dag.py:2573} INFO - Sync 1 DAGs
[2022-11-04T07:21:33.399+0000] {logging_mixin.py:117} INFO - [2022-11-04T07:21:33.399+0000] {dag.py:3324} INFO - Setting next_dagrun for user_rec_airflow to 2022-11-04T06:30:00+00:00, run_after=2022-11-04T07:00:00+00:00
[2022-11-04T07:21:33.428+0000] {processor.py:178} INFO - Processing /opt/airflow/dags/user_rec_airflow.py took 3.461 seconds
[2022-11-04T07:22:03.538+0000] {processor.py:156} INFO - Started process (PID=12528) to work on /opt/airflow/dags/user_rec_airflow.py
[2022-11-04T07:22:03.548+0000] {processor.py:758} INFO - Processing file /opt/airflow/dags/user_rec_airflow.py for tasks to queue
[2022-11-04T07:22:03.549+0000] {logging_mixin.py:117} INFO - [2022-11-04T07:22:03.549+0000] {dagbag.py:525} INFO - Filling up the DagBag from /opt/airflow/dags/user_rec_airflow.py
[2022-11-04T07:22:07.790+0000] {processor.py:768} INFO - DAG(s) dict_keys(['user_rec_airflow']) retrieved from /opt/airflow/dags/user_rec_airflow.py
[2022-11-04T07:22:07.841+0000] {logging_mixin.py:117} INFO - [2022-11-04T07:22:07.840+0000] {dag.py:2573} INFO - Sync 1 DAGs
[2022-11-04T07:22:07.875+0000] {logging_mixin.py:117} INFO - [2022-11-04T07:22:07.875+0000] {dag.py:3324} INFO - Setting next_dagrun for user_rec_airflow to 2022-11-04T06:30:00+00:00, run_after=2022-11-04T07:00:00+00:00
[2022-11-04T07:22:07.905+0000] {processor.py:178} INFO - Processing /opt/airflow/dags/user_rec_airflow.py took 4.373 seconds
[2022-11-04T07:22:38.255+0000] {processor.py:156} INFO - Started process (PID=12725) to work on /opt/airflow/dags/user_rec_airflow.py
[2022-11-04T07:22:38.266+0000] {processor.py:758} INFO - Processing file /opt/airflow/dags/user_rec_airflow.py for tasks to queue
[2022-11-04T07:22:38.267+0000] {logging_mixin.py:117} INFO - [2022-11-04T07:22:38.267+0000] {dagbag.py:525} INFO - Filling up the DagBag from /opt/airflow/dags/user_rec_airflow.py
[2022-11-04T07:22:42.268+0000] {processor.py:768} INFO - DAG(s) dict_keys(['user_rec_airflow']) retrieved from /opt/airflow/dags/user_rec_airflow.py
[2022-11-04T07:22:42.310+0000] {logging_mixin.py:117} INFO - [2022-11-04T07:22:42.309+0000] {dag.py:2573} INFO - Sync 1 DAGs
[2022-11-04T07:22:42.340+0000] {logging_mixin.py:117} INFO - [2022-11-04T07:22:42.340+0000] {dag.py:3324} INFO - Setting next_dagrun for user_rec_airflow to 2022-11-04T06:30:00+00:00, run_after=2022-11-04T07:00:00+00:00
[2022-11-04T07:22:42.379+0000] {processor.py:178} INFO - Processing /opt/airflow/dags/user_rec_airflow.py took 4.129 seconds
[2022-11-04T07:23:12.782+0000] {processor.py:156} INFO - Started process (PID=12922) to work on /opt/airflow/dags/user_rec_airflow.py
[2022-11-04T07:23:12.793+0000] {processor.py:758} INFO - Processing file /opt/airflow/dags/user_rec_airflow.py for tasks to queue
[2022-11-04T07:23:12.793+0000] {logging_mixin.py:117} INFO - [2022-11-04T07:23:12.793+0000] {dagbag.py:525} INFO - Filling up the DagBag from /opt/airflow/dags/user_rec_airflow.py
[2022-11-04T07:23:18.026+0000] {processor.py:768} INFO - DAG(s) dict_keys(['user_rec_airflow']) retrieved from /opt/airflow/dags/user_rec_airflow.py
[2022-11-04T07:23:18.111+0000] {logging_mixin.py:117} INFO - [2022-11-04T07:23:18.109+0000] {dag.py:2573} INFO - Sync 1 DAGs
[2022-11-04T07:23:18.175+0000] {logging_mixin.py:117} INFO - [2022-11-04T07:23:18.174+0000] {dag.py:3324} INFO - Setting next_dagrun for user_rec_airflow to 2022-11-04T06:30:00+00:00, run_after=2022-11-04T07:00:00+00:00
[2022-11-04T07:23:18.258+0000] {processor.py:178} INFO - Processing /opt/airflow/dags/user_rec_airflow.py took 5.479 seconds
[2022-11-04T07:23:48.419+0000] {processor.py:156} INFO - Started process (PID=13119) to work on /opt/airflow/dags/user_rec_airflow.py
[2022-11-04T07:23:48.420+0000] {processor.py:758} INFO - Processing file /opt/airflow/dags/user_rec_airflow.py for tasks to queue
[2022-11-04T07:23:48.420+0000] {logging_mixin.py:117} INFO - [2022-11-04T07:23:48.420+0000] {dagbag.py:525} INFO - Filling up the DagBag from /opt/airflow/dags/user_rec_airflow.py
[2022-11-04T07:23:53.545+0000] {processor.py:768} INFO - DAG(s) dict_keys(['user_rec_airflow']) retrieved from /opt/airflow/dags/user_rec_airflow.py
[2022-11-04T07:23:53.615+0000] {logging_mixin.py:117} INFO - [2022-11-04T07:23:53.614+0000] {dag.py:2573} INFO - Sync 1 DAGs
[2022-11-04T07:23:53.666+0000] {logging_mixin.py:117} INFO - [2022-11-04T07:23:53.666+0000] {dag.py:3324} INFO - Setting next_dagrun for user_rec_airflow to 2022-11-04T06:30:00+00:00, run_after=2022-11-04T07:00:00+00:00
[2022-11-04T07:23:53.719+0000] {processor.py:178} INFO - Processing /opt/airflow/dags/user_rec_airflow.py took 5.305 seconds
[2022-11-04T07:24:23.935+0000] {processor.py:156} INFO - Started process (PID=13316) to work on /opt/airflow/dags/user_rec_airflow.py
[2022-11-04T07:24:23.945+0000] {processor.py:758} INFO - Processing file /opt/airflow/dags/user_rec_airflow.py for tasks to queue
[2022-11-04T07:24:23.947+0000] {logging_mixin.py:117} INFO - [2022-11-04T07:24:23.947+0000] {dagbag.py:525} INFO - Filling up the DagBag from /opt/airflow/dags/user_rec_airflow.py
[2022-11-04T07:24:28.586+0000] {processor.py:768} INFO - DAG(s) dict_keys(['user_rec_airflow']) retrieved from /opt/airflow/dags/user_rec_airflow.py
[2022-11-04T07:24:28.635+0000] {logging_mixin.py:117} INFO - [2022-11-04T07:24:28.634+0000] {dag.py:2573} INFO - Sync 1 DAGs
[2022-11-04T07:24:28.675+0000] {logging_mixin.py:117} INFO - [2022-11-04T07:24:28.674+0000] {dag.py:3324} INFO - Setting next_dagrun for user_rec_airflow to 2022-11-04T06:30:00+00:00, run_after=2022-11-04T07:00:00+00:00
[2022-11-04T07:24:28.704+0000] {processor.py:178} INFO - Processing /opt/airflow/dags/user_rec_airflow.py took 4.773 seconds
[2022-11-04T07:24:58.815+0000] {processor.py:156} INFO - Started process (PID=13512) to work on /opt/airflow/dags/user_rec_airflow.py
[2022-11-04T07:24:58.816+0000] {processor.py:758} INFO - Processing file /opt/airflow/dags/user_rec_airflow.py for tasks to queue
[2022-11-04T07:24:58.817+0000] {logging_mixin.py:117} INFO - [2022-11-04T07:24:58.816+0000] {dagbag.py:525} INFO - Filling up the DagBag from /opt/airflow/dags/user_rec_airflow.py
[2022-11-04T07:25:02.033+0000] {processor.py:768} INFO - DAG(s) dict_keys(['user_rec_airflow']) retrieved from /opt/airflow/dags/user_rec_airflow.py
[2022-11-04T07:25:02.103+0000] {logging_mixin.py:117} INFO - [2022-11-04T07:25:02.102+0000] {dag.py:2573} INFO - Sync 1 DAGs
[2022-11-04T07:25:02.157+0000] {logging_mixin.py:117} INFO - [2022-11-04T07:25:02.157+0000] {dag.py:3324} INFO - Setting next_dagrun for user_rec_airflow to 2022-11-04T06:30:00+00:00, run_after=2022-11-04T07:00:00+00:00
[2022-11-04T07:25:02.201+0000] {processor.py:178} INFO - Processing /opt/airflow/dags/user_rec_airflow.py took 3.390 seconds
[2022-11-04T07:25:32.899+0000] {processor.py:156} INFO - Started process (PID=13709) to work on /opt/airflow/dags/user_rec_airflow.py
[2022-11-04T07:25:32.900+0000] {processor.py:758} INFO - Processing file /opt/airflow/dags/user_rec_airflow.py for tasks to queue
[2022-11-04T07:25:32.901+0000] {logging_mixin.py:117} INFO - [2022-11-04T07:25:32.900+0000] {dagbag.py:525} INFO - Filling up the DagBag from /opt/airflow/dags/user_rec_airflow.py
[2022-11-04T07:25:36.491+0000] {processor.py:768} INFO - DAG(s) dict_keys(['user_rec_airflow']) retrieved from /opt/airflow/dags/user_rec_airflow.py
[2022-11-04T07:25:36.561+0000] {logging_mixin.py:117} INFO - [2022-11-04T07:25:36.560+0000] {dag.py:2573} INFO - Sync 1 DAGs
[2022-11-04T07:25:36.619+0000] {logging_mixin.py:117} INFO - [2022-11-04T07:25:36.618+0000] {dag.py:3324} INFO - Setting next_dagrun for user_rec_airflow to 2022-11-04T06:30:00+00:00, run_after=2022-11-04T07:00:00+00:00
[2022-11-04T07:25:36.671+0000] {processor.py:178} INFO - Processing /opt/airflow/dags/user_rec_airflow.py took 3.775 seconds
[2022-11-04T07:26:07.401+0000] {processor.py:156} INFO - Started process (PID=13906) to work on /opt/airflow/dags/user_rec_airflow.py
[2022-11-04T07:26:07.412+0000] {processor.py:758} INFO - Processing file /opt/airflow/dags/user_rec_airflow.py for tasks to queue
[2022-11-04T07:26:07.413+0000] {logging_mixin.py:117} INFO - [2022-11-04T07:26:07.412+0000] {dagbag.py:525} INFO - Filling up the DagBag from /opt/airflow/dags/user_rec_airflow.py
[2022-11-04T07:26:11.949+0000] {processor.py:768} INFO - DAG(s) dict_keys(['user_rec_airflow']) retrieved from /opt/airflow/dags/user_rec_airflow.py
[2022-11-04T07:26:12.012+0000] {logging_mixin.py:117} INFO - [2022-11-04T07:26:12.011+0000] {dag.py:2573} INFO - Sync 1 DAGs
[2022-11-04T07:26:12.059+0000] {logging_mixin.py:117} INFO - [2022-11-04T07:26:12.059+0000] {dag.py:3324} INFO - Setting next_dagrun for user_rec_airflow to 2022-11-04T06:30:00+00:00, run_after=2022-11-04T07:00:00+00:00
[2022-11-04T07:26:12.107+0000] {processor.py:178} INFO - Processing /opt/airflow/dags/user_rec_airflow.py took 4.709 seconds
[2022-11-04T07:26:42.896+0000] {processor.py:156} INFO - Started process (PID=14104) to work on /opt/airflow/dags/user_rec_airflow.py
[2022-11-04T07:26:42.908+0000] {processor.py:758} INFO - Processing file /opt/airflow/dags/user_rec_airflow.py for tasks to queue
[2022-11-04T07:26:42.910+0000] {logging_mixin.py:117} INFO - [2022-11-04T07:26:42.909+0000] {dagbag.py:525} INFO - Filling up the DagBag from /opt/airflow/dags/user_rec_airflow.py
[2022-11-04T07:26:46.849+0000] {processor.py:768} INFO - DAG(s) dict_keys(['user_rec_airflow']) retrieved from /opt/airflow/dags/user_rec_airflow.py
[2022-11-04T07:26:46.898+0000] {logging_mixin.py:117} INFO - [2022-11-04T07:26:46.897+0000] {dag.py:2573} INFO - Sync 1 DAGs
[2022-11-04T07:26:46.933+0000] {logging_mixin.py:117} INFO - [2022-11-04T07:26:46.933+0000] {dag.py:3324} INFO - Setting next_dagrun for user_rec_airflow to 2022-11-04T06:30:00+00:00, run_after=2022-11-04T07:00:00+00:00
[2022-11-04T07:26:46.963+0000] {processor.py:178} INFO - Processing /opt/airflow/dags/user_rec_airflow.py took 4.072 seconds
[2022-11-04T07:27:17.383+0000] {processor.py:156} INFO - Started process (PID=14301) to work on /opt/airflow/dags/user_rec_airflow.py
[2022-11-04T07:27:17.394+0000] {processor.py:758} INFO - Processing file /opt/airflow/dags/user_rec_airflow.py for tasks to queue
[2022-11-04T07:27:17.396+0000] {logging_mixin.py:117} INFO - [2022-11-04T07:27:17.395+0000] {dagbag.py:525} INFO - Filling up the DagBag from /opt/airflow/dags/user_rec_airflow.py
[2022-11-04T07:27:20.924+0000] {processor.py:768} INFO - DAG(s) dict_keys(['user_rec_airflow']) retrieved from /opt/airflow/dags/user_rec_airflow.py
[2022-11-04T07:27:21.001+0000] {logging_mixin.py:117} INFO - [2022-11-04T07:27:21.000+0000] {dag.py:2573} INFO - Sync 1 DAGs
[2022-11-04T07:27:21.049+0000] {logging_mixin.py:117} INFO - [2022-11-04T07:27:21.049+0000] {dag.py:3324} INFO - Setting next_dagrun for user_rec_airflow to 2022-11-04T06:30:00+00:00, run_after=2022-11-04T07:00:00+00:00
[2022-11-04T07:27:21.081+0000] {processor.py:178} INFO - Processing /opt/airflow/dags/user_rec_airflow.py took 3.706 seconds
