[2022-11-04T07:10:56.019+0000] {taskinstance.py:1165} INFO - Dependencies all met for <TaskInstance: pik_rec_airflow.clear_bento scheduled__2022-11-04T06:30:00+00:00 [queued]>
[2022-11-04T07:10:56.032+0000] {taskinstance.py:1165} INFO - Dependencies all met for <TaskInstance: pik_rec_airflow.clear_bento scheduled__2022-11-04T06:30:00+00:00 [queued]>
[2022-11-04T07:10:56.032+0000] {taskinstance.py:1362} INFO - 
--------------------------------------------------------------------------------
[2022-11-04T07:10:56.032+0000] {taskinstance.py:1363} INFO - Starting attempt 1 of 1
[2022-11-04T07:10:56.033+0000] {taskinstance.py:1364} INFO - 
--------------------------------------------------------------------------------
[2022-11-04T07:10:56.049+0000] {taskinstance.py:1383} INFO - Executing <Task(BashOperator): clear_bento> on 2022-11-04 06:30:00+00:00
[2022-11-04T07:10:56.055+0000] {standard_task_runner.py:54} INFO - Started process 68 to run task
[2022-11-04T07:10:56.058+0000] {standard_task_runner.py:82} INFO - Running: ['***', 'tasks', 'run', 'pik_rec_***', 'clear_bento', 'scheduled__2022-11-04T06:30:00+00:00', '--job-id', '2', '--raw', '--subdir', 'DAGS_FOLDER/pik_rec_***.py', '--cfg-path', '/tmp/tmp6ie43oft']
[2022-11-04T07:10:56.059+0000] {standard_task_runner.py:83} INFO - Job 2: Subtask clear_bento
[2022-11-04T07:10:56.060+0000] {dagbag.py:525} INFO - Filling up the DagBag from /opt/***/dags/pik_rec_***.py
[2022-11-04T07:11:02.158+0000] {warnings.py:109} WARNING - /home/***/.local/lib/python3.8/site-packages/***/configuration.py:545: DeprecationWarning: The sql_alchemy_conn option in [core] has been moved to the sql_alchemy_conn option in [database] - the old setting has been used, but please update your config.
  option = self._get_environment_variables(deprecated_key, deprecated_section, key, section)

[2022-11-04T07:11:02.216+0000] {task_command.py:384} INFO - Running <TaskInstance: pik_rec_airflow.clear_bento scheduled__2022-11-04T06:30:00+00:00 [running]> on host 330ee51a880d
[2022-11-04T07:11:02.300+0000] {taskinstance.py:1590} INFO - Exporting the following env vars:
AIRFLOW_CTX_DAG_EMAIL=hojun.seo@pikurate.com
AIRFLOW_CTX_DAG_OWNER=***
AIRFLOW_CTX_DAG_ID=pik_rec_***
AIRFLOW_CTX_TASK_ID=clear_bento
AIRFLOW_CTX_EXECUTION_DATE=2022-11-04T06:30:00+00:00
AIRFLOW_CTX_TRY_NUMBER=1
AIRFLOW_CTX_DAG_RUN_ID=scheduled__2022-11-04T06:30:00+00:00
[2022-11-04T07:11:02.301+0000] {subprocess.py:63} INFO - Tmp dir root location: 
 /tmp
[2022-11-04T07:11:02.302+0000] {subprocess.py:75} INFO - Running command: ['/bin/bash', '-c', ' \n                bentoml delete pik_recommender_bento --yes; bentoml models delete pik_recommender_model --yes; echo "Job continued"  \n            ']
[2022-11-04T07:11:02.327+0000] {subprocess.py:86} INFO - Output:
[2022-11-04T07:11:04.080+0000] {subprocess.py:93} INFO - Error: [bentoml-cli] `delete` failed: no Bentos with name 'pik_recommender_bento' found
[2022-11-04T07:11:05.917+0000] {subprocess.py:93} INFO - Error: [models] `delete` failed: no Models with name 'pik_recommender_model' found
[2022-11-04T07:11:06.132+0000] {subprocess.py:93} INFO - Job continued
[2022-11-04T07:11:06.133+0000] {subprocess.py:97} INFO - Command exited with return code 0
[2022-11-04T07:11:06.194+0000] {taskinstance.py:1401} INFO - Marking task as SUCCESS. dag_id=pik_rec_***, task_id=clear_bento, execution_date=20221104T063000, start_date=20221104T071056, end_date=20221104T071106
[2022-11-04T07:11:06.762+0000] {local_task_job.py:164} INFO - Task exited with return code 0
[2022-11-04T07:11:06.838+0000] {local_task_job.py:273} INFO - 1 downstream tasks scheduled from follow-on schedule check
