[2022-11-04T06:46:19.132+0000] {processor.py:156} INFO - Started process (PID=93) to work on /opt/airflow/dags/functions/calculate_emb_vectors.py
[2022-11-04T06:46:19.133+0000] {processor.py:758} INFO - Processing file /opt/airflow/dags/functions/calculate_emb_vectors.py for tasks to queue
[2022-11-04T06:46:19.133+0000] {logging_mixin.py:117} INFO - [2022-11-04T06:46:19.133+0000] {dagbag.py:525} INFO - Filling up the DagBag from /opt/airflow/dags/functions/calculate_emb_vectors.py
[2022-11-04T06:46:21.516+0000] {processor.py:770} WARNING - No viable dags retrieved from /opt/airflow/dags/functions/calculate_emb_vectors.py
[2022-11-04T06:46:21.532+0000] {processor.py:178} INFO - Processing /opt/airflow/dags/functions/calculate_emb_vectors.py took 2.403 seconds
[2022-11-04T06:46:52.698+0000] {processor.py:156} INFO - Started process (PID=288) to work on /opt/airflow/dags/functions/calculate_emb_vectors.py
[2022-11-04T06:46:52.699+0000] {processor.py:758} INFO - Processing file /opt/airflow/dags/functions/calculate_emb_vectors.py for tasks to queue
[2022-11-04T06:46:52.699+0000] {logging_mixin.py:117} INFO - [2022-11-04T06:46:52.699+0000] {dagbag.py:525} INFO - Filling up the DagBag from /opt/airflow/dags/functions/calculate_emb_vectors.py
[2022-11-04T06:46:54.959+0000] {processor.py:770} WARNING - No viable dags retrieved from /opt/airflow/dags/functions/calculate_emb_vectors.py
[2022-11-04T06:46:54.985+0000] {processor.py:178} INFO - Processing /opt/airflow/dags/functions/calculate_emb_vectors.py took 2.291 seconds
[2022-11-04T06:47:26.469+0000] {processor.py:156} INFO - Started process (PID=485) to work on /opt/airflow/dags/functions/calculate_emb_vectors.py
[2022-11-04T06:47:26.470+0000] {processor.py:758} INFO - Processing file /opt/airflow/dags/functions/calculate_emb_vectors.py for tasks to queue
[2022-11-04T06:47:26.471+0000] {logging_mixin.py:117} INFO - [2022-11-04T06:47:26.471+0000] {dagbag.py:525} INFO - Filling up the DagBag from /opt/airflow/dags/functions/calculate_emb_vectors.py
[2022-11-04T06:47:28.671+0000] {processor.py:770} WARNING - No viable dags retrieved from /opt/airflow/dags/functions/calculate_emb_vectors.py
[2022-11-04T06:47:28.687+0000] {processor.py:178} INFO - Processing /opt/airflow/dags/functions/calculate_emb_vectors.py took 2.222 seconds
[2022-11-04T06:48:00.313+0000] {processor.py:156} INFO - Started process (PID=682) to work on /opt/airflow/dags/functions/calculate_emb_vectors.py
[2022-11-04T06:48:00.314+0000] {processor.py:758} INFO - Processing file /opt/airflow/dags/functions/calculate_emb_vectors.py for tasks to queue
[2022-11-04T06:48:00.315+0000] {logging_mixin.py:117} INFO - [2022-11-04T06:48:00.315+0000] {dagbag.py:525} INFO - Filling up the DagBag from /opt/airflow/dags/functions/calculate_emb_vectors.py
[2022-11-04T06:48:02.413+0000] {processor.py:770} WARNING - No viable dags retrieved from /opt/airflow/dags/functions/calculate_emb_vectors.py
[2022-11-04T06:48:02.431+0000] {processor.py:178} INFO - Processing /opt/airflow/dags/functions/calculate_emb_vectors.py took 2.122 seconds
[2022-11-04T06:48:34.200+0000] {processor.py:156} INFO - Started process (PID=879) to work on /opt/airflow/dags/functions/calculate_emb_vectors.py
[2022-11-04T06:48:34.201+0000] {processor.py:758} INFO - Processing file /opt/airflow/dags/functions/calculate_emb_vectors.py for tasks to queue
[2022-11-04T06:48:34.202+0000] {logging_mixin.py:117} INFO - [2022-11-04T06:48:34.201+0000] {dagbag.py:525} INFO - Filling up the DagBag from /opt/airflow/dags/functions/calculate_emb_vectors.py
[2022-11-04T06:48:36.381+0000] {processor.py:770} WARNING - No viable dags retrieved from /opt/airflow/dags/functions/calculate_emb_vectors.py
[2022-11-04T06:48:36.397+0000] {processor.py:178} INFO - Processing /opt/airflow/dags/functions/calculate_emb_vectors.py took 2.201 seconds
[2022-11-04T06:49:07.915+0000] {processor.py:156} INFO - Started process (PID=1076) to work on /opt/airflow/dags/functions/calculate_emb_vectors.py
[2022-11-04T06:49:07.916+0000] {processor.py:758} INFO - Processing file /opt/airflow/dags/functions/calculate_emb_vectors.py for tasks to queue
[2022-11-04T06:49:07.917+0000] {logging_mixin.py:117} INFO - [2022-11-04T06:49:07.917+0000] {dagbag.py:525} INFO - Filling up the DagBag from /opt/airflow/dags/functions/calculate_emb_vectors.py
[2022-11-04T06:49:09.924+0000] {processor.py:770} WARNING - No viable dags retrieved from /opt/airflow/dags/functions/calculate_emb_vectors.py
[2022-11-04T06:49:09.949+0000] {processor.py:178} INFO - Processing /opt/airflow/dags/functions/calculate_emb_vectors.py took 2.037 seconds
[2022-11-04T06:49:41.726+0000] {processor.py:156} INFO - Started process (PID=1273) to work on /opt/airflow/dags/functions/calculate_emb_vectors.py
[2022-11-04T06:49:41.737+0000] {processor.py:758} INFO - Processing file /opt/airflow/dags/functions/calculate_emb_vectors.py for tasks to queue
[2022-11-04T06:49:41.739+0000] {logging_mixin.py:117} INFO - [2022-11-04T06:49:41.738+0000] {dagbag.py:525} INFO - Filling up the DagBag from /opt/airflow/dags/functions/calculate_emb_vectors.py
[2022-11-04T06:49:43.686+0000] {processor.py:770} WARNING - No viable dags retrieved from /opt/airflow/dags/functions/calculate_emb_vectors.py
[2022-11-04T06:49:43.704+0000] {processor.py:178} INFO - Processing /opt/airflow/dags/functions/calculate_emb_vectors.py took 1.982 seconds
[2022-11-04T06:50:15.560+0000] {processor.py:156} INFO - Started process (PID=1470) to work on /opt/airflow/dags/functions/calculate_emb_vectors.py
[2022-11-04T06:50:15.562+0000] {processor.py:758} INFO - Processing file /opt/airflow/dags/functions/calculate_emb_vectors.py for tasks to queue
[2022-11-04T06:50:15.563+0000] {logging_mixin.py:117} INFO - [2022-11-04T06:50:15.563+0000] {dagbag.py:525} INFO - Filling up the DagBag from /opt/airflow/dags/functions/calculate_emb_vectors.py
[2022-11-04T06:50:17.455+0000] {processor.py:770} WARNING - No viable dags retrieved from /opt/airflow/dags/functions/calculate_emb_vectors.py
[2022-11-04T06:50:17.482+0000] {processor.py:178} INFO - Processing /opt/airflow/dags/functions/calculate_emb_vectors.py took 1.927 seconds
[2022-11-04T06:50:49.108+0000] {processor.py:156} INFO - Started process (PID=1667) to work on /opt/airflow/dags/functions/calculate_emb_vectors.py
[2022-11-04T06:50:49.111+0000] {processor.py:758} INFO - Processing file /opt/airflow/dags/functions/calculate_emb_vectors.py for tasks to queue
[2022-11-04T06:50:49.113+0000] {logging_mixin.py:117} INFO - [2022-11-04T06:50:49.113+0000] {dagbag.py:525} INFO - Filling up the DagBag from /opt/airflow/dags/functions/calculate_emb_vectors.py
[2022-11-04T06:50:51.235+0000] {processor.py:770} WARNING - No viable dags retrieved from /opt/airflow/dags/functions/calculate_emb_vectors.py
[2022-11-04T06:50:51.250+0000] {processor.py:178} INFO - Processing /opt/airflow/dags/functions/calculate_emb_vectors.py took 2.146 seconds
[2022-11-04T06:51:22.607+0000] {processor.py:156} INFO - Started process (PID=1864) to work on /opt/airflow/dags/functions/calculate_emb_vectors.py
[2022-11-04T06:51:22.607+0000] {processor.py:758} INFO - Processing file /opt/airflow/dags/functions/calculate_emb_vectors.py for tasks to queue
[2022-11-04T06:51:22.608+0000] {logging_mixin.py:117} INFO - [2022-11-04T06:51:22.608+0000] {dagbag.py:525} INFO - Filling up the DagBag from /opt/airflow/dags/functions/calculate_emb_vectors.py
[2022-11-04T06:51:24.772+0000] {processor.py:770} WARNING - No viable dags retrieved from /opt/airflow/dags/functions/calculate_emb_vectors.py
[2022-11-04T06:51:24.788+0000] {processor.py:178} INFO - Processing /opt/airflow/dags/functions/calculate_emb_vectors.py took 2.186 seconds
[2022-11-04T06:51:56.183+0000] {processor.py:156} INFO - Started process (PID=2061) to work on /opt/airflow/dags/functions/calculate_emb_vectors.py
[2022-11-04T06:51:56.184+0000] {processor.py:758} INFO - Processing file /opt/airflow/dags/functions/calculate_emb_vectors.py for tasks to queue
[2022-11-04T06:51:56.185+0000] {logging_mixin.py:117} INFO - [2022-11-04T06:51:56.185+0000] {dagbag.py:525} INFO - Filling up the DagBag from /opt/airflow/dags/functions/calculate_emb_vectors.py
[2022-11-04T06:51:58.333+0000] {processor.py:770} WARNING - No viable dags retrieved from /opt/airflow/dags/functions/calculate_emb_vectors.py
[2022-11-04T06:51:58.348+0000] {processor.py:178} INFO - Processing /opt/airflow/dags/functions/calculate_emb_vectors.py took 2.170 seconds
[2022-11-04T06:52:29.548+0000] {processor.py:156} INFO - Started process (PID=2239) to work on /opt/airflow/dags/functions/calculate_emb_vectors.py
[2022-11-04T06:52:29.549+0000] {processor.py:758} INFO - Processing file /opt/airflow/dags/functions/calculate_emb_vectors.py for tasks to queue
[2022-11-04T06:52:29.549+0000] {logging_mixin.py:117} INFO - [2022-11-04T06:52:29.549+0000] {dagbag.py:525} INFO - Filling up the DagBag from /opt/airflow/dags/functions/calculate_emb_vectors.py
[2022-11-04T06:52:31.816+0000] {processor.py:770} WARNING - No viable dags retrieved from /opt/airflow/dags/functions/calculate_emb_vectors.py
[2022-11-04T06:52:31.833+0000] {processor.py:178} INFO - Processing /opt/airflow/dags/functions/calculate_emb_vectors.py took 2.289 seconds
[2022-11-04T06:53:03.007+0000] {processor.py:156} INFO - Started process (PID=2436) to work on /opt/airflow/dags/functions/calculate_emb_vectors.py
[2022-11-04T06:53:03.008+0000] {processor.py:758} INFO - Processing file /opt/airflow/dags/functions/calculate_emb_vectors.py for tasks to queue
[2022-11-04T06:53:03.009+0000] {logging_mixin.py:117} INFO - [2022-11-04T06:53:03.009+0000] {dagbag.py:525} INFO - Filling up the DagBag from /opt/airflow/dags/functions/calculate_emb_vectors.py
[2022-11-04T06:53:05.259+0000] {processor.py:770} WARNING - No viable dags retrieved from /opt/airflow/dags/functions/calculate_emb_vectors.py
[2022-11-04T06:53:05.281+0000] {processor.py:178} INFO - Processing /opt/airflow/dags/functions/calculate_emb_vectors.py took 2.277 seconds
[2022-11-04T06:53:36.872+0000] {processor.py:156} INFO - Started process (PID=2633) to work on /opt/airflow/dags/functions/calculate_emb_vectors.py
[2022-11-04T06:53:36.873+0000] {processor.py:758} INFO - Processing file /opt/airflow/dags/functions/calculate_emb_vectors.py for tasks to queue
[2022-11-04T06:53:36.874+0000] {logging_mixin.py:117} INFO - [2022-11-04T06:53:36.874+0000] {dagbag.py:525} INFO - Filling up the DagBag from /opt/airflow/dags/functions/calculate_emb_vectors.py
[2022-11-04T06:53:39.023+0000] {processor.py:770} WARNING - No viable dags retrieved from /opt/airflow/dags/functions/calculate_emb_vectors.py
[2022-11-04T06:53:39.044+0000] {processor.py:178} INFO - Processing /opt/airflow/dags/functions/calculate_emb_vectors.py took 2.175 seconds
[2022-11-04T06:54:10.429+0000] {processor.py:156} INFO - Started process (PID=2830) to work on /opt/airflow/dags/functions/calculate_emb_vectors.py
[2022-11-04T06:54:10.430+0000] {processor.py:758} INFO - Processing file /opt/airflow/dags/functions/calculate_emb_vectors.py for tasks to queue
[2022-11-04T06:54:10.431+0000] {logging_mixin.py:117} INFO - [2022-11-04T06:54:10.430+0000] {dagbag.py:525} INFO - Filling up the DagBag from /opt/airflow/dags/functions/calculate_emb_vectors.py
[2022-11-04T06:54:12.484+0000] {processor.py:770} WARNING - No viable dags retrieved from /opt/airflow/dags/functions/calculate_emb_vectors.py
[2022-11-04T06:54:12.514+0000] {processor.py:178} INFO - Processing /opt/airflow/dags/functions/calculate_emb_vectors.py took 2.088 seconds
[2022-11-04T06:54:42.805+0000] {processor.py:156} INFO - Started process (PID=3025) to work on /opt/airflow/dags/functions/calculate_emb_vectors.py
[2022-11-04T06:54:42.806+0000] {processor.py:758} INFO - Processing file /opt/airflow/dags/functions/calculate_emb_vectors.py for tasks to queue
[2022-11-04T06:54:42.806+0000] {logging_mixin.py:117} INFO - [2022-11-04T06:54:42.806+0000] {dagbag.py:525} INFO - Filling up the DagBag from /opt/airflow/dags/functions/calculate_emb_vectors.py
[2022-11-04T06:54:45.066+0000] {processor.py:770} WARNING - No viable dags retrieved from /opt/airflow/dags/functions/calculate_emb_vectors.py
[2022-11-04T06:54:45.080+0000] {processor.py:178} INFO - Processing /opt/airflow/dags/functions/calculate_emb_vectors.py took 2.280 seconds
[2022-11-04T06:55:15.732+0000] {processor.py:156} INFO - Started process (PID=3203) to work on /opt/airflow/dags/functions/calculate_emb_vectors.py
[2022-11-04T06:55:15.742+0000] {processor.py:758} INFO - Processing file /opt/airflow/dags/functions/calculate_emb_vectors.py for tasks to queue
[2022-11-04T06:55:15.742+0000] {logging_mixin.py:117} INFO - [2022-11-04T06:55:15.742+0000] {dagbag.py:525} INFO - Filling up the DagBag from /opt/airflow/dags/functions/calculate_emb_vectors.py
[2022-11-04T06:55:18.051+0000] {processor.py:770} WARNING - No viable dags retrieved from /opt/airflow/dags/functions/calculate_emb_vectors.py
[2022-11-04T06:55:18.067+0000] {processor.py:178} INFO - Processing /opt/airflow/dags/functions/calculate_emb_vectors.py took 2.338 seconds
[2022-11-04T06:55:48.241+0000] {processor.py:156} INFO - Started process (PID=3398) to work on /opt/airflow/dags/functions/calculate_emb_vectors.py
[2022-11-04T06:55:48.241+0000] {processor.py:758} INFO - Processing file /opt/airflow/dags/functions/calculate_emb_vectors.py for tasks to queue
[2022-11-04T06:55:48.242+0000] {logging_mixin.py:117} INFO - [2022-11-04T06:55:48.242+0000] {dagbag.py:525} INFO - Filling up the DagBag from /opt/airflow/dags/functions/calculate_emb_vectors.py
[2022-11-04T06:55:50.368+0000] {processor.py:770} WARNING - No viable dags retrieved from /opt/airflow/dags/functions/calculate_emb_vectors.py
[2022-11-04T06:55:50.383+0000] {processor.py:178} INFO - Processing /opt/airflow/dags/functions/calculate_emb_vectors.py took 2.145 seconds
[2022-11-04T06:56:20.821+0000] {processor.py:156} INFO - Started process (PID=3595) to work on /opt/airflow/dags/functions/calculate_emb_vectors.py
[2022-11-04T06:56:20.830+0000] {processor.py:758} INFO - Processing file /opt/airflow/dags/functions/calculate_emb_vectors.py for tasks to queue
[2022-11-04T06:56:20.831+0000] {logging_mixin.py:117} INFO - [2022-11-04T06:56:20.831+0000] {dagbag.py:525} INFO - Filling up the DagBag from /opt/airflow/dags/functions/calculate_emb_vectors.py
[2022-11-04T06:56:22.748+0000] {processor.py:770} WARNING - No viable dags retrieved from /opt/airflow/dags/functions/calculate_emb_vectors.py
[2022-11-04T06:56:22.774+0000] {processor.py:178} INFO - Processing /opt/airflow/dags/functions/calculate_emb_vectors.py took 1.957 seconds
[2022-11-04T06:56:53.834+0000] {processor.py:156} INFO - Started process (PID=3792) to work on /opt/airflow/dags/functions/calculate_emb_vectors.py
[2022-11-04T06:56:53.835+0000] {processor.py:758} INFO - Processing file /opt/airflow/dags/functions/calculate_emb_vectors.py for tasks to queue
[2022-11-04T06:56:53.836+0000] {logging_mixin.py:117} INFO - [2022-11-04T06:56:53.836+0000] {dagbag.py:525} INFO - Filling up the DagBag from /opt/airflow/dags/functions/calculate_emb_vectors.py
[2022-11-04T06:56:55.646+0000] {processor.py:770} WARNING - No viable dags retrieved from /opt/airflow/dags/functions/calculate_emb_vectors.py
[2022-11-04T06:56:55.660+0000] {processor.py:178} INFO - Processing /opt/airflow/dags/functions/calculate_emb_vectors.py took 1.830 seconds
[2022-11-04T06:57:25.801+0000] {processor.py:156} INFO - Started process (PID=3989) to work on /opt/airflow/dags/functions/calculate_emb_vectors.py
[2022-11-04T06:57:25.811+0000] {processor.py:758} INFO - Processing file /opt/airflow/dags/functions/calculate_emb_vectors.py for tasks to queue
[2022-11-04T06:57:25.812+0000] {logging_mixin.py:117} INFO - [2022-11-04T06:57:25.812+0000] {dagbag.py:525} INFO - Filling up the DagBag from /opt/airflow/dags/functions/calculate_emb_vectors.py
[2022-11-04T06:57:27.859+0000] {processor.py:770} WARNING - No viable dags retrieved from /opt/airflow/dags/functions/calculate_emb_vectors.py
[2022-11-04T06:57:27.876+0000] {processor.py:178} INFO - Processing /opt/airflow/dags/functions/calculate_emb_vectors.py took 2.078 seconds
[2022-11-04T06:57:57.964+0000] {processor.py:156} INFO - Started process (PID=4186) to work on /opt/airflow/dags/functions/calculate_emb_vectors.py
[2022-11-04T06:57:57.974+0000] {processor.py:758} INFO - Processing file /opt/airflow/dags/functions/calculate_emb_vectors.py for tasks to queue
[2022-11-04T06:57:57.975+0000] {logging_mixin.py:117} INFO - [2022-11-04T06:57:57.975+0000] {dagbag.py:525} INFO - Filling up the DagBag from /opt/airflow/dags/functions/calculate_emb_vectors.py
[2022-11-04T06:58:00.034+0000] {processor.py:770} WARNING - No viable dags retrieved from /opt/airflow/dags/functions/calculate_emb_vectors.py
[2022-11-04T06:58:00.055+0000] {processor.py:178} INFO - Processing /opt/airflow/dags/functions/calculate_emb_vectors.py took 2.094 seconds
[2022-11-04T06:58:30.852+0000] {processor.py:156} INFO - Started process (PID=4383) to work on /opt/airflow/dags/functions/calculate_emb_vectors.py
[2022-11-04T06:58:30.862+0000] {processor.py:758} INFO - Processing file /opt/airflow/dags/functions/calculate_emb_vectors.py for tasks to queue
[2022-11-04T06:58:30.863+0000] {logging_mixin.py:117} INFO - [2022-11-04T06:58:30.863+0000] {dagbag.py:525} INFO - Filling up the DagBag from /opt/airflow/dags/functions/calculate_emb_vectors.py
[2022-11-04T06:58:32.757+0000] {processor.py:770} WARNING - No viable dags retrieved from /opt/airflow/dags/functions/calculate_emb_vectors.py
[2022-11-04T06:58:32.773+0000] {processor.py:178} INFO - Processing /opt/airflow/dags/functions/calculate_emb_vectors.py took 1.925 seconds
[2022-11-04T06:59:02.993+0000] {processor.py:156} INFO - Started process (PID=4580) to work on /opt/airflow/dags/functions/calculate_emb_vectors.py
[2022-11-04T06:59:03.003+0000] {processor.py:758} INFO - Processing file /opt/airflow/dags/functions/calculate_emb_vectors.py for tasks to queue
[2022-11-04T06:59:03.004+0000] {logging_mixin.py:117} INFO - [2022-11-04T06:59:03.004+0000] {dagbag.py:525} INFO - Filling up the DagBag from /opt/airflow/dags/functions/calculate_emb_vectors.py
[2022-11-04T06:59:05.047+0000] {processor.py:770} WARNING - No viable dags retrieved from /opt/airflow/dags/functions/calculate_emb_vectors.py
[2022-11-04T06:59:05.062+0000] {processor.py:178} INFO - Processing /opt/airflow/dags/functions/calculate_emb_vectors.py took 2.072 seconds
[2022-11-04T06:59:35.552+0000] {processor.py:156} INFO - Started process (PID=4777) to work on /opt/airflow/dags/functions/calculate_emb_vectors.py
[2022-11-04T06:59:35.563+0000] {processor.py:758} INFO - Processing file /opt/airflow/dags/functions/calculate_emb_vectors.py for tasks to queue
[2022-11-04T06:59:35.563+0000] {logging_mixin.py:117} INFO - [2022-11-04T06:59:35.563+0000] {dagbag.py:525} INFO - Filling up the DagBag from /opt/airflow/dags/functions/calculate_emb_vectors.py
[2022-11-04T06:59:37.609+0000] {processor.py:770} WARNING - No viable dags retrieved from /opt/airflow/dags/functions/calculate_emb_vectors.py
[2022-11-04T06:59:37.624+0000] {processor.py:178} INFO - Processing /opt/airflow/dags/functions/calculate_emb_vectors.py took 2.077 seconds
[2022-11-04T07:00:08.146+0000] {processor.py:156} INFO - Started process (PID=4973) to work on /opt/airflow/dags/functions/calculate_emb_vectors.py
[2022-11-04T07:00:08.147+0000] {processor.py:758} INFO - Processing file /opt/airflow/dags/functions/calculate_emb_vectors.py for tasks to queue
[2022-11-04T07:00:08.148+0000] {logging_mixin.py:117} INFO - [2022-11-04T07:00:08.148+0000] {dagbag.py:525} INFO - Filling up the DagBag from /opt/airflow/dags/functions/calculate_emb_vectors.py
[2022-11-04T07:00:10.512+0000] {processor.py:770} WARNING - No viable dags retrieved from /opt/airflow/dags/functions/calculate_emb_vectors.py
[2022-11-04T07:00:10.526+0000] {processor.py:178} INFO - Processing /opt/airflow/dags/functions/calculate_emb_vectors.py took 2.385 seconds
[2022-11-04T07:00:40.753+0000] {processor.py:156} INFO - Started process (PID=5151) to work on /opt/airflow/dags/functions/calculate_emb_vectors.py
[2022-11-04T07:00:40.754+0000] {processor.py:758} INFO - Processing file /opt/airflow/dags/functions/calculate_emb_vectors.py for tasks to queue
[2022-11-04T07:00:40.755+0000] {logging_mixin.py:117} INFO - [2022-11-04T07:00:40.755+0000] {dagbag.py:525} INFO - Filling up the DagBag from /opt/airflow/dags/functions/calculate_emb_vectors.py
[2022-11-04T07:00:42.935+0000] {processor.py:770} WARNING - No viable dags retrieved from /opt/airflow/dags/functions/calculate_emb_vectors.py
[2022-11-04T07:00:42.950+0000] {processor.py:178} INFO - Processing /opt/airflow/dags/functions/calculate_emb_vectors.py took 2.204 seconds
[2022-11-04T07:01:13.609+0000] {processor.py:156} INFO - Started process (PID=5347) to work on /opt/airflow/dags/functions/calculate_emb_vectors.py
[2022-11-04T07:01:13.610+0000] {processor.py:758} INFO - Processing file /opt/airflow/dags/functions/calculate_emb_vectors.py for tasks to queue
[2022-11-04T07:01:13.610+0000] {logging_mixin.py:117} INFO - [2022-11-04T07:01:13.610+0000] {dagbag.py:525} INFO - Filling up the DagBag from /opt/airflow/dags/functions/calculate_emb_vectors.py
[2022-11-04T07:01:15.780+0000] {processor.py:770} WARNING - No viable dags retrieved from /opt/airflow/dags/functions/calculate_emb_vectors.py
[2022-11-04T07:01:15.805+0000] {processor.py:178} INFO - Processing /opt/airflow/dags/functions/calculate_emb_vectors.py took 2.199 seconds
[2022-11-04T07:01:47.261+0000] {processor.py:156} INFO - Started process (PID=5544) to work on /opt/airflow/dags/functions/calculate_emb_vectors.py
[2022-11-04T07:01:47.261+0000] {processor.py:758} INFO - Processing file /opt/airflow/dags/functions/calculate_emb_vectors.py for tasks to queue
[2022-11-04T07:01:47.262+0000] {logging_mixin.py:117} INFO - [2022-11-04T07:01:47.262+0000] {dagbag.py:525} INFO - Filling up the DagBag from /opt/airflow/dags/functions/calculate_emb_vectors.py
[2022-11-04T07:01:49.509+0000] {processor.py:770} WARNING - No viable dags retrieved from /opt/airflow/dags/functions/calculate_emb_vectors.py
[2022-11-04T07:01:49.526+0000] {processor.py:178} INFO - Processing /opt/airflow/dags/functions/calculate_emb_vectors.py took 2.269 seconds
[2022-11-04T07:02:20.991+0000] {processor.py:156} INFO - Started process (PID=5741) to work on /opt/airflow/dags/functions/calculate_emb_vectors.py
[2022-11-04T07:02:20.991+0000] {processor.py:758} INFO - Processing file /opt/airflow/dags/functions/calculate_emb_vectors.py for tasks to queue
[2022-11-04T07:02:20.992+0000] {logging_mixin.py:117} INFO - [2022-11-04T07:02:20.992+0000] {dagbag.py:525} INFO - Filling up the DagBag from /opt/airflow/dags/functions/calculate_emb_vectors.py
[2022-11-04T07:02:23.161+0000] {processor.py:770} WARNING - No viable dags retrieved from /opt/airflow/dags/functions/calculate_emb_vectors.py
[2022-11-04T07:02:23.186+0000] {processor.py:178} INFO - Processing /opt/airflow/dags/functions/calculate_emb_vectors.py took 2.199 seconds
[2022-11-04T07:02:54.481+0000] {processor.py:156} INFO - Started process (PID=5938) to work on /opt/airflow/dags/functions/calculate_emb_vectors.py
[2022-11-04T07:02:54.483+0000] {processor.py:758} INFO - Processing file /opt/airflow/dags/functions/calculate_emb_vectors.py for tasks to queue
[2022-11-04T07:02:54.484+0000] {logging_mixin.py:117} INFO - [2022-11-04T07:02:54.484+0000] {dagbag.py:525} INFO - Filling up the DagBag from /opt/airflow/dags/functions/calculate_emb_vectors.py
[2022-11-04T07:02:56.660+0000] {processor.py:770} WARNING - No viable dags retrieved from /opt/airflow/dags/functions/calculate_emb_vectors.py
[2022-11-04T07:02:56.677+0000] {processor.py:178} INFO - Processing /opt/airflow/dags/functions/calculate_emb_vectors.py took 2.202 seconds
[2022-11-04T07:03:28.524+0000] {processor.py:156} INFO - Started process (PID=6135) to work on /opt/airflow/dags/functions/calculate_emb_vectors.py
[2022-11-04T07:03:28.526+0000] {processor.py:758} INFO - Processing file /opt/airflow/dags/functions/calculate_emb_vectors.py for tasks to queue
[2022-11-04T07:03:28.527+0000] {logging_mixin.py:117} INFO - [2022-11-04T07:03:28.527+0000] {dagbag.py:525} INFO - Filling up the DagBag from /opt/airflow/dags/functions/calculate_emb_vectors.py
[2022-11-04T07:03:30.737+0000] {processor.py:770} WARNING - No viable dags retrieved from /opt/airflow/dags/functions/calculate_emb_vectors.py
[2022-11-04T07:03:30.752+0000] {processor.py:178} INFO - Processing /opt/airflow/dags/functions/calculate_emb_vectors.py took 2.235 seconds
[2022-11-04T07:04:01.995+0000] {processor.py:156} INFO - Started process (PID=6332) to work on /opt/airflow/dags/functions/calculate_emb_vectors.py
[2022-11-04T07:04:01.996+0000] {processor.py:758} INFO - Processing file /opt/airflow/dags/functions/calculate_emb_vectors.py for tasks to queue
[2022-11-04T07:04:01.996+0000] {logging_mixin.py:117} INFO - [2022-11-04T07:04:01.996+0000] {dagbag.py:525} INFO - Filling up the DagBag from /opt/airflow/dags/functions/calculate_emb_vectors.py
[2022-11-04T07:04:04.077+0000] {processor.py:770} WARNING - No viable dags retrieved from /opt/airflow/dags/functions/calculate_emb_vectors.py
[2022-11-04T07:04:04.092+0000] {processor.py:178} INFO - Processing /opt/airflow/dags/functions/calculate_emb_vectors.py took 2.101 seconds
[2022-11-04T07:04:35.422+0000] {processor.py:156} INFO - Started process (PID=6528) to work on /opt/airflow/dags/functions/calculate_emb_vectors.py
[2022-11-04T07:04:35.422+0000] {processor.py:758} INFO - Processing file /opt/airflow/dags/functions/calculate_emb_vectors.py for tasks to queue
[2022-11-04T07:04:35.423+0000] {logging_mixin.py:117} INFO - [2022-11-04T07:04:35.423+0000] {dagbag.py:525} INFO - Filling up the DagBag from /opt/airflow/dags/functions/calculate_emb_vectors.py
[2022-11-04T07:04:37.593+0000] {processor.py:770} WARNING - No viable dags retrieved from /opt/airflow/dags/functions/calculate_emb_vectors.py
[2022-11-04T07:04:37.608+0000] {processor.py:178} INFO - Processing /opt/airflow/dags/functions/calculate_emb_vectors.py took 2.190 seconds
[2022-11-04T07:05:09.186+0000] {processor.py:156} INFO - Started process (PID=6725) to work on /opt/airflow/dags/functions/calculate_emb_vectors.py
[2022-11-04T07:05:09.187+0000] {processor.py:758} INFO - Processing file /opt/airflow/dags/functions/calculate_emb_vectors.py for tasks to queue
[2022-11-04T07:05:09.188+0000] {logging_mixin.py:117} INFO - [2022-11-04T07:05:09.188+0000] {dagbag.py:525} INFO - Filling up the DagBag from /opt/airflow/dags/functions/calculate_emb_vectors.py
[2022-11-04T07:05:11.207+0000] {processor.py:770} WARNING - No viable dags retrieved from /opt/airflow/dags/functions/calculate_emb_vectors.py
[2022-11-04T07:05:11.224+0000] {processor.py:178} INFO - Processing /opt/airflow/dags/functions/calculate_emb_vectors.py took 2.042 seconds
[2022-11-04T07:05:43.091+0000] {processor.py:156} INFO - Started process (PID=6922) to work on /opt/airflow/dags/functions/calculate_emb_vectors.py
[2022-11-04T07:05:43.092+0000] {processor.py:758} INFO - Processing file /opt/airflow/dags/functions/calculate_emb_vectors.py for tasks to queue
[2022-11-04T07:05:43.092+0000] {logging_mixin.py:117} INFO - [2022-11-04T07:05:43.092+0000] {dagbag.py:525} INFO - Filling up the DagBag from /opt/airflow/dags/functions/calculate_emb_vectors.py
[2022-11-04T07:05:45.218+0000] {processor.py:770} WARNING - No viable dags retrieved from /opt/airflow/dags/functions/calculate_emb_vectors.py
[2022-11-04T07:05:45.233+0000] {processor.py:178} INFO - Processing /opt/airflow/dags/functions/calculate_emb_vectors.py took 2.146 seconds
[2022-11-04T07:06:16.771+0000] {processor.py:156} INFO - Started process (PID=7119) to work on /opt/airflow/dags/functions/calculate_emb_vectors.py
[2022-11-04T07:06:16.771+0000] {processor.py:758} INFO - Processing file /opt/airflow/dags/functions/calculate_emb_vectors.py for tasks to queue
[2022-11-04T07:06:16.772+0000] {logging_mixin.py:117} INFO - [2022-11-04T07:06:16.772+0000] {dagbag.py:525} INFO - Filling up the DagBag from /opt/airflow/dags/functions/calculate_emb_vectors.py
[2022-11-04T07:06:18.857+0000] {processor.py:770} WARNING - No viable dags retrieved from /opt/airflow/dags/functions/calculate_emb_vectors.py
[2022-11-04T07:06:18.872+0000] {processor.py:178} INFO - Processing /opt/airflow/dags/functions/calculate_emb_vectors.py took 2.107 seconds
[2022-11-04T07:06:50.526+0000] {processor.py:156} INFO - Started process (PID=7317) to work on /opt/airflow/dags/functions/calculate_emb_vectors.py
[2022-11-04T07:06:50.526+0000] {processor.py:758} INFO - Processing file /opt/airflow/dags/functions/calculate_emb_vectors.py for tasks to queue
[2022-11-04T07:06:50.527+0000] {logging_mixin.py:117} INFO - [2022-11-04T07:06:50.527+0000] {dagbag.py:525} INFO - Filling up the DagBag from /opt/airflow/dags/functions/calculate_emb_vectors.py
[2022-11-04T07:06:52.556+0000] {processor.py:770} WARNING - No viable dags retrieved from /opt/airflow/dags/functions/calculate_emb_vectors.py
[2022-11-04T07:06:52.574+0000] {processor.py:178} INFO - Processing /opt/airflow/dags/functions/calculate_emb_vectors.py took 2.052 seconds
[2022-11-04T07:07:25.245+0000] {processor.py:156} INFO - Started process (PID=7514) to work on /opt/airflow/dags/functions/calculate_emb_vectors.py
[2022-11-04T07:07:25.245+0000] {processor.py:758} INFO - Processing file /opt/airflow/dags/functions/calculate_emb_vectors.py for tasks to queue
[2022-11-04T07:07:25.246+0000] {logging_mixin.py:117} INFO - [2022-11-04T07:07:25.246+0000] {dagbag.py:525} INFO - Filling up the DagBag from /opt/airflow/dags/functions/calculate_emb_vectors.py
[2022-11-04T07:07:27.496+0000] {processor.py:770} WARNING - No viable dags retrieved from /opt/airflow/dags/functions/calculate_emb_vectors.py
[2022-11-04T07:07:27.538+0000] {processor.py:178} INFO - Processing /opt/airflow/dags/functions/calculate_emb_vectors.py took 2.297 seconds
[2022-11-04T07:07:58.730+0000] {processor.py:156} INFO - Started process (PID=7711) to work on /opt/airflow/dags/functions/calculate_emb_vectors.py
[2022-11-04T07:07:58.730+0000] {processor.py:758} INFO - Processing file /opt/airflow/dags/functions/calculate_emb_vectors.py for tasks to queue
[2022-11-04T07:07:58.731+0000] {logging_mixin.py:117} INFO - [2022-11-04T07:07:58.731+0000] {dagbag.py:525} INFO - Filling up the DagBag from /opt/airflow/dags/functions/calculate_emb_vectors.py
[2022-11-04T07:08:00.934+0000] {processor.py:770} WARNING - No viable dags retrieved from /opt/airflow/dags/functions/calculate_emb_vectors.py
[2022-11-04T07:08:00.964+0000] {processor.py:178} INFO - Processing /opt/airflow/dags/functions/calculate_emb_vectors.py took 2.239 seconds
[2022-11-04T07:08:32.093+0000] {processor.py:156} INFO - Started process (PID=7907) to work on /opt/airflow/dags/functions/calculate_emb_vectors.py
[2022-11-04T07:08:32.094+0000] {processor.py:758} INFO - Processing file /opt/airflow/dags/functions/calculate_emb_vectors.py for tasks to queue
[2022-11-04T07:08:32.095+0000] {logging_mixin.py:117} INFO - [2022-11-04T07:08:32.095+0000] {dagbag.py:525} INFO - Filling up the DagBag from /opt/airflow/dags/functions/calculate_emb_vectors.py
[2022-11-04T07:08:34.310+0000] {processor.py:770} WARNING - No viable dags retrieved from /opt/airflow/dags/functions/calculate_emb_vectors.py
[2022-11-04T07:08:34.325+0000] {processor.py:178} INFO - Processing /opt/airflow/dags/functions/calculate_emb_vectors.py took 2.235 seconds
[2022-11-04T07:09:05.759+0000] {processor.py:156} INFO - Started process (PID=8104) to work on /opt/airflow/dags/functions/calculate_emb_vectors.py
[2022-11-04T07:09:05.760+0000] {processor.py:758} INFO - Processing file /opt/airflow/dags/functions/calculate_emb_vectors.py for tasks to queue
[2022-11-04T07:09:05.760+0000] {logging_mixin.py:117} INFO - [2022-11-04T07:09:05.760+0000] {dagbag.py:525} INFO - Filling up the DagBag from /opt/airflow/dags/functions/calculate_emb_vectors.py
[2022-11-04T07:09:07.919+0000] {processor.py:770} WARNING - No viable dags retrieved from /opt/airflow/dags/functions/calculate_emb_vectors.py
[2022-11-04T07:09:07.937+0000] {processor.py:178} INFO - Processing /opt/airflow/dags/functions/calculate_emb_vectors.py took 2.182 seconds
[2022-11-04T07:09:40.045+0000] {processor.py:156} INFO - Started process (PID=8302) to work on /opt/airflow/dags/functions/calculate_emb_vectors.py
[2022-11-04T07:09:40.046+0000] {processor.py:758} INFO - Processing file /opt/airflow/dags/functions/calculate_emb_vectors.py for tasks to queue
[2022-11-04T07:09:40.046+0000] {logging_mixin.py:117} INFO - [2022-11-04T07:09:40.046+0000] {dagbag.py:525} INFO - Filling up the DagBag from /opt/airflow/dags/functions/calculate_emb_vectors.py
[2022-11-04T07:09:42.251+0000] {processor.py:770} WARNING - No viable dags retrieved from /opt/airflow/dags/functions/calculate_emb_vectors.py
[2022-11-04T07:09:42.265+0000] {processor.py:178} INFO - Processing /opt/airflow/dags/functions/calculate_emb_vectors.py took 2.223 seconds
[2022-11-04T07:10:13.155+0000] {processor.py:156} INFO - Started process (PID=8479) to work on /opt/airflow/dags/functions/calculate_emb_vectors.py
[2022-11-04T07:10:13.156+0000] {processor.py:758} INFO - Processing file /opt/airflow/dags/functions/calculate_emb_vectors.py for tasks to queue
[2022-11-04T07:10:13.157+0000] {logging_mixin.py:117} INFO - [2022-11-04T07:10:13.157+0000] {dagbag.py:525} INFO - Filling up the DagBag from /opt/airflow/dags/functions/calculate_emb_vectors.py
[2022-11-04T07:10:15.327+0000] {processor.py:770} WARNING - No viable dags retrieved from /opt/airflow/dags/functions/calculate_emb_vectors.py
[2022-11-04T07:10:15.352+0000] {processor.py:178} INFO - Processing /opt/airflow/dags/functions/calculate_emb_vectors.py took 2.202 seconds
[2022-11-04T07:10:47.656+0000] {processor.py:156} INFO - Started process (PID=8676) to work on /opt/airflow/dags/functions/calculate_emb_vectors.py
[2022-11-04T07:10:47.658+0000] {processor.py:758} INFO - Processing file /opt/airflow/dags/functions/calculate_emb_vectors.py for tasks to queue
[2022-11-04T07:10:47.660+0000] {logging_mixin.py:117} INFO - [2022-11-04T07:10:47.659+0000] {dagbag.py:525} INFO - Filling up the DagBag from /opt/airflow/dags/functions/calculate_emb_vectors.py
[2022-11-04T07:10:50.930+0000] {processor.py:770} WARNING - No viable dags retrieved from /opt/airflow/dags/functions/calculate_emb_vectors.py
[2022-11-04T07:10:50.947+0000] {processor.py:178} INFO - Processing /opt/airflow/dags/functions/calculate_emb_vectors.py took 3.298 seconds
[2022-11-04T07:11:23.751+0000] {processor.py:156} INFO - Started process (PID=8873) to work on /opt/airflow/dags/functions/calculate_emb_vectors.py
[2022-11-04T07:11:23.752+0000] {processor.py:758} INFO - Processing file /opt/airflow/dags/functions/calculate_emb_vectors.py for tasks to queue
[2022-11-04T07:11:23.753+0000] {logging_mixin.py:117} INFO - [2022-11-04T07:11:23.753+0000] {dagbag.py:525} INFO - Filling up the DagBag from /opt/airflow/dags/functions/calculate_emb_vectors.py
[2022-11-04T07:11:27.105+0000] {processor.py:770} WARNING - No viable dags retrieved from /opt/airflow/dags/functions/calculate_emb_vectors.py
[2022-11-04T07:11:27.122+0000] {processor.py:178} INFO - Processing /opt/airflow/dags/functions/calculate_emb_vectors.py took 3.376 seconds
[2022-11-04T07:11:57.281+0000] {processor.py:156} INFO - Started process (PID=9069) to work on /opt/airflow/dags/functions/calculate_emb_vectors.py
[2022-11-04T07:11:57.282+0000] {processor.py:758} INFO - Processing file /opt/airflow/dags/functions/calculate_emb_vectors.py for tasks to queue
[2022-11-04T07:11:57.284+0000] {logging_mixin.py:117} INFO - [2022-11-04T07:11:57.283+0000] {dagbag.py:525} INFO - Filling up the DagBag from /opt/airflow/dags/functions/calculate_emb_vectors.py
[2022-11-04T07:11:59.980+0000] {processor.py:770} WARNING - No viable dags retrieved from /opt/airflow/dags/functions/calculate_emb_vectors.py
[2022-11-04T07:11:59.999+0000] {processor.py:178} INFO - Processing /opt/airflow/dags/functions/calculate_emb_vectors.py took 2.722 seconds
[2022-11-04T07:12:30.400+0000] {processor.py:156} INFO - Started process (PID=9265) to work on /opt/airflow/dags/functions/calculate_emb_vectors.py
[2022-11-04T07:12:30.401+0000] {processor.py:758} INFO - Processing file /opt/airflow/dags/functions/calculate_emb_vectors.py for tasks to queue
[2022-11-04T07:12:30.401+0000] {logging_mixin.py:117} INFO - [2022-11-04T07:12:30.401+0000] {dagbag.py:525} INFO - Filling up the DagBag from /opt/airflow/dags/functions/calculate_emb_vectors.py
[2022-11-04T07:12:32.833+0000] {processor.py:770} WARNING - No viable dags retrieved from /opt/airflow/dags/functions/calculate_emb_vectors.py
[2022-11-04T07:12:32.850+0000] {processor.py:178} INFO - Processing /opt/airflow/dags/functions/calculate_emb_vectors.py took 2.454 seconds
[2022-11-04T07:13:04.128+0000] {processor.py:156} INFO - Started process (PID=9443) to work on /opt/airflow/dags/functions/calculate_emb_vectors.py
[2022-11-04T07:13:04.131+0000] {processor.py:758} INFO - Processing file /opt/airflow/dags/functions/calculate_emb_vectors.py for tasks to queue
[2022-11-04T07:13:04.132+0000] {logging_mixin.py:117} INFO - [2022-11-04T07:13:04.132+0000] {dagbag.py:525} INFO - Filling up the DagBag from /opt/airflow/dags/functions/calculate_emb_vectors.py
[2022-11-04T07:13:06.874+0000] {processor.py:770} WARNING - No viable dags retrieved from /opt/airflow/dags/functions/calculate_emb_vectors.py
[2022-11-04T07:13:06.890+0000] {processor.py:178} INFO - Processing /opt/airflow/dags/functions/calculate_emb_vectors.py took 2.770 seconds
[2022-11-04T07:13:36.967+0000] {processor.py:156} INFO - Started process (PID=9638) to work on /opt/airflow/dags/functions/calculate_emb_vectors.py
[2022-11-04T07:13:36.968+0000] {processor.py:758} INFO - Processing file /opt/airflow/dags/functions/calculate_emb_vectors.py for tasks to queue
[2022-11-04T07:13:36.969+0000] {logging_mixin.py:117} INFO - [2022-11-04T07:13:36.969+0000] {dagbag.py:525} INFO - Filling up the DagBag from /opt/airflow/dags/functions/calculate_emb_vectors.py
[2022-11-04T07:13:39.349+0000] {processor.py:770} WARNING - No viable dags retrieved from /opt/airflow/dags/functions/calculate_emb_vectors.py
[2022-11-04T07:13:39.365+0000] {processor.py:178} INFO - Processing /opt/airflow/dags/functions/calculate_emb_vectors.py took 2.403 seconds
[2022-11-04T07:14:11.553+0000] {processor.py:156} INFO - Started process (PID=9818) to work on /opt/airflow/dags/functions/calculate_emb_vectors.py
[2022-11-04T07:14:11.554+0000] {processor.py:758} INFO - Processing file /opt/airflow/dags/functions/calculate_emb_vectors.py for tasks to queue
[2022-11-04T07:14:11.554+0000] {logging_mixin.py:117} INFO - [2022-11-04T07:14:11.554+0000] {dagbag.py:525} INFO - Filling up the DagBag from /opt/airflow/dags/functions/calculate_emb_vectors.py
[2022-11-04T07:14:13.791+0000] {processor.py:770} WARNING - No viable dags retrieved from /opt/airflow/dags/functions/calculate_emb_vectors.py
[2022-11-04T07:14:13.808+0000] {processor.py:178} INFO - Processing /opt/airflow/dags/functions/calculate_emb_vectors.py took 2.259 seconds
[2022-11-04T07:14:44.297+0000] {processor.py:156} INFO - Started process (PID=10015) to work on /opt/airflow/dags/functions/calculate_emb_vectors.py
[2022-11-04T07:14:44.308+0000] {processor.py:758} INFO - Processing file /opt/airflow/dags/functions/calculate_emb_vectors.py for tasks to queue
[2022-11-04T07:14:44.309+0000] {logging_mixin.py:117} INFO - [2022-11-04T07:14:44.309+0000] {dagbag.py:525} INFO - Filling up the DagBag from /opt/airflow/dags/functions/calculate_emb_vectors.py
[2022-11-04T07:14:46.587+0000] {processor.py:770} WARNING - No viable dags retrieved from /opt/airflow/dags/functions/calculate_emb_vectors.py
[2022-11-04T07:14:46.615+0000] {processor.py:178} INFO - Processing /opt/airflow/dags/functions/calculate_emb_vectors.py took 2.325 seconds
[2022-11-04T07:15:17.473+0000] {processor.py:156} INFO - Started process (PID=10211) to work on /opt/airflow/dags/functions/calculate_emb_vectors.py
[2022-11-04T07:15:17.483+0000] {processor.py:758} INFO - Processing file /opt/airflow/dags/functions/calculate_emb_vectors.py for tasks to queue
[2022-11-04T07:15:17.484+0000] {logging_mixin.py:117} INFO - [2022-11-04T07:15:17.484+0000] {dagbag.py:525} INFO - Filling up the DagBag from /opt/airflow/dags/functions/calculate_emb_vectors.py
[2022-11-04T07:15:19.773+0000] {processor.py:770} WARNING - No viable dags retrieved from /opt/airflow/dags/functions/calculate_emb_vectors.py
[2022-11-04T07:15:19.790+0000] {processor.py:178} INFO - Processing /opt/airflow/dags/functions/calculate_emb_vectors.py took 2.323 seconds
[2022-11-04T07:15:51.929+0000] {processor.py:156} INFO - Started process (PID=10408) to work on /opt/airflow/dags/functions/calculate_emb_vectors.py
[2022-11-04T07:15:51.938+0000] {processor.py:758} INFO - Processing file /opt/airflow/dags/functions/calculate_emb_vectors.py for tasks to queue
[2022-11-04T07:15:51.939+0000] {logging_mixin.py:117} INFO - [2022-11-04T07:15:51.939+0000] {dagbag.py:525} INFO - Filling up the DagBag from /opt/airflow/dags/functions/calculate_emb_vectors.py
[2022-11-04T07:15:54.349+0000] {processor.py:770} WARNING - No viable dags retrieved from /opt/airflow/dags/functions/calculate_emb_vectors.py
[2022-11-04T07:15:54.393+0000] {processor.py:178} INFO - Processing /opt/airflow/dags/functions/calculate_emb_vectors.py took 2.469 seconds
[2022-11-04T07:16:26.546+0000] {processor.py:156} INFO - Started process (PID=10605) to work on /opt/airflow/dags/functions/calculate_emb_vectors.py
[2022-11-04T07:16:26.557+0000] {processor.py:758} INFO - Processing file /opt/airflow/dags/functions/calculate_emb_vectors.py for tasks to queue
[2022-11-04T07:16:26.558+0000] {logging_mixin.py:117} INFO - [2022-11-04T07:16:26.558+0000] {dagbag.py:525} INFO - Filling up the DagBag from /opt/airflow/dags/functions/calculate_emb_vectors.py
[2022-11-04T07:16:28.888+0000] {processor.py:770} WARNING - No viable dags retrieved from /opt/airflow/dags/functions/calculate_emb_vectors.py
[2022-11-04T07:16:28.904+0000] {processor.py:178} INFO - Processing /opt/airflow/dags/functions/calculate_emb_vectors.py took 2.365 seconds
[2022-11-04T07:17:00.238+0000] {processor.py:156} INFO - Started process (PID=10802) to work on /opt/airflow/dags/functions/calculate_emb_vectors.py
[2022-11-04T07:17:00.240+0000] {processor.py:758} INFO - Processing file /opt/airflow/dags/functions/calculate_emb_vectors.py for tasks to queue
[2022-11-04T07:17:00.240+0000] {logging_mixin.py:117} INFO - [2022-11-04T07:17:00.240+0000] {dagbag.py:525} INFO - Filling up the DagBag from /opt/airflow/dags/functions/calculate_emb_vectors.py
[2022-11-04T07:17:02.251+0000] {processor.py:770} WARNING - No viable dags retrieved from /opt/airflow/dags/functions/calculate_emb_vectors.py
[2022-11-04T07:17:02.268+0000] {processor.py:178} INFO - Processing /opt/airflow/dags/functions/calculate_emb_vectors.py took 2.033 seconds
[2022-11-04T07:17:34.732+0000] {processor.py:156} INFO - Started process (PID=10994) to work on /opt/airflow/dags/functions/calculate_emb_vectors.py
[2022-11-04T07:17:34.736+0000] {processor.py:758} INFO - Processing file /opt/airflow/dags/functions/calculate_emb_vectors.py for tasks to queue
[2022-11-04T07:17:34.737+0000] {logging_mixin.py:117} INFO - [2022-11-04T07:17:34.737+0000] {dagbag.py:525} INFO - Filling up the DagBag from /opt/airflow/dags/functions/calculate_emb_vectors.py
[2022-11-04T07:17:38.518+0000] {processor.py:770} WARNING - No viable dags retrieved from /opt/airflow/dags/functions/calculate_emb_vectors.py
[2022-11-04T07:17:38.537+0000] {processor.py:178} INFO - Processing /opt/airflow/dags/functions/calculate_emb_vectors.py took 3.810 seconds
[2022-11-04T07:18:09.135+0000] {processor.py:156} INFO - Started process (PID=11191) to work on /opt/airflow/dags/functions/calculate_emb_vectors.py
[2022-11-04T07:18:09.136+0000] {processor.py:758} INFO - Processing file /opt/airflow/dags/functions/calculate_emb_vectors.py for tasks to queue
[2022-11-04T07:18:09.137+0000] {logging_mixin.py:117} INFO - [2022-11-04T07:18:09.136+0000] {dagbag.py:525} INFO - Filling up the DagBag from /opt/airflow/dags/functions/calculate_emb_vectors.py
[2022-11-04T07:18:11.179+0000] {processor.py:770} WARNING - No viable dags retrieved from /opt/airflow/dags/functions/calculate_emb_vectors.py
[2022-11-04T07:18:11.193+0000] {processor.py:178} INFO - Processing /opt/airflow/dags/functions/calculate_emb_vectors.py took 2.062 seconds
[2022-11-04T07:18:41.432+0000] {processor.py:156} INFO - Started process (PID=11388) to work on /opt/airflow/dags/functions/calculate_emb_vectors.py
[2022-11-04T07:18:41.433+0000] {processor.py:758} INFO - Processing file /opt/airflow/dags/functions/calculate_emb_vectors.py for tasks to queue
[2022-11-04T07:18:41.433+0000] {logging_mixin.py:117} INFO - [2022-11-04T07:18:41.433+0000] {dagbag.py:525} INFO - Filling up the DagBag from /opt/airflow/dags/functions/calculate_emb_vectors.py
[2022-11-04T07:18:44.093+0000] {processor.py:770} WARNING - No viable dags retrieved from /opt/airflow/dags/functions/calculate_emb_vectors.py
[2022-11-04T07:18:44.109+0000] {processor.py:178} INFO - Processing /opt/airflow/dags/functions/calculate_emb_vectors.py took 2.682 seconds
[2022-11-04T07:19:15.778+0000] {processor.py:156} INFO - Started process (PID=11584) to work on /opt/airflow/dags/functions/calculate_emb_vectors.py
[2022-11-04T07:19:15.780+0000] {processor.py:758} INFO - Processing file /opt/airflow/dags/functions/calculate_emb_vectors.py for tasks to queue
[2022-11-04T07:19:15.782+0000] {logging_mixin.py:117} INFO - [2022-11-04T07:19:15.782+0000] {dagbag.py:525} INFO - Filling up the DagBag from /opt/airflow/dags/functions/calculate_emb_vectors.py
[2022-11-04T07:19:18.408+0000] {processor.py:770} WARNING - No viable dags retrieved from /opt/airflow/dags/functions/calculate_emb_vectors.py
[2022-11-04T07:19:18.439+0000] {processor.py:178} INFO - Processing /opt/airflow/dags/functions/calculate_emb_vectors.py took 2.669 seconds
[2022-11-04T07:19:51.132+0000] {processor.py:156} INFO - Started process (PID=11781) to work on /opt/airflow/dags/functions/calculate_emb_vectors.py
[2022-11-04T07:19:51.133+0000] {processor.py:758} INFO - Processing file /opt/airflow/dags/functions/calculate_emb_vectors.py for tasks to queue
[2022-11-04T07:19:51.134+0000] {logging_mixin.py:117} INFO - [2022-11-04T07:19:51.134+0000] {dagbag.py:525} INFO - Filling up the DagBag from /opt/airflow/dags/functions/calculate_emb_vectors.py
[2022-11-04T07:19:53.659+0000] {processor.py:770} WARNING - No viable dags retrieved from /opt/airflow/dags/functions/calculate_emb_vectors.py
[2022-11-04T07:19:53.688+0000] {processor.py:178} INFO - Processing /opt/airflow/dags/functions/calculate_emb_vectors.py took 2.561 seconds
[2022-11-04T07:20:25.019+0000] {processor.py:156} INFO - Started process (PID=11978) to work on /opt/airflow/dags/functions/calculate_emb_vectors.py
[2022-11-04T07:20:25.020+0000] {processor.py:758} INFO - Processing file /opt/airflow/dags/functions/calculate_emb_vectors.py for tasks to queue
[2022-11-04T07:20:25.020+0000] {logging_mixin.py:117} INFO - [2022-11-04T07:20:25.020+0000] {dagbag.py:525} INFO - Filling up the DagBag from /opt/airflow/dags/functions/calculate_emb_vectors.py
[2022-11-04T07:20:27.375+0000] {processor.py:770} WARNING - No viable dags retrieved from /opt/airflow/dags/functions/calculate_emb_vectors.py
[2022-11-04T07:20:27.391+0000] {processor.py:178} INFO - Processing /opt/airflow/dags/functions/calculate_emb_vectors.py took 2.376 seconds
[2022-11-04T07:20:59.136+0000] {processor.py:156} INFO - Started process (PID=12175) to work on /opt/airflow/dags/functions/calculate_emb_vectors.py
[2022-11-04T07:20:59.137+0000] {processor.py:758} INFO - Processing file /opt/airflow/dags/functions/calculate_emb_vectors.py for tasks to queue
[2022-11-04T07:20:59.137+0000] {logging_mixin.py:117} INFO - [2022-11-04T07:20:59.137+0000] {dagbag.py:525} INFO - Filling up the DagBag from /opt/airflow/dags/functions/calculate_emb_vectors.py
[2022-11-04T07:21:01.559+0000] {processor.py:770} WARNING - No viable dags retrieved from /opt/airflow/dags/functions/calculate_emb_vectors.py
[2022-11-04T07:21:01.575+0000] {processor.py:178} INFO - Processing /opt/airflow/dags/functions/calculate_emb_vectors.py took 2.443 seconds
[2022-11-04T07:21:32.547+0000] {processor.py:156} INFO - Started process (PID=12372) to work on /opt/airflow/dags/functions/calculate_emb_vectors.py
[2022-11-04T07:21:32.548+0000] {processor.py:758} INFO - Processing file /opt/airflow/dags/functions/calculate_emb_vectors.py for tasks to queue
[2022-11-04T07:21:32.548+0000] {logging_mixin.py:117} INFO - [2022-11-04T07:21:32.548+0000] {dagbag.py:525} INFO - Filling up the DagBag from /opt/airflow/dags/functions/calculate_emb_vectors.py
[2022-11-04T07:21:34.729+0000] {processor.py:770} WARNING - No viable dags retrieved from /opt/airflow/dags/functions/calculate_emb_vectors.py
[2022-11-04T07:21:34.744+0000] {processor.py:178} INFO - Processing /opt/airflow/dags/functions/calculate_emb_vectors.py took 2.202 seconds
[2022-11-04T07:22:07.632+0000] {processor.py:156} INFO - Started process (PID=12569) to work on /opt/airflow/dags/functions/calculate_emb_vectors.py
[2022-11-04T07:22:07.634+0000] {processor.py:758} INFO - Processing file /opt/airflow/dags/functions/calculate_emb_vectors.py for tasks to queue
[2022-11-04T07:22:07.634+0000] {logging_mixin.py:117} INFO - [2022-11-04T07:22:07.634+0000] {dagbag.py:525} INFO - Filling up the DagBag from /opt/airflow/dags/functions/calculate_emb_vectors.py
[2022-11-04T07:22:09.986+0000] {processor.py:770} WARNING - No viable dags retrieved from /opt/airflow/dags/functions/calculate_emb_vectors.py
[2022-11-04T07:22:10.001+0000] {processor.py:178} INFO - Processing /opt/airflow/dags/functions/calculate_emb_vectors.py took 2.373 seconds
[2022-11-04T07:22:42.108+0000] {processor.py:156} INFO - Started process (PID=12766) to work on /opt/airflow/dags/functions/calculate_emb_vectors.py
[2022-11-04T07:22:42.109+0000] {processor.py:758} INFO - Processing file /opt/airflow/dags/functions/calculate_emb_vectors.py for tasks to queue
[2022-11-04T07:22:42.110+0000] {logging_mixin.py:117} INFO - [2022-11-04T07:22:42.110+0000] {dagbag.py:525} INFO - Filling up the DagBag from /opt/airflow/dags/functions/calculate_emb_vectors.py
[2022-11-04T07:22:44.980+0000] {processor.py:770} WARNING - No viable dags retrieved from /opt/airflow/dags/functions/calculate_emb_vectors.py
[2022-11-04T07:22:44.999+0000] {processor.py:178} INFO - Processing /opt/airflow/dags/functions/calculate_emb_vectors.py took 2.894 seconds
[2022-11-04T07:23:17.770+0000] {processor.py:156} INFO - Started process (PID=12963) to work on /opt/airflow/dags/functions/calculate_emb_vectors.py
[2022-11-04T07:23:17.771+0000] {processor.py:758} INFO - Processing file /opt/airflow/dags/functions/calculate_emb_vectors.py for tasks to queue
[2022-11-04T07:23:17.775+0000] {logging_mixin.py:117} INFO - [2022-11-04T07:23:17.774+0000] {dagbag.py:525} INFO - Filling up the DagBag from /opt/airflow/dags/functions/calculate_emb_vectors.py
[2022-11-04T07:23:20.999+0000] {processor.py:770} WARNING - No viable dags retrieved from /opt/airflow/dags/functions/calculate_emb_vectors.py
[2022-11-04T07:23:21.027+0000] {processor.py:178} INFO - Processing /opt/airflow/dags/functions/calculate_emb_vectors.py took 3.263 seconds
[2022-11-04T07:23:52.986+0000] {processor.py:156} INFO - Started process (PID=13160) to work on /opt/airflow/dags/functions/calculate_emb_vectors.py
[2022-11-04T07:23:52.988+0000] {processor.py:758} INFO - Processing file /opt/airflow/dags/functions/calculate_emb_vectors.py for tasks to queue
[2022-11-04T07:23:52.989+0000] {logging_mixin.py:117} INFO - [2022-11-04T07:23:52.989+0000] {dagbag.py:525} INFO - Filling up the DagBag from /opt/airflow/dags/functions/calculate_emb_vectors.py
[2022-11-04T07:23:56.433+0000] {processor.py:770} WARNING - No viable dags retrieved from /opt/airflow/dags/functions/calculate_emb_vectors.py
[2022-11-04T07:23:56.450+0000] {processor.py:178} INFO - Processing /opt/airflow/dags/functions/calculate_emb_vectors.py took 3.474 seconds
[2022-11-04T07:24:28.284+0000] {processor.py:156} INFO - Started process (PID=13357) to work on /opt/airflow/dags/functions/calculate_emb_vectors.py
[2022-11-04T07:24:28.285+0000] {processor.py:758} INFO - Processing file /opt/airflow/dags/functions/calculate_emb_vectors.py for tasks to queue
[2022-11-04T07:24:28.286+0000] {logging_mixin.py:117} INFO - [2022-11-04T07:24:28.286+0000] {dagbag.py:525} INFO - Filling up the DagBag from /opt/airflow/dags/functions/calculate_emb_vectors.py
[2022-11-04T07:24:30.846+0000] {processor.py:770} WARNING - No viable dags retrieved from /opt/airflow/dags/functions/calculate_emb_vectors.py
[2022-11-04T07:24:30.862+0000] {processor.py:178} INFO - Processing /opt/airflow/dags/functions/calculate_emb_vectors.py took 2.581 seconds
[2022-11-04T07:25:02.123+0000] {processor.py:156} INFO - Started process (PID=13554) to work on /opt/airflow/dags/functions/calculate_emb_vectors.py
[2022-11-04T07:25:02.124+0000] {processor.py:758} INFO - Processing file /opt/airflow/dags/functions/calculate_emb_vectors.py for tasks to queue
[2022-11-04T07:25:02.126+0000] {logging_mixin.py:117} INFO - [2022-11-04T07:25:02.125+0000] {dagbag.py:525} INFO - Filling up the DagBag from /opt/airflow/dags/functions/calculate_emb_vectors.py
[2022-11-04T07:25:04.896+0000] {processor.py:770} WARNING - No viable dags retrieved from /opt/airflow/dags/functions/calculate_emb_vectors.py
[2022-11-04T07:25:04.936+0000] {processor.py:178} INFO - Processing /opt/airflow/dags/functions/calculate_emb_vectors.py took 2.817 seconds
[2022-11-04T07:25:36.570+0000] {processor.py:156} INFO - Started process (PID=13751) to work on /opt/airflow/dags/functions/calculate_emb_vectors.py
[2022-11-04T07:25:36.571+0000] {processor.py:758} INFO - Processing file /opt/airflow/dags/functions/calculate_emb_vectors.py for tasks to queue
[2022-11-04T07:25:36.572+0000] {logging_mixin.py:117} INFO - [2022-11-04T07:25:36.572+0000] {dagbag.py:525} INFO - Filling up the DagBag from /opt/airflow/dags/functions/calculate_emb_vectors.py
[2022-11-04T07:25:38.725+0000] {processor.py:770} WARNING - No viable dags retrieved from /opt/airflow/dags/functions/calculate_emb_vectors.py
[2022-11-04T07:25:38.749+0000] {processor.py:178} INFO - Processing /opt/airflow/dags/functions/calculate_emb_vectors.py took 2.186 seconds
[2022-11-04T07:26:12.160+0000] {processor.py:156} INFO - Started process (PID=13948) to work on /opt/airflow/dags/functions/calculate_emb_vectors.py
[2022-11-04T07:26:12.161+0000] {processor.py:758} INFO - Processing file /opt/airflow/dags/functions/calculate_emb_vectors.py for tasks to queue
[2022-11-04T07:26:12.162+0000] {logging_mixin.py:117} INFO - [2022-11-04T07:26:12.161+0000] {dagbag.py:525} INFO - Filling up the DagBag from /opt/airflow/dags/functions/calculate_emb_vectors.py
[2022-11-04T07:26:15.161+0000] {processor.py:770} WARNING - No viable dags retrieved from /opt/airflow/dags/functions/calculate_emb_vectors.py
[2022-11-04T07:26:15.177+0000] {processor.py:178} INFO - Processing /opt/airflow/dags/functions/calculate_emb_vectors.py took 3.022 seconds
[2022-11-04T07:26:46.194+0000] {processor.py:156} INFO - Started process (PID=14145) to work on /opt/airflow/dags/functions/calculate_emb_vectors.py
[2022-11-04T07:26:46.195+0000] {processor.py:758} INFO - Processing file /opt/airflow/dags/functions/calculate_emb_vectors.py for tasks to queue
[2022-11-04T07:26:46.196+0000] {logging_mixin.py:117} INFO - [2022-11-04T07:26:46.196+0000] {dagbag.py:525} INFO - Filling up the DagBag from /opt/airflow/dags/functions/calculate_emb_vectors.py
[2022-11-04T07:26:48.708+0000] {processor.py:770} WARNING - No viable dags retrieved from /opt/airflow/dags/functions/calculate_emb_vectors.py
[2022-11-04T07:26:48.743+0000] {processor.py:178} INFO - Processing /opt/airflow/dags/functions/calculate_emb_vectors.py took 2.553 seconds
[2022-11-04T07:27:20.138+0000] {processor.py:156} INFO - Started process (PID=14342) to work on /opt/airflow/dags/functions/calculate_emb_vectors.py
[2022-11-04T07:27:20.139+0000] {processor.py:758} INFO - Processing file /opt/airflow/dags/functions/calculate_emb_vectors.py for tasks to queue
[2022-11-04T07:27:20.140+0000] {logging_mixin.py:117} INFO - [2022-11-04T07:27:20.140+0000] {dagbag.py:525} INFO - Filling up the DagBag from /opt/airflow/dags/functions/calculate_emb_vectors.py
[2022-11-04T07:27:22.486+0000] {processor.py:770} WARNING - No viable dags retrieved from /opt/airflow/dags/functions/calculate_emb_vectors.py
[2022-11-04T07:27:22.503+0000] {processor.py:178} INFO - Processing /opt/airflow/dags/functions/calculate_emb_vectors.py took 2.369 seconds
