[2022-11-04T06:46:28.707+0000] {processor.py:156} INFO - Started process (PID=179) to work on /opt/airflow/dags/functions/calculate_emb_vectors_for_link_rec.py
[2022-11-04T06:46:28.707+0000] {processor.py:758} INFO - Processing file /opt/airflow/dags/functions/calculate_emb_vectors_for_link_rec.py for tasks to queue
[2022-11-04T06:46:28.708+0000] {logging_mixin.py:117} INFO - [2022-11-04T06:46:28.708+0000] {dagbag.py:525} INFO - Filling up the DagBag from /opt/airflow/dags/functions/calculate_emb_vectors_for_link_rec.py
[2022-11-04T06:46:30.933+0000] {processor.py:770} WARNING - No viable dags retrieved from /opt/airflow/dags/functions/calculate_emb_vectors_for_link_rec.py
[2022-11-04T06:46:30.948+0000] {processor.py:178} INFO - Processing /opt/airflow/dags/functions/calculate_emb_vectors_for_link_rec.py took 2.245 seconds
[2022-11-04T06:47:02.439+0000] {processor.py:156} INFO - Started process (PID=376) to work on /opt/airflow/dags/functions/calculate_emb_vectors_for_link_rec.py
[2022-11-04T06:47:02.440+0000] {processor.py:758} INFO - Processing file /opt/airflow/dags/functions/calculate_emb_vectors_for_link_rec.py for tasks to queue
[2022-11-04T06:47:02.441+0000] {logging_mixin.py:117} INFO - [2022-11-04T06:47:02.440+0000] {dagbag.py:525} INFO - Filling up the DagBag from /opt/airflow/dags/functions/calculate_emb_vectors_for_link_rec.py
[2022-11-04T06:47:04.515+0000] {processor.py:770} WARNING - No viable dags retrieved from /opt/airflow/dags/functions/calculate_emb_vectors_for_link_rec.py
[2022-11-04T06:47:04.530+0000] {processor.py:178} INFO - Processing /opt/airflow/dags/functions/calculate_emb_vectors_for_link_rec.py took 2.095 seconds
[2022-11-04T06:47:36.365+0000] {processor.py:156} INFO - Started process (PID=572) to work on /opt/airflow/dags/functions/calculate_emb_vectors_for_link_rec.py
[2022-11-04T06:47:36.366+0000] {processor.py:758} INFO - Processing file /opt/airflow/dags/functions/calculate_emb_vectors_for_link_rec.py for tasks to queue
[2022-11-04T06:47:36.367+0000] {logging_mixin.py:117} INFO - [2022-11-04T06:47:36.367+0000] {dagbag.py:525} INFO - Filling up the DagBag from /opt/airflow/dags/functions/calculate_emb_vectors_for_link_rec.py
[2022-11-04T06:47:38.651+0000] {processor.py:770} WARNING - No viable dags retrieved from /opt/airflow/dags/functions/calculate_emb_vectors_for_link_rec.py
[2022-11-04T06:47:38.667+0000] {processor.py:178} INFO - Processing /opt/airflow/dags/functions/calculate_emb_vectors_for_link_rec.py took 2.304 seconds
[2022-11-04T06:48:10.076+0000] {processor.py:156} INFO - Started process (PID=769) to work on /opt/airflow/dags/functions/calculate_emb_vectors_for_link_rec.py
[2022-11-04T06:48:10.078+0000] {processor.py:758} INFO - Processing file /opt/airflow/dags/functions/calculate_emb_vectors_for_link_rec.py for tasks to queue
[2022-11-04T06:48:10.079+0000] {logging_mixin.py:117} INFO - [2022-11-04T06:48:10.078+0000] {dagbag.py:525} INFO - Filling up the DagBag from /opt/airflow/dags/functions/calculate_emb_vectors_for_link_rec.py
[2022-11-04T06:48:12.281+0000] {processor.py:770} WARNING - No viable dags retrieved from /opt/airflow/dags/functions/calculate_emb_vectors_for_link_rec.py
[2022-11-04T06:48:12.311+0000] {processor.py:178} INFO - Processing /opt/airflow/dags/functions/calculate_emb_vectors_for_link_rec.py took 2.241 seconds
[2022-11-04T06:48:43.941+0000] {processor.py:156} INFO - Started process (PID=966) to work on /opt/airflow/dags/functions/calculate_emb_vectors_for_link_rec.py
[2022-11-04T06:48:43.942+0000] {processor.py:758} INFO - Processing file /opt/airflow/dags/functions/calculate_emb_vectors_for_link_rec.py for tasks to queue
[2022-11-04T06:48:43.943+0000] {logging_mixin.py:117} INFO - [2022-11-04T06:48:43.943+0000] {dagbag.py:525} INFO - Filling up the DagBag from /opt/airflow/dags/functions/calculate_emb_vectors_for_link_rec.py
[2022-11-04T06:48:46.191+0000] {processor.py:770} WARNING - No viable dags retrieved from /opt/airflow/dags/functions/calculate_emb_vectors_for_link_rec.py
[2022-11-04T06:48:46.233+0000] {processor.py:178} INFO - Processing /opt/airflow/dags/functions/calculate_emb_vectors_for_link_rec.py took 2.295 seconds
[2022-11-04T06:49:17.716+0000] {processor.py:156} INFO - Started process (PID=1163) to work on /opt/airflow/dags/functions/calculate_emb_vectors_for_link_rec.py
[2022-11-04T06:49:17.718+0000] {processor.py:758} INFO - Processing file /opt/airflow/dags/functions/calculate_emb_vectors_for_link_rec.py for tasks to queue
[2022-11-04T06:49:17.720+0000] {logging_mixin.py:117} INFO - [2022-11-04T06:49:17.719+0000] {dagbag.py:525} INFO - Filling up the DagBag from /opt/airflow/dags/functions/calculate_emb_vectors_for_link_rec.py
[2022-11-04T06:49:19.956+0000] {processor.py:770} WARNING - No viable dags retrieved from /opt/airflow/dags/functions/calculate_emb_vectors_for_link_rec.py
[2022-11-04T06:49:19.972+0000] {processor.py:178} INFO - Processing /opt/airflow/dags/functions/calculate_emb_vectors_for_link_rec.py took 2.262 seconds
[2022-11-04T06:49:51.499+0000] {processor.py:156} INFO - Started process (PID=1360) to work on /opt/airflow/dags/functions/calculate_emb_vectors_for_link_rec.py
[2022-11-04T06:49:51.500+0000] {processor.py:758} INFO - Processing file /opt/airflow/dags/functions/calculate_emb_vectors_for_link_rec.py for tasks to queue
[2022-11-04T06:49:51.500+0000] {logging_mixin.py:117} INFO - [2022-11-04T06:49:51.500+0000] {dagbag.py:525} INFO - Filling up the DagBag from /opt/airflow/dags/functions/calculate_emb_vectors_for_link_rec.py
[2022-11-04T06:49:53.771+0000] {processor.py:770} WARNING - No viable dags retrieved from /opt/airflow/dags/functions/calculate_emb_vectors_for_link_rec.py
[2022-11-04T06:49:53.786+0000] {processor.py:178} INFO - Processing /opt/airflow/dags/functions/calculate_emb_vectors_for_link_rec.py took 2.291 seconds
[2022-11-04T06:50:24.990+0000] {processor.py:156} INFO - Started process (PID=1557) to work on /opt/airflow/dags/functions/calculate_emb_vectors_for_link_rec.py
[2022-11-04T06:50:24.992+0000] {processor.py:758} INFO - Processing file /opt/airflow/dags/functions/calculate_emb_vectors_for_link_rec.py for tasks to queue
[2022-11-04T06:50:24.992+0000] {logging_mixin.py:117} INFO - [2022-11-04T06:50:24.992+0000] {dagbag.py:525} INFO - Filling up the DagBag from /opt/airflow/dags/functions/calculate_emb_vectors_for_link_rec.py
[2022-11-04T06:50:27.216+0000] {processor.py:770} WARNING - No viable dags retrieved from /opt/airflow/dags/functions/calculate_emb_vectors_for_link_rec.py
[2022-11-04T06:50:27.231+0000] {processor.py:178} INFO - Processing /opt/airflow/dags/functions/calculate_emb_vectors_for_link_rec.py took 2.245 seconds
[2022-11-04T06:50:58.684+0000] {processor.py:156} INFO - Started process (PID=1754) to work on /opt/airflow/dags/functions/calculate_emb_vectors_for_link_rec.py
[2022-11-04T06:50:58.685+0000] {processor.py:758} INFO - Processing file /opt/airflow/dags/functions/calculate_emb_vectors_for_link_rec.py for tasks to queue
[2022-11-04T06:50:58.685+0000] {logging_mixin.py:117} INFO - [2022-11-04T06:50:58.685+0000] {dagbag.py:525} INFO - Filling up the DagBag from /opt/airflow/dags/functions/calculate_emb_vectors_for_link_rec.py
[2022-11-04T06:51:00.863+0000] {processor.py:770} WARNING - No viable dags retrieved from /opt/airflow/dags/functions/calculate_emb_vectors_for_link_rec.py
[2022-11-04T06:51:00.876+0000] {processor.py:178} INFO - Processing /opt/airflow/dags/functions/calculate_emb_vectors_for_link_rec.py took 2.196 seconds
[2022-11-04T06:51:32.972+0000] {processor.py:156} INFO - Started process (PID=1953) to work on /opt/airflow/dags/functions/calculate_emb_vectors_for_link_rec.py
[2022-11-04T06:51:32.973+0000] {processor.py:758} INFO - Processing file /opt/airflow/dags/functions/calculate_emb_vectors_for_link_rec.py for tasks to queue
[2022-11-04T06:51:32.974+0000] {logging_mixin.py:117} INFO - [2022-11-04T06:51:32.973+0000] {dagbag.py:525} INFO - Filling up the DagBag from /opt/airflow/dags/functions/calculate_emb_vectors_for_link_rec.py
[2022-11-04T06:51:35.283+0000] {processor.py:770} WARNING - No viable dags retrieved from /opt/airflow/dags/functions/calculate_emb_vectors_for_link_rec.py
[2022-11-04T06:51:35.297+0000] {processor.py:178} INFO - Processing /opt/airflow/dags/functions/calculate_emb_vectors_for_link_rec.py took 2.328 seconds
[2022-11-04T06:52:06.462+0000] {processor.py:156} INFO - Started process (PID=2150) to work on /opt/airflow/dags/functions/calculate_emb_vectors_for_link_rec.py
[2022-11-04T06:52:06.472+0000] {processor.py:758} INFO - Processing file /opt/airflow/dags/functions/calculate_emb_vectors_for_link_rec.py for tasks to queue
[2022-11-04T06:52:06.473+0000] {logging_mixin.py:117} INFO - [2022-11-04T06:52:06.473+0000] {dagbag.py:525} INFO - Filling up the DagBag from /opt/airflow/dags/functions/calculate_emb_vectors_for_link_rec.py
[2022-11-04T06:52:08.718+0000] {processor.py:770} WARNING - No viable dags retrieved from /opt/airflow/dags/functions/calculate_emb_vectors_for_link_rec.py
[2022-11-04T06:52:08.734+0000] {processor.py:178} INFO - Processing /opt/airflow/dags/functions/calculate_emb_vectors_for_link_rec.py took 2.276 seconds
[2022-11-04T06:52:40.342+0000] {processor.py:156} INFO - Started process (PID=2347) to work on /opt/airflow/dags/functions/calculate_emb_vectors_for_link_rec.py
[2022-11-04T06:52:40.344+0000] {processor.py:758} INFO - Processing file /opt/airflow/dags/functions/calculate_emb_vectors_for_link_rec.py for tasks to queue
[2022-11-04T06:52:40.345+0000] {logging_mixin.py:117} INFO - [2022-11-04T06:52:40.344+0000] {dagbag.py:525} INFO - Filling up the DagBag from /opt/airflow/dags/functions/calculate_emb_vectors_for_link_rec.py
[2022-11-04T06:52:42.478+0000] {processor.py:770} WARNING - No viable dags retrieved from /opt/airflow/dags/functions/calculate_emb_vectors_for_link_rec.py
[2022-11-04T06:52:42.495+0000] {processor.py:178} INFO - Processing /opt/airflow/dags/functions/calculate_emb_vectors_for_link_rec.py took 2.156 seconds
[2022-11-04T06:53:14.040+0000] {processor.py:156} INFO - Started process (PID=2544) to work on /opt/airflow/dags/functions/calculate_emb_vectors_for_link_rec.py
[2022-11-04T06:53:14.041+0000] {processor.py:758} INFO - Processing file /opt/airflow/dags/functions/calculate_emb_vectors_for_link_rec.py for tasks to queue
[2022-11-04T06:53:14.042+0000] {logging_mixin.py:117} INFO - [2022-11-04T06:53:14.042+0000] {dagbag.py:525} INFO - Filling up the DagBag from /opt/airflow/dags/functions/calculate_emb_vectors_for_link_rec.py
[2022-11-04T06:53:16.022+0000] {processor.py:770} WARNING - No viable dags retrieved from /opt/airflow/dags/functions/calculate_emb_vectors_for_link_rec.py
[2022-11-04T06:53:16.041+0000] {processor.py:178} INFO - Processing /opt/airflow/dags/functions/calculate_emb_vectors_for_link_rec.py took 2.005 seconds
[2022-11-04T06:53:48.052+0000] {processor.py:156} INFO - Started process (PID=2741) to work on /opt/airflow/dags/functions/calculate_emb_vectors_for_link_rec.py
[2022-11-04T06:53:48.053+0000] {processor.py:758} INFO - Processing file /opt/airflow/dags/functions/calculate_emb_vectors_for_link_rec.py for tasks to queue
[2022-11-04T06:53:48.055+0000] {logging_mixin.py:117} INFO - [2022-11-04T06:53:48.054+0000] {dagbag.py:525} INFO - Filling up the DagBag from /opt/airflow/dags/functions/calculate_emb_vectors_for_link_rec.py
[2022-11-04T06:53:50.183+0000] {processor.py:770} WARNING - No viable dags retrieved from /opt/airflow/dags/functions/calculate_emb_vectors_for_link_rec.py
[2022-11-04T06:53:50.204+0000] {processor.py:178} INFO - Processing /opt/airflow/dags/functions/calculate_emb_vectors_for_link_rec.py took 2.158 seconds
[2022-11-04T06:54:22.245+0000] {processor.py:156} INFO - Started process (PID=2939) to work on /opt/airflow/dags/functions/calculate_emb_vectors_for_link_rec.py
[2022-11-04T06:54:22.245+0000] {processor.py:758} INFO - Processing file /opt/airflow/dags/functions/calculate_emb_vectors_for_link_rec.py for tasks to queue
[2022-11-04T06:54:22.246+0000] {logging_mixin.py:117} INFO - [2022-11-04T06:54:22.246+0000] {dagbag.py:525} INFO - Filling up the DagBag from /opt/airflow/dags/functions/calculate_emb_vectors_for_link_rec.py
[2022-11-04T06:54:24.189+0000] {processor.py:770} WARNING - No viable dags retrieved from /opt/airflow/dags/functions/calculate_emb_vectors_for_link_rec.py
[2022-11-04T06:54:24.209+0000] {processor.py:178} INFO - Processing /opt/airflow/dags/functions/calculate_emb_vectors_for_link_rec.py took 1.967 seconds
[2022-11-04T06:54:56.077+0000] {processor.py:156} INFO - Started process (PID=3136) to work on /opt/airflow/dags/functions/calculate_emb_vectors_for_link_rec.py
[2022-11-04T06:54:56.078+0000] {processor.py:758} INFO - Processing file /opt/airflow/dags/functions/calculate_emb_vectors_for_link_rec.py for tasks to queue
[2022-11-04T06:54:56.078+0000] {logging_mixin.py:117} INFO - [2022-11-04T06:54:56.078+0000] {dagbag.py:525} INFO - Filling up the DagBag from /opt/airflow/dags/functions/calculate_emb_vectors_for_link_rec.py
[2022-11-04T06:54:58.109+0000] {processor.py:770} WARNING - No viable dags retrieved from /opt/airflow/dags/functions/calculate_emb_vectors_for_link_rec.py
[2022-11-04T06:54:58.131+0000] {processor.py:178} INFO - Processing /opt/airflow/dags/functions/calculate_emb_vectors_for_link_rec.py took 2.058 seconds
[2022-11-04T06:55:29.635+0000] {processor.py:156} INFO - Started process (PID=3332) to work on /opt/airflow/dags/functions/calculate_emb_vectors_for_link_rec.py
[2022-11-04T06:55:29.636+0000] {processor.py:758} INFO - Processing file /opt/airflow/dags/functions/calculate_emb_vectors_for_link_rec.py for tasks to queue
[2022-11-04T06:55:29.637+0000] {logging_mixin.py:117} INFO - [2022-11-04T06:55:29.636+0000] {dagbag.py:525} INFO - Filling up the DagBag from /opt/airflow/dags/functions/calculate_emb_vectors_for_link_rec.py
[2022-11-04T06:55:31.539+0000] {processor.py:770} WARNING - No viable dags retrieved from /opt/airflow/dags/functions/calculate_emb_vectors_for_link_rec.py
[2022-11-04T06:55:31.571+0000] {processor.py:178} INFO - Processing /opt/airflow/dags/functions/calculate_emb_vectors_for_link_rec.py took 1.939 seconds
[2022-11-04T06:56:03.284+0000] {processor.py:156} INFO - Started process (PID=3529) to work on /opt/airflow/dags/functions/calculate_emb_vectors_for_link_rec.py
[2022-11-04T06:56:03.285+0000] {processor.py:758} INFO - Processing file /opt/airflow/dags/functions/calculate_emb_vectors_for_link_rec.py for tasks to queue
[2022-11-04T06:56:03.287+0000] {logging_mixin.py:117} INFO - [2022-11-04T06:56:03.286+0000] {dagbag.py:525} INFO - Filling up the DagBag from /opt/airflow/dags/functions/calculate_emb_vectors_for_link_rec.py
[2022-11-04T06:56:05.148+0000] {processor.py:770} WARNING - No viable dags retrieved from /opt/airflow/dags/functions/calculate_emb_vectors_for_link_rec.py
[2022-11-04T06:56:05.170+0000] {processor.py:178} INFO - Processing /opt/airflow/dags/functions/calculate_emb_vectors_for_link_rec.py took 1.889 seconds
[2022-11-04T06:56:37.299+0000] {processor.py:156} INFO - Started process (PID=3727) to work on /opt/airflow/dags/functions/calculate_emb_vectors_for_link_rec.py
[2022-11-04T06:56:37.299+0000] {processor.py:758} INFO - Processing file /opt/airflow/dags/functions/calculate_emb_vectors_for_link_rec.py for tasks to queue
[2022-11-04T06:56:37.300+0000] {logging_mixin.py:117} INFO - [2022-11-04T06:56:37.300+0000] {dagbag.py:525} INFO - Filling up the DagBag from /opt/airflow/dags/functions/calculate_emb_vectors_for_link_rec.py
[2022-11-04T06:56:39.149+0000] {processor.py:770} WARNING - No viable dags retrieved from /opt/airflow/dags/functions/calculate_emb_vectors_for_link_rec.py
[2022-11-04T06:56:39.168+0000] {processor.py:178} INFO - Processing /opt/airflow/dags/functions/calculate_emb_vectors_for_link_rec.py took 1.873 seconds
[2022-11-04T06:57:11.308+0000] {processor.py:156} INFO - Started process (PID=3924) to work on /opt/airflow/dags/functions/calculate_emb_vectors_for_link_rec.py
[2022-11-04T06:57:11.309+0000] {processor.py:758} INFO - Processing file /opt/airflow/dags/functions/calculate_emb_vectors_for_link_rec.py for tasks to queue
[2022-11-04T06:57:11.310+0000] {logging_mixin.py:117} INFO - [2022-11-04T06:57:11.310+0000] {dagbag.py:525} INFO - Filling up the DagBag from /opt/airflow/dags/functions/calculate_emb_vectors_for_link_rec.py
[2022-11-04T06:57:13.207+0000] {processor.py:770} WARNING - No viable dags retrieved from /opt/airflow/dags/functions/calculate_emb_vectors_for_link_rec.py
[2022-11-04T06:57:13.229+0000] {processor.py:178} INFO - Processing /opt/airflow/dags/functions/calculate_emb_vectors_for_link_rec.py took 1.924 seconds
[2022-11-04T06:57:45.421+0000] {processor.py:156} INFO - Started process (PID=4121) to work on /opt/airflow/dags/functions/calculate_emb_vectors_for_link_rec.py
[2022-11-04T06:57:45.422+0000] {processor.py:758} INFO - Processing file /opt/airflow/dags/functions/calculate_emb_vectors_for_link_rec.py for tasks to queue
[2022-11-04T06:57:45.422+0000] {logging_mixin.py:117} INFO - [2022-11-04T06:57:45.422+0000] {dagbag.py:525} INFO - Filling up the DagBag from /opt/airflow/dags/functions/calculate_emb_vectors_for_link_rec.py
[2022-11-04T06:57:47.398+0000] {processor.py:770} WARNING - No viable dags retrieved from /opt/airflow/dags/functions/calculate_emb_vectors_for_link_rec.py
[2022-11-04T06:57:47.417+0000] {processor.py:178} INFO - Processing /opt/airflow/dags/functions/calculate_emb_vectors_for_link_rec.py took 1.999 seconds
[2022-11-04T06:58:19.346+0000] {processor.py:156} INFO - Started process (PID=4318) to work on /opt/airflow/dags/functions/calculate_emb_vectors_for_link_rec.py
[2022-11-04T06:58:19.347+0000] {processor.py:758} INFO - Processing file /opt/airflow/dags/functions/calculate_emb_vectors_for_link_rec.py for tasks to queue
[2022-11-04T06:58:19.347+0000] {logging_mixin.py:117} INFO - [2022-11-04T06:58:19.347+0000] {dagbag.py:525} INFO - Filling up the DagBag from /opt/airflow/dags/functions/calculate_emb_vectors_for_link_rec.py
[2022-11-04T06:58:21.327+0000] {processor.py:770} WARNING - No viable dags retrieved from /opt/airflow/dags/functions/calculate_emb_vectors_for_link_rec.py
[2022-11-04T06:58:21.352+0000] {processor.py:178} INFO - Processing /opt/airflow/dags/functions/calculate_emb_vectors_for_link_rec.py took 2.009 seconds
[2022-11-04T06:58:53.340+0000] {processor.py:156} INFO - Started process (PID=4515) to work on /opt/airflow/dags/functions/calculate_emb_vectors_for_link_rec.py
[2022-11-04T06:58:53.340+0000] {processor.py:758} INFO - Processing file /opt/airflow/dags/functions/calculate_emb_vectors_for_link_rec.py for tasks to queue
[2022-11-04T06:58:53.341+0000] {logging_mixin.py:117} INFO - [2022-11-04T06:58:53.341+0000] {dagbag.py:525} INFO - Filling up the DagBag from /opt/airflow/dags/functions/calculate_emb_vectors_for_link_rec.py
[2022-11-04T06:58:55.309+0000] {processor.py:770} WARNING - No viable dags retrieved from /opt/airflow/dags/functions/calculate_emb_vectors_for_link_rec.py
[2022-11-04T06:58:55.334+0000] {processor.py:178} INFO - Processing /opt/airflow/dags/functions/calculate_emb_vectors_for_link_rec.py took 1.998 seconds
[2022-11-04T06:59:27.017+0000] {processor.py:156} INFO - Started process (PID=4711) to work on /opt/airflow/dags/functions/calculate_emb_vectors_for_link_rec.py
[2022-11-04T06:59:27.018+0000] {processor.py:758} INFO - Processing file /opt/airflow/dags/functions/calculate_emb_vectors_for_link_rec.py for tasks to queue
[2022-11-04T06:59:27.019+0000] {logging_mixin.py:117} INFO - [2022-11-04T06:59:27.019+0000] {dagbag.py:525} INFO - Filling up the DagBag from /opt/airflow/dags/functions/calculate_emb_vectors_for_link_rec.py
[2022-11-04T06:59:28.973+0000] {processor.py:770} WARNING - No viable dags retrieved from /opt/airflow/dags/functions/calculate_emb_vectors_for_link_rec.py
[2022-11-04T06:59:28.987+0000] {processor.py:178} INFO - Processing /opt/airflow/dags/functions/calculate_emb_vectors_for_link_rec.py took 1.974 seconds
[2022-11-04T07:00:01.032+0000] {processor.py:156} INFO - Started process (PID=4908) to work on /opt/airflow/dags/functions/calculate_emb_vectors_for_link_rec.py
[2022-11-04T07:00:01.035+0000] {processor.py:758} INFO - Processing file /opt/airflow/dags/functions/calculate_emb_vectors_for_link_rec.py for tasks to queue
[2022-11-04T07:00:01.036+0000] {logging_mixin.py:117} INFO - [2022-11-04T07:00:01.036+0000] {dagbag.py:525} INFO - Filling up the DagBag from /opt/airflow/dags/functions/calculate_emb_vectors_for_link_rec.py
[2022-11-04T07:00:03.032+0000] {processor.py:770} WARNING - No viable dags retrieved from /opt/airflow/dags/functions/calculate_emb_vectors_for_link_rec.py
[2022-11-04T07:00:03.049+0000] {processor.py:178} INFO - Processing /opt/airflow/dags/functions/calculate_emb_vectors_for_link_rec.py took 2.024 seconds
[2022-11-04T07:00:34.621+0000] {processor.py:156} INFO - Started process (PID=5105) to work on /opt/airflow/dags/functions/calculate_emb_vectors_for_link_rec.py
[2022-11-04T07:00:34.622+0000] {processor.py:758} INFO - Processing file /opt/airflow/dags/functions/calculate_emb_vectors_for_link_rec.py for tasks to queue
[2022-11-04T07:00:34.622+0000] {logging_mixin.py:117} INFO - [2022-11-04T07:00:34.622+0000] {dagbag.py:525} INFO - Filling up the DagBag from /opt/airflow/dags/functions/calculate_emb_vectors_for_link_rec.py
[2022-11-04T07:00:36.705+0000] {processor.py:770} WARNING - No viable dags retrieved from /opt/airflow/dags/functions/calculate_emb_vectors_for_link_rec.py
[2022-11-04T07:00:36.719+0000] {processor.py:178} INFO - Processing /opt/airflow/dags/functions/calculate_emb_vectors_for_link_rec.py took 2.102 seconds
[2022-11-04T07:01:08.214+0000] {processor.py:156} INFO - Started process (PID=5302) to work on /opt/airflow/dags/functions/calculate_emb_vectors_for_link_rec.py
[2022-11-04T07:01:08.215+0000] {processor.py:758} INFO - Processing file /opt/airflow/dags/functions/calculate_emb_vectors_for_link_rec.py for tasks to queue
[2022-11-04T07:01:08.216+0000] {logging_mixin.py:117} INFO - [2022-11-04T07:01:08.216+0000] {dagbag.py:525} INFO - Filling up the DagBag from /opt/airflow/dags/functions/calculate_emb_vectors_for_link_rec.py
[2022-11-04T07:01:10.403+0000] {processor.py:770} WARNING - No viable dags retrieved from /opt/airflow/dags/functions/calculate_emb_vectors_for_link_rec.py
[2022-11-04T07:01:10.418+0000] {processor.py:178} INFO - Processing /opt/airflow/dags/functions/calculate_emb_vectors_for_link_rec.py took 2.207 seconds
[2022-11-04T07:01:41.890+0000] {processor.py:156} INFO - Started process (PID=5499) to work on /opt/airflow/dags/functions/calculate_emb_vectors_for_link_rec.py
[2022-11-04T07:01:41.890+0000] {processor.py:758} INFO - Processing file /opt/airflow/dags/functions/calculate_emb_vectors_for_link_rec.py for tasks to queue
[2022-11-04T07:01:41.891+0000] {logging_mixin.py:117} INFO - [2022-11-04T07:01:41.891+0000] {dagbag.py:525} INFO - Filling up the DagBag from /opt/airflow/dags/functions/calculate_emb_vectors_for_link_rec.py
[2022-11-04T07:01:44.061+0000] {processor.py:770} WARNING - No viable dags retrieved from /opt/airflow/dags/functions/calculate_emb_vectors_for_link_rec.py
[2022-11-04T07:01:44.076+0000] {processor.py:178} INFO - Processing /opt/airflow/dags/functions/calculate_emb_vectors_for_link_rec.py took 2.190 seconds
[2022-11-04T07:02:15.507+0000] {processor.py:156} INFO - Started process (PID=5696) to work on /opt/airflow/dags/functions/calculate_emb_vectors_for_link_rec.py
[2022-11-04T07:02:15.508+0000] {processor.py:758} INFO - Processing file /opt/airflow/dags/functions/calculate_emb_vectors_for_link_rec.py for tasks to queue
[2022-11-04T07:02:15.509+0000] {logging_mixin.py:117} INFO - [2022-11-04T07:02:15.509+0000] {dagbag.py:525} INFO - Filling up the DagBag from /opt/airflow/dags/functions/calculate_emb_vectors_for_link_rec.py
[2022-11-04T07:02:17.623+0000] {processor.py:770} WARNING - No viable dags retrieved from /opt/airflow/dags/functions/calculate_emb_vectors_for_link_rec.py
[2022-11-04T07:02:17.648+0000] {processor.py:178} INFO - Processing /opt/airflow/dags/functions/calculate_emb_vectors_for_link_rec.py took 2.144 seconds
[2022-11-04T07:02:49.199+0000] {processor.py:156} INFO - Started process (PID=5893) to work on /opt/airflow/dags/functions/calculate_emb_vectors_for_link_rec.py
[2022-11-04T07:02:49.200+0000] {processor.py:758} INFO - Processing file /opt/airflow/dags/functions/calculate_emb_vectors_for_link_rec.py for tasks to queue
[2022-11-04T07:02:49.201+0000] {logging_mixin.py:117} INFO - [2022-11-04T07:02:49.201+0000] {dagbag.py:525} INFO - Filling up the DagBag from /opt/airflow/dags/functions/calculate_emb_vectors_for_link_rec.py
[2022-11-04T07:02:51.075+0000] {processor.py:770} WARNING - No viable dags retrieved from /opt/airflow/dags/functions/calculate_emb_vectors_for_link_rec.py
[2022-11-04T07:02:51.090+0000] {processor.py:178} INFO - Processing /opt/airflow/dags/functions/calculate_emb_vectors_for_link_rec.py took 1.898 seconds
[2022-11-04T07:03:22.976+0000] {processor.py:156} INFO - Started process (PID=6090) to work on /opt/airflow/dags/functions/calculate_emb_vectors_for_link_rec.py
[2022-11-04T07:03:22.977+0000] {processor.py:758} INFO - Processing file /opt/airflow/dags/functions/calculate_emb_vectors_for_link_rec.py for tasks to queue
[2022-11-04T07:03:22.980+0000] {logging_mixin.py:117} INFO - [2022-11-04T07:03:22.979+0000] {dagbag.py:525} INFO - Filling up the DagBag from /opt/airflow/dags/functions/calculate_emb_vectors_for_link_rec.py
[2022-11-04T07:03:25.040+0000] {processor.py:770} WARNING - No viable dags retrieved from /opt/airflow/dags/functions/calculate_emb_vectors_for_link_rec.py
[2022-11-04T07:03:25.056+0000] {processor.py:178} INFO - Processing /opt/airflow/dags/functions/calculate_emb_vectors_for_link_rec.py took 2.084 seconds
[2022-11-04T07:03:56.518+0000] {processor.py:156} INFO - Started process (PID=6287) to work on /opt/airflow/dags/functions/calculate_emb_vectors_for_link_rec.py
[2022-11-04T07:03:56.519+0000] {processor.py:758} INFO - Processing file /opt/airflow/dags/functions/calculate_emb_vectors_for_link_rec.py for tasks to queue
[2022-11-04T07:03:56.520+0000] {logging_mixin.py:117} INFO - [2022-11-04T07:03:56.520+0000] {dagbag.py:525} INFO - Filling up the DagBag from /opt/airflow/dags/functions/calculate_emb_vectors_for_link_rec.py
[2022-11-04T07:03:58.635+0000] {processor.py:770} WARNING - No viable dags retrieved from /opt/airflow/dags/functions/calculate_emb_vectors_for_link_rec.py
[2022-11-04T07:03:58.648+0000] {processor.py:178} INFO - Processing /opt/airflow/dags/functions/calculate_emb_vectors_for_link_rec.py took 2.133 seconds
[2022-11-04T07:04:30.141+0000] {processor.py:156} INFO - Started process (PID=6484) to work on /opt/airflow/dags/functions/calculate_emb_vectors_for_link_rec.py
[2022-11-04T07:04:30.142+0000] {processor.py:758} INFO - Processing file /opt/airflow/dags/functions/calculate_emb_vectors_for_link_rec.py for tasks to queue
[2022-11-04T07:04:30.142+0000] {logging_mixin.py:117} INFO - [2022-11-04T07:04:30.142+0000] {dagbag.py:525} INFO - Filling up the DagBag from /opt/airflow/dags/functions/calculate_emb_vectors_for_link_rec.py
[2022-11-04T07:04:32.409+0000] {processor.py:770} WARNING - No viable dags retrieved from /opt/airflow/dags/functions/calculate_emb_vectors_for_link_rec.py
[2022-11-04T07:04:32.425+0000] {processor.py:178} INFO - Processing /opt/airflow/dags/functions/calculate_emb_vectors_for_link_rec.py took 2.287 seconds
[2022-11-04T07:05:04.009+0000] {processor.py:156} INFO - Started process (PID=6681) to work on /opt/airflow/dags/functions/calculate_emb_vectors_for_link_rec.py
[2022-11-04T07:05:04.010+0000] {processor.py:758} INFO - Processing file /opt/airflow/dags/functions/calculate_emb_vectors_for_link_rec.py for tasks to queue
[2022-11-04T07:05:04.011+0000] {logging_mixin.py:117} INFO - [2022-11-04T07:05:04.011+0000] {dagbag.py:525} INFO - Filling up the DagBag from /opt/airflow/dags/functions/calculate_emb_vectors_for_link_rec.py
[2022-11-04T07:05:06.221+0000] {processor.py:770} WARNING - No viable dags retrieved from /opt/airflow/dags/functions/calculate_emb_vectors_for_link_rec.py
[2022-11-04T07:05:06.242+0000] {processor.py:178} INFO - Processing /opt/airflow/dags/functions/calculate_emb_vectors_for_link_rec.py took 2.239 seconds
[2022-11-04T07:05:37.947+0000] {processor.py:156} INFO - Started process (PID=6878) to work on /opt/airflow/dags/functions/calculate_emb_vectors_for_link_rec.py
[2022-11-04T07:05:37.948+0000] {processor.py:758} INFO - Processing file /opt/airflow/dags/functions/calculate_emb_vectors_for_link_rec.py for tasks to queue
[2022-11-04T07:05:37.949+0000] {logging_mixin.py:117} INFO - [2022-11-04T07:05:37.949+0000] {dagbag.py:525} INFO - Filling up the DagBag from /opt/airflow/dags/functions/calculate_emb_vectors_for_link_rec.py
[2022-11-04T07:05:40.196+0000] {processor.py:770} WARNING - No viable dags retrieved from /opt/airflow/dags/functions/calculate_emb_vectors_for_link_rec.py
[2022-11-04T07:05:40.212+0000] {processor.py:178} INFO - Processing /opt/airflow/dags/functions/calculate_emb_vectors_for_link_rec.py took 2.269 seconds
[2022-11-04T07:06:11.848+0000] {processor.py:156} INFO - Started process (PID=7075) to work on /opt/airflow/dags/functions/calculate_emb_vectors_for_link_rec.py
[2022-11-04T07:06:11.849+0000] {processor.py:758} INFO - Processing file /opt/airflow/dags/functions/calculate_emb_vectors_for_link_rec.py for tasks to queue
[2022-11-04T07:06:11.849+0000] {logging_mixin.py:117} INFO - [2022-11-04T07:06:11.849+0000] {dagbag.py:525} INFO - Filling up the DagBag from /opt/airflow/dags/functions/calculate_emb_vectors_for_link_rec.py
[2022-11-04T07:06:13.890+0000] {processor.py:770} WARNING - No viable dags retrieved from /opt/airflow/dags/functions/calculate_emb_vectors_for_link_rec.py
[2022-11-04T07:06:13.906+0000] {processor.py:178} INFO - Processing /opt/airflow/dags/functions/calculate_emb_vectors_for_link_rec.py took 2.062 seconds
[2022-11-04T07:06:45.546+0000] {processor.py:156} INFO - Started process (PID=7272) to work on /opt/airflow/dags/functions/calculate_emb_vectors_for_link_rec.py
[2022-11-04T07:06:45.547+0000] {processor.py:758} INFO - Processing file /opt/airflow/dags/functions/calculate_emb_vectors_for_link_rec.py for tasks to queue
[2022-11-04T07:06:45.548+0000] {logging_mixin.py:117} INFO - [2022-11-04T07:06:45.548+0000] {dagbag.py:525} INFO - Filling up the DagBag from /opt/airflow/dags/functions/calculate_emb_vectors_for_link_rec.py
[2022-11-04T07:06:47.626+0000] {processor.py:770} WARNING - No viable dags retrieved from /opt/airflow/dags/functions/calculate_emb_vectors_for_link_rec.py
[2022-11-04T07:06:47.641+0000] {processor.py:178} INFO - Processing /opt/airflow/dags/functions/calculate_emb_vectors_for_link_rec.py took 2.098 seconds
[2022-11-04T07:07:19.610+0000] {processor.py:156} INFO - Started process (PID=7469) to work on /opt/airflow/dags/functions/calculate_emb_vectors_for_link_rec.py
[2022-11-04T07:07:19.611+0000] {processor.py:758} INFO - Processing file /opt/airflow/dags/functions/calculate_emb_vectors_for_link_rec.py for tasks to queue
[2022-11-04T07:07:19.612+0000] {logging_mixin.py:117} INFO - [2022-11-04T07:07:19.612+0000] {dagbag.py:525} INFO - Filling up the DagBag from /opt/airflow/dags/functions/calculate_emb_vectors_for_link_rec.py
[2022-11-04T07:07:21.811+0000] {processor.py:770} WARNING - No viable dags retrieved from /opt/airflow/dags/functions/calculate_emb_vectors_for_link_rec.py
[2022-11-04T07:07:21.826+0000] {processor.py:178} INFO - Processing /opt/airflow/dags/functions/calculate_emb_vectors_for_link_rec.py took 2.219 seconds
[2022-11-04T07:07:53.088+0000] {processor.py:156} INFO - Started process (PID=7666) to work on /opt/airflow/dags/functions/calculate_emb_vectors_for_link_rec.py
[2022-11-04T07:07:53.088+0000] {processor.py:758} INFO - Processing file /opt/airflow/dags/functions/calculate_emb_vectors_for_link_rec.py for tasks to queue
[2022-11-04T07:07:53.089+0000] {logging_mixin.py:117} INFO - [2022-11-04T07:07:53.089+0000] {dagbag.py:525} INFO - Filling up the DagBag from /opt/airflow/dags/functions/calculate_emb_vectors_for_link_rec.py
[2022-11-04T07:07:55.309+0000] {processor.py:770} WARNING - No viable dags retrieved from /opt/airflow/dags/functions/calculate_emb_vectors_for_link_rec.py
[2022-11-04T07:07:55.324+0000] {processor.py:178} INFO - Processing /opt/airflow/dags/functions/calculate_emb_vectors_for_link_rec.py took 2.239 seconds
[2022-11-04T07:08:26.896+0000] {processor.py:156} INFO - Started process (PID=7863) to work on /opt/airflow/dags/functions/calculate_emb_vectors_for_link_rec.py
[2022-11-04T07:08:26.897+0000] {processor.py:758} INFO - Processing file /opt/airflow/dags/functions/calculate_emb_vectors_for_link_rec.py for tasks to queue
[2022-11-04T07:08:26.897+0000] {logging_mixin.py:117} INFO - [2022-11-04T07:08:26.897+0000] {dagbag.py:525} INFO - Filling up the DagBag from /opt/airflow/dags/functions/calculate_emb_vectors_for_link_rec.py
[2022-11-04T07:08:29.238+0000] {processor.py:770} WARNING - No viable dags retrieved from /opt/airflow/dags/functions/calculate_emb_vectors_for_link_rec.py
[2022-11-04T07:08:29.254+0000] {processor.py:178} INFO - Processing /opt/airflow/dags/functions/calculate_emb_vectors_for_link_rec.py took 2.361 seconds
[2022-11-04T07:09:00.558+0000] {processor.py:156} INFO - Started process (PID=8060) to work on /opt/airflow/dags/functions/calculate_emb_vectors_for_link_rec.py
[2022-11-04T07:09:00.559+0000] {processor.py:758} INFO - Processing file /opt/airflow/dags/functions/calculate_emb_vectors_for_link_rec.py for tasks to queue
[2022-11-04T07:09:00.560+0000] {logging_mixin.py:117} INFO - [2022-11-04T07:09:00.560+0000] {dagbag.py:525} INFO - Filling up the DagBag from /opt/airflow/dags/functions/calculate_emb_vectors_for_link_rec.py
[2022-11-04T07:09:02.864+0000] {processor.py:770} WARNING - No viable dags retrieved from /opt/airflow/dags/functions/calculate_emb_vectors_for_link_rec.py
[2022-11-04T07:09:02.879+0000] {processor.py:178} INFO - Processing /opt/airflow/dags/functions/calculate_emb_vectors_for_link_rec.py took 2.324 seconds
[2022-11-04T07:09:34.416+0000] {processor.py:156} INFO - Started process (PID=8257) to work on /opt/airflow/dags/functions/calculate_emb_vectors_for_link_rec.py
[2022-11-04T07:09:34.417+0000] {processor.py:758} INFO - Processing file /opt/airflow/dags/functions/calculate_emb_vectors_for_link_rec.py for tasks to queue
[2022-11-04T07:09:34.418+0000] {logging_mixin.py:117} INFO - [2022-11-04T07:09:34.418+0000] {dagbag.py:525} INFO - Filling up the DagBag from /opt/airflow/dags/functions/calculate_emb_vectors_for_link_rec.py
[2022-11-04T07:09:36.683+0000] {processor.py:770} WARNING - No viable dags retrieved from /opt/airflow/dags/functions/calculate_emb_vectors_for_link_rec.py
[2022-11-04T07:09:36.699+0000] {processor.py:178} INFO - Processing /opt/airflow/dags/functions/calculate_emb_vectors_for_link_rec.py took 2.287 seconds
[2022-11-04T07:10:09.045+0000] {processor.py:156} INFO - Started process (PID=8454) to work on /opt/airflow/dags/functions/calculate_emb_vectors_for_link_rec.py
[2022-11-04T07:10:09.046+0000] {processor.py:758} INFO - Processing file /opt/airflow/dags/functions/calculate_emb_vectors_for_link_rec.py for tasks to queue
[2022-11-04T07:10:09.047+0000] {logging_mixin.py:117} INFO - [2022-11-04T07:10:09.047+0000] {dagbag.py:525} INFO - Filling up the DagBag from /opt/airflow/dags/functions/calculate_emb_vectors_for_link_rec.py
[2022-11-04T07:10:11.166+0000] {processor.py:770} WARNING - No viable dags retrieved from /opt/airflow/dags/functions/calculate_emb_vectors_for_link_rec.py
[2022-11-04T07:10:11.182+0000] {processor.py:178} INFO - Processing /opt/airflow/dags/functions/calculate_emb_vectors_for_link_rec.py took 2.140 seconds
[2022-11-04T07:10:43.490+0000] {processor.py:156} INFO - Started process (PID=8651) to work on /opt/airflow/dags/functions/calculate_emb_vectors_for_link_rec.py
[2022-11-04T07:10:43.491+0000] {processor.py:758} INFO - Processing file /opt/airflow/dags/functions/calculate_emb_vectors_for_link_rec.py for tasks to queue
[2022-11-04T07:10:43.492+0000] {logging_mixin.py:117} INFO - [2022-11-04T07:10:43.491+0000] {dagbag.py:525} INFO - Filling up the DagBag from /opt/airflow/dags/functions/calculate_emb_vectors_for_link_rec.py
[2022-11-04T07:10:45.625+0000] {processor.py:770} WARNING - No viable dags retrieved from /opt/airflow/dags/functions/calculate_emb_vectors_for_link_rec.py
[2022-11-04T07:10:45.642+0000] {processor.py:178} INFO - Processing /opt/airflow/dags/functions/calculate_emb_vectors_for_link_rec.py took 2.156 seconds
[2022-11-04T07:11:19.239+0000] {processor.py:156} INFO - Started process (PID=8849) to work on /opt/airflow/dags/functions/calculate_emb_vectors_for_link_rec.py
[2022-11-04T07:11:19.240+0000] {processor.py:758} INFO - Processing file /opt/airflow/dags/functions/calculate_emb_vectors_for_link_rec.py for tasks to queue
[2022-11-04T07:11:19.240+0000] {logging_mixin.py:117} INFO - [2022-11-04T07:11:19.240+0000] {dagbag.py:525} INFO - Filling up the DagBag from /opt/airflow/dags/functions/calculate_emb_vectors_for_link_rec.py
[2022-11-04T07:11:22.472+0000] {processor.py:770} WARNING - No viable dags retrieved from /opt/airflow/dags/functions/calculate_emb_vectors_for_link_rec.py
[2022-11-04T07:11:22.489+0000] {processor.py:178} INFO - Processing /opt/airflow/dags/functions/calculate_emb_vectors_for_link_rec.py took 3.255 seconds
[2022-11-04T07:11:52.854+0000] {processor.py:156} INFO - Started process (PID=9046) to work on /opt/airflow/dags/functions/calculate_emb_vectors_for_link_rec.py
[2022-11-04T07:11:52.854+0000] {processor.py:758} INFO - Processing file /opt/airflow/dags/functions/calculate_emb_vectors_for_link_rec.py for tasks to queue
[2022-11-04T07:11:52.855+0000] {logging_mixin.py:117} INFO - [2022-11-04T07:11:52.855+0000] {dagbag.py:525} INFO - Filling up the DagBag from /opt/airflow/dags/functions/calculate_emb_vectors_for_link_rec.py
[2022-11-04T07:11:55.201+0000] {processor.py:770} WARNING - No viable dags retrieved from /opt/airflow/dags/functions/calculate_emb_vectors_for_link_rec.py
[2022-11-04T07:11:55.218+0000] {processor.py:178} INFO - Processing /opt/airflow/dags/functions/calculate_emb_vectors_for_link_rec.py took 2.368 seconds
[2022-11-04T07:12:27.374+0000] {processor.py:156} INFO - Started process (PID=9243) to work on /opt/airflow/dags/functions/calculate_emb_vectors_for_link_rec.py
[2022-11-04T07:12:27.375+0000] {processor.py:758} INFO - Processing file /opt/airflow/dags/functions/calculate_emb_vectors_for_link_rec.py for tasks to queue
[2022-11-04T07:12:27.375+0000] {logging_mixin.py:117} INFO - [2022-11-04T07:12:27.375+0000] {dagbag.py:525} INFO - Filling up the DagBag from /opt/airflow/dags/functions/calculate_emb_vectors_for_link_rec.py
[2022-11-04T07:12:29.684+0000] {processor.py:770} WARNING - No viable dags retrieved from /opt/airflow/dags/functions/calculate_emb_vectors_for_link_rec.py
[2022-11-04T07:12:29.704+0000] {processor.py:178} INFO - Processing /opt/airflow/dags/functions/calculate_emb_vectors_for_link_rec.py took 2.334 seconds
[2022-11-04T07:13:01.238+0000] {processor.py:156} INFO - Started process (PID=9420) to work on /opt/airflow/dags/functions/calculate_emb_vectors_for_link_rec.py
[2022-11-04T07:13:01.240+0000] {processor.py:758} INFO - Processing file /opt/airflow/dags/functions/calculate_emb_vectors_for_link_rec.py for tasks to queue
[2022-11-04T07:13:01.241+0000] {logging_mixin.py:117} INFO - [2022-11-04T07:13:01.241+0000] {dagbag.py:525} INFO - Filling up the DagBag from /opt/airflow/dags/functions/calculate_emb_vectors_for_link_rec.py
[2022-11-04T07:13:04.005+0000] {processor.py:770} WARNING - No viable dags retrieved from /opt/airflow/dags/functions/calculate_emb_vectors_for_link_rec.py
[2022-11-04T07:13:04.021+0000] {processor.py:178} INFO - Processing /opt/airflow/dags/functions/calculate_emb_vectors_for_link_rec.py took 2.789 seconds
[2022-11-04T07:13:34.771+0000] {processor.py:156} INFO - Started process (PID=9617) to work on /opt/airflow/dags/functions/calculate_emb_vectors_for_link_rec.py
[2022-11-04T07:13:34.781+0000] {processor.py:758} INFO - Processing file /opt/airflow/dags/functions/calculate_emb_vectors_for_link_rec.py for tasks to queue
[2022-11-04T07:13:34.782+0000] {logging_mixin.py:117} INFO - [2022-11-04T07:13:34.782+0000] {dagbag.py:525} INFO - Filling up the DagBag from /opt/airflow/dags/functions/calculate_emb_vectors_for_link_rec.py
[2022-11-04T07:13:36.881+0000] {processor.py:770} WARNING - No viable dags retrieved from /opt/airflow/dags/functions/calculate_emb_vectors_for_link_rec.py
[2022-11-04T07:13:36.905+0000] {processor.py:178} INFO - Processing /opt/airflow/dags/functions/calculate_emb_vectors_for_link_rec.py took 2.138 seconds
[2022-11-04T07:14:07.809+0000] {processor.py:156} INFO - Started process (PID=9812) to work on /opt/airflow/dags/functions/calculate_emb_vectors_for_link_rec.py
[2022-11-04T07:14:07.810+0000] {processor.py:758} INFO - Processing file /opt/airflow/dags/functions/calculate_emb_vectors_for_link_rec.py for tasks to queue
[2022-11-04T07:14:07.810+0000] {logging_mixin.py:117} INFO - [2022-11-04T07:14:07.810+0000] {dagbag.py:525} INFO - Filling up the DagBag from /opt/airflow/dags/functions/calculate_emb_vectors_for_link_rec.py
[2022-11-04T07:14:10.712+0000] {processor.py:770} WARNING - No viable dags retrieved from /opt/airflow/dags/functions/calculate_emb_vectors_for_link_rec.py
[2022-11-04T07:14:10.755+0000] {processor.py:178} INFO - Processing /opt/airflow/dags/functions/calculate_emb_vectors_for_link_rec.py took 2.950 seconds
[2022-11-04T07:14:41.807+0000] {processor.py:156} INFO - Started process (PID=10009) to work on /opt/airflow/dags/functions/calculate_emb_vectors_for_link_rec.py
[2022-11-04T07:14:41.808+0000] {processor.py:758} INFO - Processing file /opt/airflow/dags/functions/calculate_emb_vectors_for_link_rec.py for tasks to queue
[2022-11-04T07:14:41.809+0000] {logging_mixin.py:117} INFO - [2022-11-04T07:14:41.809+0000] {dagbag.py:525} INFO - Filling up the DagBag from /opt/airflow/dags/functions/calculate_emb_vectors_for_link_rec.py
[2022-11-04T07:14:44.217+0000] {processor.py:770} WARNING - No viable dags retrieved from /opt/airflow/dags/functions/calculate_emb_vectors_for_link_rec.py
[2022-11-04T07:14:44.234+0000] {processor.py:178} INFO - Processing /opt/airflow/dags/functions/calculate_emb_vectors_for_link_rec.py took 2.430 seconds
[2022-11-04T07:15:15.525+0000] {processor.py:156} INFO - Started process (PID=10206) to work on /opt/airflow/dags/functions/calculate_emb_vectors_for_link_rec.py
[2022-11-04T07:15:15.526+0000] {processor.py:758} INFO - Processing file /opt/airflow/dags/functions/calculate_emb_vectors_for_link_rec.py for tasks to queue
[2022-11-04T07:15:15.527+0000] {logging_mixin.py:117} INFO - [2022-11-04T07:15:15.527+0000] {dagbag.py:525} INFO - Filling up the DagBag from /opt/airflow/dags/functions/calculate_emb_vectors_for_link_rec.py
[2022-11-04T07:15:17.798+0000] {processor.py:770} WARNING - No viable dags retrieved from /opt/airflow/dags/functions/calculate_emb_vectors_for_link_rec.py
[2022-11-04T07:15:17.821+0000] {processor.py:178} INFO - Processing /opt/airflow/dags/functions/calculate_emb_vectors_for_link_rec.py took 2.300 seconds
[2022-11-04T07:15:49.791+0000] {processor.py:156} INFO - Started process (PID=10403) to work on /opt/airflow/dags/functions/calculate_emb_vectors_for_link_rec.py
[2022-11-04T07:15:49.792+0000] {processor.py:758} INFO - Processing file /opt/airflow/dags/functions/calculate_emb_vectors_for_link_rec.py for tasks to queue
[2022-11-04T07:15:49.793+0000] {logging_mixin.py:117} INFO - [2022-11-04T07:15:49.793+0000] {dagbag.py:525} INFO - Filling up the DagBag from /opt/airflow/dags/functions/calculate_emb_vectors_for_link_rec.py
[2022-11-04T07:15:52.187+0000] {processor.py:770} WARNING - No viable dags retrieved from /opt/airflow/dags/functions/calculate_emb_vectors_for_link_rec.py
[2022-11-04T07:15:52.204+0000] {processor.py:178} INFO - Processing /opt/airflow/dags/functions/calculate_emb_vectors_for_link_rec.py took 2.417 seconds
[2022-11-04T07:16:24.131+0000] {processor.py:156} INFO - Started process (PID=10600) to work on /opt/airflow/dags/functions/calculate_emb_vectors_for_link_rec.py
[2022-11-04T07:16:24.132+0000] {processor.py:758} INFO - Processing file /opt/airflow/dags/functions/calculate_emb_vectors_for_link_rec.py for tasks to queue
[2022-11-04T07:16:24.133+0000] {logging_mixin.py:117} INFO - [2022-11-04T07:16:24.133+0000] {dagbag.py:525} INFO - Filling up the DagBag from /opt/airflow/dags/functions/calculate_emb_vectors_for_link_rec.py
[2022-11-04T07:16:26.422+0000] {processor.py:770} WARNING - No viable dags retrieved from /opt/airflow/dags/functions/calculate_emb_vectors_for_link_rec.py
[2022-11-04T07:16:26.450+0000] {processor.py:178} INFO - Processing /opt/airflow/dags/functions/calculate_emb_vectors_for_link_rec.py took 2.322 seconds
[2022-11-04T07:16:58.240+0000] {processor.py:156} INFO - Started process (PID=10797) to work on /opt/airflow/dags/functions/calculate_emb_vectors_for_link_rec.py
[2022-11-04T07:16:58.241+0000] {processor.py:758} INFO - Processing file /opt/airflow/dags/functions/calculate_emb_vectors_for_link_rec.py for tasks to queue
[2022-11-04T07:16:58.242+0000] {logging_mixin.py:117} INFO - [2022-11-04T07:16:58.241+0000] {dagbag.py:525} INFO - Filling up the DagBag from /opt/airflow/dags/functions/calculate_emb_vectors_for_link_rec.py
[2022-11-04T07:17:00.455+0000] {processor.py:770} WARNING - No viable dags retrieved from /opt/airflow/dags/functions/calculate_emb_vectors_for_link_rec.py
[2022-11-04T07:17:00.472+0000] {processor.py:178} INFO - Processing /opt/airflow/dags/functions/calculate_emb_vectors_for_link_rec.py took 2.236 seconds
[2022-11-04T07:17:38.608+0000] {processor.py:156} INFO - Started process (PID=10998) to work on /opt/airflow/dags/functions/calculate_emb_vectors_for_link_rec.py
[2022-11-04T07:17:38.610+0000] {processor.py:758} INFO - Processing file /opt/airflow/dags/functions/calculate_emb_vectors_for_link_rec.py for tasks to queue
[2022-11-04T07:17:38.611+0000] {logging_mixin.py:117} INFO - [2022-11-04T07:17:38.611+0000] {dagbag.py:525} INFO - Filling up the DagBag from /opt/airflow/dags/functions/calculate_emb_vectors_for_link_rec.py
[2022-11-04T07:17:41.252+0000] {processor.py:770} WARNING - No viable dags retrieved from /opt/airflow/dags/functions/calculate_emb_vectors_for_link_rec.py
[2022-11-04T07:17:41.268+0000] {processor.py:178} INFO - Processing /opt/airflow/dags/functions/calculate_emb_vectors_for_link_rec.py took 2.668 seconds
[2022-11-04T07:18:12.181+0000] {processor.py:156} INFO - Started process (PID=11195) to work on /opt/airflow/dags/functions/calculate_emb_vectors_for_link_rec.py
[2022-11-04T07:18:12.186+0000] {processor.py:758} INFO - Processing file /opt/airflow/dags/functions/calculate_emb_vectors_for_link_rec.py for tasks to queue
[2022-11-04T07:18:12.187+0000] {logging_mixin.py:117} INFO - [2022-11-04T07:18:12.187+0000] {dagbag.py:525} INFO - Filling up the DagBag from /opt/airflow/dags/functions/calculate_emb_vectors_for_link_rec.py
[2022-11-04T07:18:14.323+0000] {processor.py:770} WARNING - No viable dags retrieved from /opt/airflow/dags/functions/calculate_emb_vectors_for_link_rec.py
[2022-11-04T07:18:14.338+0000] {processor.py:178} INFO - Processing /opt/airflow/dags/functions/calculate_emb_vectors_for_link_rec.py took 2.160 seconds
[2022-11-04T07:18:44.816+0000] {processor.py:156} INFO - Started process (PID=11391) to work on /opt/airflow/dags/functions/calculate_emb_vectors_for_link_rec.py
[2022-11-04T07:18:44.816+0000] {processor.py:758} INFO - Processing file /opt/airflow/dags/functions/calculate_emb_vectors_for_link_rec.py for tasks to queue
[2022-11-04T07:18:44.817+0000] {logging_mixin.py:117} INFO - [2022-11-04T07:18:44.817+0000] {dagbag.py:525} INFO - Filling up the DagBag from /opt/airflow/dags/functions/calculate_emb_vectors_for_link_rec.py
[2022-11-04T07:18:47.026+0000] {processor.py:770} WARNING - No viable dags retrieved from /opt/airflow/dags/functions/calculate_emb_vectors_for_link_rec.py
[2022-11-04T07:18:47.042+0000] {processor.py:178} INFO - Processing /opt/airflow/dags/functions/calculate_emb_vectors_for_link_rec.py took 2.230 seconds
[2022-11-04T07:19:18.598+0000] {processor.py:156} INFO - Started process (PID=11589) to work on /opt/airflow/dags/functions/calculate_emb_vectors_for_link_rec.py
[2022-11-04T07:19:18.601+0000] {processor.py:758} INFO - Processing file /opt/airflow/dags/functions/calculate_emb_vectors_for_link_rec.py for tasks to queue
[2022-11-04T07:19:18.603+0000] {logging_mixin.py:117} INFO - [2022-11-04T07:19:18.602+0000] {dagbag.py:525} INFO - Filling up the DagBag from /opt/airflow/dags/functions/calculate_emb_vectors_for_link_rec.py
[2022-11-04T07:19:22.272+0000] {processor.py:770} WARNING - No viable dags retrieved from /opt/airflow/dags/functions/calculate_emb_vectors_for_link_rec.py
[2022-11-04T07:19:22.287+0000] {processor.py:178} INFO - Processing /opt/airflow/dags/functions/calculate_emb_vectors_for_link_rec.py took 3.701 seconds
[2022-11-04T07:19:53.785+0000] {processor.py:156} INFO - Started process (PID=11786) to work on /opt/airflow/dags/functions/calculate_emb_vectors_for_link_rec.py
[2022-11-04T07:19:53.786+0000] {processor.py:758} INFO - Processing file /opt/airflow/dags/functions/calculate_emb_vectors_for_link_rec.py for tasks to queue
[2022-11-04T07:19:53.788+0000] {logging_mixin.py:117} INFO - [2022-11-04T07:19:53.787+0000] {dagbag.py:525} INFO - Filling up the DagBag from /opt/airflow/dags/functions/calculate_emb_vectors_for_link_rec.py
[2022-11-04T07:19:56.266+0000] {processor.py:770} WARNING - No viable dags retrieved from /opt/airflow/dags/functions/calculate_emb_vectors_for_link_rec.py
[2022-11-04T07:19:56.291+0000] {processor.py:178} INFO - Processing /opt/airflow/dags/functions/calculate_emb_vectors_for_link_rec.py took 2.516 seconds
[2022-11-04T07:20:27.601+0000] {processor.py:156} INFO - Started process (PID=11984) to work on /opt/airflow/dags/functions/calculate_emb_vectors_for_link_rec.py
[2022-11-04T07:20:27.611+0000] {processor.py:758} INFO - Processing file /opt/airflow/dags/functions/calculate_emb_vectors_for_link_rec.py for tasks to queue
[2022-11-04T07:20:27.612+0000] {logging_mixin.py:117} INFO - [2022-11-04T07:20:27.612+0000] {dagbag.py:525} INFO - Filling up the DagBag from /opt/airflow/dags/functions/calculate_emb_vectors_for_link_rec.py
[2022-11-04T07:20:29.871+0000] {processor.py:770} WARNING - No viable dags retrieved from /opt/airflow/dags/functions/calculate_emb_vectors_for_link_rec.py
[2022-11-04T07:20:29.893+0000] {processor.py:178} INFO - Processing /opt/airflow/dags/functions/calculate_emb_vectors_for_link_rec.py took 2.297 seconds
[2022-11-04T07:21:01.626+0000] {processor.py:156} INFO - Started process (PID=12179) to work on /opt/airflow/dags/functions/calculate_emb_vectors_for_link_rec.py
[2022-11-04T07:21:01.637+0000] {processor.py:758} INFO - Processing file /opt/airflow/dags/functions/calculate_emb_vectors_for_link_rec.py for tasks to queue
[2022-11-04T07:21:01.639+0000] {logging_mixin.py:117} INFO - [2022-11-04T07:21:01.638+0000] {dagbag.py:525} INFO - Filling up the DagBag from /opt/airflow/dags/functions/calculate_emb_vectors_for_link_rec.py
[2022-11-04T07:21:03.980+0000] {processor.py:770} WARNING - No viable dags retrieved from /opt/airflow/dags/functions/calculate_emb_vectors_for_link_rec.py
[2022-11-04T07:21:04.007+0000] {processor.py:178} INFO - Processing /opt/airflow/dags/functions/calculate_emb_vectors_for_link_rec.py took 2.386 seconds
[2022-11-04T07:21:34.808+0000] {processor.py:156} INFO - Started process (PID=12375) to work on /opt/airflow/dags/functions/calculate_emb_vectors_for_link_rec.py
[2022-11-04T07:21:34.809+0000] {processor.py:758} INFO - Processing file /opt/airflow/dags/functions/calculate_emb_vectors_for_link_rec.py for tasks to queue
[2022-11-04T07:21:34.810+0000] {logging_mixin.py:117} INFO - [2022-11-04T07:21:34.809+0000] {dagbag.py:525} INFO - Filling up the DagBag from /opt/airflow/dags/functions/calculate_emb_vectors_for_link_rec.py
[2022-11-04T07:21:37.181+0000] {processor.py:770} WARNING - No viable dags retrieved from /opt/airflow/dags/functions/calculate_emb_vectors_for_link_rec.py
[2022-11-04T07:21:37.203+0000] {processor.py:178} INFO - Processing /opt/airflow/dags/functions/calculate_emb_vectors_for_link_rec.py took 2.399 seconds
[2022-11-04T07:22:10.053+0000] {processor.py:156} INFO - Started process (PID=12573) to work on /opt/airflow/dags/functions/calculate_emb_vectors_for_link_rec.py
[2022-11-04T07:22:10.063+0000] {processor.py:758} INFO - Processing file /opt/airflow/dags/functions/calculate_emb_vectors_for_link_rec.py for tasks to queue
[2022-11-04T07:22:10.064+0000] {logging_mixin.py:117} INFO - [2022-11-04T07:22:10.064+0000] {dagbag.py:525} INFO - Filling up the DagBag from /opt/airflow/dags/functions/calculate_emb_vectors_for_link_rec.py
[2022-11-04T07:22:12.208+0000] {processor.py:770} WARNING - No viable dags retrieved from /opt/airflow/dags/functions/calculate_emb_vectors_for_link_rec.py
[2022-11-04T07:22:12.224+0000] {processor.py:178} INFO - Processing /opt/airflow/dags/functions/calculate_emb_vectors_for_link_rec.py took 2.175 seconds
[2022-11-04T07:22:45.056+0000] {processor.py:156} INFO - Started process (PID=12769) to work on /opt/airflow/dags/functions/calculate_emb_vectors_for_link_rec.py
[2022-11-04T07:22:45.058+0000] {processor.py:758} INFO - Processing file /opt/airflow/dags/functions/calculate_emb_vectors_for_link_rec.py for tasks to queue
[2022-11-04T07:22:45.059+0000] {logging_mixin.py:117} INFO - [2022-11-04T07:22:45.058+0000] {dagbag.py:525} INFO - Filling up the DagBag from /opt/airflow/dags/functions/calculate_emb_vectors_for_link_rec.py
[2022-11-04T07:22:47.254+0000] {processor.py:770} WARNING - No viable dags retrieved from /opt/airflow/dags/functions/calculate_emb_vectors_for_link_rec.py
[2022-11-04T07:22:47.272+0000] {processor.py:178} INFO - Processing /opt/airflow/dags/functions/calculate_emb_vectors_for_link_rec.py took 2.223 seconds
[2022-11-04T07:23:21.115+0000] {processor.py:156} INFO - Started process (PID=12966) to work on /opt/airflow/dags/functions/calculate_emb_vectors_for_link_rec.py
[2022-11-04T07:23:21.126+0000] {processor.py:758} INFO - Processing file /opt/airflow/dags/functions/calculate_emb_vectors_for_link_rec.py for tasks to queue
[2022-11-04T07:23:21.128+0000] {logging_mixin.py:117} INFO - [2022-11-04T07:23:21.127+0000] {dagbag.py:525} INFO - Filling up the DagBag from /opt/airflow/dags/functions/calculate_emb_vectors_for_link_rec.py
[2022-11-04T07:23:24.475+0000] {processor.py:770} WARNING - No viable dags retrieved from /opt/airflow/dags/functions/calculate_emb_vectors_for_link_rec.py
[2022-11-04T07:23:24.511+0000] {processor.py:178} INFO - Processing /opt/airflow/dags/functions/calculate_emb_vectors_for_link_rec.py took 3.404 seconds
[2022-11-04T07:23:57.140+0000] {processor.py:156} INFO - Started process (PID=13166) to work on /opt/airflow/dags/functions/calculate_emb_vectors_for_link_rec.py
[2022-11-04T07:23:57.141+0000] {processor.py:758} INFO - Processing file /opt/airflow/dags/functions/calculate_emb_vectors_for_link_rec.py for tasks to queue
[2022-11-04T07:23:57.142+0000] {logging_mixin.py:117} INFO - [2022-11-04T07:23:57.142+0000] {dagbag.py:525} INFO - Filling up the DagBag from /opt/airflow/dags/functions/calculate_emb_vectors_for_link_rec.py
[2022-11-04T07:23:59.590+0000] {processor.py:770} WARNING - No viable dags retrieved from /opt/airflow/dags/functions/calculate_emb_vectors_for_link_rec.py
[2022-11-04T07:23:59.623+0000] {processor.py:178} INFO - Processing /opt/airflow/dags/functions/calculate_emb_vectors_for_link_rec.py took 2.487 seconds
[2022-11-04T07:24:31.871+0000] {processor.py:156} INFO - Started process (PID=13364) to work on /opt/airflow/dags/functions/calculate_emb_vectors_for_link_rec.py
[2022-11-04T07:24:31.881+0000] {processor.py:758} INFO - Processing file /opt/airflow/dags/functions/calculate_emb_vectors_for_link_rec.py for tasks to queue
[2022-11-04T07:24:31.882+0000] {logging_mixin.py:117} INFO - [2022-11-04T07:24:31.882+0000] {dagbag.py:525} INFO - Filling up the DagBag from /opt/airflow/dags/functions/calculate_emb_vectors_for_link_rec.py
[2022-11-04T07:24:34.460+0000] {processor.py:770} WARNING - No viable dags retrieved from /opt/airflow/dags/functions/calculate_emb_vectors_for_link_rec.py
[2022-11-04T07:24:34.483+0000] {processor.py:178} INFO - Processing /opt/airflow/dags/functions/calculate_emb_vectors_for_link_rec.py took 2.617 seconds
[2022-11-04T07:25:05.260+0000] {processor.py:156} INFO - Started process (PID=13560) to work on /opt/airflow/dags/functions/calculate_emb_vectors_for_link_rec.py
[2022-11-04T07:25:05.271+0000] {processor.py:758} INFO - Processing file /opt/airflow/dags/functions/calculate_emb_vectors_for_link_rec.py for tasks to queue
[2022-11-04T07:25:05.273+0000] {logging_mixin.py:117} INFO - [2022-11-04T07:25:05.272+0000] {dagbag.py:525} INFO - Filling up the DagBag from /opt/airflow/dags/functions/calculate_emb_vectors_for_link_rec.py
[2022-11-04T07:25:08.009+0000] {processor.py:770} WARNING - No viable dags retrieved from /opt/airflow/dags/functions/calculate_emb_vectors_for_link_rec.py
[2022-11-04T07:25:08.046+0000] {processor.py:178} INFO - Processing /opt/airflow/dags/functions/calculate_emb_vectors_for_link_rec.py took 2.790 seconds
[2022-11-04T07:25:39.011+0000] {processor.py:156} INFO - Started process (PID=13757) to work on /opt/airflow/dags/functions/calculate_emb_vectors_for_link_rec.py
[2022-11-04T07:25:39.021+0000] {processor.py:758} INFO - Processing file /opt/airflow/dags/functions/calculate_emb_vectors_for_link_rec.py for tasks to queue
[2022-11-04T07:25:39.022+0000] {logging_mixin.py:117} INFO - [2022-11-04T07:25:39.021+0000] {dagbag.py:525} INFO - Filling up the DagBag from /opt/airflow/dags/functions/calculate_emb_vectors_for_link_rec.py
[2022-11-04T07:25:41.184+0000] {processor.py:770} WARNING - No viable dags retrieved from /opt/airflow/dags/functions/calculate_emb_vectors_for_link_rec.py
[2022-11-04T07:25:41.200+0000] {processor.py:178} INFO - Processing /opt/airflow/dags/functions/calculate_emb_vectors_for_link_rec.py took 2.195 seconds
[2022-11-04T07:26:15.229+0000] {processor.py:156} INFO - Started process (PID=13952) to work on /opt/airflow/dags/functions/calculate_emb_vectors_for_link_rec.py
[2022-11-04T07:26:15.235+0000] {processor.py:758} INFO - Processing file /opt/airflow/dags/functions/calculate_emb_vectors_for_link_rec.py for tasks to queue
[2022-11-04T07:26:15.236+0000] {logging_mixin.py:117} INFO - [2022-11-04T07:26:15.236+0000] {dagbag.py:525} INFO - Filling up the DagBag from /opt/airflow/dags/functions/calculate_emb_vectors_for_link_rec.py
[2022-11-04T07:26:17.998+0000] {processor.py:770} WARNING - No viable dags retrieved from /opt/airflow/dags/functions/calculate_emb_vectors_for_link_rec.py
[2022-11-04T07:26:18.014+0000] {processor.py:178} INFO - Processing /opt/airflow/dags/functions/calculate_emb_vectors_for_link_rec.py took 2.789 seconds
[2022-11-04T07:26:49.764+0000] {processor.py:156} INFO - Started process (PID=14151) to work on /opt/airflow/dags/functions/calculate_emb_vectors_for_link_rec.py
[2022-11-04T07:26:49.774+0000] {processor.py:758} INFO - Processing file /opt/airflow/dags/functions/calculate_emb_vectors_for_link_rec.py for tasks to queue
[2022-11-04T07:26:49.775+0000] {logging_mixin.py:117} INFO - [2022-11-04T07:26:49.775+0000] {dagbag.py:525} INFO - Filling up the DagBag from /opt/airflow/dags/functions/calculate_emb_vectors_for_link_rec.py
[2022-11-04T07:26:51.732+0000] {processor.py:770} WARNING - No viable dags retrieved from /opt/airflow/dags/functions/calculate_emb_vectors_for_link_rec.py
[2022-11-04T07:26:51.745+0000] {processor.py:178} INFO - Processing /opt/airflow/dags/functions/calculate_emb_vectors_for_link_rec.py took 1.985 seconds
[2022-11-04T07:27:23.152+0000] {processor.py:156} INFO - Started process (PID=14348) to work on /opt/airflow/dags/functions/calculate_emb_vectors_for_link_rec.py
[2022-11-04T07:27:23.162+0000] {processor.py:758} INFO - Processing file /opt/airflow/dags/functions/calculate_emb_vectors_for_link_rec.py for tasks to queue
[2022-11-04T07:27:23.163+0000] {logging_mixin.py:117} INFO - [2022-11-04T07:27:23.163+0000] {dagbag.py:525} INFO - Filling up the DagBag from /opt/airflow/dags/functions/calculate_emb_vectors_for_link_rec.py
[2022-11-04T07:27:30.830+0000] {processor.py:770} WARNING - No viable dags retrieved from /opt/airflow/dags/functions/calculate_emb_vectors_for_link_rec.py
[2022-11-04T07:27:30.872+0000] {processor.py:178} INFO - Processing /opt/airflow/dags/functions/calculate_emb_vectors_for_link_rec.py took 7.723 seconds
