[2022-11-04T06:46:26.263+0000] {processor.py:156} INFO - Started process (PID=157) to work on /opt/airflow/dags/functions/process_tensor_to_dataloader.py
[2022-11-04T06:46:26.265+0000] {processor.py:758} INFO - Processing file /opt/airflow/dags/functions/process_tensor_to_dataloader.py for tasks to queue
[2022-11-04T06:46:26.266+0000] {logging_mixin.py:117} INFO - [2022-11-04T06:46:26.266+0000] {dagbag.py:525} INFO - Filling up the DagBag from /opt/airflow/dags/functions/process_tensor_to_dataloader.py
[2022-11-04T06:46:28.653+0000] {processor.py:770} WARNING - No viable dags retrieved from /opt/airflow/dags/functions/process_tensor_to_dataloader.py
[2022-11-04T06:46:28.668+0000] {processor.py:178} INFO - Processing /opt/airflow/dags/functions/process_tensor_to_dataloader.py took 2.410 seconds
[2022-11-04T06:47:00.339+0000] {processor.py:156} INFO - Started process (PID=354) to work on /opt/airflow/dags/functions/process_tensor_to_dataloader.py
[2022-11-04T06:47:00.339+0000] {processor.py:758} INFO - Processing file /opt/airflow/dags/functions/process_tensor_to_dataloader.py for tasks to queue
[2022-11-04T06:47:00.341+0000] {logging_mixin.py:117} INFO - [2022-11-04T06:47:00.341+0000] {dagbag.py:525} INFO - Filling up the DagBag from /opt/airflow/dags/functions/process_tensor_to_dataloader.py
[2022-11-04T06:47:02.377+0000] {processor.py:770} WARNING - No viable dags retrieved from /opt/airflow/dags/functions/process_tensor_to_dataloader.py
[2022-11-04T06:47:02.392+0000] {processor.py:178} INFO - Processing /opt/airflow/dags/functions/process_tensor_to_dataloader.py took 2.057 seconds
[2022-11-04T06:47:34.581+0000] {processor.py:156} INFO - Started process (PID=551) to work on /opt/airflow/dags/functions/process_tensor_to_dataloader.py
[2022-11-04T06:47:34.581+0000] {processor.py:758} INFO - Processing file /opt/airflow/dags/functions/process_tensor_to_dataloader.py for tasks to queue
[2022-11-04T06:47:34.582+0000] {logging_mixin.py:117} INFO - [2022-11-04T06:47:34.582+0000] {dagbag.py:525} INFO - Filling up the DagBag from /opt/airflow/dags/functions/process_tensor_to_dataloader.py
[2022-11-04T06:47:36.779+0000] {processor.py:770} WARNING - No viable dags retrieved from /opt/airflow/dags/functions/process_tensor_to_dataloader.py
[2022-11-04T06:47:36.800+0000] {processor.py:178} INFO - Processing /opt/airflow/dags/functions/process_tensor_to_dataloader.py took 2.222 seconds
[2022-11-04T06:48:08.778+0000] {processor.py:156} INFO - Started process (PID=767) to work on /opt/airflow/dags/functions/process_tensor_to_dataloader.py
[2022-11-04T06:48:08.780+0000] {processor.py:758} INFO - Processing file /opt/airflow/dags/functions/process_tensor_to_dataloader.py for tasks to queue
[2022-11-04T06:48:08.781+0000] {logging_mixin.py:117} INFO - [2022-11-04T06:48:08.781+0000] {dagbag.py:525} INFO - Filling up the DagBag from /opt/airflow/dags/functions/process_tensor_to_dataloader.py
[2022-11-04T06:48:10.957+0000] {processor.py:770} WARNING - No viable dags retrieved from /opt/airflow/dags/functions/process_tensor_to_dataloader.py
[2022-11-04T06:48:10.975+0000] {processor.py:178} INFO - Processing /opt/airflow/dags/functions/process_tensor_to_dataloader.py took 2.201 seconds
[2022-11-04T06:48:42.879+0000] {processor.py:156} INFO - Started process (PID=964) to work on /opt/airflow/dags/functions/process_tensor_to_dataloader.py
[2022-11-04T06:48:42.880+0000] {processor.py:758} INFO - Processing file /opt/airflow/dags/functions/process_tensor_to_dataloader.py for tasks to queue
[2022-11-04T06:48:42.880+0000] {logging_mixin.py:117} INFO - [2022-11-04T06:48:42.880+0000] {dagbag.py:525} INFO - Filling up the DagBag from /opt/airflow/dags/functions/process_tensor_to_dataloader.py
[2022-11-04T06:48:45.131+0000] {processor.py:770} WARNING - No viable dags retrieved from /opt/airflow/dags/functions/process_tensor_to_dataloader.py
[2022-11-04T06:48:45.146+0000] {processor.py:178} INFO - Processing /opt/airflow/dags/functions/process_tensor_to_dataloader.py took 2.271 seconds
[2022-11-04T06:49:16.494+0000] {processor.py:156} INFO - Started process (PID=1161) to work on /opt/airflow/dags/functions/process_tensor_to_dataloader.py
[2022-11-04T06:49:16.494+0000] {processor.py:758} INFO - Processing file /opt/airflow/dags/functions/process_tensor_to_dataloader.py for tasks to queue
[2022-11-04T06:49:16.495+0000] {logging_mixin.py:117} INFO - [2022-11-04T06:49:16.495+0000] {dagbag.py:525} INFO - Filling up the DagBag from /opt/airflow/dags/functions/process_tensor_to_dataloader.py
[2022-11-04T06:49:18.729+0000] {processor.py:770} WARNING - No viable dags retrieved from /opt/airflow/dags/functions/process_tensor_to_dataloader.py
[2022-11-04T06:49:18.748+0000] {processor.py:178} INFO - Processing /opt/airflow/dags/functions/process_tensor_to_dataloader.py took 2.258 seconds
[2022-11-04T06:49:50.392+0000] {processor.py:156} INFO - Started process (PID=1358) to work on /opt/airflow/dags/functions/process_tensor_to_dataloader.py
[2022-11-04T06:49:50.393+0000] {processor.py:758} INFO - Processing file /opt/airflow/dags/functions/process_tensor_to_dataloader.py for tasks to queue
[2022-11-04T06:49:50.394+0000] {logging_mixin.py:117} INFO - [2022-11-04T06:49:50.393+0000] {dagbag.py:525} INFO - Filling up the DagBag from /opt/airflow/dags/functions/process_tensor_to_dataloader.py
[2022-11-04T06:49:52.497+0000] {processor.py:770} WARNING - No viable dags retrieved from /opt/airflow/dags/functions/process_tensor_to_dataloader.py
[2022-11-04T06:49:52.523+0000] {processor.py:178} INFO - Processing /opt/airflow/dags/functions/process_tensor_to_dataloader.py took 2.134 seconds
[2022-11-04T06:50:24.107+0000] {processor.py:156} INFO - Started process (PID=1555) to work on /opt/airflow/dags/functions/process_tensor_to_dataloader.py
[2022-11-04T06:50:24.108+0000] {processor.py:758} INFO - Processing file /opt/airflow/dags/functions/process_tensor_to_dataloader.py for tasks to queue
[2022-11-04T06:50:24.108+0000] {logging_mixin.py:117} INFO - [2022-11-04T06:50:24.108+0000] {dagbag.py:525} INFO - Filling up the DagBag from /opt/airflow/dags/functions/process_tensor_to_dataloader.py
[2022-11-04T06:50:26.198+0000] {processor.py:770} WARNING - No viable dags retrieved from /opt/airflow/dags/functions/process_tensor_to_dataloader.py
[2022-11-04T06:50:26.221+0000] {processor.py:178} INFO - Processing /opt/airflow/dags/functions/process_tensor_to_dataloader.py took 2.117 seconds
[2022-11-04T06:50:57.910+0000] {processor.py:156} INFO - Started process (PID=1752) to work on /opt/airflow/dags/functions/process_tensor_to_dataloader.py
[2022-11-04T06:50:57.912+0000] {processor.py:758} INFO - Processing file /opt/airflow/dags/functions/process_tensor_to_dataloader.py for tasks to queue
[2022-11-04T06:50:57.913+0000] {logging_mixin.py:117} INFO - [2022-11-04T06:50:57.912+0000] {dagbag.py:525} INFO - Filling up the DagBag from /opt/airflow/dags/functions/process_tensor_to_dataloader.py
[2022-11-04T06:50:59.981+0000] {processor.py:770} WARNING - No viable dags retrieved from /opt/airflow/dags/functions/process_tensor_to_dataloader.py
[2022-11-04T06:51:00.000+0000] {processor.py:178} INFO - Processing /opt/airflow/dags/functions/process_tensor_to_dataloader.py took 2.096 seconds
[2022-11-04T06:51:32.122+0000] {processor.py:156} INFO - Started process (PID=1950) to work on /opt/airflow/dags/functions/process_tensor_to_dataloader.py
[2022-11-04T06:51:32.123+0000] {processor.py:758} INFO - Processing file /opt/airflow/dags/functions/process_tensor_to_dataloader.py for tasks to queue
[2022-11-04T06:51:32.124+0000] {logging_mixin.py:117} INFO - [2022-11-04T06:51:32.123+0000] {dagbag.py:525} INFO - Filling up the DagBag from /opt/airflow/dags/functions/process_tensor_to_dataloader.py
[2022-11-04T06:51:34.312+0000] {processor.py:770} WARNING - No viable dags retrieved from /opt/airflow/dags/functions/process_tensor_to_dataloader.py
[2022-11-04T06:51:34.332+0000] {processor.py:178} INFO - Processing /opt/airflow/dags/functions/process_tensor_to_dataloader.py took 2.214 seconds
[2022-11-04T06:52:06.335+0000] {processor.py:156} INFO - Started process (PID=2149) to work on /opt/airflow/dags/functions/process_tensor_to_dataloader.py
[2022-11-04T06:52:06.336+0000] {processor.py:758} INFO - Processing file /opt/airflow/dags/functions/process_tensor_to_dataloader.py for tasks to queue
[2022-11-04T06:52:06.337+0000] {logging_mixin.py:117} INFO - [2022-11-04T06:52:06.336+0000] {dagbag.py:525} INFO - Filling up the DagBag from /opt/airflow/dags/functions/process_tensor_to_dataloader.py
[2022-11-04T06:52:08.575+0000] {processor.py:770} WARNING - No viable dags retrieved from /opt/airflow/dags/functions/process_tensor_to_dataloader.py
[2022-11-04T06:52:08.590+0000] {processor.py:178} INFO - Processing /opt/airflow/dags/functions/process_tensor_to_dataloader.py took 2.258 seconds
[2022-11-04T06:52:39.998+0000] {processor.py:156} INFO - Started process (PID=2346) to work on /opt/airflow/dags/functions/process_tensor_to_dataloader.py
[2022-11-04T06:52:39.999+0000] {processor.py:758} INFO - Processing file /opt/airflow/dags/functions/process_tensor_to_dataloader.py for tasks to queue
[2022-11-04T06:52:39.999+0000] {logging_mixin.py:117} INFO - [2022-11-04T06:52:39.999+0000] {dagbag.py:525} INFO - Filling up the DagBag from /opt/airflow/dags/functions/process_tensor_to_dataloader.py
[2022-11-04T06:52:42.040+0000] {processor.py:770} WARNING - No viable dags retrieved from /opt/airflow/dags/functions/process_tensor_to_dataloader.py
[2022-11-04T06:52:42.061+0000] {processor.py:178} INFO - Processing /opt/airflow/dags/functions/process_tensor_to_dataloader.py took 2.066 seconds
[2022-11-04T06:53:13.378+0000] {processor.py:156} INFO - Started process (PID=2542) to work on /opt/airflow/dags/functions/process_tensor_to_dataloader.py
[2022-11-04T06:53:13.389+0000] {processor.py:758} INFO - Processing file /opt/airflow/dags/functions/process_tensor_to_dataloader.py for tasks to queue
[2022-11-04T06:53:13.390+0000] {logging_mixin.py:117} INFO - [2022-11-04T06:53:13.390+0000] {dagbag.py:525} INFO - Filling up the DagBag from /opt/airflow/dags/functions/process_tensor_to_dataloader.py
[2022-11-04T06:53:15.548+0000] {processor.py:770} WARNING - No viable dags retrieved from /opt/airflow/dags/functions/process_tensor_to_dataloader.py
[2022-11-04T06:53:15.584+0000] {processor.py:178} INFO - Processing /opt/airflow/dags/functions/process_tensor_to_dataloader.py took 2.216 seconds
[2022-11-04T06:53:46.809+0000] {processor.py:156} INFO - Started process (PID=2739) to work on /opt/airflow/dags/functions/process_tensor_to_dataloader.py
[2022-11-04T06:53:46.810+0000] {processor.py:758} INFO - Processing file /opt/airflow/dags/functions/process_tensor_to_dataloader.py for tasks to queue
[2022-11-04T06:53:46.811+0000] {logging_mixin.py:117} INFO - [2022-11-04T06:53:46.811+0000] {dagbag.py:525} INFO - Filling up the DagBag from /opt/airflow/dags/functions/process_tensor_to_dataloader.py
[2022-11-04T06:53:49.126+0000] {processor.py:770} WARNING - No viable dags retrieved from /opt/airflow/dags/functions/process_tensor_to_dataloader.py
[2022-11-04T06:53:49.153+0000] {processor.py:178} INFO - Processing /opt/airflow/dags/functions/process_tensor_to_dataloader.py took 2.348 seconds
[2022-11-04T06:54:19.993+0000] {processor.py:156} INFO - Started process (PID=2917) to work on /opt/airflow/dags/functions/process_tensor_to_dataloader.py
[2022-11-04T06:54:19.994+0000] {processor.py:758} INFO - Processing file /opt/airflow/dags/functions/process_tensor_to_dataloader.py for tasks to queue
[2022-11-04T06:54:19.995+0000] {logging_mixin.py:117} INFO - [2022-11-04T06:54:19.994+0000] {dagbag.py:525} INFO - Filling up the DagBag from /opt/airflow/dags/functions/process_tensor_to_dataloader.py
[2022-11-04T06:54:22.272+0000] {processor.py:770} WARNING - No viable dags retrieved from /opt/airflow/dags/functions/process_tensor_to_dataloader.py
[2022-11-04T06:54:22.288+0000] {processor.py:178} INFO - Processing /opt/airflow/dags/functions/process_tensor_to_dataloader.py took 2.298 seconds
[2022-11-04T06:54:53.866+0000] {processor.py:156} INFO - Started process (PID=3114) to work on /opt/airflow/dags/functions/process_tensor_to_dataloader.py
[2022-11-04T06:54:53.867+0000] {processor.py:758} INFO - Processing file /opt/airflow/dags/functions/process_tensor_to_dataloader.py for tasks to queue
[2022-11-04T06:54:53.867+0000] {logging_mixin.py:117} INFO - [2022-11-04T06:54:53.867+0000] {dagbag.py:525} INFO - Filling up the DagBag from /opt/airflow/dags/functions/process_tensor_to_dataloader.py
[2022-11-04T06:54:56.167+0000] {processor.py:770} WARNING - No viable dags retrieved from /opt/airflow/dags/functions/process_tensor_to_dataloader.py
[2022-11-04T06:54:56.183+0000] {processor.py:178} INFO - Processing /opt/airflow/dags/functions/process_tensor_to_dataloader.py took 2.320 seconds
[2022-11-04T06:55:27.890+0000] {processor.py:156} INFO - Started process (PID=3311) to work on /opt/airflow/dags/functions/process_tensor_to_dataloader.py
[2022-11-04T06:55:27.891+0000] {processor.py:758} INFO - Processing file /opt/airflow/dags/functions/process_tensor_to_dataloader.py for tasks to queue
[2022-11-04T06:55:27.892+0000] {logging_mixin.py:117} INFO - [2022-11-04T06:55:27.891+0000] {dagbag.py:525} INFO - Filling up the DagBag from /opt/airflow/dags/functions/process_tensor_to_dataloader.py
[2022-11-04T06:55:30.185+0000] {processor.py:770} WARNING - No viable dags retrieved from /opt/airflow/dags/functions/process_tensor_to_dataloader.py
[2022-11-04T06:55:30.201+0000] {processor.py:178} INFO - Processing /opt/airflow/dags/functions/process_tensor_to_dataloader.py took 2.314 seconds
[2022-11-04T06:56:01.475+0000] {processor.py:156} INFO - Started process (PID=3508) to work on /opt/airflow/dags/functions/process_tensor_to_dataloader.py
[2022-11-04T06:56:01.476+0000] {processor.py:758} INFO - Processing file /opt/airflow/dags/functions/process_tensor_to_dataloader.py for tasks to queue
[2022-11-04T06:56:01.476+0000] {logging_mixin.py:117} INFO - [2022-11-04T06:56:01.476+0000] {dagbag.py:525} INFO - Filling up the DagBag from /opt/airflow/dags/functions/process_tensor_to_dataloader.py
[2022-11-04T06:56:03.722+0000] {processor.py:770} WARNING - No viable dags retrieved from /opt/airflow/dags/functions/process_tensor_to_dataloader.py
[2022-11-04T06:56:03.737+0000] {processor.py:178} INFO - Processing /opt/airflow/dags/functions/process_tensor_to_dataloader.py took 2.266 seconds
[2022-11-04T06:56:35.132+0000] {processor.py:156} INFO - Started process (PID=3705) to work on /opt/airflow/dags/functions/process_tensor_to_dataloader.py
[2022-11-04T06:56:35.133+0000] {processor.py:758} INFO - Processing file /opt/airflow/dags/functions/process_tensor_to_dataloader.py for tasks to queue
[2022-11-04T06:56:35.134+0000] {logging_mixin.py:117} INFO - [2022-11-04T06:56:35.134+0000] {dagbag.py:525} INFO - Filling up the DagBag from /opt/airflow/dags/functions/process_tensor_to_dataloader.py
[2022-11-04T06:56:37.376+0000] {processor.py:770} WARNING - No viable dags retrieved from /opt/airflow/dags/functions/process_tensor_to_dataloader.py
[2022-11-04T06:56:37.389+0000] {processor.py:178} INFO - Processing /opt/airflow/dags/functions/process_tensor_to_dataloader.py took 2.260 seconds
[2022-11-04T06:57:08.935+0000] {processor.py:156} INFO - Started process (PID=3902) to work on /opt/airflow/dags/functions/process_tensor_to_dataloader.py
[2022-11-04T06:57:08.936+0000] {processor.py:758} INFO - Processing file /opt/airflow/dags/functions/process_tensor_to_dataloader.py for tasks to queue
[2022-11-04T06:57:08.937+0000] {logging_mixin.py:117} INFO - [2022-11-04T06:57:08.936+0000] {dagbag.py:525} INFO - Filling up the DagBag from /opt/airflow/dags/functions/process_tensor_to_dataloader.py
[2022-11-04T06:57:11.291+0000] {processor.py:770} WARNING - No viable dags retrieved from /opt/airflow/dags/functions/process_tensor_to_dataloader.py
[2022-11-04T06:57:11.306+0000] {processor.py:178} INFO - Processing /opt/airflow/dags/functions/process_tensor_to_dataloader.py took 2.375 seconds
[2022-11-04T06:57:43.147+0000] {processor.py:156} INFO - Started process (PID=4099) to work on /opt/airflow/dags/functions/process_tensor_to_dataloader.py
[2022-11-04T06:57:43.148+0000] {processor.py:758} INFO - Processing file /opt/airflow/dags/functions/process_tensor_to_dataloader.py for tasks to queue
[2022-11-04T06:57:43.149+0000] {logging_mixin.py:117} INFO - [2022-11-04T06:57:43.149+0000] {dagbag.py:525} INFO - Filling up the DagBag from /opt/airflow/dags/functions/process_tensor_to_dataloader.py
[2022-11-04T06:57:45.466+0000] {processor.py:770} WARNING - No viable dags retrieved from /opt/airflow/dags/functions/process_tensor_to_dataloader.py
[2022-11-04T06:57:45.481+0000] {processor.py:178} INFO - Processing /opt/airflow/dags/functions/process_tensor_to_dataloader.py took 2.337 seconds
[2022-11-04T06:58:17.190+0000] {processor.py:156} INFO - Started process (PID=4296) to work on /opt/airflow/dags/functions/process_tensor_to_dataloader.py
[2022-11-04T06:58:17.191+0000] {processor.py:758} INFO - Processing file /opt/airflow/dags/functions/process_tensor_to_dataloader.py for tasks to queue
[2022-11-04T06:58:17.192+0000] {logging_mixin.py:117} INFO - [2022-11-04T06:58:17.192+0000] {dagbag.py:525} INFO - Filling up the DagBag from /opt/airflow/dags/functions/process_tensor_to_dataloader.py
[2022-11-04T06:58:19.494+0000] {processor.py:770} WARNING - No viable dags retrieved from /opt/airflow/dags/functions/process_tensor_to_dataloader.py
[2022-11-04T06:58:19.509+0000] {processor.py:178} INFO - Processing /opt/airflow/dags/functions/process_tensor_to_dataloader.py took 2.322 seconds
[2022-11-04T06:58:51.047+0000] {processor.py:156} INFO - Started process (PID=4493) to work on /opt/airflow/dags/functions/process_tensor_to_dataloader.py
[2022-11-04T06:58:51.047+0000] {processor.py:758} INFO - Processing file /opt/airflow/dags/functions/process_tensor_to_dataloader.py for tasks to queue
[2022-11-04T06:58:51.048+0000] {logging_mixin.py:117} INFO - [2022-11-04T06:58:51.048+0000] {dagbag.py:525} INFO - Filling up the DagBag from /opt/airflow/dags/functions/process_tensor_to_dataloader.py
[2022-11-04T06:58:53.354+0000] {processor.py:770} WARNING - No viable dags retrieved from /opt/airflow/dags/functions/process_tensor_to_dataloader.py
[2022-11-04T06:58:53.369+0000] {processor.py:178} INFO - Processing /opt/airflow/dags/functions/process_tensor_to_dataloader.py took 2.326 seconds
[2022-11-04T06:59:25.276+0000] {processor.py:156} INFO - Started process (PID=4690) to work on /opt/airflow/dags/functions/process_tensor_to_dataloader.py
[2022-11-04T06:59:25.277+0000] {processor.py:758} INFO - Processing file /opt/airflow/dags/functions/process_tensor_to_dataloader.py for tasks to queue
[2022-11-04T06:59:25.277+0000] {logging_mixin.py:117} INFO - [2022-11-04T06:59:25.277+0000] {dagbag.py:525} INFO - Filling up the DagBag from /opt/airflow/dags/functions/process_tensor_to_dataloader.py
[2022-11-04T06:59:27.590+0000] {processor.py:770} WARNING - No viable dags retrieved from /opt/airflow/dags/functions/process_tensor_to_dataloader.py
[2022-11-04T06:59:27.604+0000] {processor.py:178} INFO - Processing /opt/airflow/dags/functions/process_tensor_to_dataloader.py took 2.332 seconds
[2022-11-04T06:59:59.189+0000] {processor.py:156} INFO - Started process (PID=4887) to work on /opt/airflow/dags/functions/process_tensor_to_dataloader.py
[2022-11-04T06:59:59.190+0000] {processor.py:758} INFO - Processing file /opt/airflow/dags/functions/process_tensor_to_dataloader.py for tasks to queue
[2022-11-04T06:59:59.191+0000] {logging_mixin.py:117} INFO - [2022-11-04T06:59:59.190+0000] {dagbag.py:525} INFO - Filling up the DagBag from /opt/airflow/dags/functions/process_tensor_to_dataloader.py
[2022-11-04T07:00:01.631+0000] {processor.py:770} WARNING - No viable dags retrieved from /opt/airflow/dags/functions/process_tensor_to_dataloader.py
[2022-11-04T07:00:01.646+0000] {processor.py:178} INFO - Processing /opt/airflow/dags/functions/process_tensor_to_dataloader.py took 2.461 seconds
[2022-11-04T07:00:33.017+0000] {processor.py:156} INFO - Started process (PID=5084) to work on /opt/airflow/dags/functions/process_tensor_to_dataloader.py
[2022-11-04T07:00:33.018+0000] {processor.py:758} INFO - Processing file /opt/airflow/dags/functions/process_tensor_to_dataloader.py for tasks to queue
[2022-11-04T07:00:33.019+0000] {logging_mixin.py:117} INFO - [2022-11-04T07:00:33.019+0000] {dagbag.py:525} INFO - Filling up the DagBag from /opt/airflow/dags/functions/process_tensor_to_dataloader.py
[2022-11-04T07:00:35.235+0000] {processor.py:770} WARNING - No viable dags retrieved from /opt/airflow/dags/functions/process_tensor_to_dataloader.py
[2022-11-04T07:00:35.253+0000] {processor.py:178} INFO - Processing /opt/airflow/dags/functions/process_tensor_to_dataloader.py took 2.240 seconds
[2022-11-04T07:01:07.225+0000] {processor.py:156} INFO - Started process (PID=5300) to work on /opt/airflow/dags/functions/process_tensor_to_dataloader.py
[2022-11-04T07:01:07.226+0000] {processor.py:758} INFO - Processing file /opt/airflow/dags/functions/process_tensor_to_dataloader.py for tasks to queue
[2022-11-04T07:01:07.226+0000] {logging_mixin.py:117} INFO - [2022-11-04T07:01:07.226+0000] {dagbag.py:525} INFO - Filling up the DagBag from /opt/airflow/dags/functions/process_tensor_to_dataloader.py
[2022-11-04T07:01:09.420+0000] {processor.py:770} WARNING - No viable dags retrieved from /opt/airflow/dags/functions/process_tensor_to_dataloader.py
[2022-11-04T07:01:09.438+0000] {processor.py:178} INFO - Processing /opt/airflow/dags/functions/process_tensor_to_dataloader.py took 2.216 seconds
[2022-11-04T07:01:40.974+0000] {processor.py:156} INFO - Started process (PID=5497) to work on /opt/airflow/dags/functions/process_tensor_to_dataloader.py
[2022-11-04T07:01:40.975+0000] {processor.py:758} INFO - Processing file /opt/airflow/dags/functions/process_tensor_to_dataloader.py for tasks to queue
[2022-11-04T07:01:40.975+0000] {logging_mixin.py:117} INFO - [2022-11-04T07:01:40.975+0000] {dagbag.py:525} INFO - Filling up the DagBag from /opt/airflow/dags/functions/process_tensor_to_dataloader.py
[2022-11-04T07:01:42.982+0000] {processor.py:770} WARNING - No viable dags retrieved from /opt/airflow/dags/functions/process_tensor_to_dataloader.py
[2022-11-04T07:01:43.001+0000] {processor.py:178} INFO - Processing /opt/airflow/dags/functions/process_tensor_to_dataloader.py took 2.032 seconds
[2022-11-04T07:02:14.449+0000] {processor.py:156} INFO - Started process (PID=5694) to work on /opt/airflow/dags/functions/process_tensor_to_dataloader.py
[2022-11-04T07:02:14.450+0000] {processor.py:758} INFO - Processing file /opt/airflow/dags/functions/process_tensor_to_dataloader.py for tasks to queue
[2022-11-04T07:02:14.451+0000] {logging_mixin.py:117} INFO - [2022-11-04T07:02:14.451+0000] {dagbag.py:525} INFO - Filling up the DagBag from /opt/airflow/dags/functions/process_tensor_to_dataloader.py
[2022-11-04T07:02:16.565+0000] {processor.py:770} WARNING - No viable dags retrieved from /opt/airflow/dags/functions/process_tensor_to_dataloader.py
[2022-11-04T07:02:16.580+0000] {processor.py:178} INFO - Processing /opt/airflow/dags/functions/process_tensor_to_dataloader.py took 2.137 seconds
[2022-11-04T07:02:48.459+0000] {processor.py:156} INFO - Started process (PID=5891) to work on /opt/airflow/dags/functions/process_tensor_to_dataloader.py
[2022-11-04T07:02:48.461+0000] {processor.py:758} INFO - Processing file /opt/airflow/dags/functions/process_tensor_to_dataloader.py for tasks to queue
[2022-11-04T07:02:48.462+0000] {logging_mixin.py:117} INFO - [2022-11-04T07:02:48.462+0000] {dagbag.py:525} INFO - Filling up the DagBag from /opt/airflow/dags/functions/process_tensor_to_dataloader.py
[2022-11-04T07:02:50.634+0000] {processor.py:770} WARNING - No viable dags retrieved from /opt/airflow/dags/functions/process_tensor_to_dataloader.py
[2022-11-04T07:02:50.649+0000] {processor.py:178} INFO - Processing /opt/airflow/dags/functions/process_tensor_to_dataloader.py took 2.195 seconds
[2022-11-04T07:03:21.795+0000] {processor.py:156} INFO - Started process (PID=6088) to work on /opt/airflow/dags/functions/process_tensor_to_dataloader.py
[2022-11-04T07:03:21.796+0000] {processor.py:758} INFO - Processing file /opt/airflow/dags/functions/process_tensor_to_dataloader.py for tasks to queue
[2022-11-04T07:03:21.797+0000] {logging_mixin.py:117} INFO - [2022-11-04T07:03:21.797+0000] {dagbag.py:525} INFO - Filling up the DagBag from /opt/airflow/dags/functions/process_tensor_to_dataloader.py
[2022-11-04T07:03:24.052+0000] {processor.py:770} WARNING - No viable dags retrieved from /opt/airflow/dags/functions/process_tensor_to_dataloader.py
[2022-11-04T07:03:24.067+0000] {processor.py:178} INFO - Processing /opt/airflow/dags/functions/process_tensor_to_dataloader.py took 2.275 seconds
[2022-11-04T07:03:56.052+0000] {processor.py:156} INFO - Started process (PID=6285) to work on /opt/airflow/dags/functions/process_tensor_to_dataloader.py
[2022-11-04T07:03:56.053+0000] {processor.py:758} INFO - Processing file /opt/airflow/dags/functions/process_tensor_to_dataloader.py for tasks to queue
[2022-11-04T07:03:56.054+0000] {logging_mixin.py:117} INFO - [2022-11-04T07:03:56.054+0000] {dagbag.py:525} INFO - Filling up the DagBag from /opt/airflow/dags/functions/process_tensor_to_dataloader.py
[2022-11-04T07:03:58.261+0000] {processor.py:770} WARNING - No viable dags retrieved from /opt/airflow/dags/functions/process_tensor_to_dataloader.py
[2022-11-04T07:03:58.275+0000] {processor.py:178} INFO - Processing /opt/airflow/dags/functions/process_tensor_to_dataloader.py took 2.227 seconds
[2022-11-04T07:04:29.661+0000] {processor.py:156} INFO - Started process (PID=6482) to work on /opt/airflow/dags/functions/process_tensor_to_dataloader.py
[2022-11-04T07:04:29.662+0000] {processor.py:758} INFO - Processing file /opt/airflow/dags/functions/process_tensor_to_dataloader.py for tasks to queue
[2022-11-04T07:04:29.663+0000] {logging_mixin.py:117} INFO - [2022-11-04T07:04:29.663+0000] {dagbag.py:525} INFO - Filling up the DagBag from /opt/airflow/dags/functions/process_tensor_to_dataloader.py
[2022-11-04T07:04:31.929+0000] {processor.py:770} WARNING - No viable dags retrieved from /opt/airflow/dags/functions/process_tensor_to_dataloader.py
[2022-11-04T07:04:31.945+0000] {processor.py:178} INFO - Processing /opt/airflow/dags/functions/process_tensor_to_dataloader.py took 2.288 seconds
[2022-11-04T07:05:03.505+0000] {processor.py:156} INFO - Started process (PID=6679) to work on /opt/airflow/dags/functions/process_tensor_to_dataloader.py
[2022-11-04T07:05:03.506+0000] {processor.py:758} INFO - Processing file /opt/airflow/dags/functions/process_tensor_to_dataloader.py for tasks to queue
[2022-11-04T07:05:03.507+0000] {logging_mixin.py:117} INFO - [2022-11-04T07:05:03.507+0000] {dagbag.py:525} INFO - Filling up the DagBag from /opt/airflow/dags/functions/process_tensor_to_dataloader.py
[2022-11-04T07:05:05.773+0000] {processor.py:770} WARNING - No viable dags retrieved from /opt/airflow/dags/functions/process_tensor_to_dataloader.py
[2022-11-04T07:05:05.790+0000] {processor.py:178} INFO - Processing /opt/airflow/dags/functions/process_tensor_to_dataloader.py took 2.289 seconds
[2022-11-04T07:05:37.489+0000] {processor.py:156} INFO - Started process (PID=6876) to work on /opt/airflow/dags/functions/process_tensor_to_dataloader.py
[2022-11-04T07:05:37.489+0000] {processor.py:758} INFO - Processing file /opt/airflow/dags/functions/process_tensor_to_dataloader.py for tasks to queue
[2022-11-04T07:05:37.490+0000] {logging_mixin.py:117} INFO - [2022-11-04T07:05:37.490+0000] {dagbag.py:525} INFO - Filling up the DagBag from /opt/airflow/dags/functions/process_tensor_to_dataloader.py
[2022-11-04T07:05:39.766+0000] {processor.py:770} WARNING - No viable dags retrieved from /opt/airflow/dags/functions/process_tensor_to_dataloader.py
[2022-11-04T07:05:39.782+0000] {processor.py:178} INFO - Processing /opt/airflow/dags/functions/process_tensor_to_dataloader.py took 2.297 seconds
[2022-11-04T07:06:11.452+0000] {processor.py:156} INFO - Started process (PID=7073) to work on /opt/airflow/dags/functions/process_tensor_to_dataloader.py
[2022-11-04T07:06:11.453+0000] {processor.py:758} INFO - Processing file /opt/airflow/dags/functions/process_tensor_to_dataloader.py for tasks to queue
[2022-11-04T07:06:11.453+0000] {logging_mixin.py:117} INFO - [2022-11-04T07:06:11.453+0000] {dagbag.py:525} INFO - Filling up the DagBag from /opt/airflow/dags/functions/process_tensor_to_dataloader.py
[2022-11-04T07:06:13.526+0000] {processor.py:770} WARNING - No viable dags retrieved from /opt/airflow/dags/functions/process_tensor_to_dataloader.py
[2022-11-04T07:06:13.541+0000] {processor.py:178} INFO - Processing /opt/airflow/dags/functions/process_tensor_to_dataloader.py took 2.093 seconds
[2022-11-04T07:06:45.154+0000] {processor.py:156} INFO - Started process (PID=7271) to work on /opt/airflow/dags/functions/process_tensor_to_dataloader.py
[2022-11-04T07:06:45.155+0000] {processor.py:758} INFO - Processing file /opt/airflow/dags/functions/process_tensor_to_dataloader.py for tasks to queue
[2022-11-04T07:06:45.156+0000] {logging_mixin.py:117} INFO - [2022-11-04T07:06:45.156+0000] {dagbag.py:525} INFO - Filling up the DagBag from /opt/airflow/dags/functions/process_tensor_to_dataloader.py
[2022-11-04T07:06:47.290+0000] {processor.py:770} WARNING - No viable dags retrieved from /opt/airflow/dags/functions/process_tensor_to_dataloader.py
[2022-11-04T07:06:47.305+0000] {processor.py:178} INFO - Processing /opt/airflow/dags/functions/process_tensor_to_dataloader.py took 2.154 seconds
[2022-11-04T07:07:19.149+0000] {processor.py:156} INFO - Started process (PID=7467) to work on /opt/airflow/dags/functions/process_tensor_to_dataloader.py
[2022-11-04T07:07:19.150+0000] {processor.py:758} INFO - Processing file /opt/airflow/dags/functions/process_tensor_to_dataloader.py for tasks to queue
[2022-11-04T07:07:19.151+0000] {logging_mixin.py:117} INFO - [2022-11-04T07:07:19.151+0000] {dagbag.py:525} INFO - Filling up the DagBag from /opt/airflow/dags/functions/process_tensor_to_dataloader.py
[2022-11-04T07:07:21.383+0000] {processor.py:770} WARNING - No viable dags retrieved from /opt/airflow/dags/functions/process_tensor_to_dataloader.py
[2022-11-04T07:07:21.398+0000] {processor.py:178} INFO - Processing /opt/airflow/dags/functions/process_tensor_to_dataloader.py took 2.253 seconds
[2022-11-04T07:07:52.541+0000] {processor.py:156} INFO - Started process (PID=7664) to work on /opt/airflow/dags/functions/process_tensor_to_dataloader.py
[2022-11-04T07:07:52.542+0000] {processor.py:758} INFO - Processing file /opt/airflow/dags/functions/process_tensor_to_dataloader.py for tasks to queue
[2022-11-04T07:07:52.543+0000] {logging_mixin.py:117} INFO - [2022-11-04T07:07:52.542+0000] {dagbag.py:525} INFO - Filling up the DagBag from /opt/airflow/dags/functions/process_tensor_to_dataloader.py
[2022-11-04T07:07:54.815+0000] {processor.py:770} WARNING - No viable dags retrieved from /opt/airflow/dags/functions/process_tensor_to_dataloader.py
[2022-11-04T07:07:54.830+0000] {processor.py:178} INFO - Processing /opt/airflow/dags/functions/process_tensor_to_dataloader.py took 2.293 seconds
[2022-11-04T07:08:26.342+0000] {processor.py:156} INFO - Started process (PID=7861) to work on /opt/airflow/dags/functions/process_tensor_to_dataloader.py
[2022-11-04T07:08:26.343+0000] {processor.py:758} INFO - Processing file /opt/airflow/dags/functions/process_tensor_to_dataloader.py for tasks to queue
[2022-11-04T07:08:26.344+0000] {logging_mixin.py:117} INFO - [2022-11-04T07:08:26.344+0000] {dagbag.py:525} INFO - Filling up the DagBag from /opt/airflow/dags/functions/process_tensor_to_dataloader.py
[2022-11-04T07:08:28.662+0000] {processor.py:770} WARNING - No viable dags retrieved from /opt/airflow/dags/functions/process_tensor_to_dataloader.py
[2022-11-04T07:08:28.679+0000] {processor.py:178} INFO - Processing /opt/airflow/dags/functions/process_tensor_to_dataloader.py took 2.341 seconds
[2022-11-04T07:09:00.039+0000] {processor.py:156} INFO - Started process (PID=8058) to work on /opt/airflow/dags/functions/process_tensor_to_dataloader.py
[2022-11-04T07:09:00.041+0000] {processor.py:758} INFO - Processing file /opt/airflow/dags/functions/process_tensor_to_dataloader.py for tasks to queue
[2022-11-04T07:09:00.043+0000] {logging_mixin.py:117} INFO - [2022-11-04T07:09:00.042+0000] {dagbag.py:525} INFO - Filling up the DagBag from /opt/airflow/dags/functions/process_tensor_to_dataloader.py
[2022-11-04T07:09:02.340+0000] {processor.py:770} WARNING - No viable dags retrieved from /opt/airflow/dags/functions/process_tensor_to_dataloader.py
[2022-11-04T07:09:02.361+0000] {processor.py:178} INFO - Processing /opt/airflow/dags/functions/process_tensor_to_dataloader.py took 2.333 seconds
[2022-11-04T07:09:33.538+0000] {processor.py:156} INFO - Started process (PID=8255) to work on /opt/airflow/dags/functions/process_tensor_to_dataloader.py
[2022-11-04T07:09:33.539+0000] {processor.py:758} INFO - Processing file /opt/airflow/dags/functions/process_tensor_to_dataloader.py for tasks to queue
[2022-11-04T07:09:33.540+0000] {logging_mixin.py:117} INFO - [2022-11-04T07:09:33.540+0000] {dagbag.py:525} INFO - Filling up the DagBag from /opt/airflow/dags/functions/process_tensor_to_dataloader.py
[2022-11-04T07:09:35.608+0000] {processor.py:770} WARNING - No viable dags retrieved from /opt/airflow/dags/functions/process_tensor_to_dataloader.py
[2022-11-04T07:09:35.622+0000] {processor.py:178} INFO - Processing /opt/airflow/dags/functions/process_tensor_to_dataloader.py took 2.090 seconds
[2022-11-04T07:10:07.566+0000] {processor.py:156} INFO - Started process (PID=8452) to work on /opt/airflow/dags/functions/process_tensor_to_dataloader.py
[2022-11-04T07:10:07.567+0000] {processor.py:758} INFO - Processing file /opt/airflow/dags/functions/process_tensor_to_dataloader.py for tasks to queue
[2022-11-04T07:10:07.567+0000] {logging_mixin.py:117} INFO - [2022-11-04T07:10:07.567+0000] {dagbag.py:525} INFO - Filling up the DagBag from /opt/airflow/dags/functions/process_tensor_to_dataloader.py
[2022-11-04T07:10:09.811+0000] {processor.py:770} WARNING - No viable dags retrieved from /opt/airflow/dags/functions/process_tensor_to_dataloader.py
[2022-11-04T07:10:09.828+0000] {processor.py:178} INFO - Processing /opt/airflow/dags/functions/process_tensor_to_dataloader.py took 2.267 seconds
[2022-11-04T07:10:41.476+0000] {processor.py:156} INFO - Started process (PID=8630) to work on /opt/airflow/dags/functions/process_tensor_to_dataloader.py
[2022-11-04T07:10:41.477+0000] {processor.py:758} INFO - Processing file /opt/airflow/dags/functions/process_tensor_to_dataloader.py for tasks to queue
[2022-11-04T07:10:41.478+0000] {logging_mixin.py:117} INFO - [2022-11-04T07:10:41.478+0000] {dagbag.py:525} INFO - Filling up the DagBag from /opt/airflow/dags/functions/process_tensor_to_dataloader.py
[2022-11-04T07:10:44.190+0000] {processor.py:770} WARNING - No viable dags retrieved from /opt/airflow/dags/functions/process_tensor_to_dataloader.py
[2022-11-04T07:10:44.229+0000] {processor.py:178} INFO - Processing /opt/airflow/dags/functions/process_tensor_to_dataloader.py took 2.756 seconds
[2022-11-04T07:11:16.531+0000] {processor.py:156} INFO - Started process (PID=8827) to work on /opt/airflow/dags/functions/process_tensor_to_dataloader.py
[2022-11-04T07:11:16.532+0000] {processor.py:758} INFO - Processing file /opt/airflow/dags/functions/process_tensor_to_dataloader.py for tasks to queue
[2022-11-04T07:11:16.533+0000] {logging_mixin.py:117} INFO - [2022-11-04T07:11:16.533+0000] {dagbag.py:525} INFO - Filling up the DagBag from /opt/airflow/dags/functions/process_tensor_to_dataloader.py
[2022-11-04T07:11:19.179+0000] {processor.py:770} WARNING - No viable dags retrieved from /opt/airflow/dags/functions/process_tensor_to_dataloader.py
[2022-11-04T07:11:19.223+0000] {processor.py:178} INFO - Processing /opt/airflow/dags/functions/process_tensor_to_dataloader.py took 2.695 seconds
[2022-11-04T07:11:50.505+0000] {processor.py:156} INFO - Started process (PID=9024) to work on /opt/airflow/dags/functions/process_tensor_to_dataloader.py
[2022-11-04T07:11:50.507+0000] {processor.py:758} INFO - Processing file /opt/airflow/dags/functions/process_tensor_to_dataloader.py for tasks to queue
[2022-11-04T07:11:50.508+0000] {logging_mixin.py:117} INFO - [2022-11-04T07:11:50.508+0000] {dagbag.py:525} INFO - Filling up the DagBag from /opt/airflow/dags/functions/process_tensor_to_dataloader.py
[2022-11-04T07:11:52.788+0000] {processor.py:770} WARNING - No viable dags retrieved from /opt/airflow/dags/functions/process_tensor_to_dataloader.py
[2022-11-04T07:11:52.804+0000] {processor.py:178} INFO - Processing /opt/airflow/dags/functions/process_tensor_to_dataloader.py took 2.305 seconds
[2022-11-04T07:12:25.139+0000] {processor.py:156} INFO - Started process (PID=9221) to work on /opt/airflow/dags/functions/process_tensor_to_dataloader.py
[2022-11-04T07:12:25.140+0000] {processor.py:758} INFO - Processing file /opt/airflow/dags/functions/process_tensor_to_dataloader.py for tasks to queue
[2022-11-04T07:12:25.141+0000] {logging_mixin.py:117} INFO - [2022-11-04T07:12:25.140+0000] {dagbag.py:525} INFO - Filling up the DagBag from /opt/airflow/dags/functions/process_tensor_to_dataloader.py
[2022-11-04T07:12:27.303+0000] {processor.py:770} WARNING - No viable dags retrieved from /opt/airflow/dags/functions/process_tensor_to_dataloader.py
[2022-11-04T07:12:27.327+0000] {processor.py:178} INFO - Processing /opt/airflow/dags/functions/process_tensor_to_dataloader.py took 2.195 seconds
[2022-11-04T07:12:58.335+0000] {processor.py:156} INFO - Started process (PID=9416) to work on /opt/airflow/dags/functions/process_tensor_to_dataloader.py
[2022-11-04T07:12:58.336+0000] {processor.py:758} INFO - Processing file /opt/airflow/dags/functions/process_tensor_to_dataloader.py for tasks to queue
[2022-11-04T07:12:58.337+0000] {logging_mixin.py:117} INFO - [2022-11-04T07:12:58.337+0000] {dagbag.py:525} INFO - Filling up the DagBag from /opt/airflow/dags/functions/process_tensor_to_dataloader.py
[2022-11-04T07:13:01.132+0000] {processor.py:770} WARNING - No viable dags retrieved from /opt/airflow/dags/functions/process_tensor_to_dataloader.py
[2022-11-04T07:13:01.151+0000] {processor.py:178} INFO - Processing /opt/airflow/dags/functions/process_tensor_to_dataloader.py took 2.820 seconds
[2022-11-04T07:13:32.402+0000] {processor.py:156} INFO - Started process (PID=9613) to work on /opt/airflow/dags/functions/process_tensor_to_dataloader.py
[2022-11-04T07:13:32.403+0000] {processor.py:758} INFO - Processing file /opt/airflow/dags/functions/process_tensor_to_dataloader.py for tasks to queue
[2022-11-04T07:13:32.404+0000] {logging_mixin.py:117} INFO - [2022-11-04T07:13:32.403+0000] {dagbag.py:525} INFO - Filling up the DagBag from /opt/airflow/dags/functions/process_tensor_to_dataloader.py
[2022-11-04T07:13:34.710+0000] {processor.py:770} WARNING - No viable dags retrieved from /opt/airflow/dags/functions/process_tensor_to_dataloader.py
[2022-11-04T07:13:34.724+0000] {processor.py:178} INFO - Processing /opt/airflow/dags/functions/process_tensor_to_dataloader.py took 2.326 seconds
[2022-11-04T07:14:06.737+0000] {processor.py:156} INFO - Started process (PID=9810) to work on /opt/airflow/dags/functions/process_tensor_to_dataloader.py
[2022-11-04T07:14:06.739+0000] {processor.py:758} INFO - Processing file /opt/airflow/dags/functions/process_tensor_to_dataloader.py for tasks to queue
[2022-11-04T07:14:06.740+0000] {logging_mixin.py:117} INFO - [2022-11-04T07:14:06.740+0000] {dagbag.py:525} INFO - Filling up the DagBag from /opt/airflow/dags/functions/process_tensor_to_dataloader.py
[2022-11-04T07:14:09.312+0000] {processor.py:770} WARNING - No viable dags retrieved from /opt/airflow/dags/functions/process_tensor_to_dataloader.py
[2022-11-04T07:14:09.356+0000] {processor.py:178} INFO - Processing /opt/airflow/dags/functions/process_tensor_to_dataloader.py took 2.624 seconds
[2022-11-04T07:14:40.811+0000] {processor.py:156} INFO - Started process (PID=10007) to work on /opt/airflow/dags/functions/process_tensor_to_dataloader.py
[2022-11-04T07:14:40.813+0000] {processor.py:758} INFO - Processing file /opt/airflow/dags/functions/process_tensor_to_dataloader.py for tasks to queue
[2022-11-04T07:14:40.814+0000] {logging_mixin.py:117} INFO - [2022-11-04T07:14:40.814+0000] {dagbag.py:525} INFO - Filling up the DagBag from /opt/airflow/dags/functions/process_tensor_to_dataloader.py
[2022-11-04T07:14:43.109+0000] {processor.py:770} WARNING - No viable dags retrieved from /opt/airflow/dags/functions/process_tensor_to_dataloader.py
[2022-11-04T07:14:43.126+0000] {processor.py:178} INFO - Processing /opt/airflow/dags/functions/process_tensor_to_dataloader.py took 2.321 seconds
[2022-11-04T07:15:14.405+0000] {processor.py:156} INFO - Started process (PID=10204) to work on /opt/airflow/dags/functions/process_tensor_to_dataloader.py
[2022-11-04T07:15:14.406+0000] {processor.py:758} INFO - Processing file /opt/airflow/dags/functions/process_tensor_to_dataloader.py for tasks to queue
[2022-11-04T07:15:14.407+0000] {logging_mixin.py:117} INFO - [2022-11-04T07:15:14.407+0000] {dagbag.py:525} INFO - Filling up the DagBag from /opt/airflow/dags/functions/process_tensor_to_dataloader.py
[2022-11-04T07:15:16.767+0000] {processor.py:770} WARNING - No viable dags retrieved from /opt/airflow/dags/functions/process_tensor_to_dataloader.py
[2022-11-04T07:15:16.785+0000] {processor.py:178} INFO - Processing /opt/airflow/dags/functions/process_tensor_to_dataloader.py took 2.383 seconds
[2022-11-04T07:15:48.788+0000] {processor.py:156} INFO - Started process (PID=10401) to work on /opt/airflow/dags/functions/process_tensor_to_dataloader.py
[2022-11-04T07:15:48.790+0000] {processor.py:758} INFO - Processing file /opt/airflow/dags/functions/process_tensor_to_dataloader.py for tasks to queue
[2022-11-04T07:15:48.791+0000] {logging_mixin.py:117} INFO - [2022-11-04T07:15:48.790+0000] {dagbag.py:525} INFO - Filling up the DagBag from /opt/airflow/dags/functions/process_tensor_to_dataloader.py
[2022-11-04T07:15:51.136+0000] {processor.py:770} WARNING - No viable dags retrieved from /opt/airflow/dags/functions/process_tensor_to_dataloader.py
[2022-11-04T07:15:51.153+0000] {processor.py:178} INFO - Processing /opt/airflow/dags/functions/process_tensor_to_dataloader.py took 2.371 seconds
[2022-11-04T07:16:23.590+0000] {processor.py:156} INFO - Started process (PID=10598) to work on /opt/airflow/dags/functions/process_tensor_to_dataloader.py
[2022-11-04T07:16:23.591+0000] {processor.py:758} INFO - Processing file /opt/airflow/dags/functions/process_tensor_to_dataloader.py for tasks to queue
[2022-11-04T07:16:23.592+0000] {logging_mixin.py:117} INFO - [2022-11-04T07:16:23.591+0000] {dagbag.py:525} INFO - Filling up the DagBag from /opt/airflow/dags/functions/process_tensor_to_dataloader.py
[2022-11-04T07:16:25.709+0000] {processor.py:770} WARNING - No viable dags retrieved from /opt/airflow/dags/functions/process_tensor_to_dataloader.py
[2022-11-04T07:16:25.725+0000] {processor.py:178} INFO - Processing /opt/airflow/dags/functions/process_tensor_to_dataloader.py took 2.141 seconds
[2022-11-04T07:16:57.437+0000] {processor.py:156} INFO - Started process (PID=10795) to work on /opt/airflow/dags/functions/process_tensor_to_dataloader.py
[2022-11-04T07:16:57.437+0000] {processor.py:758} INFO - Processing file /opt/airflow/dags/functions/process_tensor_to_dataloader.py for tasks to queue
[2022-11-04T07:16:57.438+0000] {logging_mixin.py:117} INFO - [2022-11-04T07:16:57.438+0000] {dagbag.py:525} INFO - Filling up the DagBag from /opt/airflow/dags/functions/process_tensor_to_dataloader.py
[2022-11-04T07:16:59.485+0000] {processor.py:770} WARNING - No viable dags retrieved from /opt/airflow/dags/functions/process_tensor_to_dataloader.py
[2022-11-04T07:16:59.503+0000] {processor.py:178} INFO - Processing /opt/airflow/dags/functions/process_tensor_to_dataloader.py took 2.070 seconds
[2022-11-04T07:17:33.913+0000] {processor.py:156} INFO - Started process (PID=10992) to work on /opt/airflow/dags/functions/process_tensor_to_dataloader.py
[2022-11-04T07:17:33.915+0000] {processor.py:758} INFO - Processing file /opt/airflow/dags/functions/process_tensor_to_dataloader.py for tasks to queue
[2022-11-04T07:17:33.917+0000] {logging_mixin.py:117} INFO - [2022-11-04T07:17:33.916+0000] {dagbag.py:525} INFO - Filling up the DagBag from /opt/airflow/dags/functions/process_tensor_to_dataloader.py
[2022-11-04T07:17:37.455+0000] {processor.py:770} WARNING - No viable dags retrieved from /opt/airflow/dags/functions/process_tensor_to_dataloader.py
[2022-11-04T07:17:37.485+0000] {processor.py:178} INFO - Processing /opt/airflow/dags/functions/process_tensor_to_dataloader.py took 3.579 seconds
[2022-11-04T07:18:08.125+0000] {processor.py:156} INFO - Started process (PID=11190) to work on /opt/airflow/dags/functions/process_tensor_to_dataloader.py
[2022-11-04T07:18:08.126+0000] {processor.py:758} INFO - Processing file /opt/airflow/dags/functions/process_tensor_to_dataloader.py for tasks to queue
[2022-11-04T07:18:08.126+0000] {logging_mixin.py:117} INFO - [2022-11-04T07:18:08.126+0000] {dagbag.py:525} INFO - Filling up the DagBag from /opt/airflow/dags/functions/process_tensor_to_dataloader.py
[2022-11-04T07:18:09.933+0000] {processor.py:770} WARNING - No viable dags retrieved from /opt/airflow/dags/functions/process_tensor_to_dataloader.py
[2022-11-04T07:18:09.949+0000] {processor.py:178} INFO - Processing /opt/airflow/dags/functions/process_tensor_to_dataloader.py took 1.828 seconds
[2022-11-04T07:18:41.207+0000] {processor.py:156} INFO - Started process (PID=11387) to work on /opt/airflow/dags/functions/process_tensor_to_dataloader.py
[2022-11-04T07:18:41.208+0000] {processor.py:758} INFO - Processing file /opt/airflow/dags/functions/process_tensor_to_dataloader.py for tasks to queue
[2022-11-04T07:18:41.209+0000] {logging_mixin.py:117} INFO - [2022-11-04T07:18:41.209+0000] {dagbag.py:525} INFO - Filling up the DagBag from /opt/airflow/dags/functions/process_tensor_to_dataloader.py
[2022-11-04T07:18:43.749+0000] {processor.py:770} WARNING - No viable dags retrieved from /opt/airflow/dags/functions/process_tensor_to_dataloader.py
[2022-11-04T07:18:43.764+0000] {processor.py:178} INFO - Processing /opt/airflow/dags/functions/process_tensor_to_dataloader.py took 2.561 seconds
[2022-11-04T07:19:15.877+0000] {processor.py:156} INFO - Started process (PID=11585) to work on /opt/airflow/dags/functions/process_tensor_to_dataloader.py
[2022-11-04T07:19:15.880+0000] {processor.py:758} INFO - Processing file /opt/airflow/dags/functions/process_tensor_to_dataloader.py for tasks to queue
[2022-11-04T07:19:15.885+0000] {logging_mixin.py:117} INFO - [2022-11-04T07:19:15.884+0000] {dagbag.py:525} INFO - Filling up the DagBag from /opt/airflow/dags/functions/process_tensor_to_dataloader.py
[2022-11-04T07:19:18.510+0000] {processor.py:770} WARNING - No viable dags retrieved from /opt/airflow/dags/functions/process_tensor_to_dataloader.py
[2022-11-04T07:19:18.526+0000] {processor.py:178} INFO - Processing /opt/airflow/dags/functions/process_tensor_to_dataloader.py took 2.657 seconds
[2022-11-04T07:19:51.155+0000] {processor.py:156} INFO - Started process (PID=11782) to work on /opt/airflow/dags/functions/process_tensor_to_dataloader.py
[2022-11-04T07:19:51.157+0000] {processor.py:758} INFO - Processing file /opt/airflow/dags/functions/process_tensor_to_dataloader.py for tasks to queue
[2022-11-04T07:19:51.158+0000] {logging_mixin.py:117} INFO - [2022-11-04T07:19:51.157+0000] {dagbag.py:525} INFO - Filling up the DagBag from /opt/airflow/dags/functions/process_tensor_to_dataloader.py
[2022-11-04T07:19:53.639+0000] {processor.py:770} WARNING - No viable dags retrieved from /opt/airflow/dags/functions/process_tensor_to_dataloader.py
[2022-11-04T07:19:53.662+0000] {processor.py:178} INFO - Processing /opt/airflow/dags/functions/process_tensor_to_dataloader.py took 2.514 seconds
[2022-11-04T07:20:25.151+0000] {processor.py:156} INFO - Started process (PID=11979) to work on /opt/airflow/dags/functions/process_tensor_to_dataloader.py
[2022-11-04T07:20:25.152+0000] {processor.py:758} INFO - Processing file /opt/airflow/dags/functions/process_tensor_to_dataloader.py for tasks to queue
[2022-11-04T07:20:25.152+0000] {logging_mixin.py:117} INFO - [2022-11-04T07:20:25.152+0000] {dagbag.py:525} INFO - Filling up the DagBag from /opt/airflow/dags/functions/process_tensor_to_dataloader.py
[2022-11-04T07:20:27.523+0000] {processor.py:770} WARNING - No viable dags retrieved from /opt/airflow/dags/functions/process_tensor_to_dataloader.py
[2022-11-04T07:20:27.542+0000] {processor.py:178} INFO - Processing /opt/airflow/dags/functions/process_tensor_to_dataloader.py took 2.395 seconds
[2022-11-04T07:20:59.223+0000] {processor.py:156} INFO - Started process (PID=12176) to work on /opt/airflow/dags/functions/process_tensor_to_dataloader.py
[2022-11-04T07:20:59.223+0000] {processor.py:758} INFO - Processing file /opt/airflow/dags/functions/process_tensor_to_dataloader.py for tasks to queue
[2022-11-04T07:20:59.224+0000] {logging_mixin.py:117} INFO - [2022-11-04T07:20:59.224+0000] {dagbag.py:525} INFO - Filling up the DagBag from /opt/airflow/dags/functions/process_tensor_to_dataloader.py
[2022-11-04T07:21:01.581+0000] {processor.py:770} WARNING - No viable dags retrieved from /opt/airflow/dags/functions/process_tensor_to_dataloader.py
[2022-11-04T07:21:01.598+0000] {processor.py:178} INFO - Processing /opt/airflow/dags/functions/process_tensor_to_dataloader.py took 2.379 seconds
[2022-11-04T07:21:33.484+0000] {processor.py:156} INFO - Started process (PID=12373) to work on /opt/airflow/dags/functions/process_tensor_to_dataloader.py
[2022-11-04T07:21:33.485+0000] {processor.py:758} INFO - Processing file /opt/airflow/dags/functions/process_tensor_to_dataloader.py for tasks to queue
[2022-11-04T07:21:33.485+0000] {logging_mixin.py:117} INFO - [2022-11-04T07:21:33.485+0000] {dagbag.py:525} INFO - Filling up the DagBag from /opt/airflow/dags/functions/process_tensor_to_dataloader.py
[2022-11-04T07:21:35.801+0000] {processor.py:770} WARNING - No viable dags retrieved from /opt/airflow/dags/functions/process_tensor_to_dataloader.py
[2022-11-04T07:21:35.814+0000] {processor.py:178} INFO - Processing /opt/airflow/dags/functions/process_tensor_to_dataloader.py took 2.335 seconds
[2022-11-04T07:22:07.962+0000] {processor.py:156} INFO - Started process (PID=12570) to work on /opt/airflow/dags/functions/process_tensor_to_dataloader.py
[2022-11-04T07:22:07.963+0000] {processor.py:758} INFO - Processing file /opt/airflow/dags/functions/process_tensor_to_dataloader.py for tasks to queue
[2022-11-04T07:22:07.963+0000] {logging_mixin.py:117} INFO - [2022-11-04T07:22:07.963+0000] {dagbag.py:525} INFO - Filling up the DagBag from /opt/airflow/dags/functions/process_tensor_to_dataloader.py
[2022-11-04T07:22:10.359+0000] {processor.py:770} WARNING - No viable dags retrieved from /opt/airflow/dags/functions/process_tensor_to_dataloader.py
[2022-11-04T07:22:10.376+0000] {processor.py:178} INFO - Processing /opt/airflow/dags/functions/process_tensor_to_dataloader.py took 2.417 seconds
[2022-11-04T07:22:42.433+0000] {processor.py:156} INFO - Started process (PID=12767) to work on /opt/airflow/dags/functions/process_tensor_to_dataloader.py
[2022-11-04T07:22:42.434+0000] {processor.py:758} INFO - Processing file /opt/airflow/dags/functions/process_tensor_to_dataloader.py for tasks to queue
[2022-11-04T07:22:42.434+0000] {logging_mixin.py:117} INFO - [2022-11-04T07:22:42.434+0000] {dagbag.py:525} INFO - Filling up the DagBag from /opt/airflow/dags/functions/process_tensor_to_dataloader.py
[2022-11-04T07:22:45.483+0000] {processor.py:770} WARNING - No viable dags retrieved from /opt/airflow/dags/functions/process_tensor_to_dataloader.py
[2022-11-04T07:22:45.505+0000] {processor.py:178} INFO - Processing /opt/airflow/dags/functions/process_tensor_to_dataloader.py took 3.076 seconds
[2022-11-04T07:23:18.377+0000] {processor.py:156} INFO - Started process (PID=12964) to work on /opt/airflow/dags/functions/process_tensor_to_dataloader.py
[2022-11-04T07:23:18.389+0000] {processor.py:758} INFO - Processing file /opt/airflow/dags/functions/process_tensor_to_dataloader.py for tasks to queue
[2022-11-04T07:23:18.391+0000] {logging_mixin.py:117} INFO - [2022-11-04T07:23:18.390+0000] {dagbag.py:525} INFO - Filling up the DagBag from /opt/airflow/dags/functions/process_tensor_to_dataloader.py
[2022-11-04T07:23:21.587+0000] {processor.py:770} WARNING - No viable dags retrieved from /opt/airflow/dags/functions/process_tensor_to_dataloader.py
[2022-11-04T07:23:21.626+0000] {processor.py:178} INFO - Processing /opt/airflow/dags/functions/process_tensor_to_dataloader.py took 3.266 seconds
[2022-11-04T07:23:53.813+0000] {processor.py:156} INFO - Started process (PID=13161) to work on /opt/airflow/dags/functions/process_tensor_to_dataloader.py
[2022-11-04T07:23:53.815+0000] {processor.py:758} INFO - Processing file /opt/airflow/dags/functions/process_tensor_to_dataloader.py for tasks to queue
[2022-11-04T07:23:53.816+0000] {logging_mixin.py:117} INFO - [2022-11-04T07:23:53.816+0000] {dagbag.py:525} INFO - Filling up the DagBag from /opt/airflow/dags/functions/process_tensor_to_dataloader.py
[2022-11-04T07:23:57.069+0000] {processor.py:770} WARNING - No viable dags retrieved from /opt/airflow/dags/functions/process_tensor_to_dataloader.py
[2022-11-04T07:23:57.088+0000] {processor.py:178} INFO - Processing /opt/airflow/dags/functions/process_tensor_to_dataloader.py took 3.284 seconds
[2022-11-04T07:24:28.774+0000] {processor.py:156} INFO - Started process (PID=13358) to work on /opt/airflow/dags/functions/process_tensor_to_dataloader.py
[2022-11-04T07:24:28.775+0000] {processor.py:758} INFO - Processing file /opt/airflow/dags/functions/process_tensor_to_dataloader.py for tasks to queue
[2022-11-04T07:24:28.775+0000] {logging_mixin.py:117} INFO - [2022-11-04T07:24:28.775+0000] {dagbag.py:525} INFO - Filling up the DagBag from /opt/airflow/dags/functions/process_tensor_to_dataloader.py
[2022-11-04T07:24:31.483+0000] {processor.py:770} WARNING - No viable dags retrieved from /opt/airflow/dags/functions/process_tensor_to_dataloader.py
[2022-11-04T07:24:31.517+0000] {processor.py:178} INFO - Processing /opt/airflow/dags/functions/process_tensor_to_dataloader.py took 2.747 seconds
[2022-11-04T07:25:02.300+0000] {processor.py:156} INFO - Started process (PID=13555) to work on /opt/airflow/dags/functions/process_tensor_to_dataloader.py
[2022-11-04T07:25:02.310+0000] {processor.py:758} INFO - Processing file /opt/airflow/dags/functions/process_tensor_to_dataloader.py for tasks to queue
[2022-11-04T07:25:02.311+0000] {logging_mixin.py:117} INFO - [2022-11-04T07:25:02.311+0000] {dagbag.py:525} INFO - Filling up the DagBag from /opt/airflow/dags/functions/process_tensor_to_dataloader.py
[2022-11-04T07:25:05.150+0000] {processor.py:770} WARNING - No viable dags retrieved from /opt/airflow/dags/functions/process_tensor_to_dataloader.py
[2022-11-04T07:25:05.175+0000] {processor.py:178} INFO - Processing /opt/airflow/dags/functions/process_tensor_to_dataloader.py took 2.883 seconds
[2022-11-04T07:25:36.737+0000] {processor.py:156} INFO - Started process (PID=13752) to work on /opt/airflow/dags/functions/process_tensor_to_dataloader.py
[2022-11-04T07:25:36.738+0000] {processor.py:758} INFO - Processing file /opt/airflow/dags/functions/process_tensor_to_dataloader.py for tasks to queue
[2022-11-04T07:25:36.739+0000] {logging_mixin.py:117} INFO - [2022-11-04T07:25:36.739+0000] {dagbag.py:525} INFO - Filling up the DagBag from /opt/airflow/dags/functions/process_tensor_to_dataloader.py
[2022-11-04T07:25:38.922+0000] {processor.py:770} WARNING - No viable dags retrieved from /opt/airflow/dags/functions/process_tensor_to_dataloader.py
[2022-11-04T07:25:38.944+0000] {processor.py:178} INFO - Processing /opt/airflow/dags/functions/process_tensor_to_dataloader.py took 2.211 seconds
[2022-11-04T07:26:12.230+0000] {processor.py:156} INFO - Started process (PID=13949) to work on /opt/airflow/dags/functions/process_tensor_to_dataloader.py
[2022-11-04T07:26:12.231+0000] {processor.py:758} INFO - Processing file /opt/airflow/dags/functions/process_tensor_to_dataloader.py for tasks to queue
[2022-11-04T07:26:12.231+0000] {logging_mixin.py:117} INFO - [2022-11-04T07:26:12.231+0000] {dagbag.py:525} INFO - Filling up the DagBag from /opt/airflow/dags/functions/process_tensor_to_dataloader.py
[2022-11-04T07:26:15.173+0000] {processor.py:770} WARNING - No viable dags retrieved from /opt/airflow/dags/functions/process_tensor_to_dataloader.py
[2022-11-04T07:26:15.188+0000] {processor.py:178} INFO - Processing /opt/airflow/dags/functions/process_tensor_to_dataloader.py took 2.963 seconds
[2022-11-04T07:26:47.026+0000] {processor.py:156} INFO - Started process (PID=14146) to work on /opt/airflow/dags/functions/process_tensor_to_dataloader.py
[2022-11-04T07:26:47.027+0000] {processor.py:758} INFO - Processing file /opt/airflow/dags/functions/process_tensor_to_dataloader.py for tasks to queue
[2022-11-04T07:26:47.028+0000] {logging_mixin.py:117} INFO - [2022-11-04T07:26:47.028+0000] {dagbag.py:525} INFO - Filling up the DagBag from /opt/airflow/dags/functions/process_tensor_to_dataloader.py
[2022-11-04T07:26:49.776+0000] {processor.py:770} WARNING - No viable dags retrieved from /opt/airflow/dags/functions/process_tensor_to_dataloader.py
[2022-11-04T07:26:49.792+0000] {processor.py:178} INFO - Processing /opt/airflow/dags/functions/process_tensor_to_dataloader.py took 2.770 seconds
[2022-11-04T07:27:21.150+0000] {processor.py:156} INFO - Started process (PID=14343) to work on /opt/airflow/dags/functions/process_tensor_to_dataloader.py
[2022-11-04T07:27:21.151+0000] {processor.py:758} INFO - Processing file /opt/airflow/dags/functions/process_tensor_to_dataloader.py for tasks to queue
[2022-11-04T07:27:21.152+0000] {logging_mixin.py:117} INFO - [2022-11-04T07:27:21.152+0000] {dagbag.py:525} INFO - Filling up the DagBag from /opt/airflow/dags/functions/process_tensor_to_dataloader.py
[2022-11-04T07:27:23.374+0000] {processor.py:770} WARNING - No viable dags retrieved from /opt/airflow/dags/functions/process_tensor_to_dataloader.py
[2022-11-04T07:27:23.432+0000] {processor.py:178} INFO - Processing /opt/airflow/dags/functions/process_tensor_to_dataloader.py took 2.287 seconds
