[2022-11-04T07:16:45.699+0000] {taskinstance.py:1165} INFO - Dependencies all met for <TaskInstance: pik_rec_airflow.create_bento scheduled__2022-11-04T06:30:00+00:00 [queued]>
[2022-11-04T07:16:45.721+0000] {taskinstance.py:1165} INFO - Dependencies all met for <TaskInstance: pik_rec_airflow.create_bento scheduled__2022-11-04T06:30:00+00:00 [queued]>
[2022-11-04T07:16:45.721+0000] {taskinstance.py:1362} INFO - 
--------------------------------------------------------------------------------
[2022-11-04T07:16:45.722+0000] {taskinstance.py:1363} INFO - Starting attempt 1 of 1
[2022-11-04T07:16:45.722+0000] {taskinstance.py:1364} INFO - 
--------------------------------------------------------------------------------
[2022-11-04T07:16:45.745+0000] {taskinstance.py:1383} INFO - Executing <Task(BashOperator): create_bento> on 2022-11-04 06:30:00+00:00
[2022-11-04T07:16:45.753+0000] {standard_task_runner.py:54} INFO - Started process 340 to run task
[2022-11-04T07:16:45.757+0000] {standard_task_runner.py:82} INFO - Running: ['***', 'tasks', 'run', 'pik_rec_***', 'create_bento', 'scheduled__2022-11-04T06:30:00+00:00', '--job-id', '10', '--raw', '--subdir', 'DAGS_FOLDER/pik_rec_***.py', '--cfg-path', '/tmp/tmp50z2qduy']
[2022-11-04T07:16:45.757+0000] {standard_task_runner.py:83} INFO - Job 10: Subtask create_bento
[2022-11-04T07:16:45.758+0000] {dagbag.py:525} INFO - Filling up the DagBag from /opt/***/dags/pik_rec_***.py
[2022-11-04T07:16:48.636+0000] {warnings.py:109} WARNING - /home/***/.local/lib/python3.8/site-packages/***/configuration.py:545: DeprecationWarning: The sql_alchemy_conn option in [core] has been moved to the sql_alchemy_conn option in [database] - the old setting has been used, but please update your config.
  option = self._get_environment_variables(deprecated_key, deprecated_section, key, section)

[2022-11-04T07:16:48.702+0000] {task_command.py:384} INFO - Running <TaskInstance: pik_rec_airflow.create_bento scheduled__2022-11-04T06:30:00+00:00 [running]> on host 330ee51a880d
[2022-11-04T07:16:48.784+0000] {taskinstance.py:1590} INFO - Exporting the following env vars:
AIRFLOW_CTX_DAG_EMAIL=hojun.seo@pikurate.com
AIRFLOW_CTX_DAG_OWNER=***
AIRFLOW_CTX_DAG_ID=pik_rec_***
AIRFLOW_CTX_TASK_ID=create_bento
AIRFLOW_CTX_EXECUTION_DATE=2022-11-04T06:30:00+00:00
AIRFLOW_CTX_TRY_NUMBER=1
AIRFLOW_CTX_DAG_RUN_ID=scheduled__2022-11-04T06:30:00+00:00
[2022-11-04T07:16:48.785+0000] {subprocess.py:63} INFO - Tmp dir root location: 
 /tmp
[2022-11-04T07:16:48.786+0000] {subprocess.py:75} INFO - Running command: ['/bin/bash', '-c', ' \n            cd /opt/***/dags/bentoml/pik_rec_bento; bentoml build\n        ']
[2022-11-04T07:16:48.817+0000] {subprocess.py:86} INFO - Output:
[2022-11-04T07:16:58.128+0000] {subprocess.py:93} INFO - Building BentoML service "pik_recommender_bento:vneqzws4cclymasc" from build context "/opt/***/dags/bentoml/pik_rec_bento".
[2022-11-04T07:16:58.130+0000] {subprocess.py:93} INFO - Packing model "pik_recommender_model:ufjbjhc4cchmiasc"
[2022-11-04T07:16:59.456+0000] {subprocess.py:93} INFO - 
[2022-11-04T07:16:59.457+0000] {subprocess.py:93} INFO - ██████╗░███████╗███╗░░██╗████████╗░█████╗░███╗░░░███╗██╗░░░░░
[2022-11-04T07:16:59.457+0000] {subprocess.py:93} INFO - ██╔══██╗██╔════╝████╗░██║╚══██╔══╝██╔══██╗████╗░████║██║░░░░░
[2022-11-04T07:16:59.457+0000] {subprocess.py:93} INFO - ██████╦╝█████╗░░██╔██╗██║░░░██║░░░██║░░██║██╔████╔██║██║░░░░░
[2022-11-04T07:16:59.458+0000] {subprocess.py:93} INFO - ██╔══██╗██╔══╝░░██║╚████║░░░██║░░░██║░░██║██║╚██╔╝██║██║░░░░░
[2022-11-04T07:16:59.458+0000] {subprocess.py:93} INFO - ██████╦╝███████╗██║░╚███║░░░██║░░░╚█████╔╝██║░╚═╝░██║███████╗
[2022-11-04T07:16:59.458+0000] {subprocess.py:93} INFO - ╚═════╝░╚══════╝╚═╝░░╚══╝░░░╚═╝░░░░╚════╝░╚═╝░░░░░╚═╝╚══════╝
[2022-11-04T07:16:59.458+0000] {subprocess.py:93} INFO - 
[2022-11-04T07:16:59.458+0000] {subprocess.py:93} INFO - Successfully built Bento(tag="pik_recommender_bento:vneqzws4cclymasc").
[2022-11-04T07:17:00.810+0000] {subprocess.py:97} INFO - Command exited with return code 0
[2022-11-04T07:17:00.852+0000] {taskinstance.py:1401} INFO - Marking task as SUCCESS. dag_id=pik_rec_***, task_id=create_bento, execution_date=20221104T063000, start_date=20221104T071645, end_date=20221104T071700
[2022-11-04T07:17:01.312+0000] {local_task_job.py:164} INFO - Task exited with return code 0
[2022-11-04T07:17:01.342+0000] {local_task_job.py:273} INFO - 1 downstream tasks scheduled from follow-on schedule check
