[2023-01-19T04:09:51.705+0000] {processor.py:156} INFO - Started process (PID=3800) to work on /opt/airflow/dags/link_rec_airflow.py
[2023-01-19T04:09:51.705+0000] {processor.py:758} INFO - Processing file /opt/airflow/dags/link_rec_airflow.py for tasks to queue
[2023-01-19T04:09:51.706+0000] {logging_mixin.py:117} INFO - [2023-01-19T04:09:51.706+0000] {dagbag.py:525} INFO - Filling up the DagBag from /opt/airflow/dags/link_rec_airflow.py
[2023-01-19T04:09:54.078+0000] {processor.py:768} INFO - DAG(s) dict_keys(['link_rec_airflow']) retrieved from /opt/airflow/dags/link_rec_airflow.py
[2023-01-19T04:09:54.107+0000] {logging_mixin.py:117} INFO - [2023-01-19T04:09:54.107+0000] {dag.py:2573} INFO - Sync 1 DAGs
[2023-01-19T04:09:54.132+0000] {logging_mixin.py:117} INFO - [2023-01-19T04:09:54.132+0000] {dag.py:3324} INFO - Setting next_dagrun for link_rec_airflow to 2023-01-19T03:50:00+00:00, run_after=2023-01-19T04:00:00+00:00
[2023-01-19T04:09:54.145+0000] {processor.py:178} INFO - Processing /opt/airflow/dags/link_rec_airflow.py took 2.443 seconds
[2023-01-19T04:10:25.130+0000] {processor.py:156} INFO - Started process (PID=3862) to work on /opt/airflow/dags/link_rec_airflow.py
[2023-01-19T04:10:25.131+0000] {processor.py:758} INFO - Processing file /opt/airflow/dags/link_rec_airflow.py for tasks to queue
[2023-01-19T04:10:25.131+0000] {logging_mixin.py:117} INFO - [2023-01-19T04:10:25.131+0000] {dagbag.py:525} INFO - Filling up the DagBag from /opt/airflow/dags/link_rec_airflow.py
[2023-01-19T04:10:27.437+0000] {processor.py:768} INFO - DAG(s) dict_keys(['link_rec_airflow']) retrieved from /opt/airflow/dags/link_rec_airflow.py
[2023-01-19T04:10:27.470+0000] {logging_mixin.py:117} INFO - [2023-01-19T04:10:27.469+0000] {dag.py:2573} INFO - Sync 1 DAGs
[2023-01-19T04:10:27.490+0000] {logging_mixin.py:117} INFO - [2023-01-19T04:10:27.490+0000] {dag.py:3324} INFO - Setting next_dagrun for link_rec_airflow to 2023-01-19T03:50:00+00:00, run_after=2023-01-19T04:00:00+00:00
[2023-01-19T04:10:27.503+0000] {processor.py:178} INFO - Processing /opt/airflow/dags/link_rec_airflow.py took 2.376 seconds
[2023-01-19T04:10:57.778+0000] {processor.py:156} INFO - Started process (PID=3921) to work on /opt/airflow/dags/link_rec_airflow.py
[2023-01-19T04:10:57.779+0000] {processor.py:758} INFO - Processing file /opt/airflow/dags/link_rec_airflow.py for tasks to queue
[2023-01-19T04:10:57.779+0000] {logging_mixin.py:117} INFO - [2023-01-19T04:10:57.779+0000] {dagbag.py:525} INFO - Filling up the DagBag from /opt/airflow/dags/link_rec_airflow.py
[2023-01-19T04:11:00.128+0000] {processor.py:768} INFO - DAG(s) dict_keys(['link_rec_airflow']) retrieved from /opt/airflow/dags/link_rec_airflow.py
[2023-01-19T04:11:00.155+0000] {logging_mixin.py:117} INFO - [2023-01-19T04:11:00.155+0000] {dag.py:2573} INFO - Sync 1 DAGs
[2023-01-19T04:11:00.174+0000] {logging_mixin.py:117} INFO - [2023-01-19T04:11:00.174+0000] {dag.py:3324} INFO - Setting next_dagrun for link_rec_airflow to 2023-01-19T03:50:00+00:00, run_after=2023-01-19T04:00:00+00:00
[2023-01-19T04:11:00.187+0000] {processor.py:178} INFO - Processing /opt/airflow/dags/link_rec_airflow.py took 2.413 seconds
[2023-01-19T04:11:30.426+0000] {processor.py:156} INFO - Started process (PID=3976) to work on /opt/airflow/dags/link_rec_airflow.py
[2023-01-19T04:11:30.427+0000] {processor.py:758} INFO - Processing file /opt/airflow/dags/link_rec_airflow.py for tasks to queue
[2023-01-19T04:11:30.427+0000] {logging_mixin.py:117} INFO - [2023-01-19T04:11:30.427+0000] {dagbag.py:525} INFO - Filling up the DagBag from /opt/airflow/dags/link_rec_airflow.py
[2023-01-19T04:11:32.821+0000] {processor.py:768} INFO - DAG(s) dict_keys(['link_rec_airflow']) retrieved from /opt/airflow/dags/link_rec_airflow.py
[2023-01-19T04:11:32.859+0000] {logging_mixin.py:117} INFO - [2023-01-19T04:11:32.858+0000] {dag.py:2573} INFO - Sync 1 DAGs
[2023-01-19T04:11:32.887+0000] {logging_mixin.py:117} INFO - [2023-01-19T04:11:32.887+0000] {dag.py:3324} INFO - Setting next_dagrun for link_rec_airflow to 2023-01-19T03:50:00+00:00, run_after=2023-01-19T04:00:00+00:00
[2023-01-19T04:11:32.902+0000] {processor.py:178} INFO - Processing /opt/airflow/dags/link_rec_airflow.py took 2.480 seconds
[2023-01-19T04:12:02.972+0000] {processor.py:156} INFO - Started process (PID=4034) to work on /opt/airflow/dags/link_rec_airflow.py
[2023-01-19T04:12:02.973+0000] {processor.py:758} INFO - Processing file /opt/airflow/dags/link_rec_airflow.py for tasks to queue
[2023-01-19T04:12:02.974+0000] {logging_mixin.py:117} INFO - [2023-01-19T04:12:02.974+0000] {dagbag.py:525} INFO - Filling up the DagBag from /opt/airflow/dags/link_rec_airflow.py
[2023-01-19T04:12:05.394+0000] {processor.py:768} INFO - DAG(s) dict_keys(['link_rec_airflow']) retrieved from /opt/airflow/dags/link_rec_airflow.py
[2023-01-19T04:12:05.429+0000] {logging_mixin.py:117} INFO - [2023-01-19T04:12:05.429+0000] {dag.py:2573} INFO - Sync 1 DAGs
[2023-01-19T04:12:05.456+0000] {logging_mixin.py:117} INFO - [2023-01-19T04:12:05.456+0000] {dag.py:3324} INFO - Setting next_dagrun for link_rec_airflow to 2023-01-19T03:50:00+00:00, run_after=2023-01-19T04:00:00+00:00
[2023-01-19T04:12:05.474+0000] {processor.py:178} INFO - Processing /opt/airflow/dags/link_rec_airflow.py took 2.505 seconds
[2023-01-19T04:12:35.567+0000] {processor.py:156} INFO - Started process (PID=4092) to work on /opt/airflow/dags/link_rec_airflow.py
[2023-01-19T04:12:35.568+0000] {processor.py:758} INFO - Processing file /opt/airflow/dags/link_rec_airflow.py for tasks to queue
[2023-01-19T04:12:35.568+0000] {logging_mixin.py:117} INFO - [2023-01-19T04:12:35.568+0000] {dagbag.py:525} INFO - Filling up the DagBag from /opt/airflow/dags/link_rec_airflow.py
[2023-01-19T04:12:37.923+0000] {processor.py:768} INFO - DAG(s) dict_keys(['link_rec_airflow']) retrieved from /opt/airflow/dags/link_rec_airflow.py
[2023-01-19T04:12:37.949+0000] {logging_mixin.py:117} INFO - [2023-01-19T04:12:37.949+0000] {dag.py:2573} INFO - Sync 1 DAGs
[2023-01-19T04:12:37.969+0000] {logging_mixin.py:117} INFO - [2023-01-19T04:12:37.969+0000] {dag.py:3324} INFO - Setting next_dagrun for link_rec_airflow to 2023-01-19T03:50:00+00:00, run_after=2023-01-19T04:00:00+00:00
[2023-01-19T04:12:37.983+0000] {processor.py:178} INFO - Processing /opt/airflow/dags/link_rec_airflow.py took 2.421 seconds
[2023-01-19T04:13:08.269+0000] {processor.py:156} INFO - Started process (PID=4150) to work on /opt/airflow/dags/link_rec_airflow.py
[2023-01-19T04:13:08.270+0000] {processor.py:758} INFO - Processing file /opt/airflow/dags/link_rec_airflow.py for tasks to queue
[2023-01-19T04:13:08.271+0000] {logging_mixin.py:117} INFO - [2023-01-19T04:13:08.271+0000] {dagbag.py:525} INFO - Filling up the DagBag from /opt/airflow/dags/link_rec_airflow.py
[2023-01-19T04:13:10.609+0000] {processor.py:768} INFO - DAG(s) dict_keys(['link_rec_airflow']) retrieved from /opt/airflow/dags/link_rec_airflow.py
[2023-01-19T04:13:10.640+0000] {logging_mixin.py:117} INFO - [2023-01-19T04:13:10.640+0000] {dag.py:2573} INFO - Sync 1 DAGs
[2023-01-19T04:13:10.659+0000] {logging_mixin.py:117} INFO - [2023-01-19T04:13:10.659+0000] {dag.py:3324} INFO - Setting next_dagrun for link_rec_airflow to 2023-01-19T03:50:00+00:00, run_after=2023-01-19T04:00:00+00:00
[2023-01-19T04:13:10.674+0000] {processor.py:178} INFO - Processing /opt/airflow/dags/link_rec_airflow.py took 2.407 seconds
[2023-01-19T04:13:41.212+0000] {processor.py:156} INFO - Started process (PID=4208) to work on /opt/airflow/dags/link_rec_airflow.py
[2023-01-19T04:13:41.213+0000] {processor.py:758} INFO - Processing file /opt/airflow/dags/link_rec_airflow.py for tasks to queue
[2023-01-19T04:13:41.213+0000] {logging_mixin.py:117} INFO - [2023-01-19T04:13:41.213+0000] {dagbag.py:525} INFO - Filling up the DagBag from /opt/airflow/dags/link_rec_airflow.py
[2023-01-19T04:13:43.793+0000] {processor.py:768} INFO - DAG(s) dict_keys(['link_rec_airflow']) retrieved from /opt/airflow/dags/link_rec_airflow.py
[2023-01-19T04:13:43.832+0000] {logging_mixin.py:117} INFO - [2023-01-19T04:13:43.832+0000] {dag.py:2573} INFO - Sync 1 DAGs
[2023-01-19T04:13:43.859+0000] {logging_mixin.py:117} INFO - [2023-01-19T04:13:43.859+0000] {dag.py:3324} INFO - Setting next_dagrun for link_rec_airflow to 2023-01-19T03:50:00+00:00, run_after=2023-01-19T04:00:00+00:00
[2023-01-19T04:13:43.876+0000] {processor.py:178} INFO - Processing /opt/airflow/dags/link_rec_airflow.py took 2.667 seconds
[2023-01-19T04:14:14.728+0000] {processor.py:156} INFO - Started process (PID=4269) to work on /opt/airflow/dags/link_rec_airflow.py
[2023-01-19T04:14:14.728+0000] {processor.py:758} INFO - Processing file /opt/airflow/dags/link_rec_airflow.py for tasks to queue
[2023-01-19T04:14:14.729+0000] {logging_mixin.py:117} INFO - [2023-01-19T04:14:14.729+0000] {dagbag.py:525} INFO - Filling up the DagBag from /opt/airflow/dags/link_rec_airflow.py
[2023-01-19T04:14:17.042+0000] {processor.py:768} INFO - DAG(s) dict_keys(['link_rec_airflow']) retrieved from /opt/airflow/dags/link_rec_airflow.py
[2023-01-19T04:14:17.068+0000] {logging_mixin.py:117} INFO - [2023-01-19T04:14:17.068+0000] {dag.py:2573} INFO - Sync 1 DAGs
[2023-01-19T04:14:17.087+0000] {logging_mixin.py:117} INFO - [2023-01-19T04:14:17.087+0000] {dag.py:3324} INFO - Setting next_dagrun for link_rec_airflow to 2023-01-19T03:50:00+00:00, run_after=2023-01-19T04:00:00+00:00
[2023-01-19T04:14:17.100+0000] {processor.py:178} INFO - Processing /opt/airflow/dags/link_rec_airflow.py took 2.375 seconds
[2023-01-19T04:14:47.654+0000] {processor.py:156} INFO - Started process (PID=4329) to work on /opt/airflow/dags/link_rec_airflow.py
[2023-01-19T04:14:47.655+0000] {processor.py:758} INFO - Processing file /opt/airflow/dags/link_rec_airflow.py for tasks to queue
[2023-01-19T04:14:47.655+0000] {logging_mixin.py:117} INFO - [2023-01-19T04:14:47.655+0000] {dagbag.py:525} INFO - Filling up the DagBag from /opt/airflow/dags/link_rec_airflow.py
[2023-01-19T04:14:50.117+0000] {processor.py:768} INFO - DAG(s) dict_keys(['link_rec_airflow']) retrieved from /opt/airflow/dags/link_rec_airflow.py
[2023-01-19T04:14:50.154+0000] {logging_mixin.py:117} INFO - [2023-01-19T04:14:50.154+0000] {dag.py:2573} INFO - Sync 1 DAGs
[2023-01-19T04:14:50.181+0000] {logging_mixin.py:117} INFO - [2023-01-19T04:14:50.181+0000] {dag.py:3324} INFO - Setting next_dagrun for link_rec_airflow to 2023-01-19T03:50:00+00:00, run_after=2023-01-19T04:00:00+00:00
[2023-01-19T04:14:50.199+0000] {processor.py:178} INFO - Processing /opt/airflow/dags/link_rec_airflow.py took 2.548 seconds
[2023-01-19T04:15:21.032+0000] {processor.py:156} INFO - Started process (PID=4388) to work on /opt/airflow/dags/link_rec_airflow.py
[2023-01-19T04:15:21.034+0000] {processor.py:758} INFO - Processing file /opt/airflow/dags/link_rec_airflow.py for tasks to queue
[2023-01-19T04:15:21.034+0000] {logging_mixin.py:117} INFO - [2023-01-19T04:15:21.034+0000] {dagbag.py:525} INFO - Filling up the DagBag from /opt/airflow/dags/link_rec_airflow.py
[2023-01-19T04:15:23.303+0000] {processor.py:768} INFO - DAG(s) dict_keys(['link_rec_airflow']) retrieved from /opt/airflow/dags/link_rec_airflow.py
[2023-01-19T04:15:23.329+0000] {logging_mixin.py:117} INFO - [2023-01-19T04:15:23.329+0000] {dag.py:2573} INFO - Sync 1 DAGs
[2023-01-19T04:15:23.349+0000] {logging_mixin.py:117} INFO - [2023-01-19T04:15:23.349+0000] {dag.py:3324} INFO - Setting next_dagrun for link_rec_airflow to 2023-01-19T03:50:00+00:00, run_after=2023-01-19T04:00:00+00:00
[2023-01-19T04:15:23.362+0000] {processor.py:178} INFO - Processing /opt/airflow/dags/link_rec_airflow.py took 2.333 seconds
[2023-01-19T04:15:53.544+0000] {processor.py:156} INFO - Started process (PID=4447) to work on /opt/airflow/dags/link_rec_airflow.py
[2023-01-19T04:15:53.545+0000] {processor.py:758} INFO - Processing file /opt/airflow/dags/link_rec_airflow.py for tasks to queue
[2023-01-19T04:15:53.546+0000] {logging_mixin.py:117} INFO - [2023-01-19T04:15:53.545+0000] {dagbag.py:525} INFO - Filling up the DagBag from /opt/airflow/dags/link_rec_airflow.py
[2023-01-19T04:15:55.789+0000] {processor.py:768} INFO - DAG(s) dict_keys(['link_rec_airflow']) retrieved from /opt/airflow/dags/link_rec_airflow.py
[2023-01-19T04:15:55.816+0000] {logging_mixin.py:117} INFO - [2023-01-19T04:15:55.816+0000] {dag.py:2573} INFO - Sync 1 DAGs
[2023-01-19T04:15:55.835+0000] {logging_mixin.py:117} INFO - [2023-01-19T04:15:55.835+0000] {dag.py:3324} INFO - Setting next_dagrun for link_rec_airflow to 2023-01-19T03:50:00+00:00, run_after=2023-01-19T04:00:00+00:00
[2023-01-19T04:15:55.854+0000] {processor.py:178} INFO - Processing /opt/airflow/dags/link_rec_airflow.py took 2.312 seconds
[2023-01-19T04:16:26.593+0000] {processor.py:156} INFO - Started process (PID=4505) to work on /opt/airflow/dags/link_rec_airflow.py
[2023-01-19T04:16:26.593+0000] {processor.py:758} INFO - Processing file /opt/airflow/dags/link_rec_airflow.py for tasks to queue
[2023-01-19T04:16:26.594+0000] {logging_mixin.py:117} INFO - [2023-01-19T04:16:26.594+0000] {dagbag.py:525} INFO - Filling up the DagBag from /opt/airflow/dags/link_rec_airflow.py
[2023-01-19T04:16:29.040+0000] {processor.py:768} INFO - DAG(s) dict_keys(['link_rec_airflow']) retrieved from /opt/airflow/dags/link_rec_airflow.py
[2023-01-19T04:16:29.071+0000] {logging_mixin.py:117} INFO - [2023-01-19T04:16:29.069+0000] {dag.py:2573} INFO - Sync 1 DAGs
[2023-01-19T04:16:29.092+0000] {logging_mixin.py:117} INFO - [2023-01-19T04:16:29.091+0000] {dag.py:3324} INFO - Setting next_dagrun for link_rec_airflow to 2023-01-19T03:50:00+00:00, run_after=2023-01-19T04:00:00+00:00
[2023-01-19T04:16:29.106+0000] {processor.py:178} INFO - Processing /opt/airflow/dags/link_rec_airflow.py took 2.516 seconds
[2023-01-19T04:16:59.225+0000] {processor.py:156} INFO - Started process (PID=4563) to work on /opt/airflow/dags/link_rec_airflow.py
[2023-01-19T04:16:59.226+0000] {processor.py:758} INFO - Processing file /opt/airflow/dags/link_rec_airflow.py for tasks to queue
[2023-01-19T04:16:59.227+0000] {logging_mixin.py:117} INFO - [2023-01-19T04:16:59.227+0000] {dagbag.py:525} INFO - Filling up the DagBag from /opt/airflow/dags/link_rec_airflow.py
[2023-01-19T04:17:01.592+0000] {processor.py:768} INFO - DAG(s) dict_keys(['link_rec_airflow']) retrieved from /opt/airflow/dags/link_rec_airflow.py
[2023-01-19T04:17:01.633+0000] {logging_mixin.py:117} INFO - [2023-01-19T04:17:01.632+0000] {dag.py:2573} INFO - Sync 1 DAGs
[2023-01-19T04:17:01.657+0000] {logging_mixin.py:117} INFO - [2023-01-19T04:17:01.656+0000] {dag.py:3324} INFO - Setting next_dagrun for link_rec_airflow to 2023-01-19T03:50:00+00:00, run_after=2023-01-19T04:00:00+00:00
[2023-01-19T04:17:01.671+0000] {processor.py:178} INFO - Processing /opt/airflow/dags/link_rec_airflow.py took 2.449 seconds
[2023-01-19T04:17:31.867+0000] {processor.py:156} INFO - Started process (PID=4621) to work on /opt/airflow/dags/link_rec_airflow.py
[2023-01-19T04:17:31.868+0000] {processor.py:758} INFO - Processing file /opt/airflow/dags/link_rec_airflow.py for tasks to queue
[2023-01-19T04:17:31.868+0000] {logging_mixin.py:117} INFO - [2023-01-19T04:17:31.868+0000] {dagbag.py:525} INFO - Filling up the DagBag from /opt/airflow/dags/link_rec_airflow.py
[2023-01-19T04:17:34.138+0000] {processor.py:768} INFO - DAG(s) dict_keys(['link_rec_airflow']) retrieved from /opt/airflow/dags/link_rec_airflow.py
[2023-01-19T04:17:34.165+0000] {logging_mixin.py:117} INFO - [2023-01-19T04:17:34.164+0000] {dag.py:2573} INFO - Sync 1 DAGs
[2023-01-19T04:17:34.184+0000] {logging_mixin.py:117} INFO - [2023-01-19T04:17:34.183+0000] {dag.py:3324} INFO - Setting next_dagrun for link_rec_airflow to 2023-01-19T03:50:00+00:00, run_after=2023-01-19T04:00:00+00:00
[2023-01-19T04:17:34.198+0000] {processor.py:178} INFO - Processing /opt/airflow/dags/link_rec_airflow.py took 2.335 seconds
[2023-01-19T04:18:04.402+0000] {processor.py:156} INFO - Started process (PID=4679) to work on /opt/airflow/dags/link_rec_airflow.py
[2023-01-19T04:18:04.403+0000] {processor.py:758} INFO - Processing file /opt/airflow/dags/link_rec_airflow.py for tasks to queue
[2023-01-19T04:18:04.403+0000] {logging_mixin.py:117} INFO - [2023-01-19T04:18:04.403+0000] {dagbag.py:525} INFO - Filling up the DagBag from /opt/airflow/dags/link_rec_airflow.py
[2023-01-19T04:18:06.672+0000] {processor.py:768} INFO - DAG(s) dict_keys(['link_rec_airflow']) retrieved from /opt/airflow/dags/link_rec_airflow.py
[2023-01-19T04:18:06.698+0000] {logging_mixin.py:117} INFO - [2023-01-19T04:18:06.697+0000] {dag.py:2573} INFO - Sync 1 DAGs
[2023-01-19T04:18:06.719+0000] {logging_mixin.py:117} INFO - [2023-01-19T04:18:06.718+0000] {dag.py:3324} INFO - Setting next_dagrun for link_rec_airflow to 2023-01-19T03:50:00+00:00, run_after=2023-01-19T04:00:00+00:00
[2023-01-19T04:18:06.736+0000] {processor.py:178} INFO - Processing /opt/airflow/dags/link_rec_airflow.py took 2.337 seconds
[2023-01-19T04:18:36.831+0000] {processor.py:156} INFO - Started process (PID=4737) to work on /opt/airflow/dags/link_rec_airflow.py
[2023-01-19T04:18:36.832+0000] {processor.py:758} INFO - Processing file /opt/airflow/dags/link_rec_airflow.py for tasks to queue
[2023-01-19T04:18:36.832+0000] {logging_mixin.py:117} INFO - [2023-01-19T04:18:36.832+0000] {dagbag.py:525} INFO - Filling up the DagBag from /opt/airflow/dags/link_rec_airflow.py
[2023-01-19T04:18:39.163+0000] {processor.py:768} INFO - DAG(s) dict_keys(['link_rec_airflow']) retrieved from /opt/airflow/dags/link_rec_airflow.py
[2023-01-19T04:18:39.203+0000] {logging_mixin.py:117} INFO - [2023-01-19T04:18:39.202+0000] {dag.py:2573} INFO - Sync 1 DAGs
[2023-01-19T04:18:39.230+0000] {logging_mixin.py:117} INFO - [2023-01-19T04:18:39.230+0000] {dag.py:3324} INFO - Setting next_dagrun for link_rec_airflow to 2023-01-19T03:50:00+00:00, run_after=2023-01-19T04:00:00+00:00
[2023-01-19T04:18:39.246+0000] {processor.py:178} INFO - Processing /opt/airflow/dags/link_rec_airflow.py took 2.418 seconds
[2023-01-19T04:19:09.619+0000] {processor.py:156} INFO - Started process (PID=4796) to work on /opt/airflow/dags/link_rec_airflow.py
[2023-01-19T04:19:09.619+0000] {processor.py:758} INFO - Processing file /opt/airflow/dags/link_rec_airflow.py for tasks to queue
[2023-01-19T04:19:09.620+0000] {logging_mixin.py:117} INFO - [2023-01-19T04:19:09.620+0000] {dagbag.py:525} INFO - Filling up the DagBag from /opt/airflow/dags/link_rec_airflow.py
[2023-01-19T04:19:11.976+0000] {processor.py:768} INFO - DAG(s) dict_keys(['link_rec_airflow']) retrieved from /opt/airflow/dags/link_rec_airflow.py
[2023-01-19T04:19:12.003+0000] {logging_mixin.py:117} INFO - [2023-01-19T04:19:12.001+0000] {dag.py:2573} INFO - Sync 1 DAGs
[2023-01-19T04:19:12.021+0000] {logging_mixin.py:117} INFO - [2023-01-19T04:19:12.021+0000] {dag.py:3324} INFO - Setting next_dagrun for link_rec_airflow to 2023-01-19T03:50:00+00:00, run_after=2023-01-19T04:00:00+00:00
[2023-01-19T04:19:12.034+0000] {processor.py:178} INFO - Processing /opt/airflow/dags/link_rec_airflow.py took 2.418 seconds
