[2023-01-19T04:10:10.819+0000] {processor.py:156} INFO - Started process (PID=3835) to work on /opt/airflow/dags/pik_rec_airflow.py
[2023-01-19T04:10:10.820+0000] {processor.py:758} INFO - Processing file /opt/airflow/dags/pik_rec_airflow.py for tasks to queue
[2023-01-19T04:10:10.820+0000] {logging_mixin.py:117} INFO - [2023-01-19T04:10:10.820+0000] {dagbag.py:525} INFO - Filling up the DagBag from /opt/airflow/dags/pik_rec_airflow.py
[2023-01-19T04:10:13.093+0000] {processor.py:768} INFO - DAG(s) dict_keys(['pik_rec_airflow']) retrieved from /opt/airflow/dags/pik_rec_airflow.py
[2023-01-19T04:10:13.120+0000] {logging_mixin.py:117} INFO - [2023-01-19T04:10:13.120+0000] {dag.py:2573} INFO - Sync 1 DAGs
[2023-01-19T04:10:13.142+0000] {logging_mixin.py:117} INFO - [2023-01-19T04:10:13.142+0000] {dag.py:3324} INFO - Setting next_dagrun for pik_rec_airflow to 2023-01-19T03:30:00+00:00, run_after=2023-01-19T04:30:00+00:00
[2023-01-19T04:10:13.156+0000] {processor.py:178} INFO - Processing /opt/airflow/dags/pik_rec_airflow.py took 2.339 seconds
[2023-01-19T04:10:43.277+0000] {processor.py:156} INFO - Started process (PID=3893) to work on /opt/airflow/dags/pik_rec_airflow.py
[2023-01-19T04:10:43.278+0000] {processor.py:758} INFO - Processing file /opt/airflow/dags/pik_rec_airflow.py for tasks to queue
[2023-01-19T04:10:43.278+0000] {logging_mixin.py:117} INFO - [2023-01-19T04:10:43.278+0000] {dagbag.py:525} INFO - Filling up the DagBag from /opt/airflow/dags/pik_rec_airflow.py
[2023-01-19T04:10:45.585+0000] {processor.py:768} INFO - DAG(s) dict_keys(['pik_rec_airflow']) retrieved from /opt/airflow/dags/pik_rec_airflow.py
[2023-01-19T04:10:45.614+0000] {logging_mixin.py:117} INFO - [2023-01-19T04:10:45.612+0000] {dag.py:2573} INFO - Sync 1 DAGs
[2023-01-19T04:10:45.633+0000] {logging_mixin.py:117} INFO - [2023-01-19T04:10:45.633+0000] {dag.py:3324} INFO - Setting next_dagrun for pik_rec_airflow to 2023-01-19T03:30:00+00:00, run_after=2023-01-19T04:30:00+00:00
[2023-01-19T04:10:45.649+0000] {processor.py:178} INFO - Processing /opt/airflow/dags/pik_rec_airflow.py took 2.375 seconds
[2023-01-19T04:11:16.335+0000] {processor.py:156} INFO - Started process (PID=3951) to work on /opt/airflow/dags/pik_rec_airflow.py
[2023-01-19T04:11:16.336+0000] {processor.py:758} INFO - Processing file /opt/airflow/dags/pik_rec_airflow.py for tasks to queue
[2023-01-19T04:11:16.336+0000] {logging_mixin.py:117} INFO - [2023-01-19T04:11:16.336+0000] {dagbag.py:525} INFO - Filling up the DagBag from /opt/airflow/dags/pik_rec_airflow.py
[2023-01-19T04:11:18.684+0000] {processor.py:768} INFO - DAG(s) dict_keys(['pik_rec_airflow']) retrieved from /opt/airflow/dags/pik_rec_airflow.py
[2023-01-19T04:11:18.717+0000] {logging_mixin.py:117} INFO - [2023-01-19T04:11:18.716+0000] {dag.py:2573} INFO - Sync 1 DAGs
[2023-01-19T04:11:18.736+0000] {logging_mixin.py:117} INFO - [2023-01-19T04:11:18.736+0000] {dag.py:3324} INFO - Setting next_dagrun for pik_rec_airflow to 2023-01-19T03:30:00+00:00, run_after=2023-01-19T04:30:00+00:00
[2023-01-19T04:11:18.750+0000] {processor.py:178} INFO - Processing /opt/airflow/dags/pik_rec_airflow.py took 2.417 seconds
[2023-01-19T04:11:49.469+0000] {processor.py:156} INFO - Started process (PID=4009) to work on /opt/airflow/dags/pik_rec_airflow.py
[2023-01-19T04:11:49.469+0000] {processor.py:758} INFO - Processing file /opt/airflow/dags/pik_rec_airflow.py for tasks to queue
[2023-01-19T04:11:49.470+0000] {logging_mixin.py:117} INFO - [2023-01-19T04:11:49.470+0000] {dagbag.py:525} INFO - Filling up the DagBag from /opt/airflow/dags/pik_rec_airflow.py
[2023-01-19T04:11:51.889+0000] {processor.py:768} INFO - DAG(s) dict_keys(['pik_rec_airflow']) retrieved from /opt/airflow/dags/pik_rec_airflow.py
[2023-01-19T04:11:51.919+0000] {logging_mixin.py:117} INFO - [2023-01-19T04:11:51.918+0000] {dag.py:2573} INFO - Sync 1 DAGs
[2023-01-19T04:11:51.938+0000] {logging_mixin.py:117} INFO - [2023-01-19T04:11:51.938+0000] {dag.py:3324} INFO - Setting next_dagrun for pik_rec_airflow to 2023-01-19T03:30:00+00:00, run_after=2023-01-19T04:30:00+00:00
[2023-01-19T04:11:51.951+0000] {processor.py:178} INFO - Processing /opt/airflow/dags/pik_rec_airflow.py took 2.486 seconds
[2023-01-19T04:12:21.996+0000] {processor.py:156} INFO - Started process (PID=4067) to work on /opt/airflow/dags/pik_rec_airflow.py
[2023-01-19T04:12:21.997+0000] {processor.py:758} INFO - Processing file /opt/airflow/dags/pik_rec_airflow.py for tasks to queue
[2023-01-19T04:12:21.998+0000] {logging_mixin.py:117} INFO - [2023-01-19T04:12:21.998+0000] {dagbag.py:525} INFO - Filling up the DagBag from /opt/airflow/dags/pik_rec_airflow.py
[2023-01-19T04:12:24.361+0000] {processor.py:768} INFO - DAG(s) dict_keys(['pik_rec_airflow']) retrieved from /opt/airflow/dags/pik_rec_airflow.py
[2023-01-19T04:12:24.396+0000] {logging_mixin.py:117} INFO - [2023-01-19T04:12:24.395+0000] {dag.py:2573} INFO - Sync 1 DAGs
[2023-01-19T04:12:24.415+0000] {logging_mixin.py:117} INFO - [2023-01-19T04:12:24.415+0000] {dag.py:3324} INFO - Setting next_dagrun for pik_rec_airflow to 2023-01-19T03:30:00+00:00, run_after=2023-01-19T04:30:00+00:00
[2023-01-19T04:12:24.428+0000] {processor.py:178} INFO - Processing /opt/airflow/dags/pik_rec_airflow.py took 2.435 seconds
[2023-01-19T04:12:54.511+0000] {processor.py:156} INFO - Started process (PID=4125) to work on /opt/airflow/dags/pik_rec_airflow.py
[2023-01-19T04:12:54.512+0000] {processor.py:758} INFO - Processing file /opt/airflow/dags/pik_rec_airflow.py for tasks to queue
[2023-01-19T04:12:54.512+0000] {logging_mixin.py:117} INFO - [2023-01-19T04:12:54.512+0000] {dagbag.py:525} INFO - Filling up the DagBag from /opt/airflow/dags/pik_rec_airflow.py
[2023-01-19T04:12:56.856+0000] {processor.py:768} INFO - DAG(s) dict_keys(['pik_rec_airflow']) retrieved from /opt/airflow/dags/pik_rec_airflow.py
[2023-01-19T04:12:56.892+0000] {logging_mixin.py:117} INFO - [2023-01-19T04:12:56.891+0000] {dag.py:2573} INFO - Sync 1 DAGs
[2023-01-19T04:12:56.911+0000] {logging_mixin.py:117} INFO - [2023-01-19T04:12:56.911+0000] {dag.py:3324} INFO - Setting next_dagrun for pik_rec_airflow to 2023-01-19T03:30:00+00:00, run_after=2023-01-19T04:30:00+00:00
[2023-01-19T04:12:56.923+0000] {processor.py:178} INFO - Processing /opt/airflow/dags/pik_rec_airflow.py took 2.415 seconds
[2023-01-19T04:13:27.396+0000] {processor.py:156} INFO - Started process (PID=4183) to work on /opt/airflow/dags/pik_rec_airflow.py
[2023-01-19T04:13:27.397+0000] {processor.py:758} INFO - Processing file /opt/airflow/dags/pik_rec_airflow.py for tasks to queue
[2023-01-19T04:13:27.397+0000] {logging_mixin.py:117} INFO - [2023-01-19T04:13:27.397+0000] {dagbag.py:525} INFO - Filling up the DagBag from /opt/airflow/dags/pik_rec_airflow.py
[2023-01-19T04:13:29.700+0000] {processor.py:768} INFO - DAG(s) dict_keys(['pik_rec_airflow']) retrieved from /opt/airflow/dags/pik_rec_airflow.py
[2023-01-19T04:13:29.728+0000] {logging_mixin.py:117} INFO - [2023-01-19T04:13:29.728+0000] {dag.py:2573} INFO - Sync 1 DAGs
[2023-01-19T04:13:29.749+0000] {logging_mixin.py:117} INFO - [2023-01-19T04:13:29.749+0000] {dag.py:3324} INFO - Setting next_dagrun for pik_rec_airflow to 2023-01-19T03:30:00+00:00, run_after=2023-01-19T04:30:00+00:00
[2023-01-19T04:13:29.761+0000] {processor.py:178} INFO - Processing /opt/airflow/dags/pik_rec_airflow.py took 2.368 seconds
[2023-01-19T04:14:00.449+0000] {processor.py:156} INFO - Started process (PID=4241) to work on /opt/airflow/dags/pik_rec_airflow.py
[2023-01-19T04:14:00.450+0000] {processor.py:758} INFO - Processing file /opt/airflow/dags/pik_rec_airflow.py for tasks to queue
[2023-01-19T04:14:00.451+0000] {logging_mixin.py:117} INFO - [2023-01-19T04:14:00.450+0000] {dagbag.py:525} INFO - Filling up the DagBag from /opt/airflow/dags/pik_rec_airflow.py
[2023-01-19T04:14:02.803+0000] {processor.py:768} INFO - DAG(s) dict_keys(['pik_rec_airflow']) retrieved from /opt/airflow/dags/pik_rec_airflow.py
[2023-01-19T04:14:02.839+0000] {logging_mixin.py:117} INFO - [2023-01-19T04:14:02.839+0000] {dag.py:2573} INFO - Sync 1 DAGs
[2023-01-19T04:14:02.861+0000] {logging_mixin.py:117} INFO - [2023-01-19T04:14:02.861+0000] {dag.py:3324} INFO - Setting next_dagrun for pik_rec_airflow to 2023-01-19T03:30:00+00:00, run_after=2023-01-19T04:30:00+00:00
[2023-01-19T04:14:02.874+0000] {processor.py:178} INFO - Processing /opt/airflow/dags/pik_rec_airflow.py took 2.429 seconds
[2023-01-19T04:14:33.573+0000] {processor.py:156} INFO - Started process (PID=4299) to work on /opt/airflow/dags/pik_rec_airflow.py
[2023-01-19T04:14:33.574+0000] {processor.py:758} INFO - Processing file /opt/airflow/dags/pik_rec_airflow.py for tasks to queue
[2023-01-19T04:14:33.575+0000] {logging_mixin.py:117} INFO - [2023-01-19T04:14:33.574+0000] {dagbag.py:525} INFO - Filling up the DagBag from /opt/airflow/dags/pik_rec_airflow.py
[2023-01-19T04:14:36.046+0000] {processor.py:768} INFO - DAG(s) dict_keys(['pik_rec_airflow']) retrieved from /opt/airflow/dags/pik_rec_airflow.py
[2023-01-19T04:14:36.087+0000] {logging_mixin.py:117} INFO - [2023-01-19T04:14:36.087+0000] {dag.py:2573} INFO - Sync 1 DAGs
[2023-01-19T04:14:36.113+0000] {logging_mixin.py:117} INFO - [2023-01-19T04:14:36.113+0000] {dag.py:3324} INFO - Setting next_dagrun for pik_rec_airflow to 2023-01-19T03:30:00+00:00, run_after=2023-01-19T04:30:00+00:00
[2023-01-19T04:14:36.129+0000] {processor.py:178} INFO - Processing /opt/airflow/dags/pik_rec_airflow.py took 2.560 seconds
[2023-01-19T04:15:06.331+0000] {processor.py:156} INFO - Started process (PID=4357) to work on /opt/airflow/dags/pik_rec_airflow.py
[2023-01-19T04:15:06.332+0000] {processor.py:758} INFO - Processing file /opt/airflow/dags/pik_rec_airflow.py for tasks to queue
[2023-01-19T04:15:06.332+0000] {logging_mixin.py:117} INFO - [2023-01-19T04:15:06.332+0000] {dagbag.py:525} INFO - Filling up the DagBag from /opt/airflow/dags/pik_rec_airflow.py
[2023-01-19T04:15:08.678+0000] {processor.py:768} INFO - DAG(s) dict_keys(['pik_rec_airflow']) retrieved from /opt/airflow/dags/pik_rec_airflow.py
[2023-01-19T04:15:08.714+0000] {logging_mixin.py:117} INFO - [2023-01-19T04:15:08.713+0000] {dag.py:2573} INFO - Sync 1 DAGs
[2023-01-19T04:15:08.740+0000] {logging_mixin.py:117} INFO - [2023-01-19T04:15:08.740+0000] {dag.py:3324} INFO - Setting next_dagrun for pik_rec_airflow to 2023-01-19T03:30:00+00:00, run_after=2023-01-19T04:30:00+00:00
[2023-01-19T04:15:08.755+0000] {processor.py:178} INFO - Processing /opt/airflow/dags/pik_rec_airflow.py took 2.426 seconds
[2023-01-19T04:15:39.577+0000] {processor.py:156} INFO - Started process (PID=4415) to work on /opt/airflow/dags/pik_rec_airflow.py
[2023-01-19T04:15:39.578+0000] {processor.py:758} INFO - Processing file /opt/airflow/dags/pik_rec_airflow.py for tasks to queue
[2023-01-19T04:15:39.579+0000] {logging_mixin.py:117} INFO - [2023-01-19T04:15:39.579+0000] {dagbag.py:525} INFO - Filling up the DagBag from /opt/airflow/dags/pik_rec_airflow.py
[2023-01-19T04:15:41.977+0000] {processor.py:768} INFO - DAG(s) dict_keys(['pik_rec_airflow']) retrieved from /opt/airflow/dags/pik_rec_airflow.py
[2023-01-19T04:15:42.015+0000] {logging_mixin.py:117} INFO - [2023-01-19T04:15:42.014+0000] {dag.py:2573} INFO - Sync 1 DAGs
[2023-01-19T04:15:42.034+0000] {logging_mixin.py:117} INFO - [2023-01-19T04:15:42.034+0000] {dag.py:3324} INFO - Setting next_dagrun for pik_rec_airflow to 2023-01-19T03:30:00+00:00, run_after=2023-01-19T04:30:00+00:00
[2023-01-19T04:15:42.048+0000] {processor.py:178} INFO - Processing /opt/airflow/dags/pik_rec_airflow.py took 2.475 seconds
[2023-01-19T04:16:12.221+0000] {processor.py:156} INFO - Started process (PID=4473) to work on /opt/airflow/dags/pik_rec_airflow.py
[2023-01-19T04:16:12.222+0000] {processor.py:758} INFO - Processing file /opt/airflow/dags/pik_rec_airflow.py for tasks to queue
[2023-01-19T04:16:12.223+0000] {logging_mixin.py:117} INFO - [2023-01-19T04:16:12.223+0000] {dagbag.py:525} INFO - Filling up the DagBag from /opt/airflow/dags/pik_rec_airflow.py
[2023-01-19T04:16:14.582+0000] {processor.py:768} INFO - DAG(s) dict_keys(['pik_rec_airflow']) retrieved from /opt/airflow/dags/pik_rec_airflow.py
[2023-01-19T04:16:14.615+0000] {logging_mixin.py:117} INFO - [2023-01-19T04:16:14.615+0000] {dag.py:2573} INFO - Sync 1 DAGs
[2023-01-19T04:16:14.636+0000] {logging_mixin.py:117} INFO - [2023-01-19T04:16:14.636+0000] {dag.py:3324} INFO - Setting next_dagrun for pik_rec_airflow to 2023-01-19T03:30:00+00:00, run_after=2023-01-19T04:30:00+00:00
[2023-01-19T04:16:14.650+0000] {processor.py:178} INFO - Processing /opt/airflow/dags/pik_rec_airflow.py took 2.432 seconds
[2023-01-19T04:16:44.686+0000] {processor.py:156} INFO - Started process (PID=4531) to work on /opt/airflow/dags/pik_rec_airflow.py
[2023-01-19T04:16:44.687+0000] {processor.py:758} INFO - Processing file /opt/airflow/dags/pik_rec_airflow.py for tasks to queue
[2023-01-19T04:16:44.687+0000] {logging_mixin.py:117} INFO - [2023-01-19T04:16:44.687+0000] {dagbag.py:525} INFO - Filling up the DagBag from /opt/airflow/dags/pik_rec_airflow.py
[2023-01-19T04:16:47.028+0000] {processor.py:768} INFO - DAG(s) dict_keys(['pik_rec_airflow']) retrieved from /opt/airflow/dags/pik_rec_airflow.py
[2023-01-19T04:16:47.056+0000] {logging_mixin.py:117} INFO - [2023-01-19T04:16:47.056+0000] {dag.py:2573} INFO - Sync 1 DAGs
[2023-01-19T04:16:47.075+0000] {logging_mixin.py:117} INFO - [2023-01-19T04:16:47.075+0000] {dag.py:3324} INFO - Setting next_dagrun for pik_rec_airflow to 2023-01-19T03:30:00+00:00, run_after=2023-01-19T04:30:00+00:00
[2023-01-19T04:16:47.088+0000] {processor.py:178} INFO - Processing /opt/airflow/dags/pik_rec_airflow.py took 2.405 seconds
[2023-01-19T04:17:17.265+0000] {processor.py:156} INFO - Started process (PID=4589) to work on /opt/airflow/dags/pik_rec_airflow.py
[2023-01-19T04:17:17.266+0000] {processor.py:758} INFO - Processing file /opt/airflow/dags/pik_rec_airflow.py for tasks to queue
[2023-01-19T04:17:17.266+0000] {logging_mixin.py:117} INFO - [2023-01-19T04:17:17.266+0000] {dagbag.py:525} INFO - Filling up the DagBag from /opt/airflow/dags/pik_rec_airflow.py
[2023-01-19T04:17:19.621+0000] {processor.py:768} INFO - DAG(s) dict_keys(['pik_rec_airflow']) retrieved from /opt/airflow/dags/pik_rec_airflow.py
[2023-01-19T04:17:19.647+0000] {logging_mixin.py:117} INFO - [2023-01-19T04:17:19.647+0000] {dag.py:2573} INFO - Sync 1 DAGs
[2023-01-19T04:17:19.666+0000] {logging_mixin.py:117} INFO - [2023-01-19T04:17:19.666+0000] {dag.py:3324} INFO - Setting next_dagrun for pik_rec_airflow to 2023-01-19T03:30:00+00:00, run_after=2023-01-19T04:30:00+00:00
[2023-01-19T04:17:19.679+0000] {processor.py:178} INFO - Processing /opt/airflow/dags/pik_rec_airflow.py took 2.417 seconds
[2023-01-19T04:17:50.495+0000] {processor.py:156} INFO - Started process (PID=4651) to work on /opt/airflow/dags/pik_rec_airflow.py
[2023-01-19T04:17:50.496+0000] {processor.py:758} INFO - Processing file /opt/airflow/dags/pik_rec_airflow.py for tasks to queue
[2023-01-19T04:17:50.497+0000] {logging_mixin.py:117} INFO - [2023-01-19T04:17:50.497+0000] {dagbag.py:525} INFO - Filling up the DagBag from /opt/airflow/dags/pik_rec_airflow.py
[2023-01-19T04:17:52.722+0000] {processor.py:768} INFO - DAG(s) dict_keys(['pik_rec_airflow']) retrieved from /opt/airflow/dags/pik_rec_airflow.py
[2023-01-19T04:17:52.759+0000] {logging_mixin.py:117} INFO - [2023-01-19T04:17:52.758+0000] {dag.py:2573} INFO - Sync 1 DAGs
[2023-01-19T04:17:52.786+0000] {logging_mixin.py:117} INFO - [2023-01-19T04:17:52.786+0000] {dag.py:3324} INFO - Setting next_dagrun for pik_rec_airflow to 2023-01-19T03:30:00+00:00, run_after=2023-01-19T04:30:00+00:00
[2023-01-19T04:17:52.804+0000] {processor.py:178} INFO - Processing /opt/airflow/dags/pik_rec_airflow.py took 2.311 seconds
[2023-01-19T04:18:23.033+0000] {processor.py:156} INFO - Started process (PID=4709) to work on /opt/airflow/dags/pik_rec_airflow.py
[2023-01-19T04:18:23.035+0000] {processor.py:758} INFO - Processing file /opt/airflow/dags/pik_rec_airflow.py for tasks to queue
[2023-01-19T04:18:23.035+0000] {logging_mixin.py:117} INFO - [2023-01-19T04:18:23.035+0000] {dagbag.py:525} INFO - Filling up the DagBag from /opt/airflow/dags/pik_rec_airflow.py
[2023-01-19T04:18:25.303+0000] {processor.py:768} INFO - DAG(s) dict_keys(['pik_rec_airflow']) retrieved from /opt/airflow/dags/pik_rec_airflow.py
[2023-01-19T04:18:25.341+0000] {logging_mixin.py:117} INFO - [2023-01-19T04:18:25.340+0000] {dag.py:2573} INFO - Sync 1 DAGs
[2023-01-19T04:18:25.371+0000] {logging_mixin.py:117} INFO - [2023-01-19T04:18:25.371+0000] {dag.py:3324} INFO - Setting next_dagrun for pik_rec_airflow to 2023-01-19T03:30:00+00:00, run_after=2023-01-19T04:30:00+00:00
[2023-01-19T04:18:25.385+0000] {processor.py:178} INFO - Processing /opt/airflow/dags/pik_rec_airflow.py took 2.354 seconds
[2023-01-19T04:18:55.781+0000] {processor.py:156} INFO - Started process (PID=4770) to work on /opt/airflow/dags/pik_rec_airflow.py
[2023-01-19T04:18:55.782+0000] {processor.py:758} INFO - Processing file /opt/airflow/dags/pik_rec_airflow.py for tasks to queue
[2023-01-19T04:18:55.783+0000] {logging_mixin.py:117} INFO - [2023-01-19T04:18:55.783+0000] {dagbag.py:525} INFO - Filling up the DagBag from /opt/airflow/dags/pik_rec_airflow.py
[2023-01-19T04:18:58.081+0000] {processor.py:768} INFO - DAG(s) dict_keys(['pik_rec_airflow']) retrieved from /opt/airflow/dags/pik_rec_airflow.py
[2023-01-19T04:18:58.119+0000] {logging_mixin.py:117} INFO - [2023-01-19T04:18:58.119+0000] {dag.py:2573} INFO - Sync 1 DAGs
[2023-01-19T04:18:58.143+0000] {logging_mixin.py:117} INFO - [2023-01-19T04:18:58.143+0000] {dag.py:3324} INFO - Setting next_dagrun for pik_rec_airflow to 2023-01-19T03:30:00+00:00, run_after=2023-01-19T04:30:00+00:00
[2023-01-19T04:18:58.156+0000] {processor.py:178} INFO - Processing /opt/airflow/dags/pik_rec_airflow.py took 2.378 seconds
[2023-01-19T04:19:28.617+0000] {processor.py:156} INFO - Started process (PID=4828) to work on /opt/airflow/dags/pik_rec_airflow.py
[2023-01-19T04:19:28.617+0000] {processor.py:758} INFO - Processing file /opt/airflow/dags/pik_rec_airflow.py for tasks to queue
[2023-01-19T04:19:28.618+0000] {logging_mixin.py:117} INFO - [2023-01-19T04:19:28.617+0000] {dagbag.py:525} INFO - Filling up the DagBag from /opt/airflow/dags/pik_rec_airflow.py
[2023-01-19T04:19:30.817+0000] {processor.py:768} INFO - DAG(s) dict_keys(['pik_rec_airflow']) retrieved from /opt/airflow/dags/pik_rec_airflow.py
[2023-01-19T04:19:30.845+0000] {logging_mixin.py:117} INFO - [2023-01-19T04:19:30.845+0000] {dag.py:2573} INFO - Sync 1 DAGs
[2023-01-19T04:19:30.863+0000] {logging_mixin.py:117} INFO - [2023-01-19T04:19:30.863+0000] {dag.py:3324} INFO - Setting next_dagrun for pik_rec_airflow to 2023-01-19T03:30:00+00:00, run_after=2023-01-19T04:30:00+00:00
[2023-01-19T04:19:30.876+0000] {processor.py:178} INFO - Processing /opt/airflow/dags/pik_rec_airflow.py took 2.262 seconds
