[2023-01-19T04:09:50.137+0000] {processor.py:156} INFO - Started process (PID=3797) to work on /opt/airflow/dags/user_rec_airflow.py
[2023-01-19T04:09:50.138+0000] {processor.py:758} INFO - Processing file /opt/airflow/dags/user_rec_airflow.py for tasks to queue
[2023-01-19T04:09:50.138+0000] {logging_mixin.py:117} INFO - [2023-01-19T04:09:50.138+0000] {dagbag.py:525} INFO - Filling up the DagBag from /opt/airflow/dags/user_rec_airflow.py
[2023-01-19T04:09:52.402+0000] {processor.py:768} INFO - DAG(s) dict_keys(['user_rec_airflow']) retrieved from /opt/airflow/dags/user_rec_airflow.py
[2023-01-19T04:09:52.439+0000] {logging_mixin.py:117} INFO - [2023-01-19T04:09:52.439+0000] {dag.py:2573} INFO - Sync 1 DAGs
[2023-01-19T04:09:52.468+0000] {logging_mixin.py:117} INFO - [2023-01-19T04:09:52.467+0000] {dag.py:3324} INFO - Setting next_dagrun for user_rec_airflow to 2023-01-19T04:00:00+00:00, run_after=2023-01-19T05:00:00+00:00
[2023-01-19T04:09:52.483+0000] {processor.py:178} INFO - Processing /opt/airflow/dags/user_rec_airflow.py took 2.348 seconds
[2023-01-19T04:10:22.780+0000] {processor.py:156} INFO - Started process (PID=3855) to work on /opt/airflow/dags/user_rec_airflow.py
[2023-01-19T04:10:22.781+0000] {processor.py:758} INFO - Processing file /opt/airflow/dags/user_rec_airflow.py for tasks to queue
[2023-01-19T04:10:22.782+0000] {logging_mixin.py:117} INFO - [2023-01-19T04:10:22.782+0000] {dagbag.py:525} INFO - Filling up the DagBag from /opt/airflow/dags/user_rec_airflow.py
[2023-01-19T04:10:25.008+0000] {processor.py:768} INFO - DAG(s) dict_keys(['user_rec_airflow']) retrieved from /opt/airflow/dags/user_rec_airflow.py
[2023-01-19T04:10:25.046+0000] {logging_mixin.py:117} INFO - [2023-01-19T04:10:25.046+0000] {dag.py:2573} INFO - Sync 1 DAGs
[2023-01-19T04:10:25.075+0000] {logging_mixin.py:117} INFO - [2023-01-19T04:10:25.075+0000] {dag.py:3324} INFO - Setting next_dagrun for user_rec_airflow to 2023-01-19T04:00:00+00:00, run_after=2023-01-19T05:00:00+00:00
[2023-01-19T04:10:25.093+0000] {processor.py:178} INFO - Processing /opt/airflow/dags/user_rec_airflow.py took 2.316 seconds
[2023-01-19T04:10:55.626+0000] {processor.py:156} INFO - Started process (PID=3914) to work on /opt/airflow/dags/user_rec_airflow.py
[2023-01-19T04:10:55.626+0000] {processor.py:758} INFO - Processing file /opt/airflow/dags/user_rec_airflow.py for tasks to queue
[2023-01-19T04:10:55.627+0000] {logging_mixin.py:117} INFO - [2023-01-19T04:10:55.627+0000] {dagbag.py:525} INFO - Filling up the DagBag from /opt/airflow/dags/user_rec_airflow.py
[2023-01-19T04:10:57.986+0000] {processor.py:768} INFO - DAG(s) dict_keys(['user_rec_airflow']) retrieved from /opt/airflow/dags/user_rec_airflow.py
[2023-01-19T04:10:58.024+0000] {logging_mixin.py:117} INFO - [2023-01-19T04:10:58.024+0000] {dag.py:2573} INFO - Sync 1 DAGs
[2023-01-19T04:10:58.045+0000] {logging_mixin.py:117} INFO - [2023-01-19T04:10:58.045+0000] {dag.py:3324} INFO - Setting next_dagrun for user_rec_airflow to 2023-01-19T04:00:00+00:00, run_after=2023-01-19T05:00:00+00:00
[2023-01-19T04:10:58.058+0000] {processor.py:178} INFO - Processing /opt/airflow/dags/user_rec_airflow.py took 2.436 seconds
[2023-01-19T04:11:29.416+0000] {processor.py:156} INFO - Started process (PID=3973) to work on /opt/airflow/dags/user_rec_airflow.py
[2023-01-19T04:11:29.417+0000] {processor.py:758} INFO - Processing file /opt/airflow/dags/user_rec_airflow.py for tasks to queue
[2023-01-19T04:11:29.418+0000] {logging_mixin.py:117} INFO - [2023-01-19T04:11:29.418+0000] {dagbag.py:525} INFO - Filling up the DagBag from /opt/airflow/dags/user_rec_airflow.py
[2023-01-19T04:11:31.770+0000] {processor.py:768} INFO - DAG(s) dict_keys(['user_rec_airflow']) retrieved from /opt/airflow/dags/user_rec_airflow.py
[2023-01-19T04:11:31.808+0000] {logging_mixin.py:117} INFO - [2023-01-19T04:11:31.808+0000] {dag.py:2573} INFO - Sync 1 DAGs
[2023-01-19T04:11:31.832+0000] {logging_mixin.py:117} INFO - [2023-01-19T04:11:31.832+0000] {dag.py:3324} INFO - Setting next_dagrun for user_rec_airflow to 2023-01-19T04:00:00+00:00, run_after=2023-01-19T05:00:00+00:00
[2023-01-19T04:11:31.848+0000] {processor.py:178} INFO - Processing /opt/airflow/dags/user_rec_airflow.py took 2.435 seconds
[2023-01-19T04:12:01.924+0000] {processor.py:156} INFO - Started process (PID=4032) to work on /opt/airflow/dags/user_rec_airflow.py
[2023-01-19T04:12:01.925+0000] {processor.py:758} INFO - Processing file /opt/airflow/dags/user_rec_airflow.py for tasks to queue
[2023-01-19T04:12:01.926+0000] {logging_mixin.py:117} INFO - [2023-01-19T04:12:01.926+0000] {dagbag.py:525} INFO - Filling up the DagBag from /opt/airflow/dags/user_rec_airflow.py
[2023-01-19T04:12:04.107+0000] {processor.py:768} INFO - DAG(s) dict_keys(['user_rec_airflow']) retrieved from /opt/airflow/dags/user_rec_airflow.py
[2023-01-19T04:12:04.146+0000] {logging_mixin.py:117} INFO - [2023-01-19T04:12:04.145+0000] {dag.py:2573} INFO - Sync 1 DAGs
[2023-01-19T04:12:04.174+0000] {logging_mixin.py:117} INFO - [2023-01-19T04:12:04.174+0000] {dag.py:3324} INFO - Setting next_dagrun for user_rec_airflow to 2023-01-19T04:00:00+00:00, run_after=2023-01-19T05:00:00+00:00
[2023-01-19T04:12:04.193+0000] {processor.py:178} INFO - Processing /opt/airflow/dags/user_rec_airflow.py took 2.271 seconds
[2023-01-19T04:12:34.509+0000] {processor.py:156} INFO - Started process (PID=4090) to work on /opt/airflow/dags/user_rec_airflow.py
[2023-01-19T04:12:34.510+0000] {processor.py:758} INFO - Processing file /opt/airflow/dags/user_rec_airflow.py for tasks to queue
[2023-01-19T04:12:34.511+0000] {logging_mixin.py:117} INFO - [2023-01-19T04:12:34.511+0000] {dagbag.py:525} INFO - Filling up the DagBag from /opt/airflow/dags/user_rec_airflow.py
[2023-01-19T04:12:36.783+0000] {processor.py:768} INFO - DAG(s) dict_keys(['user_rec_airflow']) retrieved from /opt/airflow/dags/user_rec_airflow.py
[2023-01-19T04:12:36.809+0000] {logging_mixin.py:117} INFO - [2023-01-19T04:12:36.809+0000] {dag.py:2573} INFO - Sync 1 DAGs
[2023-01-19T04:12:36.831+0000] {logging_mixin.py:117} INFO - [2023-01-19T04:12:36.831+0000] {dag.py:3324} INFO - Setting next_dagrun for user_rec_airflow to 2023-01-19T04:00:00+00:00, run_after=2023-01-19T05:00:00+00:00
[2023-01-19T04:12:36.845+0000] {processor.py:178} INFO - Processing /opt/airflow/dags/user_rec_airflow.py took 2.339 seconds
[2023-01-19T04:13:07.260+0000] {processor.py:156} INFO - Started process (PID=4148) to work on /opt/airflow/dags/user_rec_airflow.py
[2023-01-19T04:13:07.261+0000] {processor.py:758} INFO - Processing file /opt/airflow/dags/user_rec_airflow.py for tasks to queue
[2023-01-19T04:13:07.261+0000] {logging_mixin.py:117} INFO - [2023-01-19T04:13:07.261+0000] {dagbag.py:525} INFO - Filling up the DagBag from /opt/airflow/dags/user_rec_airflow.py
[2023-01-19T04:13:09.489+0000] {processor.py:768} INFO - DAG(s) dict_keys(['user_rec_airflow']) retrieved from /opt/airflow/dags/user_rec_airflow.py
[2023-01-19T04:13:09.516+0000] {logging_mixin.py:117} INFO - [2023-01-19T04:13:09.516+0000] {dag.py:2573} INFO - Sync 1 DAGs
[2023-01-19T04:13:09.535+0000] {logging_mixin.py:117} INFO - [2023-01-19T04:13:09.535+0000] {dag.py:3324} INFO - Setting next_dagrun for user_rec_airflow to 2023-01-19T04:00:00+00:00, run_after=2023-01-19T05:00:00+00:00
[2023-01-19T04:13:09.548+0000] {processor.py:178} INFO - Processing /opt/airflow/dags/user_rec_airflow.py took 2.291 seconds
[2023-01-19T04:13:40.204+0000] {processor.py:156} INFO - Started process (PID=4206) to work on /opt/airflow/dags/user_rec_airflow.py
[2023-01-19T04:13:40.205+0000] {processor.py:758} INFO - Processing file /opt/airflow/dags/user_rec_airflow.py for tasks to queue
[2023-01-19T04:13:40.206+0000] {logging_mixin.py:117} INFO - [2023-01-19T04:13:40.206+0000] {dagbag.py:525} INFO - Filling up the DagBag from /opt/airflow/dags/user_rec_airflow.py
[2023-01-19T04:13:42.617+0000] {processor.py:768} INFO - DAG(s) dict_keys(['user_rec_airflow']) retrieved from /opt/airflow/dags/user_rec_airflow.py
[2023-01-19T04:13:42.657+0000] {logging_mixin.py:117} INFO - [2023-01-19T04:13:42.656+0000] {dag.py:2573} INFO - Sync 1 DAGs
[2023-01-19T04:13:42.685+0000] {logging_mixin.py:117} INFO - [2023-01-19T04:13:42.685+0000] {dag.py:3324} INFO - Setting next_dagrun for user_rec_airflow to 2023-01-19T04:00:00+00:00, run_after=2023-01-19T05:00:00+00:00
[2023-01-19T04:13:42.702+0000] {processor.py:178} INFO - Processing /opt/airflow/dags/user_rec_airflow.py took 2.500 seconds
[2023-01-19T04:14:12.754+0000] {processor.py:156} INFO - Started process (PID=4264) to work on /opt/airflow/dags/user_rec_airflow.py
[2023-01-19T04:14:12.755+0000] {processor.py:758} INFO - Processing file /opt/airflow/dags/user_rec_airflow.py for tasks to queue
[2023-01-19T04:14:12.756+0000] {logging_mixin.py:117} INFO - [2023-01-19T04:14:12.755+0000] {dagbag.py:525} INFO - Filling up the DagBag from /opt/airflow/dags/user_rec_airflow.py
[2023-01-19T04:14:14.948+0000] {processor.py:768} INFO - DAG(s) dict_keys(['user_rec_airflow']) retrieved from /opt/airflow/dags/user_rec_airflow.py
[2023-01-19T04:14:14.974+0000] {logging_mixin.py:117} INFO - [2023-01-19T04:14:14.974+0000] {dag.py:2573} INFO - Sync 1 DAGs
[2023-01-19T04:14:14.993+0000] {logging_mixin.py:117} INFO - [2023-01-19T04:14:14.993+0000] {dag.py:3324} INFO - Setting next_dagrun for user_rec_airflow to 2023-01-19T04:00:00+00:00, run_after=2023-01-19T05:00:00+00:00
[2023-01-19T04:14:15.006+0000] {processor.py:178} INFO - Processing /opt/airflow/dags/user_rec_airflow.py took 2.255 seconds
[2023-01-19T04:14:45.210+0000] {processor.py:156} INFO - Started process (PID=4322) to work on /opt/airflow/dags/user_rec_airflow.py
[2023-01-19T04:14:45.211+0000] {processor.py:758} INFO - Processing file /opt/airflow/dags/user_rec_airflow.py for tasks to queue
[2023-01-19T04:14:45.211+0000] {logging_mixin.py:117} INFO - [2023-01-19T04:14:45.211+0000] {dagbag.py:525} INFO - Filling up the DagBag from /opt/airflow/dags/user_rec_airflow.py
[2023-01-19T04:14:47.550+0000] {processor.py:768} INFO - DAG(s) dict_keys(['user_rec_airflow']) retrieved from /opt/airflow/dags/user_rec_airflow.py
[2023-01-19T04:14:47.578+0000] {logging_mixin.py:117} INFO - [2023-01-19T04:14:47.577+0000] {dag.py:2573} INFO - Sync 1 DAGs
[2023-01-19T04:14:47.598+0000] {logging_mixin.py:117} INFO - [2023-01-19T04:14:47.598+0000] {dag.py:3324} INFO - Setting next_dagrun for user_rec_airflow to 2023-01-19T04:00:00+00:00, run_after=2023-01-19T05:00:00+00:00
[2023-01-19T04:14:47.614+0000] {processor.py:178} INFO - Processing /opt/airflow/dags/user_rec_airflow.py took 2.407 seconds
[2023-01-19T04:15:18.645+0000] {processor.py:156} INFO - Started process (PID=4382) to work on /opt/airflow/dags/user_rec_airflow.py
[2023-01-19T04:15:18.647+0000] {processor.py:758} INFO - Processing file /opt/airflow/dags/user_rec_airflow.py for tasks to queue
[2023-01-19T04:15:18.648+0000] {logging_mixin.py:117} INFO - [2023-01-19T04:15:18.647+0000] {dagbag.py:525} INFO - Filling up the DagBag from /opt/airflow/dags/user_rec_airflow.py
[2023-01-19T04:15:20.935+0000] {processor.py:768} INFO - DAG(s) dict_keys(['user_rec_airflow']) retrieved from /opt/airflow/dags/user_rec_airflow.py
[2023-01-19T04:15:20.961+0000] {logging_mixin.py:117} INFO - [2023-01-19T04:15:20.961+0000] {dag.py:2573} INFO - Sync 1 DAGs
[2023-01-19T04:15:20.981+0000] {logging_mixin.py:117} INFO - [2023-01-19T04:15:20.981+0000] {dag.py:3324} INFO - Setting next_dagrun for user_rec_airflow to 2023-01-19T04:00:00+00:00, run_after=2023-01-19T05:00:00+00:00
[2023-01-19T04:15:20.994+0000] {processor.py:178} INFO - Processing /opt/airflow/dags/user_rec_airflow.py took 2.351 seconds
[2023-01-19T04:15:51.415+0000] {processor.py:156} INFO - Started process (PID=4440) to work on /opt/airflow/dags/user_rec_airflow.py
[2023-01-19T04:15:51.416+0000] {processor.py:758} INFO - Processing file /opt/airflow/dags/user_rec_airflow.py for tasks to queue
[2023-01-19T04:15:51.417+0000] {logging_mixin.py:117} INFO - [2023-01-19T04:15:51.417+0000] {dagbag.py:525} INFO - Filling up the DagBag from /opt/airflow/dags/user_rec_airflow.py
[2023-01-19T04:15:53.686+0000] {processor.py:768} INFO - DAG(s) dict_keys(['user_rec_airflow']) retrieved from /opt/airflow/dags/user_rec_airflow.py
[2023-01-19T04:15:53.714+0000] {logging_mixin.py:117} INFO - [2023-01-19T04:15:53.713+0000] {dag.py:2573} INFO - Sync 1 DAGs
[2023-01-19T04:15:53.733+0000] {logging_mixin.py:117} INFO - [2023-01-19T04:15:53.733+0000] {dag.py:3324} INFO - Setting next_dagrun for user_rec_airflow to 2023-01-19T04:00:00+00:00, run_after=2023-01-19T05:00:00+00:00
[2023-01-19T04:15:53.748+0000] {processor.py:178} INFO - Processing /opt/airflow/dags/user_rec_airflow.py took 2.336 seconds
[2023-01-19T04:16:24.578+0000] {processor.py:156} INFO - Started process (PID=4499) to work on /opt/airflow/dags/user_rec_airflow.py
[2023-01-19T04:16:24.579+0000] {processor.py:758} INFO - Processing file /opt/airflow/dags/user_rec_airflow.py for tasks to queue
[2023-01-19T04:16:24.580+0000] {logging_mixin.py:117} INFO - [2023-01-19T04:16:24.579+0000] {dagbag.py:525} INFO - Filling up the DagBag from /opt/airflow/dags/user_rec_airflow.py
[2023-01-19T04:16:26.808+0000] {processor.py:768} INFO - DAG(s) dict_keys(['user_rec_airflow']) retrieved from /opt/airflow/dags/user_rec_airflow.py
[2023-01-19T04:16:26.849+0000] {logging_mixin.py:117} INFO - [2023-01-19T04:16:26.847+0000] {dag.py:2573} INFO - Sync 1 DAGs
[2023-01-19T04:16:26.879+0000] {logging_mixin.py:117} INFO - [2023-01-19T04:16:26.878+0000] {dag.py:3324} INFO - Setting next_dagrun for user_rec_airflow to 2023-01-19T04:00:00+00:00, run_after=2023-01-19T05:00:00+00:00
[2023-01-19T04:16:26.895+0000] {processor.py:178} INFO - Processing /opt/airflow/dags/user_rec_airflow.py took 2.319 seconds
[2023-01-19T04:16:57.215+0000] {processor.py:156} INFO - Started process (PID=4558) to work on /opt/airflow/dags/user_rec_airflow.py
[2023-01-19T04:16:57.216+0000] {processor.py:758} INFO - Processing file /opt/airflow/dags/user_rec_airflow.py for tasks to queue
[2023-01-19T04:16:57.216+0000] {logging_mixin.py:117} INFO - [2023-01-19T04:16:57.216+0000] {dagbag.py:525} INFO - Filling up the DagBag from /opt/airflow/dags/user_rec_airflow.py
[2023-01-19T04:16:59.439+0000] {processor.py:768} INFO - DAG(s) dict_keys(['user_rec_airflow']) retrieved from /opt/airflow/dags/user_rec_airflow.py
[2023-01-19T04:16:59.467+0000] {logging_mixin.py:117} INFO - [2023-01-19T04:16:59.466+0000] {dag.py:2573} INFO - Sync 1 DAGs
[2023-01-19T04:16:59.486+0000] {logging_mixin.py:117} INFO - [2023-01-19T04:16:59.486+0000] {dag.py:3324} INFO - Setting next_dagrun for user_rec_airflow to 2023-01-19T04:00:00+00:00, run_after=2023-01-19T05:00:00+00:00
[2023-01-19T04:16:59.500+0000] {processor.py:178} INFO - Processing /opt/airflow/dags/user_rec_airflow.py took 2.288 seconds
[2023-01-19T04:17:29.856+0000] {processor.py:156} INFO - Started process (PID=4616) to work on /opt/airflow/dags/user_rec_airflow.py
[2023-01-19T04:17:29.857+0000] {processor.py:758} INFO - Processing file /opt/airflow/dags/user_rec_airflow.py for tasks to queue
[2023-01-19T04:17:29.857+0000] {logging_mixin.py:117} INFO - [2023-01-19T04:17:29.857+0000] {dagbag.py:525} INFO - Filling up the DagBag from /opt/airflow/dags/user_rec_airflow.py
[2023-01-19T04:17:32.051+0000] {processor.py:768} INFO - DAG(s) dict_keys(['user_rec_airflow']) retrieved from /opt/airflow/dags/user_rec_airflow.py
[2023-01-19T04:17:32.079+0000] {logging_mixin.py:117} INFO - [2023-01-19T04:17:32.079+0000] {dag.py:2573} INFO - Sync 1 DAGs
[2023-01-19T04:17:32.098+0000] {logging_mixin.py:117} INFO - [2023-01-19T04:17:32.098+0000] {dag.py:3324} INFO - Setting next_dagrun for user_rec_airflow to 2023-01-19T04:00:00+00:00, run_after=2023-01-19T05:00:00+00:00
[2023-01-19T04:17:32.112+0000] {processor.py:178} INFO - Processing /opt/airflow/dags/user_rec_airflow.py took 2.259 seconds
[2023-01-19T04:18:02.391+0000] {processor.py:156} INFO - Started process (PID=4674) to work on /opt/airflow/dags/user_rec_airflow.py
[2023-01-19T04:18:02.392+0000] {processor.py:758} INFO - Processing file /opt/airflow/dags/user_rec_airflow.py for tasks to queue
[2023-01-19T04:18:02.392+0000] {logging_mixin.py:117} INFO - [2023-01-19T04:18:02.392+0000] {dagbag.py:525} INFO - Filling up the DagBag from /opt/airflow/dags/user_rec_airflow.py
[2023-01-19T04:18:04.616+0000] {processor.py:768} INFO - DAG(s) dict_keys(['user_rec_airflow']) retrieved from /opt/airflow/dags/user_rec_airflow.py
[2023-01-19T04:18:04.644+0000] {logging_mixin.py:117} INFO - [2023-01-19T04:18:04.644+0000] {dag.py:2573} INFO - Sync 1 DAGs
[2023-01-19T04:18:04.664+0000] {logging_mixin.py:117} INFO - [2023-01-19T04:18:04.664+0000] {dag.py:3324} INFO - Setting next_dagrun for user_rec_airflow to 2023-01-19T04:00:00+00:00, run_after=2023-01-19T05:00:00+00:00
[2023-01-19T04:18:04.677+0000] {processor.py:178} INFO - Processing /opt/airflow/dags/user_rec_airflow.py took 2.290 seconds
[2023-01-19T04:18:34.818+0000] {processor.py:156} INFO - Started process (PID=4732) to work on /opt/airflow/dags/user_rec_airflow.py
[2023-01-19T04:18:34.819+0000] {processor.py:758} INFO - Processing file /opt/airflow/dags/user_rec_airflow.py for tasks to queue
[2023-01-19T04:18:34.819+0000] {logging_mixin.py:117} INFO - [2023-01-19T04:18:34.819+0000] {dagbag.py:525} INFO - Filling up the DagBag from /opt/airflow/dags/user_rec_airflow.py
[2023-01-19T04:18:37.017+0000] {processor.py:768} INFO - DAG(s) dict_keys(['user_rec_airflow']) retrieved from /opt/airflow/dags/user_rec_airflow.py
[2023-01-19T04:18:37.045+0000] {logging_mixin.py:117} INFO - [2023-01-19T04:18:37.044+0000] {dag.py:2573} INFO - Sync 1 DAGs
[2023-01-19T04:18:37.063+0000] {logging_mixin.py:117} INFO - [2023-01-19T04:18:37.063+0000] {dag.py:3324} INFO - Setting next_dagrun for user_rec_airflow to 2023-01-19T04:00:00+00:00, run_after=2023-01-19T05:00:00+00:00
[2023-01-19T04:18:37.077+0000] {processor.py:178} INFO - Processing /opt/airflow/dags/user_rec_airflow.py took 2.262 seconds
[2023-01-19T04:19:07.315+0000] {processor.py:156} INFO - Started process (PID=4790) to work on /opt/airflow/dags/user_rec_airflow.py
[2023-01-19T04:19:07.316+0000] {processor.py:758} INFO - Processing file /opt/airflow/dags/user_rec_airflow.py for tasks to queue
[2023-01-19T04:19:07.317+0000] {logging_mixin.py:117} INFO - [2023-01-19T04:19:07.317+0000] {dagbag.py:525} INFO - Filling up the DagBag from /opt/airflow/dags/user_rec_airflow.py
[2023-01-19T04:19:09.504+0000] {processor.py:768} INFO - DAG(s) dict_keys(['user_rec_airflow']) retrieved from /opt/airflow/dags/user_rec_airflow.py
[2023-01-19T04:19:09.531+0000] {logging_mixin.py:117} INFO - [2023-01-19T04:19:09.530+0000] {dag.py:2573} INFO - Sync 1 DAGs
[2023-01-19T04:19:09.549+0000] {logging_mixin.py:117} INFO - [2023-01-19T04:19:09.549+0000] {dag.py:3324} INFO - Setting next_dagrun for user_rec_airflow to 2023-01-19T04:00:00+00:00, run_after=2023-01-19T05:00:00+00:00
[2023-01-19T04:19:09.565+0000] {processor.py:178} INFO - Processing /opt/airflow/dags/user_rec_airflow.py took 2.252 seconds
[2023-01-19T04:19:40.061+0000] {processor.py:156} INFO - Started process (PID=4848) to work on /opt/airflow/dags/user_rec_airflow.py
[2023-01-19T04:19:40.062+0000] {processor.py:758} INFO - Processing file /opt/airflow/dags/user_rec_airflow.py for tasks to queue
[2023-01-19T04:19:40.062+0000] {logging_mixin.py:117} INFO - [2023-01-19T04:19:40.062+0000] {dagbag.py:525} INFO - Filling up the DagBag from /opt/airflow/dags/user_rec_airflow.py
